[0.005s] Invoking command in '/home/sunny/ros2_ws/build/polygon_plugins': AMENT_PREFIX_PATH=/home/sunny/ros2_ws/install/polygon_base:${AMENT_PREFIX_PATH} CMAKE_PREFIX_PATH=/home/sunny/ros2_ws/install/polygon_base:/opt/ros/humble /usr/bin/cmake /home/sunny/ros2_ws/src/polygon_plugins -DCMAKE_INSTALL_PREFIX=/home/sunny/ros2_ws/install/polygon_plugins
[0.052s] -- The C compiler identification is GNU 11.4.0
[0.102s] -- The CXX compiler identification is GNU 11.4.0
[0.108s] -- Detecting C compiler ABI info
[0.171s] -- Detecting C compiler ABI info - done
[0.179s] -- Check for working C compiler: /usr/bin/cc - skipped
[0.179s] -- Detecting C compile features
[0.180s] -- Detecting C compile features - done
[0.182s] -- Detecting CXX compiler ABI info
[0.253s] -- Detecting CXX compiler ABI info - done
[0.263s] -- Check for working CXX compiler: /usr/bin/c++ - skipped
[0.263s] -- Detecting CXX compile features
[0.264s] -- Detecting CXX compile features - done
[0.267s] -- Found ament_cmake: 1.3.9 (/opt/ros/humble/share/ament_cmake/cmake)
[0.395s] -- Found Python3: /usr/bin/python3 (found version "3.10.12") found components: Interpreter 
[0.470s] -- Found ament_cmake_ros: 0.10.0 (/opt/ros/humble/share/ament_cmake_ros/cmake)
[0.475s] -- Found polygon_base: 0.0.0 (/home/sunny/ros2_ws/install/polygon_base/share/polygon_base/cmake)
[0.478s] -- Found pluginlib: 5.1.0 (/opt/ros/humble/share/pluginlib/cmake)
[0.514s] -- Found ament_lint_auto: 0.12.11 (/opt/ros/humble/share/ament_lint_auto/cmake)
[0.582s] -- Added test 'cppcheck' to perform static code analysis on C / C++ code
[0.582s] -- Configured cppcheck include dirs: $<BUILD_INTERFACE:/home/sunny/ros2_ws/src/polygon_plugins/include>
[0.582s] -- Configured cppcheck exclude dirs and/or files: 
[0.583s] -- Added test 'lint_cmake' to check CMake code style
[0.584s] -- Added test 'uncrustify' to check C / C++ code style
[0.584s] -- Configured uncrustify additional arguments: 
[0.584s] -- Added test 'xmllint' to check XML markup files
[0.586s] -- Configuring done
[0.591s] -- Generating done
[0.592s] -- Build files have been written to: /home/sunny/ros2_ws/build/polygon_plugins
[0.598s] Invoked command in '/home/sunny/ros2_ws/build/polygon_plugins' returned '0': AMENT_PREFIX_PATH=/home/sunny/ros2_ws/install/polygon_base:${AMENT_PREFIX_PATH} CMAKE_PREFIX_PATH=/home/sunny/ros2_ws/install/polygon_base:/opt/ros/humble /usr/bin/cmake /home/sunny/ros2_ws/src/polygon_plugins -DCMAKE_INSTALL_PREFIX=/home/sunny/ros2_ws/install/polygon_plugins
[0.599s] Invoking command in '/home/sunny/ros2_ws/build/polygon_plugins': AMENT_PREFIX_PATH=/home/sunny/ros2_ws/install/polygon_base:${AMENT_PREFIX_PATH} CMAKE_PREFIX_PATH=/home/sunny/ros2_ws/install/polygon_base:/opt/ros/humble /usr/bin/cmake --build /home/sunny/ros2_ws/build/polygon_plugins -- -j8 -l8
[0.638s] [ 50%] [32mBuilding CXX object CMakeFiles/polygon_plugins.dir/src/polygon_plugins.cpp.o[0m
[1.198s] [100%] [32m[1mLinking CXX shared library libpolygon_plugins.so[0m
[1.273s] [100%] Built target polygon_plugins
[1.282s] Invoked command in '/home/sunny/ros2_ws/build/polygon_plugins' returned '0': AMENT_PREFIX_PATH=/home/sunny/ros2_ws/install/polygon_base:${AMENT_PREFIX_PATH} CMAKE_PREFIX_PATH=/home/sunny/ros2_ws/install/polygon_base:/opt/ros/humble /usr/bin/cmake --build /home/sunny/ros2_ws/build/polygon_plugins -- -j8 -l8
[1.305s] Invoking command in '/home/sunny/ros2_ws/build/polygon_plugins': AMENT_PREFIX_PATH=/home/sunny/ros2_ws/install/polygon_base:${AMENT_PREFIX_PATH} CMAKE_PREFIX_PATH=/home/sunny/ros2_ws/install/polygon_base:/opt/ros/humble /usr/bin/cmake --install /home/sunny/ros2_ws/build/polygon_plugins
[1.311s] -- Install configuration: ""
[1.311s] -- Installing: /home/sunny/ros2_ws/install/polygon_plugins/include
[1.311s] -- Installing: /home/sunny/ros2_ws/install/polygon_plugins/include/polygon_plugins
[1.312s] -- Installing: /home/sunny/ros2_ws/install/polygon_plugins/include/polygon_plugins/polygon_plugins.hpp
[1.312s] -- Installing: /home/sunny/ros2_ws/install/polygon_plugins/include/polygon_plugins/visibility_control.h
[1.312s] -- Installing: /home/sunny/ros2_ws/install/polygon_plugins/lib/libpolygon_plugins.so
[1.312s] -- Set runtime path of "/home/sunny/ros2_ws/install/polygon_plugins/lib/libpolygon_plugins.so" to ""
[1.312s] -- Installing: /home/sunny/ros2_ws/install/polygon_plugins/share/polygon_plugins/environment/library_path.sh
[1.313s] -- Installing: /home/sunny/ros2_ws/install/polygon_plugins/share/polygon_plugins/environment/library_path.dsv
[1.313s] -- Installing: /home/sunny/ros2_ws/install/polygon_plugins/share/ament_index/resource_index/package_run_dependencies/polygon_plugins
[1.313s] -- Installing: /home/sunny/ros2_ws/install/polygon_plugins/share/ament_index/resource_index/parent_prefix_path/polygon_plugins
[1.313s] -- Installing: /home/sunny/ros2_ws/install/polygon_plugins/share/polygon_plugins/environment/ament_prefix_path.sh
[1.313s] -- Installing: /home/sunny/ros2_ws/install/polygon_plugins/share/polygon_plugins/environment/ament_prefix_path.dsv
[1.313s] -- Installing: /home/sunny/ros2_ws/install/polygon_plugins/share/polygon_plugins/environment/path.sh
[1.314s] -- Installing: /home/sunny/ros2_ws/install/polygon_plugins/share/polygon_plugins/environment/path.dsv
[1.314s] -- Installing: /home/sunny/ros2_ws/install/polygon_plugins/share/polygon_plugins/local_setup.bash
[1.314s] -- Installing: /home/sunny/ros2_ws/install/polygon_plugins/share/polygon_plugins/local_setup.sh
[1.314s] -- Installing: /home/sunny/ros2_ws/install/polygon_plugins/share/polygon_plugins/local_setup.zsh
[1.314s] -- Installing: /home/sunny/ros2_ws/install/polygon_plugins/share/polygon_plugins/local_setup.dsv
[1.314s] -- Installing: /home/sunny/ros2_ws/install/polygon_plugins/share/polygon_plugins/package.dsv
[1.314s] -- Installing: /home/sunny/ros2_ws/install/polygon_plugins/share/ament_index/resource_index/packages/polygon_plugins
[1.315s] -- Installing: /home/sunny/ros2_ws/install/polygon_plugins/share/polygon_plugins/cmake/export_polygon_pluginsExport.cmake
[1.315s] -- Installing: /home/sunny/ros2_ws/install/polygon_plugins/share/polygon_plugins/cmake/export_polygon_pluginsExport-noconfig.cmake
[1.315s] -- Installing: /home/sunny/ros2_ws/install/polygon_plugins/share/polygon_plugins/cmake/ament_cmake_export_include_directories-extras.cmake
[1.315s] -- Installing: /home/sunny/ros2_ws/install/polygon_plugins/share/polygon_plugins/cmake/ament_cmake_export_libraries-extras.cmake
[1.315s] -- Installing: /home/sunny/ros2_ws/install/polygon_plugins/share/polygon_plugins/cmake/ament_cmake_export_targets-extras.cmake
[1.315s] -- Installing: /home/sunny/ros2_ws/install/polygon_plugins/share/polygon_plugins/cmake/polygon_pluginsConfig.cmake
[1.315s] -- Installing: /home/sunny/ros2_ws/install/polygon_plugins/share/polygon_plugins/cmake/polygon_pluginsConfig-version.cmake
[1.315s] -- Installing: /home/sunny/ros2_ws/install/polygon_plugins/share/polygon_plugins/package.xml
[1.318s] Invoked command in '/home/sunny/ros2_ws/build/polygon_plugins' returned '0': AMENT_PREFIX_PATH=/home/sunny/ros2_ws/install/polygon_base:${AMENT_PREFIX_PATH} CMAKE_PREFIX_PATH=/home/sunny/ros2_ws/install/polygon_base:/opt/ros/humble /usr/bin/cmake --install /home/sunny/ros2_ws/build/polygon_plugins
