[0.024s] Invoking command in '/home/sunny/ros2_ws/build/my_package': CMAKE_PREFIX_PATH=${CMAKE_PREFIX_PATH}:/home/sunny/ros2_ws/install/py_proj:/opt/ros/humble /usr/bin/cmake --build /home/sunny/ros2_ws/build/my_package -- -j12 -l12
[0.059s] -- Found ament_cmake: 1.3.9 (/opt/ros/humble/share/ament_cmake/cmake)
[0.191s] -- Found ament_lint_auto: 0.12.11 (/opt/ros/humble/share/ament_lint_auto/cmake)
[0.256s] -- Added test 'cppcheck' to perform static code analysis on C / C++ code
[0.256s] -- Configured cppcheck include dirs: $<BUILD_INTERFACE:/home/sunny/ros2_ws/src/my_package/include>
[0.256s] -- Configured cppcheck exclude dirs and/or files: 
[0.257s] -- Added test 'lint_cmake' to check CMake code style
[0.258s] -- Added test 'uncrustify' to check C / C++ code style
[0.258s] -- Configured uncrustify additional arguments: 
[0.258s] -- Added test 'xmllint' to check XML markup files
[0.259s] -- Configuring done
[0.266s] -- Generating done
[0.267s] -- Build files have been written to: /home/sunny/ros2_ws/build/my_package
[0.289s] [35m[1mConsolidate compiler generated dependencies of target my_node[0m
[0.302s] [ 50%] [32mBuilding CXX object CMakeFiles/my_node.dir/src/my_node.cpp.o[0m
[0.385s] [100%] [32m[1mLinking CXX executable my_node[0m
[0.442s] [100%] Built target my_node
[0.455s] Invoked command in '/home/sunny/ros2_ws/build/my_package' returned '0': CMAKE_PREFIX_PATH=${CMAKE_PREFIX_PATH}:/home/sunny/ros2_ws/install/py_proj:/opt/ros/humble /usr/bin/cmake --build /home/sunny/ros2_ws/build/my_package -- -j12 -l12
[0.493s] Invoking command in '/home/sunny/ros2_ws/build/my_package': CMAKE_PREFIX_PATH=${CMAKE_PREFIX_PATH}:/home/sunny/ros2_ws/install/py_proj:/opt/ros/humble /usr/bin/cmake --install /home/sunny/ros2_ws/build/my_package
[0.500s] -- Install configuration: ""
[0.500s] -- Installing: /home/sunny/ros2_ws/install/my_package/lib/my_package/my_node
[0.501s] -- Up-to-date: /home/sunny/ros2_ws/install/my_package/share/ament_index/resource_index/package_run_dependencies/my_package
[0.501s] -- Installing: /home/sunny/ros2_ws/install/my_package/share/ament_index/resource_index/parent_prefix_path/my_package
[0.501s] -- Installing: /home/sunny/ros2_ws/install/my_package/share/my_package/environment/ament_prefix_path.sh
[0.501s] -- Installing: /home/sunny/ros2_ws/install/my_package/share/my_package/environment/ament_prefix_path.dsv
[0.501s] -- Installing: /home/sunny/ros2_ws/install/my_package/share/my_package/environment/path.sh
[0.501s] -- Installing: /home/sunny/ros2_ws/install/my_package/share/my_package/environment/path.dsv
[0.501s] -- Up-to-date: /home/sunny/ros2_ws/install/my_package/share/my_package/local_setup.bash
[0.501s] -- Up-to-date: /home/sunny/ros2_ws/install/my_package/share/my_package/local_setup.sh
[0.502s] -- Up-to-date: /home/sunny/ros2_ws/install/my_package/share/my_package/local_setup.zsh
[0.502s] -- Installing: /home/sunny/ros2_ws/install/my_package/share/my_package/local_setup.dsv
[0.502s] -- Installing: /home/sunny/ros2_ws/install/my_package/share/my_package/package.dsv
[0.502s] -- Up-to-date: /home/sunny/ros2_ws/install/my_package/share/ament_index/resource_index/packages/my_package
[0.502s] -- Up-to-date: /home/sunny/ros2_ws/install/my_package/share/my_package/cmake/my_packageConfig.cmake
[0.502s] -- Up-to-date: /home/sunny/ros2_ws/install/my_package/share/my_package/cmake/my_packageConfig-version.cmake
[0.502s] -- Up-to-date: /home/sunny/ros2_ws/install/my_package/share/my_package/package.xml
[0.504s] Invoked command in '/home/sunny/ros2_ws/build/my_package' returned '0': CMAKE_PREFIX_PATH=${CMAKE_PREFIX_PATH}:/home/sunny/ros2_ws/install/py_proj:/opt/ros/humble /usr/bin/cmake --install /home/sunny/ros2_ws/build/my_package
