[35m[1mConsolidate compiler generated dependencies of target reader[0m
[ 50%] Built target parser
[ 75%] [32mBuilding CXX object CMakeFiles/reader.dir/src/nmea_reader.cpp.o[0m
[01m[K/home/sunny/ros2_ws/src/cpp_parsing/src/nmea_reader.cpp:[m[K In constructor ‘[01m[KNmeaReader::NmeaReader()[m[K’:
[01m[K/home/sunny/ros2_ws/src/cpp_parsing/src/nmea_reader.cpp:16:108:[m[K [01;31m[Kerror: [m[K‘[01m[Kstd::basic_streambuf<_CharT, _Traits>::basic_streambuf() [with _CharT = char; _Traits = std::char_traits<char>][m[K’ is protected within this context
   16 | der"), port("/dev/ttyACM0"), brate(115200), context(), serial(context, port[01;31m[K)[m[K
      |                                                                            [01;31m[K^[m[K

In file included from [01m[K/usr/include/c++/11/ios:43[m[K,
                 from [01m[K/usr/include/c++/11/ostream:38[m[K,
                 from [01m[K/usr/include/c++/11/iostream:39[m[K,
                 from [01m[K/home/sunny/ros2_ws/src/cpp_parsing/src/nmea_reader.cpp:3[m[K:
[01m[K/usr/include/c++/11/streambuf:468:7:[m[K [01;36m[Knote: [m[Kdeclared protected here
  468 |       [01;36m[Kbasic_streambuf[m[K()
      |       [01;36m[K^~~~~~~~~~~~~~~[m[K
[01m[K/home/sunny/ros2_ws/src/cpp_parsing/src/nmea_reader.cpp:[m[K In member function ‘[01m[Kvoid NmeaReader::start_reading()[m[K’:
[01m[K/home/sunny/ros2_ws/src/cpp_parsing/src/nmea_reader.cpp:43:25:[m[K [01;31m[Kerror: [m[Kno matching function for call to ‘[01m[Kasync_read_until(boost::asio::serial_port&, std::streambuf&, const char [2], std::_Bind_helper<false, void (NmeaReader::*)(const boost::system::error_code&, long unsigned int), NmeaReader*, const std::_Placeholder<1>&, const std::_Placeholder<2>&>::type)[m[K’
   43 |         [01;31m[Kasync_read_until(serial, buffer, "\n", bind(&NmeaReader::handle_read, this, std::placeholders::_1, std::placeholders::_2))[m[K;
      |         [01;31m[K~~~~~~~~~~~~~~~~^~~~~~~~~~~~~~~~~~~~~~~~~~~~~~~~~~~~~~~~~~~~~~~~~~~~~~~~~~~~~~~~~~~~~~~~~~~~~~~~~~~~~~~~~~~~~~~~~~~~~~~~~~[m[K
In file included from [01m[K/usr/include/boost/asio/read_until.hpp:2863[m[K,
                 from [01m[K/usr/include/boost/asio.hpp:146[m[K,
                 from [01m[K/home/sunny/ros2_ws/src/cpp_parsing/src/nmea_reader.cpp:5[m[K:
[01m[K/usr/include/boost/asio/impl/read_until.hpp:1062:1:[m[K [01;36m[Knote: [m[Kcandidate: ‘[01m[Ktemplate<class AsyncReadStream, class DynamicBuffer_v1, class ReadHandler> auto boost::asio::async_read_until(AsyncReadStream&, DynamicBuffer_v1&&, char, ReadHandler&&, typename std::enable_if<(boost::asio::is_dynamic_buffer_v1<typename std::decay<_Tp2>::type>::value && (! boost::asio::is_dynamic_buffer_v2<typename std::decay<_Tp2>::type>::value))>::type*)[m[K’
 1062 | [01;36m[Kasync_read_until[m[K(AsyncReadStream& s,
      | [01;36m[K^~~~~~~~~~~~~~~~[m[K
[01m[K/usr/include/boost/asio/impl/read_until.hpp:1062:1:[m[K [01;36m[Knote: [m[K  template argument deduction/substitution failed:
[01m[K/home/sunny/ros2_ws/src/cpp_parsing/src/nmea_reader.cpp:43:42:[m[K [01;36m[Knote: [m[K  cannot convert ‘[01m[K"\012"[m[K’ (type ‘[01m[Kconst char [2][m[K’) to type ‘[01m[Kchar[m[K’
   43 |         async_read_until(serial, buffer, [01;36m[K"\n"[m[K, bind(&NmeaReader::handle_read, this, std::placeholders::_1, std::placeholders::_2));
      |                                          [01;36m[K^~~~[m[K
In file included from [01m[K/usr/include/boost/asio/read_until.hpp:2863[m[K,
                 from [01m[K/usr/include/boost/asio.hpp:146[m[K,
                 from [01m[K/home/sunny/ros2_ws/src/cpp_parsing/src/nmea_reader.cpp:5[m[K:
[01m[K/usr/include/boost/asio/impl/read_until.hpp:1369:1:[m[K [01;36m[Knote: [m[Kcandidate: ‘[01m[Ktemplate<class AsyncReadStream, class DynamicBuffer_v1, class ReadHandler> auto boost::asio::async_read_until(AsyncReadStream&, DynamicBuffer_v1&&, std::string_view, ReadHandler&&, typename std::enable_if<(boost::asio::is_dynamic_buffer_v1<typename std::decay<_Tp2>::type>::value && (! boost::asio::is_dynamic_buffer_v2<typename std::decay<_Tp2>::type>::value))>::type*)[m[K’
 1369 | [01;36m[Kasync_read_until[m[K(AsyncReadStream& s,
      | [01;36m[K^~~~~~~~~~~~~~~~[m[K
[01m[K/usr/include/boost/asio/impl/read_until.hpp:1369:1:[m[K [01;36m[Knote: [m[K  template argument deduction/substitution failed:
/usr/include/boost/asio/impl/read_until.hpp: In substitution of ‘[01m[Ktemplate<class AsyncReadStream, class DynamicBuffer_v1, class ReadHandler> auto boost::asio::async_read_until(AsyncReadStream&, DynamicBuffer_v1&&, std::string_view, ReadHandler&&, typename std::enable_if<(boost::asio::is_dynamic_buffer_v1<typename std::decay<_Tp2>::type>::value && (! boost::asio::is_dynamic_buffer_v2<typename std::decay<_Tp2>::type>::value))>::type*) [with AsyncReadStream = boost::asio::basic_serial_port<>; DynamicBuffer_v1 = std::basic_streambuf<char>&; ReadHandler = std::_Bind<void (NmeaReader::*(NmeaReader*, std::_Placeholder<1>, std::_Placeholder<2>))(const boost::system::error_code&, long unsigned int)>][m[K’:
[01m[K/home/sunny/ros2_ws/src/cpp_parsing/src/nmea_reader.cpp:43:25:[m[K   required from here
[01m[K/usr/include/boost/asio/impl/read_until.hpp:1369:1:[m[K [01;31m[Kerror: [m[Kno type named ‘[01m[Ktype[m[K’ in ‘[01m[Kstruct std::enable_if<false, void>[m[K’
[01m[K/usr/include/boost/asio/impl/read_until.hpp:1683:1:[m[K [01;36m[Knote: [m[Kcandidate: ‘[01m[Ktemplate<class AsyncReadStream, class DynamicBuffer_v1, class ReadHandler> auto boost::asio::async_read_until(AsyncReadStream&, DynamicBuffer_v1&&, const regex&, ReadHandler&&, typename std::enable_if<(boost::asio::is_dynamic_buffer_v1<typename std::decay<_Tp2>::type>::value && (! boost::asio::is_dynamic_buffer_v2<typename std::decay<_Tp2>::type>::value))>::type*)[m[K’
 1683 | [01;36m[Kasync_read_until[m[K(AsyncReadStream& s,
      | [01;36m[K^~~~~~~~~~~~~~~~[m[K
[01m[K/usr/include/boost/asio/impl/read_until.hpp:1683:1:[m[K [01;36m[Knote: [m[K  template argument deduction/substitution failed:
[01m[K/home/sunny/ros2_ws/src/cpp_parsing/src/nmea_reader.cpp:43:42:[m[K [01;36m[Knote: [m[K  cannot convert ‘[01m[K"\012"[m[K’ (type ‘[01m[Kconst char [2][m[K’) to type ‘[01m[Kconst regex&[m[K’ {aka ‘[01m[Kconst boost::basic_regex<char, boost::regex_traits<char> >&[m[K’}
   43 |         async_read_until(serial, buffer, [01;36m[K"\n"[m[K, bind(&NmeaReader::handle_read, this, std::placeholders::_1, std::placeholders::_2));
      |                                          [01;36m[K^~~~[m[K
In file included from [01m[K/usr/include/boost/asio/read_until.hpp:2863[m[K,
                 from [01m[K/usr/include/boost/asio.hpp:146[m[K,
                 from [01m[K/home/sunny/ros2_ws/src/cpp_parsing/src/nmea_reader.cpp:5[m[K:
[01m[K/usr/include/boost/asio/impl/read_until.hpp:1996:1:[m[K [01;36m[Knote: [m[Kcandidate: ‘[01m[Ktemplate<class AsyncReadStream, class DynamicBuffer_v1, class MatchCondition, class ReadHandler> auto boost::asio::async_read_until(AsyncReadStream&, DynamicBuffer_v1&&, MatchCondition, ReadHandler&&, typename std::enable_if<((boost::asio::is_match_condition<MatchCondition>::value && boost::asio::is_dynamic_buffer_v1<typename std::decay<_Tp2>::type>::value) && (! boost::asio::is_dynamic_buffer_v2<typename std::decay<_Tp2>::type>::value))>::type*)[m[K’
 1996 | [01;36m[Kasync_read_until[m[K(AsyncReadStream& s,
      | [01;36m[K^~~~~~~~~~~~~~~~[m[K
[01m[K/usr/include/boost/asio/impl/read_until.hpp:1996:1:[m[K [01;36m[Knote: [m[K  template argument deduction/substitution failed:
/usr/include/boost/asio/impl/read_until.hpp: In substitution of ‘[01m[Ktemplate<class AsyncReadStream, class DynamicBuffer_v1, class MatchCondition, class ReadHandler> auto boost::asio::async_read_until(AsyncReadStream&, DynamicBuffer_v1&&, MatchCondition, ReadHandler&&, typename std::enable_if<((boost::asio::is_match_condition<MatchCondition>::value && boost::asio::is_dynamic_buffer_v1<typename std::decay<_Tp2>::type>::value) && (! boost::asio::is_dynamic_buffer_v2<typename std::decay<_Tp2>::type>::value))>::type*) [with AsyncReadStream = boost::asio::basic_serial_port<>; DynamicBuffer_v1 = std::basic_streambuf<char>&; MatchCondition = const char*; ReadHandler = std::_Bind<void (NmeaReader::*(NmeaReader*, std::_Placeholder<1>, std::_Placeholder<2>))(const boost::system::error_code&, long unsigned int)>][m[K’:
[01m[K/home/sunny/ros2_ws/src/cpp_parsing/src/nmea_reader.cpp:43:25:[m[K   required from here
[01m[K/usr/include/boost/asio/impl/read_until.hpp:1996:1:[m[K [01;31m[Kerror: [m[Kno type named ‘[01m[Ktype[m[K’ in ‘[01m[Kstruct std::enable_if<false, void>[m[K’
[01m[K/usr/include/boost/asio/impl/read_until.hpp:2018:1:[m[K [01;36m[Knote: [m[Kcandidate: ‘[01m[Ktemplate<class AsyncReadStream, class Allocator, class ReadHandler> auto boost::asio::async_read_until(AsyncReadStream&, boost::asio::basic_streambuf<Allocator>&, char, ReadHandler&&)[m[K’
 2018 | [01;36m[Kasync_read_until[m[K(AsyncReadStream& s,
      | [01;36m[K^~~~~~~~~~~~~~~~[m[K
[01m[K/usr/include/boost/asio/impl/read_until.hpp:2018:1:[m[K [01;36m[Knote: [m[K  template argument deduction/substitution failed:
[01m[K/home/sunny/ros2_ws/src/cpp_parsing/src/nmea_reader.cpp:43:25:[m[K [01;36m[Knote: [m[K  ‘[01m[Kstd::streambuf[m[K’ {aka ‘[01m[Kstd::basic_streambuf<char>[m[K’} is not derived from ‘[01m[Kboost::asio::basic_streambuf<Allocator>[m[K’
   43 |         [01;36m[Kasync_read_until(serial, buffer, "\n", bind(&NmeaReader::handle_read, this, std::placeholders::_1, std::placeholders::_2))[m[K;
      |         [01;36m[K~~~~~~~~~~~~~~~~^~~~~~~~~~~~~~~~~~~~~~~~~~~~~~~~~~~~~~~~~~~~~~~~~~~~~~~~~~~~~~~~~~~~~~~~~~~~~~~~~~~~~~~~~~~~~~~~~~~~~~~~~~[m[K
In file included from [01m[K/usr/include/boost/asio/read_until.hpp:2863[m[K,
                 from [01m[K/usr/include/boost/asio.hpp:146[m[K,
                 from [01m[K/home/sunny/ros2_ws/src/cpp_parsing/src/nmea_reader.cpp:5[m[K:
[01m[K/usr/include/boost/asio/impl/read_until.hpp:2031:1:[m[K [01;36m[Knote: [m[Kcandidate: ‘[01m[Ktemplate<class AsyncReadStream, class Allocator, class ReadHandler> auto boost::asio::async_read_until(AsyncReadStream&, boost::asio::basic_streambuf<Allocator>&, std::string_view, ReadHandler&&)[m[K’
 2031 | [01;36m[Kasync_read_until[m[K(AsyncReadStream& s,
      | [01;36m[K^~~~~~~~~~~~~~~~[m[K
[01m[K/usr/include/boost/asio/impl/read_until.hpp:2031:1:[m[K [01;36m[Knote: [m[K  template argument deduction/substitution failed:
[01m[K/home/sunny/ros2_ws/src/cpp_parsing/src/nmea_reader.cpp:43:25:[m[K [01;36m[Knote: [m[K  ‘[01m[Kstd::streambuf[m[K’ {aka ‘[01m[Kstd::basic_streambuf<char>[m[K’} is not derived from ‘[01m[Kboost::asio::basic_streambuf<Allocator>[m[K’
   43 |         [01;36m[Kasync_read_until(serial, buffer, "\n", bind(&NmeaReader::handle_read, this, std::placeholders::_1, std::placeholders::_2))[m[K;
      |         [01;36m[K~~~~~~~~~~~~~~~~^~~~~~~~~~~~~~~~~~~~~~~~~~~~~~~~~~~~~~~~~~~~~~~~~~~~~~~~~~~~~~~~~~~~~~~~~~~~~~~~~~~~~~~~~~~~~~~~~~~~~~~~~~[m[K
In file included from [01m[K/usr/include/boost/asio/read_until.hpp:2863[m[K,
                 from [01m[K/usr/include/boost/asio.hpp:146[m[K,
                 from [01m[K/home/sunny/ros2_ws/src/cpp_parsing/src/nmea_reader.cpp:5[m[K:
[01m[K/usr/include/boost/asio/impl/read_until.hpp:2047:1:[m[K [01;36m[Knote: [m[Kcandidate: ‘[01m[Ktemplate<class AsyncReadStream, class Allocator, class ReadHandler> auto boost::asio::async_read_until(AsyncReadStream&, boost::asio::basic_streambuf<Allocator>&, const regex&, ReadHandler&&)[m[K’
 2047 | [01;36m[Kasync_read_until[m[K(AsyncReadStream& s,
      | [01;36m[K^~~~~~~~~~~~~~~~[m[K
[01m[K/usr/include/boost/asio/impl/read_until.hpp:2047:1:[m[K [01;36m[Knote: [m[K  template argument deduction/substitution failed:
[01m[K/home/sunny/ros2_ws/src/cpp_parsing/src/nmea_reader.cpp:43:25:[m[K [01;36m[Knote: [m[K  ‘[01m[Kstd::streambuf[m[K’ {aka ‘[01m[Kstd::basic_streambuf<char>[m[K’} is not derived from ‘[01m[Kboost::asio::basic_streambuf<Allocator>[m[K’
   43 |         [01;36m[Kasync_read_until(serial, buffer, "\n", bind(&NmeaReader::handle_read, this, std::placeholders::_1, std::placeholders::_2))[m[K;
      |         [01;36m[K~~~~~~~~~~~~~~~~^~~~~~~~~~~~~~~~~~~~~~~~~~~~~~~~~~~~~~~~~~~~~~~~~~~~~~~~~~~~~~~~~~~~~~~~~~~~~~~~~~~~~~~~~~~~~~~~~~~~~~~~~~[m[K
In file included from [01m[K/usr/include/boost/asio/read_until.hpp:2863[m[K,
                 from [01m[K/usr/include/boost/asio.hpp:146[m[K,
                 from [01m[K/home/sunny/ros2_ws/src/cpp_parsing/src/nmea_reader.cpp:5[m[K:
[01m[K/usr/include/boost/asio/impl/read_until.hpp:2062:1:[m[K [01;36m[Knote: [m[Kcandidate: ‘[01m[Ktemplate<class AsyncReadStream, class Allocator, class MatchCondition, class ReadHandler> auto boost::asio::async_read_until(AsyncReadStream&, boost::asio::basic_streambuf<Allocator>&, MatchCondition, ReadHandler&&, typename std::enable_if<boost::asio::is_match_condition<MatchCondition>::value>::type*)[m[K’
 2062 | [01;36m[Kasync_read_until[m[K(AsyncReadStream& s,
      | [01;36m[K^~~~~~~~~~~~~~~~[m[K
[01m[K/usr/include/boost/asio/impl/read_until.hpp:2062:1:[m[K [01;36m[Knote: [m[K  template argument deduction/substitution failed:
[01m[K/home/sunny/ros2_ws/src/cpp_parsing/src/nmea_reader.cpp:43:25:[m[K [01;36m[Knote: [m[K  ‘[01m[Kstd::streambuf[m[K’ {aka ‘[01m[Kstd::basic_streambuf<char>[m[K’} is not derived from ‘[01m[Kboost::asio::basic_streambuf<Allocator>[m[K’
   43 |         [01;36m[Kasync_read_until(serial, buffer, "\n", bind(&NmeaReader::handle_read, this, std::placeholders::_1, std::placeholders::_2))[m[K;
      |         [01;36m[K~~~~~~~~~~~~~~~~^~~~~~~~~~~~~~~~~~~~~~~~~~~~~~~~~~~~~~~~~~~~~~~~~~~~~~~~~~~~~~~~~~~~~~~~~~~~~~~~~~~~~~~~~~~~~~~~~~~~~~~~~~[m[K
In file included from [01m[K/usr/include/boost/asio/read_until.hpp:2863[m[K,
                 from [01m[K/usr/include/boost/asio.hpp:146[m[K,
                 from [01m[K/home/sunny/ros2_ws/src/cpp_parsing/src/nmea_reader.cpp:5[m[K:
[01m[K/usr/include/boost/asio/impl/read_until.hpp:2364:1:[m[K [01;36m[Knote: [m[Kcandidate: ‘[01m[Ktemplate<class AsyncReadStream, class DynamicBuffer_v2, class ReadHandler> auto boost::asio::async_read_until(AsyncReadStream&, DynamicBuffer_v2, char, ReadHandler&&, typename std::enable_if<boost::asio::is_dynamic_buffer_v2<DynamicBuffer_v2>::value>::type*)[m[K’
 2364 | [01;36m[Kasync_read_until[m[K(AsyncReadStream& s, DynamicBuffer_v2 buffers,
      | [01;36m[K^~~~~~~~~~~~~~~~[m[K
[01m[K/usr/include/boost/asio/impl/read_until.hpp:2364:1:[m[K [01;36m[Knote: [m[K  template argument deduction/substitution failed:
[01m[K/home/sunny/ros2_ws/src/cpp_parsing/src/nmea_reader.cpp:43:42:[m[K [01;36m[Knote: [m[K  cannot convert ‘[01m[K"\012"[m[K’ (type ‘[01m[Kconst char [2][m[K’) to type ‘[01m[Kchar[m[K’
   43 |         async_read_until(serial, buffer, [01;36m[K"\n"[m[K, bind(&NmeaReader::handle_read, this, std::placeholders::_1, std::placeholders::_2));
      |                                          [01;36m[K^~~~[m[K
In file included from [01m[K/usr/include/boost/asio/read_until.hpp:2863[m[K,
                 from [01m[K/usr/include/boost/asio.hpp:146[m[K,
                 from [01m[K/home/sunny/ros2_ws/src/cpp_parsing/src/nmea_reader.cpp:5[m[K:
[01m[K/usr/include/boost/asio/impl/read_until.hpp:2678:1:[m[K [01;36m[Knote: [m[Kcandidate: ‘[01m[Ktemplate<class AsyncReadStream, class DynamicBuffer_v2, class ReadHandler> auto boost::asio::async_read_until(AsyncReadStream&, DynamicBuffer_v2, std::string_view, ReadHandler&&, typename std::enable_if<boost::asio::is_dynamic_buffer_v2<DynamicBuffer_v2>::value>::type*)[m[K’
 2678 | [01;36m[Kasync_read_until[m[K(AsyncReadStream& s,
      | [01;36m[K^~~~~~~~~~~~~~~~[m[K
[01m[K/usr/include/boost/asio/impl/read_until.hpp:2678:1:[m[K [01;36m[Knote: [m[K  template argument deduction/substitution failed:
/usr/include/boost/asio/impl/read_until.hpp: In substitution of ‘[01m[Ktemplate<class AsyncReadStream, class DynamicBuffer_v2, class ReadHandler> auto boost::asio::async_read_until(AsyncReadStream&, DynamicBuffer_v2, std::string_view, ReadHandler&&, typename std::enable_if<boost::asio::is_dynamic_buffer_v2<DynamicBuffer_v2>::value>::type*) [with AsyncReadStream = boost::asio::basic_serial_port<>; DynamicBuffer_v2 = std::basic_streambuf<char>; ReadHandler = std::_Bind<void (NmeaReader::*(NmeaReader*, std::_Placeholder<1>, std::_Placeholder<2>))(const boost::system::error_code&, long unsigned int)>][m[K’:
[01m[K/home/sunny/ros2_ws/src/cpp_parsing/src/nmea_reader.cpp:43:25:[m[K   required from here
[01m[K/usr/include/boost/asio/impl/read_until.hpp:2678:1:[m[K [01;31m[Kerror: [m[Kno type named ‘[01m[Ktype[m[K’ in ‘[01m[Kstruct std::enable_if<false, void>[m[K’
[01m[K/usr/include/boost/asio/impl/read_until.hpp:2999:1:[m[K [01;36m[Knote: [m[Kcandidate: ‘[01m[Ktemplate<class AsyncReadStream, class DynamicBuffer_v2, class ReadHandler> auto boost::asio::async_read_until(AsyncReadStream&, DynamicBuffer_v2, const regex&, ReadHandler&&, typename std::enable_if<boost::asio::is_dynamic_buffer_v2<DynamicBuffer_v2>::value>::type*)[m[K’
 2999 | [01;36m[Kasync_read_until[m[K(AsyncReadStream& s, DynamicBuffer_v2 buffers,
      | [01;36m[K^~~~~~~~~~~~~~~~[m[K
[01m[K/usr/include/boost/asio/impl/read_until.hpp:2999:1:[m[K [01;36m[Knote: [m[K  template argument deduction/substitution failed:
[01m[K/home/sunny/ros2_ws/src/cpp_parsing/src/nmea_reader.cpp:43:42:[m[K [01;36m[Knote: [m[K  cannot convert ‘[01m[K"\012"[m[K’ (type ‘[01m[Kconst char [2][m[K’) to type ‘[01m[Kconst regex&[m[K’ {aka ‘[01m[Kconst boost::basic_regex<char, boost::regex_traits<char> >&[m[K’}
   43 |         async_read_until(serial, buffer, [01;36m[K"\n"[m[K, bind(&NmeaReader::handle_read, this, std::placeholders::_1, std::placeholders::_2));
      |                                          [01;36m[K^~~~[m[K
In file included from [01m[K/usr/include/boost/asio/read_until.hpp:2863[m[K,
                 from [01m[K/usr/include/boost/asio.hpp:146[m[K,
                 from [01m[K/home/sunny/ros2_ws/src/cpp_parsing/src/nmea_reader.cpp:5[m[K:
[01m[K/usr/include/boost/asio/impl/read_until.hpp:3317:1:[m[K [01;36m[Knote: [m[Kcandidate: ‘[01m[Ktemplate<class AsyncReadStream, class DynamicBuffer_v2, class MatchCondition, class ReadHandler> auto boost::asio::async_read_until(AsyncReadStream&, DynamicBuffer_v2, MatchCondition, ReadHandler&&, typename std::enable_if<(boost::asio::is_match_condition<MatchCondition>::value && boost::asio::is_dynamic_buffer_v2<DynamicBuffer_v2>::value)>::type*)[m[K’
 3317 | [01;36m[Kasync_read_until[m[K(AsyncReadStream& s, DynamicBuffer_v2 buffers,
      | [01;36m[K^~~~~~~~~~~~~~~~[m[K
[01m[K/usr/include/boost/asio/impl/read_until.hpp:3317:1:[m[K [01;36m[Knote: [m[K  template argument deduction/substitution failed:
/usr/include/boost/asio/impl/read_until.hpp: In substitution of ‘[01m[Ktemplate<class AsyncReadStream, class DynamicBuffer_v2, class MatchCondition, class ReadHandler> auto boost::asio::async_read_until(AsyncReadStream&, DynamicBuffer_v2, MatchCondition, ReadHandler&&, typename std::enable_if<(boost::asio::is_match_condition<MatchCondition>::value && boost::asio::is_dynamic_buffer_v2<DynamicBuffer_v2>::value)>::type*) [with AsyncReadStream = boost::asio::basic_serial_port<>; DynamicBuffer_v2 = std::basic_streambuf<char>; MatchCondition = const char*; ReadHandler = std::_Bind<void (NmeaReader::*(NmeaReader*, std::_Placeholder<1>, std::_Placeholder<2>))(const boost::system::error_code&, long unsigned int)>][m[K’:
[01m[K/home/sunny/ros2_ws/src/cpp_parsing/src/nmea_reader.cpp:43:25:[m[K   required from here
[01m[K/usr/include/boost/asio/impl/read_until.hpp:3317:1:[m[K [01;31m[Kerror: [m[Kno type named ‘[01m[Ktype[m[K’ in ‘[01m[Kstruct std::enable_if<false, void>[m[K’
[01m[K/home/sunny/ros2_ws/src/cpp_parsing/src/nmea_reader.cpp:[m[K In member function ‘[01m[Kvoid NmeaReader::handle_read(const boost::system::error_code&, size_t)[m[K’:
[01m[K/home/sunny/ros2_ws/src/cpp_parsing/src/nmea_reader.cpp:46:69:[m[K [01;35m[Kwarning: [m[Kunused parameter ‘[01m[Kbytes_transferred[m[K’ [[01;35m[K]8;;https://gcc.gnu.org/onlinedocs/gcc/Warning-Options.html#index-Wunused-parameter-Wunused-parameter]8;;[m[K]
   46 |  void handle_read(const boost::system::error_code &error, [01;35m[Ksize_t bytes_transferred[m[K)
      |                                                           [01;35m[K~~~~~~~^~~~~~~~~~~~~~~~~[m[K

[01m[K/home/sunny/ros2_ws/src/cpp_parsing/src/nmea_reader.cpp:[m[K In member function ‘[01m[Kvoid NmeaReader::publish_data(const string&)[m[K’:
[01m[K/home/sunny/ros2_ws/src/cpp_parsing/src/nmea_reader.cpp:57:37:[m[K [01;35m[Kwarning: [m[Kunused parameter ‘[01m[Kdata[m[K’ [[01;35m[K]8;;https://gcc.gnu.org/onlinedocs/gcc/Warning-Options.html#index-Wunused-parameter-Wunused-parameter]8;;[m[K]
   57 |     void publish_data([01;35m[Kconst string &data[m[K)
      |                       [01;35m[K~~~~~~~~~~~~~~^~~~[m[K
gmake[2]: *** [CMakeFiles/reader.dir/build.make:76: CMakeFiles/reader.dir/src/nmea_reader.cpp.o] Error 1
gmake[1]: *** [CMakeFiles/Makefile2:139: CMakeFiles/reader.dir/all] Error 2
gmake: *** [Makefile:146: all] Error 2
