[0.668s] Invoking command in '/home/sunny/ros2_ws/src/py_proj': PYTHONPATH=/home/sunny/ros2_ws/build/py_proj/prefix_override:/usr/lib/python3/dist-packages/colcon_core/task/python/colcon_distutils_commands:/home/sunny/ros2_ws/install/py_proj/lib/python3.10/site-packages:${PYTHONPATH} /usr/bin/python3 -W ignore:setup.py install is deprecated setup.py egg_info --egg-base ../../build/py_proj build --build-base /home/sunny/ros2_ws/build/py_proj/build install --record /home/sunny/ros2_ws/build/py_proj/install.log --single-version-externally-managed install_data
[0.910s] running egg_info
[0.911s] writing ../../build/py_proj/py_proj.egg-info/PKG-INFO
[0.911s] writing dependency_links to ../../build/py_proj/py_proj.egg-info/dependency_links.txt
[0.911s] writing entry points to ../../build/py_proj/py_proj.egg-info/entry_points.txt
[0.911s] writing requirements to ../../build/py_proj/py_proj.egg-info/requires.txt
[0.911s] writing top-level names to ../../build/py_proj/py_proj.egg-info/top_level.txt
[0.914s] reading manifest file '../../build/py_proj/py_proj.egg-info/SOURCES.txt'
[0.915s] writing manifest file '../../build/py_proj/py_proj.egg-info/SOURCES.txt'
[0.916s] running build
[0.916s] running build_py
[0.916s] running install
[0.916s] running install_lib
[0.918s] running install_data
[0.918s] running install_egg_info
[0.920s] removing '/home/sunny/ros2_ws/install/py_proj/lib/python3.10/site-packages/py_proj-0.0.0-py3.10.egg-info' (and everything under it)
[0.920s] Copying ../../build/py_proj/py_proj.egg-info to /home/sunny/ros2_ws/install/py_proj/lib/python3.10/site-packages/py_proj-0.0.0-py3.10.egg-info
[0.921s] running install_scripts
[0.949s] Installing publisher script to /home/sunny/ros2_ws/install/py_proj/lib/py_proj
[0.949s] writing list of installed files to '/home/sunny/ros2_ws/build/py_proj/install.log'
[0.978s] Invoked command in '/home/sunny/ros2_ws/src/py_proj' returned '0': PYTHONPATH=/home/sunny/ros2_ws/build/py_proj/prefix_override:/usr/lib/python3/dist-packages/colcon_core/task/python/colcon_distutils_commands:/home/sunny/ros2_ws/install/py_proj/lib/python3.10/site-packages:${PYTHONPATH} /usr/bin/python3 -W ignore:setup.py install is deprecated setup.py egg_info --egg-base ../../build/py_proj build --build-base /home/sunny/ros2_ws/build/py_proj/build install --record /home/sunny/ros2_ws/build/py_proj/install.log --single-version-externally-managed install_data
