[0.013s] Invoking command in '/home/sunny/ros2_ws/build/cpp_parsing': CMAKE_PREFIX_PATH=/home/sunny/ros2_ws/install/custom_interfaces:/home/sunny/ros2_ws/install/cpp_srvcli:/home/sunny/ros2_ws/install/cpp_pubsub:/home/sunny/ros2_ws/install/tutorial_interfaces:/home/sunny/ros2_ws/install/turtlesim:/home/sunny/ros2_ws/install/polygon_plugins:/home/sunny/ros2_ws/install/polygon_base:/home/sunny/ros2_ws/install/my_package:/home/sunny/ros2_ws/install/more_interfaces:/home/sunny/ros2_ws/install/cpp_parsing:/home/sunny/ros2_ws/install/cpp_proj:/home/sunny/ros2_ws/install/cpp_parameters:/home/sunny/ros2_ws/install/py_proj:/opt/ros/humble LD_LIBRARY_PATH=/home/sunny/ros2_ws/install/custom_interfaces/lib:/home/sunny/ros2_ws/install/tutorial_interfaces/lib:/home/sunny/ros2_ws/install/turtlesim/lib:/home/sunny/ros2_ws/install/polygon_plugins/lib:/home/sunny/ros2_ws/install/more_interfaces/lib:/opt/ros/humble/opt/rviz_ogre_vendor/lib:/opt/ros/humble/lib/x86_64-linux-gnu:/opt/ros/humble/lib /usr/bin/cmake --build /home/sunny/ros2_ws/build/cpp_parsing -- -j12 -l12
[0.056s] [35m[1mConsolidate compiler generated dependencies of target reader[0m
[0.069s] [ 50%] Built target parser
[0.076s] [ 75%] [32mBuilding CXX object CMakeFiles/reader.dir/src/nmea_reader.cpp.o[0m
[5.297s] [100%] [32m[1mLinking CXX executable reader[0m
[5.558s] [100%] Built target reader
[5.572s] Invoked command in '/home/sunny/ros2_ws/build/cpp_parsing' returned '0': CMAKE_PREFIX_PATH=/home/sunny/ros2_ws/install/custom_interfaces:/home/sunny/ros2_ws/install/cpp_srvcli:/home/sunny/ros2_ws/install/cpp_pubsub:/home/sunny/ros2_ws/install/tutorial_interfaces:/home/sunny/ros2_ws/install/turtlesim:/home/sunny/ros2_ws/install/polygon_plugins:/home/sunny/ros2_ws/install/polygon_base:/home/sunny/ros2_ws/install/my_package:/home/sunny/ros2_ws/install/more_interfaces:/home/sunny/ros2_ws/install/cpp_parsing:/home/sunny/ros2_ws/install/cpp_proj:/home/sunny/ros2_ws/install/cpp_parameters:/home/sunny/ros2_ws/install/py_proj:/opt/ros/humble LD_LIBRARY_PATH=/home/sunny/ros2_ws/install/custom_interfaces/lib:/home/sunny/ros2_ws/install/tutorial_interfaces/lib:/home/sunny/ros2_ws/install/turtlesim/lib:/home/sunny/ros2_ws/install/polygon_plugins/lib:/home/sunny/ros2_ws/install/more_interfaces/lib:/opt/ros/humble/opt/rviz_ogre_vendor/lib:/opt/ros/humble/lib/x86_64-linux-gnu:/opt/ros/humble/lib /usr/bin/cmake --build /home/sunny/ros2_ws/build/cpp_parsing -- -j12 -l12
[5.616s] Invoking command in '/home/sunny/ros2_ws/build/cpp_parsing': CMAKE_PREFIX_PATH=/home/sunny/ros2_ws/install/custom_interfaces:/home/sunny/ros2_ws/install/cpp_srvcli:/home/sunny/ros2_ws/install/cpp_pubsub:/home/sunny/ros2_ws/install/tutorial_interfaces:/home/sunny/ros2_ws/install/turtlesim:/home/sunny/ros2_ws/install/polygon_plugins:/home/sunny/ros2_ws/install/polygon_base:/home/sunny/ros2_ws/install/my_package:/home/sunny/ros2_ws/install/more_interfaces:/home/sunny/ros2_ws/install/cpp_parsing:/home/sunny/ros2_ws/install/cpp_proj:/home/sunny/ros2_ws/install/cpp_parameters:/home/sunny/ros2_ws/install/py_proj:/opt/ros/humble LD_LIBRARY_PATH=/home/sunny/ros2_ws/install/custom_interfaces/lib:/home/sunny/ros2_ws/install/tutorial_interfaces/lib:/home/sunny/ros2_ws/install/turtlesim/lib:/home/sunny/ros2_ws/install/polygon_plugins/lib:/home/sunny/ros2_ws/install/more_interfaces/lib:/opt/ros/humble/opt/rviz_ogre_vendor/lib:/opt/ros/humble/lib/x86_64-linux-gnu:/opt/ros/humble/lib /usr/bin/cmake --install /home/sunny/ros2_ws/build/cpp_parsing
[5.623s] -- Install configuration: ""
[5.623s] -- Installing: /home/sunny/ros2_ws/install/cpp_parsing/lib/cpp_parsing/reader
[5.625s] -- Set runtime path of "/home/sunny/ros2_ws/install/cpp_parsing/lib/cpp_parsing/reader" to ""
[5.625s] -- Up-to-date: /home/sunny/ros2_ws/install/cpp_parsing/lib/cpp_parsing/parser
[5.625s] -- Up-to-date: /home/sunny/ros2_ws/install/cpp_parsing/share/ament_index/resource_index/package_run_dependencies/cpp_parsing
[5.626s] -- Up-to-date: /home/sunny/ros2_ws/install/cpp_parsing/share/ament_index/resource_index/parent_prefix_path/cpp_parsing
[5.626s] -- Up-to-date: /home/sunny/ros2_ws/install/cpp_parsing/share/cpp_parsing/environment/ament_prefix_path.sh
[5.626s] -- Up-to-date: /home/sunny/ros2_ws/install/cpp_parsing/share/cpp_parsing/environment/ament_prefix_path.dsv
[5.626s] -- Up-to-date: /home/sunny/ros2_ws/install/cpp_parsing/share/cpp_parsing/environment/path.sh
[5.626s] -- Up-to-date: /home/sunny/ros2_ws/install/cpp_parsing/share/cpp_parsing/environment/path.dsv
[5.626s] -- Up-to-date: /home/sunny/ros2_ws/install/cpp_parsing/share/cpp_parsing/local_setup.bash
[5.626s] -- Up-to-date: /home/sunny/ros2_ws/install/cpp_parsing/share/cpp_parsing/local_setup.sh
[5.626s] -- Up-to-date: /home/sunny/ros2_ws/install/cpp_parsing/share/cpp_parsing/local_setup.zsh
[5.626s] -- Up-to-date: /home/sunny/ros2_ws/install/cpp_parsing/share/cpp_parsing/local_setup.dsv
[5.626s] -- Installing: /home/sunny/ros2_ws/install/cpp_parsing/share/cpp_parsing/package.dsv
[5.626s] -- Up-to-date: /home/sunny/ros2_ws/install/cpp_parsing/share/ament_index/resource_index/packages/cpp_parsing
[5.626s] -- Up-to-date: /home/sunny/ros2_ws/install/cpp_parsing/share/cpp_parsing/cmake/cpp_parsingConfig.cmake
[5.626s] -- Up-to-date: /home/sunny/ros2_ws/install/cpp_parsing/share/cpp_parsing/cmake/cpp_parsingConfig-version.cmake
[5.626s] -- Up-to-date: /home/sunny/ros2_ws/install/cpp_parsing/share/cpp_parsing/package.xml
[5.629s] Invoked command in '/home/sunny/ros2_ws/build/cpp_parsing' returned '0': CMAKE_PREFIX_PATH=/home/sunny/ros2_ws/install/custom_interfaces:/home/sunny/ros2_ws/install/cpp_srvcli:/home/sunny/ros2_ws/install/cpp_pubsub:/home/sunny/ros2_ws/install/tutorial_interfaces:/home/sunny/ros2_ws/install/turtlesim:/home/sunny/ros2_ws/install/polygon_plugins:/home/sunny/ros2_ws/install/polygon_base:/home/sunny/ros2_ws/install/my_package:/home/sunny/ros2_ws/install/more_interfaces:/home/sunny/ros2_ws/install/cpp_parsing:/home/sunny/ros2_ws/install/cpp_proj:/home/sunny/ros2_ws/install/cpp_parameters:/home/sunny/ros2_ws/install/py_proj:/opt/ros/humble LD_LIBRARY_PATH=/home/sunny/ros2_ws/install/custom_interfaces/lib:/home/sunny/ros2_ws/install/tutorial_interfaces/lib:/home/sunny/ros2_ws/install/turtlesim/lib:/home/sunny/ros2_ws/install/polygon_plugins/lib:/home/sunny/ros2_ws/install/more_interfaces/lib:/opt/ros/humble/opt/rviz_ogre_vendor/lib:/opt/ros/humble/lib/x86_64-linux-gnu:/opt/ros/humble/lib /usr/bin/cmake --install /home/sunny/ros2_ws/build/cpp_parsing
