[0.010s] Invoking command in '/home/sunny/ros2_ws/build/cpp_parameters': CMAKE_PREFIX_PATH=/opt/ros/humble /usr/bin/cmake /home/sunny/ros2_ws/src/cpp_parameters -DCMAKE_INSTALL_PREFIX=/home/sunny/ros2_ws/install/cpp_parameters
[0.021s] -- Found ament_cmake: 1.3.9 (/opt/ros/humble/share/ament_cmake/cmake)
[0.130s] -- Found rclcpp: 16.0.9 (/opt/ros/humble/share/rclcpp/cmake)
[0.155s] -- Found rosidl_generator_c: 3.1.5 (/opt/ros/humble/share/rosidl_generator_c/cmake)
[0.158s] -- Found rosidl_adapter: 3.1.5 (/opt/ros/humble/share/rosidl_adapter/cmake)
[0.163s] -- Found rosidl_generator_cpp: 3.1.5 (/opt/ros/humble/share/rosidl_generator_cpp/cmake)
[0.173s] -- Using all available rosidl_typesupport_c: rosidl_typesupport_fastrtps_c;rosidl_typesupport_introspection_c
[0.187s] -- Using all available rosidl_typesupport_cpp: rosidl_typesupport_fastrtps_cpp;rosidl_typesupport_introspection_cpp
[0.242s] -- Found rmw_implementation_cmake: 6.1.2 (/opt/ros/humble/share/rmw_implementation_cmake/cmake)
[0.243s] -- Found rmw_fastrtps_cpp: 6.2.6 (/opt/ros/humble/share/rmw_fastrtps_cpp/cmake)
[0.348s] -- Using RMW implementation 'rmw_fastrtps_cpp' as default
[0.498s] -- Found ament_lint_auto: 0.12.11 (/opt/ros/humble/share/ament_lint_auto/cmake)
[0.565s] -- Added test 'cppcheck' to perform static code analysis on C / C++ code
[0.565s] -- Configured cppcheck include dirs: 
[0.565s] -- Configured cppcheck exclude dirs and/or files: 
[0.566s] -- Added test 'lint_cmake' to check CMake code style
[0.566s] -- Added test 'uncrustify' to check C / C++ code style
[0.566s] -- Configured uncrustify additional arguments: 
[0.567s] -- Added test 'xmllint' to check XML markup files
[0.568s] -- Configuring done
[0.576s] -- Generating done
[0.577s] -- Build files have been written to: /home/sunny/ros2_ws/build/cpp_parameters
[0.584s] Invoked command in '/home/sunny/ros2_ws/build/cpp_parameters' returned '0': CMAKE_PREFIX_PATH=/opt/ros/humble /usr/bin/cmake /home/sunny/ros2_ws/src/cpp_parameters -DCMAKE_INSTALL_PREFIX=/home/sunny/ros2_ws/install/cpp_parameters
[0.585s] Invoking command in '/home/sunny/ros2_ws/build/cpp_parameters': CMAKE_PREFIX_PATH=/opt/ros/humble /usr/bin/cmake --build /home/sunny/ros2_ws/build/cpp_parameters -- -j8 -l8
[0.628s] [ 50%] [32mBuilding CXX object CMakeFiles/minimal_param_node.dir/src/cpp_parameters_node.cpp.o[0m
[3.284s] [100%] [32m[1mLinking CXX executable minimal_param_node[0m
[3.394s] [100%] Built target minimal_param_node
[3.404s] Invoked command in '/home/sunny/ros2_ws/build/cpp_parameters' returned '0': CMAKE_PREFIX_PATH=/opt/ros/humble /usr/bin/cmake --build /home/sunny/ros2_ws/build/cpp_parameters -- -j8 -l8
[3.435s] Invoking command in '/home/sunny/ros2_ws/build/cpp_parameters': CMAKE_PREFIX_PATH=/opt/ros/humble /usr/bin/cmake --install /home/sunny/ros2_ws/build/cpp_parameters
[3.441s] -- Install configuration: ""
[3.441s] -- Installing: /home/sunny/ros2_ws/install/cpp_parameters/lib/cpp_parameters/minimal_param_node
[3.442s] -- Set runtime path of "/home/sunny/ros2_ws/install/cpp_parameters/lib/cpp_parameters/minimal_param_node" to ""
[3.442s] -- Installing: /home/sunny/ros2_ws/install/cpp_parameters/share/ament_index/resource_index/package_run_dependencies/cpp_parameters
[3.442s] -- Installing: /home/sunny/ros2_ws/install/cpp_parameters/share/ament_index/resource_index/parent_prefix_path/cpp_parameters
[3.443s] -- Installing: /home/sunny/ros2_ws/install/cpp_parameters/share/cpp_parameters/environment/ament_prefix_path.sh
[3.443s] -- Installing: /home/sunny/ros2_ws/install/cpp_parameters/share/cpp_parameters/environment/ament_prefix_path.dsv
[3.443s] -- Installing: /home/sunny/ros2_ws/install/cpp_parameters/share/cpp_parameters/environment/path.sh
[3.443s] -- Installing: /home/sunny/ros2_ws/install/cpp_parameters/share/cpp_parameters/environment/path.dsv
[3.443s] -- Installing: /home/sunny/ros2_ws/install/cpp_parameters/share/cpp_parameters/local_setup.bash
[3.443s] -- Installing: /home/sunny/ros2_ws/install/cpp_parameters/share/cpp_parameters/local_setup.sh
[3.443s] -- Installing: /home/sunny/ros2_ws/install/cpp_parameters/share/cpp_parameters/local_setup.zsh
[3.443s] -- Installing: /home/sunny/ros2_ws/install/cpp_parameters/share/cpp_parameters/local_setup.dsv
[3.443s] -- Installing: /home/sunny/ros2_ws/install/cpp_parameters/share/cpp_parameters/package.dsv
[3.444s] -- Installing: /home/sunny/ros2_ws/install/cpp_parameters/share/ament_index/resource_index/packages/cpp_parameters
[3.444s] -- Installing: /home/sunny/ros2_ws/install/cpp_parameters/share/cpp_parameters/cmake/cpp_parametersConfig.cmake
[3.444s] -- Installing: /home/sunny/ros2_ws/install/cpp_parameters/share/cpp_parameters/cmake/cpp_parametersConfig-version.cmake
[3.444s] -- Installing: /home/sunny/ros2_ws/install/cpp_parameters/share/cpp_parameters/package.xml
[3.446s] Invoked command in '/home/sunny/ros2_ws/build/cpp_parameters' returned '0': CMAKE_PREFIX_PATH=/opt/ros/humble /usr/bin/cmake --install /home/sunny/ros2_ws/build/cpp_parameters
