[0.009s] Invoking command in '/home/sunny/ros2_ws/src/cpp_pubsub/build/cpp_pubsub': CMAKE_PREFIX_PATH=/opt/ros/humble /usr/bin/cmake /home/sunny/ros2_ws/src/cpp_pubsub -DCMAKE_INSTALL_PREFIX=/home/sunny/ros2_ws/src/cpp_pubsub/install/cpp_pubsub
[0.019s] -- Found ament_cmake: 1.3.9 (/opt/ros/humble/share/ament_cmake/cmake)
[0.125s] -- Found rclcpp: 16.0.9 (/opt/ros/humble/share/rclcpp/cmake)
[0.152s] -- Found rosidl_generator_c: 3.1.5 (/opt/ros/humble/share/rosidl_generator_c/cmake)
[0.154s] -- Found rosidl_adapter: 3.1.5 (/opt/ros/humble/share/rosidl_adapter/cmake)
[0.159s] -- Found rosidl_generator_cpp: 3.1.5 (/opt/ros/humble/share/rosidl_generator_cpp/cmake)
[0.169s] -- Using all available rosidl_typesupport_c: rosidl_typesupport_fastrtps_c;rosidl_typesupport_introspection_c
[0.183s] -- Using all available rosidl_typesupport_cpp: rosidl_typesupport_fastrtps_cpp;rosidl_typesupport_introspection_cpp
[0.237s] -- Found rmw_implementation_cmake: 6.1.2 (/opt/ros/humble/share/rmw_implementation_cmake/cmake)
[0.238s] -- Found rmw_fastrtps_cpp: 6.2.6 (/opt/ros/humble/share/rmw_fastrtps_cpp/cmake)
[0.339s] -- Using RMW implementation 'rmw_fastrtps_cpp' as default
[0.499s] [31mCMake Error at CMakeLists.txt:16 (find_package):
[0.499s]   By not providing "Findtutorial_interfaces.cmake" in CMAKE_MODULE_PATH this
[0.499s]   project has asked CMake to find a package configuration file provided by
[0.499s]   "tutorial_interfaces", but CMake did not find one.
[0.499s] 
[0.499s]   Could not find a package configuration file provided by
[0.499s]   "tutorial_interfaces" with any of the following names:
[0.499s] 
[0.499s]     tutorial_interfacesConfig.cmake
[0.499s]     tutorial_interfaces-config.cmake
[0.499s] 
[0.499s]   Add the installation prefix of "tutorial_interfaces" to CMAKE_PREFIX_PATH
[0.499s]   or set "tutorial_interfaces_DIR" to a directory containing one of the above
[0.500s]   files.  If "tutorial_interfaces" provides a separate development package or
[0.500s]   SDK, be sure it has been installed.
[0.500s] 
[0.500s] [0m
[0.500s] -- Configuring incomplete, errors occurred!
[0.500s] See also "/home/sunny/ros2_ws/src/cpp_pubsub/build/cpp_pubsub/CMakeFiles/CMakeOutput.log".
[0.504s] Invoked command in '/home/sunny/ros2_ws/src/cpp_pubsub/build/cpp_pubsub' returned '1': CMAKE_PREFIX_PATH=/opt/ros/humble /usr/bin/cmake /home/sunny/ros2_ws/src/cpp_pubsub -DCMAKE_INSTALL_PREFIX=/home/sunny/ros2_ws/src/cpp_pubsub/install/cpp_pubsub
