[0.042s] Invoking command in '/home/sunny/ros2_ws/build/tutorial_interfaces': CMAKE_PREFIX_PATH=${CMAKE_PREFIX_PATH}:/home/sunny/ros2_ws/install/py_proj:/opt/ros/humble /usr/bin/cmake --build /home/sunny/ros2_ws/build/tutorial_interfaces -- -j12 -l12
[0.099s] [35m[1mConsolidate compiler generated dependencies of target tutorial_interfaces__rosidl_generator_c[0m
[0.105s] [  2%] Built target tutorial_interfaces__cpp
[0.125s] [ 12%] Built target tutorial_interfaces__rosidl_generator_c
[0.127s] [35m[1mConsolidate compiler generated dependencies of target tutorial_interfaces__rosidl_typesupport_fastrtps_cpp[0m
[0.127s] [35m[1mConsolidate compiler generated dependencies of target tutorial_interfaces__rosidl_typesupport_introspection_cpp[0m
[0.133s] [ 12%] Built target ament_cmake_python_copy_tutorial_interfaces
[0.135s] [35m[1mConsolidate compiler generated dependencies of target tutorial_interfaces__rosidl_typesupport_cpp[0m
[0.154s] [35m[1mConsolidate compiler generated dependencies of target tutorial_interfaces__rosidl_typesupport_fastrtps_c[0m
[0.170s] [ 23%] Built target tutorial_interfaces__rosidl_typesupport_introspection_cpp
[0.173s] [ 36%] Built target tutorial_interfaces__rosidl_typesupport_fastrtps_cpp
[0.173s] [ 44%] Built target tutorial_interfaces__rosidl_typesupport_cpp
[0.174s] [35m[1mConsolidate compiler generated dependencies of target tutorial_interfaces__rosidl_typesupport_introspection_c[0m
[0.187s] [35m[1mConsolidate compiler generated dependencies of target tutorial_interfaces__rosidl_typesupport_c[0m
[0.204s] [ 55%] Built target tutorial_interfaces__rosidl_typesupport_fastrtps_c
[0.212s] [ 65%] Built target tutorial_interfaces__rosidl_typesupport_c
[0.224s] [ 76%] Built target tutorial_interfaces__rosidl_typesupport_introspection_c
[0.255s] [ 76%] Built target tutorial_interfaces
[0.288s] [ 78%] Built target tutorial_interfaces__py
[0.297s] [35m[1mConsolidate compiler generated dependencies of target tutorial_interfaces__rosidl_generator_py[0m
[0.323s] [ 87%] Built target tutorial_interfaces__rosidl_generator_py
[0.341s] [35m[1mConsolidate compiler generated dependencies of target tutorial_interfaces__rosidl_typesupport_introspection_c__pyext[0m
[0.341s] [35m[1mConsolidate compiler generated dependencies of target tutorial_interfaces__rosidl_typesupport_c__pyext[0m
[0.342s] [35m[1mConsolidate compiler generated dependencies of target tutorial_interfaces__rosidl_typesupport_fastrtps_c__pyext[0m
[0.369s] [ 91%] Built target tutorial_interfaces__rosidl_typesupport_c__pyext
[0.369s] [ 95%] Built target tutorial_interfaces__rosidl_typesupport_fastrtps_c__pyext
[0.376s] [100%] Built target tutorial_interfaces__rosidl_typesupport_introspection_c__pyext
[0.496s] running egg_info
[0.497s] writing tutorial_interfaces.egg-info/PKG-INFO
[0.497s] writing dependency_links to tutorial_interfaces.egg-info/dependency_links.txt
[0.497s] writing top-level names to tutorial_interfaces.egg-info/top_level.txt
[0.500s] reading manifest file 'tutorial_interfaces.egg-info/SOURCES.txt'
[0.501s] writing manifest file 'tutorial_interfaces.egg-info/SOURCES.txt'
[0.555s] [100%] Built target ament_cmake_python_build_tutorial_interfaces_egg
