[0.794s] Invoking command in '/home/sunny/ros2_ws/src/py_proj': AMENT_PREFIX_PATH=/home/sunny/ros2_ws/install/custom_interfaces:${AMENT_PREFIX_PATH} CMAKE_PREFIX_PATH=/home/sunny/ros2_ws/install/custom_interfaces LD_LIBRARY_PATH=/home/sunny/ros2_ws/install/custom_interfaces/lib:${LD_LIBRARY_PATH} PYTHONPATH=/home/sunny/ros2_ws/build/py_proj/prefix_override:/usr/lib/python3/dist-packages/colcon_core/task/python/colcon_distutils_commands:/home/sunny/ros2_ws/install/py_proj/lib/python3.10/site-packages:/home/sunny/ros2_ws/install/custom_interfaces/local/lib/python3.10/dist-packages:${PYTHONPATH} /usr/bin/python3 -W ignore:setup.py install is deprecated setup.py egg_info --egg-base ../../build/py_proj build --build-base /home/sunny/ros2_ws/build/py_proj/build install --record /home/sunny/ros2_ws/build/py_proj/install.log --single-version-externally-managed install_data
[1.168s] running egg_info
[1.169s] writing ../../build/py_proj/py_proj.egg-info/PKG-INFO
[1.169s] writing dependency_links to ../../build/py_proj/py_proj.egg-info/dependency_links.txt
[1.169s] writing entry points to ../../build/py_proj/py_proj.egg-info/entry_points.txt
[1.169s] writing requirements to ../../build/py_proj/py_proj.egg-info/requires.txt
[1.170s] writing top-level names to ../../build/py_proj/py_proj.egg-info/top_level.txt
[1.173s] reading manifest file '../../build/py_proj/py_proj.egg-info/SOURCES.txt'
[1.173s] writing manifest file '../../build/py_proj/py_proj.egg-info/SOURCES.txt'
[1.173s] running build
[1.173s] running build_py
[1.174s] running install
[1.174s] running install_lib
[1.176s] running install_data
[1.176s] running install_egg_info
[1.178s] removing '/home/sunny/ros2_ws/install/py_proj/lib/python3.10/site-packages/py_proj-0.0.0-py3.10.egg-info' (and everything under it)
[1.178s] Copying ../../build/py_proj/py_proj.egg-info to /home/sunny/ros2_ws/install/py_proj/lib/python3.10/site-packages/py_proj-0.0.0-py3.10.egg-info
[1.179s] running install_scripts
[1.214s] Installing publisher script to /home/sunny/ros2_ws/install/py_proj/lib/py_proj
[1.214s] Installing reader script to /home/sunny/ros2_ws/install/py_proj/lib/py_proj
[1.214s] writing list of installed files to '/home/sunny/ros2_ws/build/py_proj/install.log'
[1.258s] Invoked command in '/home/sunny/ros2_ws/src/py_proj' returned '0': AMENT_PREFIX_PATH=/home/sunny/ros2_ws/install/custom_interfaces:${AMENT_PREFIX_PATH} CMAKE_PREFIX_PATH=/home/sunny/ros2_ws/install/custom_interfaces LD_LIBRARY_PATH=/home/sunny/ros2_ws/install/custom_interfaces/lib:${LD_LIBRARY_PATH} PYTHONPATH=/home/sunny/ros2_ws/build/py_proj/prefix_override:/usr/lib/python3/dist-packages/colcon_core/task/python/colcon_distutils_commands:/home/sunny/ros2_ws/install/py_proj/lib/python3.10/site-packages:/home/sunny/ros2_ws/install/custom_interfaces/local/lib/python3.10/dist-packages:${PYTHONPATH} /usr/bin/python3 -W ignore:setup.py install is deprecated setup.py egg_info --egg-base ../../build/py_proj build --build-base /home/sunny/ros2_ws/build/py_proj/build install --record /home/sunny/ros2_ws/build/py_proj/install.log --single-version-externally-managed install_data
