[0.008s] Invoking command in '/home/sunny/ros2_ws/src/cpp_pubsub/build/cpp_pubsub': CMAKE_PREFIX_PATH=/opt/ros/humble /usr/bin/cmake /home/sunny/ros2_ws/src/cpp_pubsub -DCMAKE_INSTALL_PREFIX=/home/sunny/ros2_ws/src/cpp_pubsub/install/cpp_pubsub
[0.054s] -- The C compiler identification is GNU 11.4.0
[0.102s] -- The CXX compiler identification is GNU 11.4.0
[0.108s] -- Detecting C compiler ABI info
[0.167s] -- Detecting C compiler ABI info - done
[0.173s] -- Check for working C compiler: /usr/bin/cc - skipped
[0.173s] -- Detecting C compile features
[0.174s] -- Detecting C compile features - done
[0.176s] -- Detecting CXX compiler ABI info
[0.244s] -- Detecting CXX compiler ABI info - done
[0.254s] -- Check for working CXX compiler: /usr/bin/c++ - skipped
[0.254s] -- Detecting CXX compile features
[0.254s] -- Detecting CXX compile features - done
[0.257s] -- Found ament_cmake: 1.3.9 (/opt/ros/humble/share/ament_cmake/cmake)
[0.388s] -- Found Python3: /usr/bin/python3 (found version "3.10.12") found components: Interpreter 
[0.464s] -- Found rclcpp: 16.0.9 (/opt/ros/humble/share/rclcpp/cmake)
[0.503s] -- Found rosidl_generator_c: 3.1.5 (/opt/ros/humble/share/rosidl_generator_c/cmake)
[0.507s] -- Found rosidl_adapter: 3.1.5 (/opt/ros/humble/share/rosidl_adapter/cmake)
[0.514s] -- Found rosidl_generator_cpp: 3.1.5 (/opt/ros/humble/share/rosidl_generator_cpp/cmake)
[0.526s] -- Using all available rosidl_typesupport_c: rosidl_typesupport_fastrtps_c;rosidl_typesupport_introspection_c
[0.544s] -- Using all available rosidl_typesupport_cpp: rosidl_typesupport_fastrtps_cpp;rosidl_typesupport_introspection_cpp
[0.610s] -- Found rmw_implementation_cmake: 6.1.2 (/opt/ros/humble/share/rmw_implementation_cmake/cmake)
[0.613s] -- Found rmw_fastrtps_cpp: 6.2.6 (/opt/ros/humble/share/rmw_fastrtps_cpp/cmake)
[0.701s] -- Found OpenSSL: /usr/lib/x86_64-linux-gnu/libcrypto.so (found version "3.0.2")  
[0.723s] -- Found FastRTPS: /opt/ros/humble/include  
[0.763s] -- Using RMW implementation 'rmw_fastrtps_cpp' as default
[0.772s] -- Looking for pthread.h
[0.833s] -- Looking for pthread.h - found
[0.833s] -- Performing Test CMAKE_HAVE_LIBC_PTHREAD
[0.901s] -- Performing Test CMAKE_HAVE_LIBC_PTHREAD - Success
[0.902s] -- Found Threads: TRUE  
[1.067s] [31mCMake Error at CMakeLists.txt:17 (find_package):
[1.067s]   By not providing "Findtutorial_interfaces.cmake" in CMAKE_MODULE_PATH this
[1.068s]   project has asked CMake to find a package configuration file provided by
[1.068s]   "tutorial_interfaces", but CMake did not find one.
[1.068s] 
[1.068s]   Could not find a package configuration file provided by
[1.068s]   "tutorial_interfaces" with any of the following names:
[1.068s] 
[1.068s]     tutorial_interfacesConfig.cmake
[1.068s]     tutorial_interfaces-config.cmake
[1.068s] 
[1.068s]   Add the installation prefix of "tutorial_interfaces" to CMAKE_PREFIX_PATH
[1.068s]   or set "tutorial_interfaces_DIR" to a directory containing one of the above
[1.068s]   files.  If "tutorial_interfaces" provides a separate development package or
[1.068s]   SDK, be sure it has been installed.
[1.068s] 
[1.068s] [0m
[1.068s] -- Configuring incomplete, errors occurred!
[1.069s] See also "/home/sunny/ros2_ws/src/cpp_pubsub/build/cpp_pubsub/CMakeFiles/CMakeOutput.log".
[1.074s] Invoked command in '/home/sunny/ros2_ws/src/cpp_pubsub/build/cpp_pubsub' returned '1': CMAKE_PREFIX_PATH=/opt/ros/humble /usr/bin/cmake /home/sunny/ros2_ws/src/cpp_pubsub -DCMAKE_INSTALL_PREFIX=/home/sunny/ros2_ws/src/cpp_pubsub/install/cpp_pubsub
