[0.093s] DEBUG:colcon:Command line arguments: ['/usr/bin/colcon', 'build', '--packages-select', 'cpp_parsing']
[0.093s] DEBUG:colcon:Parsed command line arguments: Namespace(log_base=None, log_level=None, verb_name='build', build_base='build', install_base='install', merge_install=False, symlink_install=False, test_result_base=None, continue_on_error=False, executor='parallel', parallel_workers=12, event_handlers=None, ignore_user_meta=False, metas=['./colcon.meta'], base_paths=['.'], packages_ignore=None, packages_ignore_regex=None, paths=None, packages_up_to=None, packages_up_to_regex=None, packages_above=None, packages_above_and_dependencies=None, packages_above_depth=None, packages_select_by_dep=None, packages_skip_by_dep=None, packages_skip_up_to=None, packages_select_build_failed=False, packages_skip_build_finished=False, packages_select_test_failures=False, packages_skip_test_passed=False, packages_select=['cpp_parsing'], packages_skip=None, packages_select_regex=None, packages_skip_regex=None, packages_start=None, packages_end=None, allow_overriding=[], cmake_args=None, cmake_target=None, cmake_target_skip_unavailable=False, cmake_clean_cache=False, cmake_clean_first=False, cmake_force_configure=False, ament_cmake_args=None, catkin_cmake_args=None, catkin_skip_building_tests=False, mixin_files=None, mixin=None, verb_parser=<colcon_mixin.mixin.mixin_argument.MixinArgumentDecorator object at 0x7c450b24a6e0>, verb_extension=<colcon_core.verb.build.BuildVerb object at 0x7c450b24a140>, main=<bound method BuildVerb.main of <colcon_core.verb.build.BuildVerb object at 0x7c450b24a140>>, mixin_verb=('build',))
[0.256s] Level 1:colcon.colcon_core.package_discovery:discover_packages(colcon_meta) check parameters
[0.256s] Level 1:colcon.colcon_core.package_discovery:discover_packages(recursive) check parameters
[0.256s] Level 1:colcon.colcon_core.package_discovery:discover_packages(ignore) check parameters
[0.256s] Level 1:colcon.colcon_core.package_discovery:discover_packages(path) check parameters
[0.256s] Level 1:colcon.colcon_core.package_discovery:discover_packages(colcon_meta) discover
[0.256s] Level 1:colcon.colcon_core.package_discovery:discover_packages(recursive) discover
[0.256s] INFO:colcon.colcon_core.package_discovery:Crawling recursively for packages in '/home/sunny/ros2_ws'
[0.256s] Level 1:colcon.colcon_core.package_identification:_identify(.) by extensions ['ignore', 'ignore_ament_install']
[0.256s] Level 1:colcon.colcon_core.package_identification:_identify(.) by extension 'ignore'
[0.256s] Level 1:colcon.colcon_core.package_identification:_identify(.) by extension 'ignore_ament_install'
[0.256s] Level 1:colcon.colcon_core.package_identification:_identify(.) by extensions ['colcon_pkg']
[0.256s] Level 1:colcon.colcon_core.package_identification:_identify(.) by extension 'colcon_pkg'
[0.256s] Level 1:colcon.colcon_core.package_identification:_identify(.) by extensions ['colcon_meta']
[0.256s] Level 1:colcon.colcon_core.package_identification:_identify(.) by extension 'colcon_meta'
[0.256s] Level 1:colcon.colcon_core.package_identification:_identify(.) by extensions ['ros']
[0.256s] Level 1:colcon.colcon_core.package_identification:_identify(.) by extension 'ros'
[0.264s] Level 1:colcon.colcon_core.package_identification:_identify(.) by extensions ['cmake', 'python']
[0.264s] Level 1:colcon.colcon_core.package_identification:_identify(.) by extension 'cmake'
[0.264s] Level 1:colcon.colcon_core.package_identification:_identify(.) by extension 'python'
[0.264s] Level 1:colcon.colcon_core.package_identification:_identify(.) by extensions ['python_setup_py']
[0.264s] Level 1:colcon.colcon_core.package_identification:_identify(.) by extension 'python_setup_py'
[0.265s] Level 1:colcon.colcon_core.package_identification:_identify(build) by extensions ['ignore', 'ignore_ament_install']
[0.265s] Level 1:colcon.colcon_core.package_identification:_identify(build) by extension 'ignore'
[0.265s] Level 1:colcon.colcon_core.package_identification:_identify(build) ignored
[0.265s] Level 1:colcon.colcon_core.package_identification:_identify(install) by extensions ['ignore', 'ignore_ament_install']
[0.265s] Level 1:colcon.colcon_core.package_identification:_identify(install) by extension 'ignore'
[0.265s] Level 1:colcon.colcon_core.package_identification:_identify(install) ignored
[0.265s] Level 1:colcon.colcon_core.package_identification:_identify(log) by extensions ['ignore', 'ignore_ament_install']
[0.265s] Level 1:colcon.colcon_core.package_identification:_identify(log) by extension 'ignore'
[0.265s] Level 1:colcon.colcon_core.package_identification:_identify(log) ignored
[0.265s] Level 1:colcon.colcon_core.package_identification:_identify(src) by extensions ['ignore', 'ignore_ament_install']
[0.266s] Level 1:colcon.colcon_core.package_identification:_identify(src) by extension 'ignore'
[0.266s] Level 1:colcon.colcon_core.package_identification:_identify(src) by extension 'ignore_ament_install'
[0.266s] Level 1:colcon.colcon_core.package_identification:_identify(src) by extensions ['colcon_pkg']
[0.266s] Level 1:colcon.colcon_core.package_identification:_identify(src) by extension 'colcon_pkg'
[0.266s] Level 1:colcon.colcon_core.package_identification:_identify(src) by extensions ['colcon_meta']
[0.266s] Level 1:colcon.colcon_core.package_identification:_identify(src) by extension 'colcon_meta'
[0.266s] Level 1:colcon.colcon_core.package_identification:_identify(src) by extensions ['ros']
[0.266s] Level 1:colcon.colcon_core.package_identification:_identify(src) by extension 'ros'
[0.266s] Level 1:colcon.colcon_core.package_identification:_identify(src) by extensions ['cmake', 'python']
[0.266s] Level 1:colcon.colcon_core.package_identification:_identify(src) by extension 'cmake'
[0.266s] Level 1:colcon.colcon_core.package_identification:_identify(src) by extension 'python'
[0.266s] Level 1:colcon.colcon_core.package_identification:_identify(src) by extensions ['python_setup_py']
[0.266s] Level 1:colcon.colcon_core.package_identification:_identify(src) by extension 'python_setup_py'
[0.266s] Level 1:colcon.colcon_core.package_identification:_identify(src/build) by extensions ['ignore', 'ignore_ament_install']
[0.266s] Level 1:colcon.colcon_core.package_identification:_identify(src/build) by extension 'ignore'
[0.266s] Level 1:colcon.colcon_core.package_identification:_identify(src/build) ignored
[0.266s] Level 1:colcon.colcon_core.package_identification:_identify(src/cpp_parameters) by extensions ['ignore', 'ignore_ament_install']
[0.266s] Level 1:colcon.colcon_core.package_identification:_identify(src/cpp_parameters) by extension 'ignore'
[0.266s] Level 1:colcon.colcon_core.package_identification:_identify(src/cpp_parameters) by extension 'ignore_ament_install'
[0.266s] Level 1:colcon.colcon_core.package_identification:_identify(src/cpp_parameters) by extensions ['colcon_pkg']
[0.266s] Level 1:colcon.colcon_core.package_identification:_identify(src/cpp_parameters) by extension 'colcon_pkg'
[0.266s] Level 1:colcon.colcon_core.package_identification:_identify(src/cpp_parameters) by extensions ['colcon_meta']
[0.266s] Level 1:colcon.colcon_core.package_identification:_identify(src/cpp_parameters) by extension 'colcon_meta'
[0.267s] Level 1:colcon.colcon_core.package_identification:_identify(src/cpp_parameters) by extensions ['ros']
[0.267s] Level 1:colcon.colcon_core.package_identification:_identify(src/cpp_parameters) by extension 'ros'
[0.268s] DEBUG:colcon.colcon_core.package_identification:Package 'src/cpp_parameters' with type 'ros.ament_cmake' and name 'cpp_parameters'
[0.268s] Level 1:colcon.colcon_core.package_identification:_identify(src/cpp_parsing) by extensions ['ignore', 'ignore_ament_install']
[0.268s] Level 1:colcon.colcon_core.package_identification:_identify(src/cpp_parsing) by extension 'ignore'
[0.268s] Level 1:colcon.colcon_core.package_identification:_identify(src/cpp_parsing) by extension 'ignore_ament_install'
[0.268s] Level 1:colcon.colcon_core.package_identification:_identify(src/cpp_parsing) by extensions ['colcon_pkg']
[0.269s] Level 1:colcon.colcon_core.package_identification:_identify(src/cpp_parsing) by extension 'colcon_pkg'
[0.269s] Level 1:colcon.colcon_core.package_identification:_identify(src/cpp_parsing) by extensions ['colcon_meta']
[0.269s] Level 1:colcon.colcon_core.package_identification:_identify(src/cpp_parsing) by extension 'colcon_meta'
[0.269s] Level 1:colcon.colcon_core.package_identification:_identify(src/cpp_parsing) by extensions ['ros']
[0.269s] Level 1:colcon.colcon_core.package_identification:_identify(src/cpp_parsing) by extension 'ros'
[0.269s] DEBUG:colcon.colcon_core.package_identification:Package 'src/cpp_parsing' with type 'ros.ament_cmake' and name 'cpp_parsing'
[0.269s] Level 1:colcon.colcon_core.package_identification:_identify(src/cpp_proj) by extensions ['ignore', 'ignore_ament_install']
[0.269s] Level 1:colcon.colcon_core.package_identification:_identify(src/cpp_proj) by extension 'ignore'
[0.269s] Level 1:colcon.colcon_core.package_identification:_identify(src/cpp_proj) by extension 'ignore_ament_install'
[0.269s] Level 1:colcon.colcon_core.package_identification:_identify(src/cpp_proj) by extensions ['colcon_pkg']
[0.269s] Level 1:colcon.colcon_core.package_identification:_identify(src/cpp_proj) by extension 'colcon_pkg'
[0.269s] Level 1:colcon.colcon_core.package_identification:_identify(src/cpp_proj) by extensions ['colcon_meta']
[0.269s] Level 1:colcon.colcon_core.package_identification:_identify(src/cpp_proj) by extension 'colcon_meta'
[0.270s] Level 1:colcon.colcon_core.package_identification:_identify(src/cpp_proj) by extensions ['ros']
[0.270s] Level 1:colcon.colcon_core.package_identification:_identify(src/cpp_proj) by extension 'ros'
[0.270s] DEBUG:colcon.colcon_core.package_identification:Package 'src/cpp_proj' with type 'ros.ament_cmake' and name 'cpp_proj'
[0.270s] Level 1:colcon.colcon_core.package_identification:_identify(src/cpp_pubsub) by extensions ['ignore', 'ignore_ament_install']
[0.270s] Level 1:colcon.colcon_core.package_identification:_identify(src/cpp_pubsub) by extension 'ignore'
[0.270s] Level 1:colcon.colcon_core.package_identification:_identify(src/cpp_pubsub) by extension 'ignore_ament_install'
[0.270s] Level 1:colcon.colcon_core.package_identification:_identify(src/cpp_pubsub) by extensions ['colcon_pkg']
[0.270s] Level 1:colcon.colcon_core.package_identification:_identify(src/cpp_pubsub) by extension 'colcon_pkg'
[0.270s] Level 1:colcon.colcon_core.package_identification:_identify(src/cpp_pubsub) by extensions ['colcon_meta']
[0.270s] Level 1:colcon.colcon_core.package_identification:_identify(src/cpp_pubsub) by extension 'colcon_meta'
[0.270s] Level 1:colcon.colcon_core.package_identification:_identify(src/cpp_pubsub) by extensions ['ros']
[0.270s] Level 1:colcon.colcon_core.package_identification:_identify(src/cpp_pubsub) by extension 'ros'
[0.271s] DEBUG:colcon.colcon_core.package_identification:Package 'src/cpp_pubsub' with type 'ros.ament_cmake' and name 'cpp_pubsub'
[0.271s] Level 1:colcon.colcon_core.package_identification:_identify(src/cpp_srvcli) by extensions ['ignore', 'ignore_ament_install']
[0.271s] Level 1:colcon.colcon_core.package_identification:_identify(src/cpp_srvcli) by extension 'ignore'
[0.271s] Level 1:colcon.colcon_core.package_identification:_identify(src/cpp_srvcli) by extension 'ignore_ament_install'
[0.271s] Level 1:colcon.colcon_core.package_identification:_identify(src/cpp_srvcli) by extensions ['colcon_pkg']
[0.271s] Level 1:colcon.colcon_core.package_identification:_identify(src/cpp_srvcli) by extension 'colcon_pkg'
[0.271s] Level 1:colcon.colcon_core.package_identification:_identify(src/cpp_srvcli) by extensions ['colcon_meta']
[0.271s] Level 1:colcon.colcon_core.package_identification:_identify(src/cpp_srvcli) by extension 'colcon_meta'
[0.271s] Level 1:colcon.colcon_core.package_identification:_identify(src/cpp_srvcli) by extensions ['ros']
[0.271s] Level 1:colcon.colcon_core.package_identification:_identify(src/cpp_srvcli) by extension 'ros'
[0.272s] DEBUG:colcon.colcon_core.package_identification:Package 'src/cpp_srvcli' with type 'ros.ament_cmake' and name 'cpp_srvcli'
[0.272s] Level 1:colcon.colcon_core.package_identification:_identify(src/custom_interfaces) by extensions ['ignore', 'ignore_ament_install']
[0.272s] Level 1:colcon.colcon_core.package_identification:_identify(src/custom_interfaces) by extension 'ignore'
[0.272s] Level 1:colcon.colcon_core.package_identification:_identify(src/custom_interfaces) by extension 'ignore_ament_install'
[0.272s] Level 1:colcon.colcon_core.package_identification:_identify(src/custom_interfaces) by extensions ['colcon_pkg']
[0.272s] Level 1:colcon.colcon_core.package_identification:_identify(src/custom_interfaces) by extension 'colcon_pkg'
[0.272s] Level 1:colcon.colcon_core.package_identification:_identify(src/custom_interfaces) by extensions ['colcon_meta']
[0.272s] Level 1:colcon.colcon_core.package_identification:_identify(src/custom_interfaces) by extension 'colcon_meta'
[0.272s] Level 1:colcon.colcon_core.package_identification:_identify(src/custom_interfaces) by extensions ['ros']
[0.272s] Level 1:colcon.colcon_core.package_identification:_identify(src/custom_interfaces) by extension 'ros'
[0.272s] DEBUG:colcon.colcon_core.package_identification:Package 'src/custom_interfaces' with type 'ros.ament_cmake' and name 'custom_interfaces'
[0.273s] Level 1:colcon.colcon_core.package_identification:_identify(src/install) by extensions ['ignore', 'ignore_ament_install']
[0.273s] Level 1:colcon.colcon_core.package_identification:_identify(src/install) by extension 'ignore'
[0.273s] Level 1:colcon.colcon_core.package_identification:_identify(src/install) ignored
[0.273s] Level 1:colcon.colcon_core.package_identification:_identify(src/log) by extensions ['ignore', 'ignore_ament_install']
[0.273s] Level 1:colcon.colcon_core.package_identification:_identify(src/log) by extension 'ignore'
[0.273s] Level 1:colcon.colcon_core.package_identification:_identify(src/log) ignored
[0.273s] Level 1:colcon.colcon_core.package_identification:_identify(src/more_interfaces) by extensions ['ignore', 'ignore_ament_install']
[0.273s] Level 1:colcon.colcon_core.package_identification:_identify(src/more_interfaces) by extension 'ignore'
[0.273s] Level 1:colcon.colcon_core.package_identification:_identify(src/more_interfaces) by extension 'ignore_ament_install'
[0.273s] Level 1:colcon.colcon_core.package_identification:_identify(src/more_interfaces) by extensions ['colcon_pkg']
[0.273s] Level 1:colcon.colcon_core.package_identification:_identify(src/more_interfaces) by extension 'colcon_pkg'
[0.273s] Level 1:colcon.colcon_core.package_identification:_identify(src/more_interfaces) by extensions ['colcon_meta']
[0.273s] Level 1:colcon.colcon_core.package_identification:_identify(src/more_interfaces) by extension 'colcon_meta'
[0.273s] Level 1:colcon.colcon_core.package_identification:_identify(src/more_interfaces) by extensions ['ros']
[0.273s] Level 1:colcon.colcon_core.package_identification:_identify(src/more_interfaces) by extension 'ros'
[0.274s] DEBUG:colcon.colcon_core.package_identification:Package 'src/more_interfaces' with type 'ros.ament_cmake' and name 'more_interfaces'
[0.274s] Level 1:colcon.colcon_core.package_identification:_identify(src/my_package) by extensions ['ignore', 'ignore_ament_install']
[0.274s] Level 1:colcon.colcon_core.package_identification:_identify(src/my_package) by extension 'ignore'
[0.274s] Level 1:colcon.colcon_core.package_identification:_identify(src/my_package) by extension 'ignore_ament_install'
[0.274s] Level 1:colcon.colcon_core.package_identification:_identify(src/my_package) by extensions ['colcon_pkg']
[0.274s] Level 1:colcon.colcon_core.package_identification:_identify(src/my_package) by extension 'colcon_pkg'
[0.274s] Level 1:colcon.colcon_core.package_identification:_identify(src/my_package) by extensions ['colcon_meta']
[0.274s] Level 1:colcon.colcon_core.package_identification:_identify(src/my_package) by extension 'colcon_meta'
[0.274s] Level 1:colcon.colcon_core.package_identification:_identify(src/my_package) by extensions ['ros']
[0.274s] Level 1:colcon.colcon_core.package_identification:_identify(src/my_package) by extension 'ros'
[0.274s] DEBUG:colcon.colcon_core.package_identification:Package 'src/my_package' with type 'ros.ament_cmake' and name 'my_package'
[0.274s] Level 1:colcon.colcon_core.package_identification:_identify(src/nmea_navsat_driver) by extensions ['ignore', 'ignore_ament_install']
[0.274s] Level 1:colcon.colcon_core.package_identification:_identify(src/nmea_navsat_driver) by extension 'ignore'
[0.274s] Level 1:colcon.colcon_core.package_identification:_identify(src/nmea_navsat_driver) by extension 'ignore_ament_install'
[0.275s] Level 1:colcon.colcon_core.package_identification:_identify(src/nmea_navsat_driver) by extensions ['colcon_pkg']
[0.275s] Level 1:colcon.colcon_core.package_identification:_identify(src/nmea_navsat_driver) by extension 'colcon_pkg'
[0.275s] Level 1:colcon.colcon_core.package_identification:_identify(src/nmea_navsat_driver) by extensions ['colcon_meta']
[0.275s] Level 1:colcon.colcon_core.package_identification:_identify(src/nmea_navsat_driver) by extension 'colcon_meta'
[0.275s] Level 1:colcon.colcon_core.package_identification:_identify(src/nmea_navsat_driver) by extensions ['ros']
[0.275s] Level 1:colcon.colcon_core.package_identification:_identify(src/nmea_navsat_driver) by extension 'ros'
[0.275s] DEBUG:colcon.colcon_core.package_identification:Package 'src/nmea_navsat_driver' with type 'ros.ament_python' and name 'nmea_navsat_driver'
[0.275s] Level 1:colcon.colcon_core.package_identification:_identify(src/polygon_base) by extensions ['ignore', 'ignore_ament_install']
[0.275s] Level 1:colcon.colcon_core.package_identification:_identify(src/polygon_base) by extension 'ignore'
[0.275s] Level 1:colcon.colcon_core.package_identification:_identify(src/polygon_base) by extension 'ignore_ament_install'
[0.275s] Level 1:colcon.colcon_core.package_identification:_identify(src/polygon_base) by extensions ['colcon_pkg']
[0.275s] Level 1:colcon.colcon_core.package_identification:_identify(src/polygon_base) by extension 'colcon_pkg'
[0.275s] Level 1:colcon.colcon_core.package_identification:_identify(src/polygon_base) by extensions ['colcon_meta']
[0.275s] Level 1:colcon.colcon_core.package_identification:_identify(src/polygon_base) by extension 'colcon_meta'
[0.275s] Level 1:colcon.colcon_core.package_identification:_identify(src/polygon_base) by extensions ['ros']
[0.275s] Level 1:colcon.colcon_core.package_identification:_identify(src/polygon_base) by extension 'ros'
[0.276s] DEBUG:colcon.colcon_core.package_identification:Package 'src/polygon_base' with type 'ros.ament_cmake' and name 'polygon_base'
[0.276s] Level 1:colcon.colcon_core.package_identification:_identify(src/polygon_plugins) by extensions ['ignore', 'ignore_ament_install']
[0.276s] Level 1:colcon.colcon_core.package_identification:_identify(src/polygon_plugins) by extension 'ignore'
[0.276s] Level 1:colcon.colcon_core.package_identification:_identify(src/polygon_plugins) by extension 'ignore_ament_install'
[0.276s] Level 1:colcon.colcon_core.package_identification:_identify(src/polygon_plugins) by extensions ['colcon_pkg']
[0.276s] Level 1:colcon.colcon_core.package_identification:_identify(src/polygon_plugins) by extension 'colcon_pkg'
[0.276s] Level 1:colcon.colcon_core.package_identification:_identify(src/polygon_plugins) by extensions ['colcon_meta']
[0.276s] Level 1:colcon.colcon_core.package_identification:_identify(src/polygon_plugins) by extension 'colcon_meta'
[0.276s] Level 1:colcon.colcon_core.package_identification:_identify(src/polygon_plugins) by extensions ['ros']
[0.276s] Level 1:colcon.colcon_core.package_identification:_identify(src/polygon_plugins) by extension 'ros'
[0.277s] DEBUG:colcon.colcon_core.package_identification:Package 'src/polygon_plugins' with type 'ros.ament_cmake' and name 'polygon_plugins'
[0.277s] Level 1:colcon.colcon_core.package_identification:_identify(src/py_proj) by extensions ['ignore', 'ignore_ament_install']
[0.277s] Level 1:colcon.colcon_core.package_identification:_identify(src/py_proj) by extension 'ignore'
[0.277s] Level 1:colcon.colcon_core.package_identification:_identify(src/py_proj) by extension 'ignore_ament_install'
[0.277s] Level 1:colcon.colcon_core.package_identification:_identify(src/py_proj) by extensions ['colcon_pkg']
[0.277s] Level 1:colcon.colcon_core.package_identification:_identify(src/py_proj) by extension 'colcon_pkg'
[0.277s] Level 1:colcon.colcon_core.package_identification:_identify(src/py_proj) by extensions ['colcon_meta']
[0.277s] Level 1:colcon.colcon_core.package_identification:_identify(src/py_proj) by extension 'colcon_meta'
[0.277s] Level 1:colcon.colcon_core.package_identification:_identify(src/py_proj) by extensions ['ros']
[0.277s] Level 1:colcon.colcon_core.package_identification:_identify(src/py_proj) by extension 'ros'
[0.277s] DEBUG:colcon.colcon_core.package_identification:Package 'src/py_proj' with type 'ros.ament_python' and name 'py_proj'
[0.278s] Level 1:colcon.colcon_core.package_identification:_identify(src/ros_tutorials) by extensions ['ignore', 'ignore_ament_install']
[0.278s] Level 1:colcon.colcon_core.package_identification:_identify(src/ros_tutorials) by extension 'ignore'
[0.278s] Level 1:colcon.colcon_core.package_identification:_identify(src/ros_tutorials) by extension 'ignore_ament_install'
[0.278s] Level 1:colcon.colcon_core.package_identification:_identify(src/ros_tutorials) by extensions ['colcon_pkg']
[0.278s] Level 1:colcon.colcon_core.package_identification:_identify(src/ros_tutorials) by extension 'colcon_pkg'
[0.278s] Level 1:colcon.colcon_core.package_identification:_identify(src/ros_tutorials) by extensions ['colcon_meta']
[0.278s] Level 1:colcon.colcon_core.package_identification:_identify(src/ros_tutorials) by extension 'colcon_meta'
[0.278s] Level 1:colcon.colcon_core.package_identification:_identify(src/ros_tutorials) by extensions ['ros']
[0.278s] Level 1:colcon.colcon_core.package_identification:_identify(src/ros_tutorials) by extension 'ros'
[0.278s] Level 1:colcon.colcon_core.package_identification:_identify(src/ros_tutorials) by extensions ['cmake', 'python']
[0.278s] Level 1:colcon.colcon_core.package_identification:_identify(src/ros_tutorials) by extension 'cmake'
[0.278s] Level 1:colcon.colcon_core.package_identification:_identify(src/ros_tutorials) by extension 'python'
[0.278s] Level 1:colcon.colcon_core.package_identification:_identify(src/ros_tutorials) by extensions ['python_setup_py']
[0.278s] Level 1:colcon.colcon_core.package_identification:_identify(src/ros_tutorials) by extension 'python_setup_py'
[0.278s] Level 1:colcon.colcon_core.package_identification:_identify(src/tutorial_interfaces) by extensions ['ignore', 'ignore_ament_install']
[0.278s] Level 1:colcon.colcon_core.package_identification:_identify(src/tutorial_interfaces) by extension 'ignore'
[0.278s] Level 1:colcon.colcon_core.package_identification:_identify(src/tutorial_interfaces) by extension 'ignore_ament_install'
[0.278s] Level 1:colcon.colcon_core.package_identification:_identify(src/tutorial_interfaces) by extensions ['colcon_pkg']
[0.278s] Level 1:colcon.colcon_core.package_identification:_identify(src/tutorial_interfaces) by extension 'colcon_pkg'
[0.278s] Level 1:colcon.colcon_core.package_identification:_identify(src/tutorial_interfaces) by extensions ['colcon_meta']
[0.278s] Level 1:colcon.colcon_core.package_identification:_identify(src/tutorial_interfaces) by extension 'colcon_meta'
[0.278s] Level 1:colcon.colcon_core.package_identification:_identify(src/tutorial_interfaces) by extensions ['ros']
[0.278s] Level 1:colcon.colcon_core.package_identification:_identify(src/tutorial_interfaces) by extension 'ros'
[0.279s] DEBUG:colcon.colcon_core.package_identification:Package 'src/tutorial_interfaces' with type 'ros.ament_cmake' and name 'tutorial_interfaces'
[0.279s] Level 1:colcon.colcon_core.package_discovery:discover_packages(recursive) using defaults
[0.279s] Level 1:colcon.colcon_core.package_discovery:discover_packages(ignore) discover
[0.279s] Level 1:colcon.colcon_core.package_discovery:discover_packages(ignore) using defaults
[0.279s] Level 1:colcon.colcon_core.package_discovery:discover_packages(path) discover
[0.279s] Level 1:colcon.colcon_core.package_discovery:discover_packages(path) using defaults
[0.303s] INFO:colcon.colcon_core.package_selection:Skipping not selected package 'cpp_parameters' in 'src/cpp_parameters'
[0.303s] INFO:colcon.colcon_core.package_selection:Skipping not selected package 'cpp_proj' in 'src/cpp_proj'
[0.303s] INFO:colcon.colcon_core.package_selection:Skipping not selected package 'custom_interfaces' in 'src/custom_interfaces'
[0.303s] INFO:colcon.colcon_core.package_selection:Skipping not selected package 'more_interfaces' in 'src/more_interfaces'
[0.303s] INFO:colcon.colcon_core.package_selection:Skipping not selected package 'my_package' in 'src/my_package'
[0.303s] INFO:colcon.colcon_core.package_selection:Skipping not selected package 'nmea_navsat_driver' in 'src/nmea_navsat_driver'
[0.303s] INFO:colcon.colcon_core.package_selection:Skipping not selected package 'polygon_base' in 'src/polygon_base'
[0.303s] INFO:colcon.colcon_core.package_selection:Skipping not selected package 'tutorial_interfaces' in 'src/tutorial_interfaces'
[0.303s] INFO:colcon.colcon_core.package_selection:Skipping not selected package 'cpp_pubsub' in 'src/cpp_pubsub'
[0.303s] INFO:colcon.colcon_core.package_selection:Skipping not selected package 'cpp_srvcli' in 'src/cpp_srvcli'
[0.303s] INFO:colcon.colcon_core.package_selection:Skipping not selected package 'polygon_plugins' in 'src/polygon_plugins'
[0.303s] INFO:colcon.colcon_core.package_selection:Skipping not selected package 'py_proj' in 'src/py_proj'
[0.303s] Level 1:colcon.colcon_core.package_discovery:discover_packages(prefix_path) check parameters
[0.304s] Level 1:colcon.colcon_core.package_discovery:discover_packages(prefix_path) discover
[0.305s] DEBUG:colcon.colcon_installed_package_information.package_discovery:Found 273 installed packages in /opt/ros/humble
[0.306s] Level 1:colcon.colcon_core.package_discovery:discover_packages(prefix_path) using defaults
[0.359s] Level 5:colcon.colcon_core.verb:set package 'cpp_parsing' build argument 'cmake_args' from command line to 'None'
[0.359s] Level 5:colcon.colcon_core.verb:set package 'cpp_parsing' build argument 'cmake_target' from command line to 'None'
[0.359s] Level 5:colcon.colcon_core.verb:set package 'cpp_parsing' build argument 'cmake_target_skip_unavailable' from command line to 'False'
[0.359s] Level 5:colcon.colcon_core.verb:set package 'cpp_parsing' build argument 'cmake_clean_cache' from command line to 'False'
[0.359s] Level 5:colcon.colcon_core.verb:set package 'cpp_parsing' build argument 'cmake_clean_first' from command line to 'False'
[0.359s] Level 5:colcon.colcon_core.verb:set package 'cpp_parsing' build argument 'cmake_force_configure' from command line to 'False'
[0.359s] Level 5:colcon.colcon_core.verb:set package 'cpp_parsing' build argument 'ament_cmake_args' from command line to 'None'
[0.359s] Level 5:colcon.colcon_core.verb:set package 'cpp_parsing' build argument 'catkin_cmake_args' from command line to 'None'
[0.359s] Level 5:colcon.colcon_core.verb:set package 'cpp_parsing' build argument 'catkin_skip_building_tests' from command line to 'False'
[0.359s] DEBUG:colcon.colcon_core.verb:Building package 'cpp_parsing' with the following arguments: {'ament_cmake_args': None, 'build_base': '/home/sunny/ros2_ws/build/cpp_parsing', 'catkin_cmake_args': None, 'catkin_skip_building_tests': False, 'cmake_args': None, 'cmake_clean_cache': False, 'cmake_clean_first': False, 'cmake_force_configure': False, 'cmake_target': None, 'cmake_target_skip_unavailable': False, 'install_base': '/home/sunny/ros2_ws/install/cpp_parsing', 'merge_install': False, 'path': '/home/sunny/ros2_ws/src/cpp_parsing', 'symlink_install': False, 'test_result_base': None}
[0.359s] INFO:colcon.colcon_core.executor:Executing jobs using 'parallel' executor
[0.360s] DEBUG:colcon.colcon_parallel_executor.executor.parallel:run_until_complete
[0.360s] INFO:colcon.colcon_ros.task.ament_cmake.build:Building ROS package in '/home/sunny/ros2_ws/src/cpp_parsing' with build type 'ament_cmake'
[0.361s] INFO:colcon.colcon_cmake.task.cmake.build:Building CMake package in '/home/sunny/ros2_ws/src/cpp_parsing'
[0.362s] INFO:colcon.colcon_core.plugin_system:Skipping extension 'colcon_core.shell.bat': Not used on non-Windows systems
[0.362s] INFO:colcon.colcon_core.shell:Skip shell extension 'powershell' for command environment: Not usable outside of PowerShell
[0.362s] DEBUG:colcon.colcon_core.shell:Skip shell extension 'dsv' for command environment
[0.372s] DEBUG:colcon.colcon_core.event_handler.log_command:Invoking command in '/home/sunny/ros2_ws/build/cpp_parsing': AMENT_PREFIX_PATH=/home/sunny/ros2_ws/install/custom_interfaces:${AMENT_PREFIX_PATH} CMAKE_PREFIX_PATH=/home/sunny/ros2_ws/install/custom_interfaces:/opt/ros/humble LD_LIBRARY_PATH=/home/sunny/ros2_ws/install/custom_interfaces/lib:${LD_LIBRARY_PATH} PYTHONPATH=/home/sunny/ros2_ws/install/custom_interfaces/local/lib/python3.10/dist-packages:${PYTHONPATH} /usr/bin/cmake --build /home/sunny/ros2_ws/build/cpp_parsing -- -j12 -l12
[6.808s] DEBUG:colcon.colcon_core.event_handler.log_command:Invoked command in '/home/sunny/ros2_ws/build/cpp_parsing' returned '0': AMENT_PREFIX_PATH=/home/sunny/ros2_ws/install/custom_interfaces:${AMENT_PREFIX_PATH} CMAKE_PREFIX_PATH=/home/sunny/ros2_ws/install/custom_interfaces:/opt/ros/humble LD_LIBRARY_PATH=/home/sunny/ros2_ws/install/custom_interfaces/lib:${LD_LIBRARY_PATH} PYTHONPATH=/home/sunny/ros2_ws/install/custom_interfaces/local/lib/python3.10/dist-packages:${PYTHONPATH} /usr/bin/cmake --build /home/sunny/ros2_ws/build/cpp_parsing -- -j12 -l12
[6.868s] DEBUG:colcon.colcon_core.event_handler.log_command:Invoking command in '/home/sunny/ros2_ws/build/cpp_parsing': AMENT_PREFIX_PATH=/home/sunny/ros2_ws/install/custom_interfaces:${AMENT_PREFIX_PATH} CMAKE_PREFIX_PATH=/home/sunny/ros2_ws/install/custom_interfaces:/opt/ros/humble LD_LIBRARY_PATH=/home/sunny/ros2_ws/install/custom_interfaces/lib:${LD_LIBRARY_PATH} PYTHONPATH=/home/sunny/ros2_ws/install/custom_interfaces/local/lib/python3.10/dist-packages:${PYTHONPATH} /usr/bin/cmake --install /home/sunny/ros2_ws/build/cpp_parsing
[6.903s] Level 1:colcon.colcon_core.environment:create_environment_scripts_only(cpp_parsing)
[6.904s] DEBUG:colcon.colcon_core.event_handler.log_command:Invoked command in '/home/sunny/ros2_ws/build/cpp_parsing' returned '0': AMENT_PREFIX_PATH=/home/sunny/ros2_ws/install/custom_interfaces:${AMENT_PREFIX_PATH} CMAKE_PREFIX_PATH=/home/sunny/ros2_ws/install/custom_interfaces:/opt/ros/humble LD_LIBRARY_PATH=/home/sunny/ros2_ws/install/custom_interfaces/lib:${LD_LIBRARY_PATH} PYTHONPATH=/home/sunny/ros2_ws/install/custom_interfaces/local/lib/python3.10/dist-packages:${PYTHONPATH} /usr/bin/cmake --install /home/sunny/ros2_ws/build/cpp_parsing
[6.906s] Level 1:colcon.colcon_core.environment:checking '/home/sunny/ros2_ws/install/cpp_parsing' for CMake module files
[6.906s] Level 1:colcon.colcon_core.environment:checking '/home/sunny/ros2_ws/install/cpp_parsing' for CMake config files
[6.906s] Level 1:colcon.colcon_core.shell:create_environment_hook('cpp_parsing', 'cmake_prefix_path')
[6.907s] INFO:colcon.colcon_core.shell:Creating environment hook '/home/sunny/ros2_ws/install/cpp_parsing/share/cpp_parsing/hook/cmake_prefix_path.ps1'
[6.907s] INFO:colcon.colcon_core.shell:Creating environment descriptor '/home/sunny/ros2_ws/install/cpp_parsing/share/cpp_parsing/hook/cmake_prefix_path.dsv'
[6.907s] INFO:colcon.colcon_core.shell:Creating environment hook '/home/sunny/ros2_ws/install/cpp_parsing/share/cpp_parsing/hook/cmake_prefix_path.sh'
[6.908s] Level 1:colcon.colcon_core.environment:checking '/home/sunny/ros2_ws/install/cpp_parsing/lib'
[6.908s] Level 1:colcon.colcon_core.environment:checking '/home/sunny/ros2_ws/install/cpp_parsing/bin'
[6.908s] Level 1:colcon.colcon_core.environment:checking '/home/sunny/ros2_ws/install/cpp_parsing/lib/pkgconfig/cpp_parsing.pc'
[6.909s] Level 1:colcon.colcon_core.environment:checking '/home/sunny/ros2_ws/install/cpp_parsing/lib/python3.10/site-packages'
[6.909s] Level 1:colcon.colcon_core.environment:checking '/home/sunny/ros2_ws/install/cpp_parsing/bin'
[6.909s] INFO:colcon.colcon_core.shell:Creating package script '/home/sunny/ros2_ws/install/cpp_parsing/share/cpp_parsing/package.ps1'
[6.910s] INFO:colcon.colcon_core.shell:Creating package descriptor '/home/sunny/ros2_ws/install/cpp_parsing/share/cpp_parsing/package.dsv'
[6.910s] INFO:colcon.colcon_core.shell:Creating package script '/home/sunny/ros2_ws/install/cpp_parsing/share/cpp_parsing/package.sh'
[6.910s] INFO:colcon.colcon_core.shell:Creating package script '/home/sunny/ros2_ws/install/cpp_parsing/share/cpp_parsing/package.bash'
[6.911s] INFO:colcon.colcon_core.shell:Creating package script '/home/sunny/ros2_ws/install/cpp_parsing/share/cpp_parsing/package.zsh'
[6.911s] Level 1:colcon.colcon_core.environment:create_file_with_runtime_dependencies(/home/sunny/ros2_ws/install/cpp_parsing/share/colcon-core/packages/cpp_parsing)
[6.956s] Level 1:colcon.colcon_core.environment:create_environment_scripts_only(cpp_parsing)
[6.956s] Level 1:colcon.colcon_core.environment:checking '/home/sunny/ros2_ws/install/cpp_parsing' for CMake module files
[6.956s] Level 1:colcon.colcon_core.environment:checking '/home/sunny/ros2_ws/install/cpp_parsing' for CMake config files
[6.956s] Level 1:colcon.colcon_core.shell:create_environment_hook('cpp_parsing', 'cmake_prefix_path')
[6.957s] INFO:colcon.colcon_core.shell:Creating environment hook '/home/sunny/ros2_ws/install/cpp_parsing/share/cpp_parsing/hook/cmake_prefix_path.ps1'
[6.957s] INFO:colcon.colcon_core.shell:Creating environment descriptor '/home/sunny/ros2_ws/install/cpp_parsing/share/cpp_parsing/hook/cmake_prefix_path.dsv'
[6.957s] INFO:colcon.colcon_core.shell:Creating environment hook '/home/sunny/ros2_ws/install/cpp_parsing/share/cpp_parsing/hook/cmake_prefix_path.sh'
[6.958s] Level 1:colcon.colcon_core.environment:checking '/home/sunny/ros2_ws/install/cpp_parsing/lib'
[6.958s] Level 1:colcon.colcon_core.environment:checking '/home/sunny/ros2_ws/install/cpp_parsing/bin'
[6.958s] Level 1:colcon.colcon_core.environment:checking '/home/sunny/ros2_ws/install/cpp_parsing/lib/pkgconfig/cpp_parsing.pc'
[6.958s] Level 1:colcon.colcon_core.environment:checking '/home/sunny/ros2_ws/install/cpp_parsing/lib/python3.10/site-packages'
[6.958s] Level 1:colcon.colcon_core.environment:checking '/home/sunny/ros2_ws/install/cpp_parsing/bin'
[6.958s] INFO:colcon.colcon_core.shell:Creating package script '/home/sunny/ros2_ws/install/cpp_parsing/share/cpp_parsing/package.ps1'
[6.959s] INFO:colcon.colcon_core.shell:Creating package descriptor '/home/sunny/ros2_ws/install/cpp_parsing/share/cpp_parsing/package.dsv'
[6.959s] INFO:colcon.colcon_core.shell:Creating package script '/home/sunny/ros2_ws/install/cpp_parsing/share/cpp_parsing/package.sh'
[6.959s] INFO:colcon.colcon_core.shell:Creating package script '/home/sunny/ros2_ws/install/cpp_parsing/share/cpp_parsing/package.bash'
[6.960s] INFO:colcon.colcon_core.shell:Creating package script '/home/sunny/ros2_ws/install/cpp_parsing/share/cpp_parsing/package.zsh'
[6.960s] Level 1:colcon.colcon_core.environment:create_file_with_runtime_dependencies(/home/sunny/ros2_ws/install/cpp_parsing/share/colcon-core/packages/cpp_parsing)
[6.960s] DEBUG:colcon.colcon_parallel_executor.executor.parallel:closing loop
[6.960s] DEBUG:colcon.colcon_parallel_executor.executor.parallel:loop closed
[6.960s] DEBUG:colcon.colcon_parallel_executor.executor.parallel:run_until_complete finished with '0'
[6.961s] DEBUG:colcon.colcon_core.event_reactor:joining thread
[6.965s] INFO:colcon.colcon_core.plugin_system:Skipping extension 'colcon_notification.desktop_notification.terminal_notifier': Not used on non-Darwin systems
[6.965s] INFO:colcon.colcon_core.plugin_system:Skipping extension 'colcon_notification.desktop_notification.win32': Not used on non-Windows systems
[6.965s] INFO:colcon.colcon_notification.desktop_notification:Sending desktop notification using 'notify2'
[6.975s] DEBUG:colcon.colcon_core.event_reactor:joined thread
[6.975s] INFO:colcon.colcon_core.shell:Creating prefix script '/home/sunny/ros2_ws/install/local_setup.ps1'
[6.977s] INFO:colcon.colcon_core.shell:Creating prefix util module '/home/sunny/ros2_ws/install/_local_setup_util_ps1.py'
[6.978s] INFO:colcon.colcon_core.shell:Creating prefix chain script '/home/sunny/ros2_ws/install/setup.ps1'
[6.979s] INFO:colcon.colcon_core.shell:Creating prefix script '/home/sunny/ros2_ws/install/local_setup.sh'
[6.979s] INFO:colcon.colcon_core.shell:Creating prefix util module '/home/sunny/ros2_ws/install/_local_setup_util_sh.py'
[6.979s] INFO:colcon.colcon_core.shell:Creating prefix chain script '/home/sunny/ros2_ws/install/setup.sh'
[6.980s] INFO:colcon.colcon_core.shell:Creating prefix script '/home/sunny/ros2_ws/install/local_setup.bash'
[6.980s] INFO:colcon.colcon_core.shell:Creating prefix chain script '/home/sunny/ros2_ws/install/setup.bash'
[6.981s] INFO:colcon.colcon_core.shell:Creating prefix script '/home/sunny/ros2_ws/install/local_setup.zsh'
[6.981s] INFO:colcon.colcon_core.shell:Creating prefix chain script '/home/sunny/ros2_ws/install/setup.zsh'
