[0.023s] Invoking command in '/home/sunny/ros2_ws/build/cpp_proj': CMAKE_PREFIX_PATH=${CMAKE_PREFIX_PATH}:/home/sunny/ros2_ws/install/py_proj:/opt/ros/humble /usr/bin/cmake --build /home/sunny/ros2_ws/build/cpp_proj -- -j12 -l12
[0.065s] -- Found ament_cmake: 1.3.9 (/opt/ros/humble/share/ament_cmake/cmake)
[0.222s] -- Found rclcpp: 16.0.9 (/opt/ros/humble/share/rclcpp/cmake)
[0.257s] -- Found rosidl_generator_c: 3.1.5 (/opt/ros/humble/share/rosidl_generator_c/cmake)
[0.260s] -- Found rosidl_adapter: 3.1.5 (/opt/ros/humble/share/rosidl_adapter/cmake)
[0.267s] -- Found rosidl_generator_cpp: 3.1.5 (/opt/ros/humble/share/rosidl_generator_cpp/cmake)
[0.281s] -- Using all available rosidl_typesupport_c: rosidl_typesupport_fastrtps_c;rosidl_typesupport_introspection_c
[0.302s] -- Using all available rosidl_typesupport_cpp: rosidl_typesupport_fastrtps_cpp;rosidl_typesupport_introspection_cpp
[0.374s] -- Found rmw_implementation_cmake: 6.1.2 (/opt/ros/humble/share/rmw_implementation_cmake/cmake)
[0.376s] -- Found rmw_fastrtps_cpp: 6.2.6 (/opt/ros/humble/share/rmw_fastrtps_cpp/cmake)
[0.524s] -- Using RMW implementation 'rmw_fastrtps_cpp' as default
[0.783s] -- Configuring done
[0.796s] -- Generating done
[0.797s] -- Build files have been written to: /home/sunny/ros2_ws/build/cpp_proj
[0.825s] [35m[1mConsolidate compiler generated dependencies of target transpose[0m
[0.839s] [ 50%] [32mBuilding CXX object CMakeFiles/transpose.dir/src/proj_coordinate.cpp.o[0m
[1.131s] [01m[K/home/sunny/ros2_ws/src/cpp_proj/src/proj_coordinate.cpp:[m[K In function ‘[01m[Kint main()[m[K’:
[1.131s] [01m[K/home/sunny/ros2_ws/src/cpp_proj/src/proj_coordinate.cpp:78:31:[m[K [01;35m[Kwarning: [m[Kcomparison of integer expressions of different signedness: ‘[01m[Kint[m[K’ and ‘[01m[Kstd::vector<std::__cxx11::basic_string<char> >::size_type[m[K’ {aka ‘[01m[Klong unsigned int[m[K’} [[01;35m[K]8;;https://gcc.gnu.org/onlinedocs/gcc/Warning-Options.html#index-Wsign-compare-Wsign-compare]8;;[m[K]
[1.132s]    78 |             for (int i = 0; [01;35m[Ki < result.size()[m[K; i++) {
[1.132s]       |                             [01;35m[K~~^~~~~~~~~~~~~~~[m[K
[1.275s] [100%] [32m[1mLinking CXX executable transpose[0m
[1.594s] [100%] Built target transpose
[1.612s] Invoked command in '/home/sunny/ros2_ws/build/cpp_proj' returned '0': CMAKE_PREFIX_PATH=${CMAKE_PREFIX_PATH}:/home/sunny/ros2_ws/install/py_proj:/opt/ros/humble /usr/bin/cmake --build /home/sunny/ros2_ws/build/cpp_proj -- -j12 -l12
[1.668s] Invoking command in '/home/sunny/ros2_ws/build/cpp_proj': CMAKE_PREFIX_PATH=${CMAKE_PREFIX_PATH}:/home/sunny/ros2_ws/install/py_proj:/opt/ros/humble /usr/bin/cmake --install /home/sunny/ros2_ws/build/cpp_proj
[1.680s] -- Install configuration: ""
[1.680s] -- Installing: /home/sunny/ros2_ws/install/cpp_proj/lib/cpp_proj/transpose
[1.681s] -- Set runtime path of "/home/sunny/ros2_ws/install/cpp_proj/lib/cpp_proj/transpose" to ""
[1.681s] -- Up-to-date: /home/sunny/ros2_ws/install/cpp_proj/share/ament_index/resource_index/package_run_dependencies/cpp_proj
[1.681s] -- Installing: /home/sunny/ros2_ws/install/cpp_proj/share/ament_index/resource_index/parent_prefix_path/cpp_proj
[1.681s] -- Installing: /home/sunny/ros2_ws/install/cpp_proj/share/cpp_proj/environment/ament_prefix_path.sh
[1.681s] -- Installing: /home/sunny/ros2_ws/install/cpp_proj/share/cpp_proj/environment/ament_prefix_path.dsv
[1.682s] -- Installing: /home/sunny/ros2_ws/install/cpp_proj/share/cpp_proj/environment/path.sh
[1.682s] -- Installing: /home/sunny/ros2_ws/install/cpp_proj/share/cpp_proj/environment/path.dsv
[1.682s] -- Up-to-date: /home/sunny/ros2_ws/install/cpp_proj/share/cpp_proj/local_setup.bash
[1.682s] -- Up-to-date: /home/sunny/ros2_ws/install/cpp_proj/share/cpp_proj/local_setup.sh
[1.682s] -- Up-to-date: /home/sunny/ros2_ws/install/cpp_proj/share/cpp_proj/local_setup.zsh
[1.683s] -- Installing: /home/sunny/ros2_ws/install/cpp_proj/share/cpp_proj/local_setup.dsv
[1.683s] -- Installing: /home/sunny/ros2_ws/install/cpp_proj/share/cpp_proj/package.dsv
[1.683s] -- Up-to-date: /home/sunny/ros2_ws/install/cpp_proj/share/ament_index/resource_index/packages/cpp_proj
[1.683s] -- Up-to-date: /home/sunny/ros2_ws/install/cpp_proj/share/cpp_proj/cmake/cpp_projConfig.cmake
[1.683s] -- Up-to-date: /home/sunny/ros2_ws/install/cpp_proj/share/cpp_proj/cmake/cpp_projConfig-version.cmake
[1.683s] -- Up-to-date: /home/sunny/ros2_ws/install/cpp_proj/share/cpp_proj/package.xml
[1.691s] Invoked command in '/home/sunny/ros2_ws/build/cpp_proj' returned '0': CMAKE_PREFIX_PATH=${CMAKE_PREFIX_PATH}:/home/sunny/ros2_ws/install/py_proj:/opt/ros/humble /usr/bin/cmake --install /home/sunny/ros2_ws/build/cpp_proj
