[0.098s] DEBUG:colcon:Command line arguments: ['/usr/bin/colcon', 'build', '--packages-select', 'cpp_srvcli']
[0.098s] DEBUG:colcon:Parsed command line arguments: Namespace(log_base=None, log_level=None, verb_name='build', build_base='build', install_base='install', merge_install=False, symlink_install=False, test_result_base=None, continue_on_error=False, executor='parallel', parallel_workers=8, event_handlers=None, ignore_user_meta=False, metas=['./colcon.meta'], base_paths=['.'], packages_ignore=None, packages_ignore_regex=None, paths=None, packages_up_to=None, packages_up_to_regex=None, packages_above=None, packages_above_and_dependencies=None, packages_above_depth=None, packages_select_by_dep=None, packages_skip_by_dep=None, packages_skip_up_to=None, packages_select_build_failed=False, packages_skip_build_finished=False, packages_select_test_failures=False, packages_skip_test_passed=False, packages_select=['cpp_srvcli'], packages_skip=None, packages_select_regex=None, packages_skip_regex=None, packages_start=None, packages_end=None, allow_overriding=[], cmake_args=None, cmake_target=None, cmake_target_skip_unavailable=False, cmake_clean_cache=False, cmake_clean_first=False, cmake_force_configure=False, ament_cmake_args=None, catkin_cmake_args=None, catkin_skip_building_tests=False, mixin_files=None, mixin=None, verb_parser=<colcon_mixin.mixin.mixin_argument.MixinArgumentDecorator object at 0x7143a53328f0>, verb_extension=<colcon_core.verb.build.BuildVerb object at 0x7143a5332440>, main=<bound method BuildVerb.main of <colcon_core.verb.build.BuildVerb object at 0x7143a5332440>>, mixin_verb=('build',))
[0.248s] Level 1:colcon.colcon_core.package_discovery:discover_packages(colcon_meta) check parameters
[0.248s] Level 1:colcon.colcon_core.package_discovery:discover_packages(recursive) check parameters
[0.248s] Level 1:colcon.colcon_core.package_discovery:discover_packages(ignore) check parameters
[0.248s] Level 1:colcon.colcon_core.package_discovery:discover_packages(path) check parameters
[0.248s] Level 1:colcon.colcon_core.package_discovery:discover_packages(colcon_meta) discover
[0.248s] Level 1:colcon.colcon_core.package_discovery:discover_packages(recursive) discover
[0.248s] INFO:colcon.colcon_core.package_discovery:Crawling recursively for packages in '/home/sunny/ros2_ws/src/cpp_srvcli'
[0.248s] Level 1:colcon.colcon_core.package_identification:_identify(.) by extensions ['ignore', 'ignore_ament_install']
[0.248s] Level 1:colcon.colcon_core.package_identification:_identify(.) by extension 'ignore'
[0.248s] Level 1:colcon.colcon_core.package_identification:_identify(.) by extension 'ignore_ament_install'
[0.248s] Level 1:colcon.colcon_core.package_identification:_identify(.) by extensions ['colcon_pkg']
[0.248s] Level 1:colcon.colcon_core.package_identification:_identify(.) by extension 'colcon_pkg'
[0.248s] Level 1:colcon.colcon_core.package_identification:_identify(.) by extensions ['colcon_meta']
[0.248s] Level 1:colcon.colcon_core.package_identification:_identify(.) by extension 'colcon_meta'
[0.248s] Level 1:colcon.colcon_core.package_identification:_identify(.) by extensions ['ros']
[0.248s] Level 1:colcon.colcon_core.package_identification:_identify(.) by extension 'ros'
[0.260s] DEBUG:colcon.colcon_core.package_identification:Package '.' with type 'ros.ament_cmake' and name 'cpp_srvcli'
[0.260s] Level 1:colcon.colcon_core.package_discovery:discover_packages(recursive) using defaults
[0.260s] Level 1:colcon.colcon_core.package_discovery:discover_packages(ignore) discover
[0.260s] Level 1:colcon.colcon_core.package_discovery:discover_packages(ignore) using defaults
[0.260s] Level 1:colcon.colcon_core.package_discovery:discover_packages(path) discover
[0.260s] Level 1:colcon.colcon_core.package_discovery:discover_packages(path) using defaults
[0.277s] Level 1:colcon.colcon_core.package_discovery:discover_packages(prefix_path) check parameters
[0.277s] Level 1:colcon.colcon_core.package_discovery:discover_packages(prefix_path) discover
[0.279s] DEBUG:colcon.colcon_installed_package_information.package_discovery:Found 5 installed packages in /home/sunny/ros2_ws/install
[0.280s] DEBUG:colcon.colcon_installed_package_information.package_discovery:Found 294 installed packages in /opt/ros/humble
[0.290s] Level 1:colcon.colcon_core.package_discovery:discover_packages(prefix_path) using defaults
[0.326s] Level 5:colcon.colcon_core.verb:set package 'cpp_srvcli' build argument 'cmake_args' from command line to 'None'
[0.326s] Level 5:colcon.colcon_core.verb:set package 'cpp_srvcli' build argument 'cmake_target' from command line to 'None'
[0.326s] Level 5:colcon.colcon_core.verb:set package 'cpp_srvcli' build argument 'cmake_target_skip_unavailable' from command line to 'False'
[0.326s] Level 5:colcon.colcon_core.verb:set package 'cpp_srvcli' build argument 'cmake_clean_cache' from command line to 'False'
[0.326s] Level 5:colcon.colcon_core.verb:set package 'cpp_srvcli' build argument 'cmake_clean_first' from command line to 'False'
[0.326s] Level 5:colcon.colcon_core.verb:set package 'cpp_srvcli' build argument 'cmake_force_configure' from command line to 'False'
[0.326s] Level 5:colcon.colcon_core.verb:set package 'cpp_srvcli' build argument 'ament_cmake_args' from command line to 'None'
[0.326s] Level 5:colcon.colcon_core.verb:set package 'cpp_srvcli' build argument 'catkin_cmake_args' from command line to 'None'
[0.326s] Level 5:colcon.colcon_core.verb:set package 'cpp_srvcli' build argument 'catkin_skip_building_tests' from command line to 'False'
[0.326s] DEBUG:colcon.colcon_core.verb:Building package 'cpp_srvcli' with the following arguments: {'ament_cmake_args': None, 'build_base': '/home/sunny/ros2_ws/src/cpp_srvcli/build/cpp_srvcli', 'catkin_cmake_args': None, 'catkin_skip_building_tests': False, 'cmake_args': None, 'cmake_clean_cache': False, 'cmake_clean_first': False, 'cmake_force_configure': False, 'cmake_target': None, 'cmake_target_skip_unavailable': False, 'install_base': '/home/sunny/ros2_ws/src/cpp_srvcli/install/cpp_srvcli', 'merge_install': False, 'path': '/home/sunny/ros2_ws/src/cpp_srvcli', 'symlink_install': False, 'test_result_base': None}
[0.326s] INFO:colcon.colcon_core.executor:Executing jobs using 'parallel' executor
[0.327s] DEBUG:colcon.colcon_parallel_executor.executor.parallel:run_until_complete
[0.327s] INFO:colcon.colcon_ros.task.ament_cmake.build:Building ROS package in '/home/sunny/ros2_ws/src/cpp_srvcli' with build type 'ament_cmake'
[0.327s] INFO:colcon.colcon_cmake.task.cmake.build:Building CMake package in '/home/sunny/ros2_ws/src/cpp_srvcli'
[0.329s] INFO:colcon.colcon_core.plugin_system:Skipping extension 'colcon_core.shell.bat': Not used on non-Windows systems
[0.329s] INFO:colcon.colcon_core.shell:Skip shell extension 'powershell' for command environment: Not usable outside of PowerShell
[0.329s] DEBUG:colcon.colcon_core.shell:Skip shell extension 'dsv' for command environment
[0.336s] DEBUG:colcon.colcon_core.event_handler.log_command:Invoking command in '/home/sunny/ros2_ws/src/cpp_srvcli/build/cpp_srvcli': CMAKE_PREFIX_PATH=${CMAKE_PREFIX_PATH}:/opt/ros/humble /usr/bin/cmake /home/sunny/ros2_ws/src/cpp_srvcli -DCMAKE_INSTALL_PREFIX=/home/sunny/ros2_ws/src/cpp_srvcli/install/cpp_srvcli
[1.651s] DEBUG:colcon.colcon_core.event_handler.log_command:Invoked command in '/home/sunny/ros2_ws/src/cpp_srvcli/build/cpp_srvcli' returned '0': CMAKE_PREFIX_PATH=${CMAKE_PREFIX_PATH}:/opt/ros/humble /usr/bin/cmake /home/sunny/ros2_ws/src/cpp_srvcli -DCMAKE_INSTALL_PREFIX=/home/sunny/ros2_ws/src/cpp_srvcli/install/cpp_srvcli
[1.653s] DEBUG:colcon.colcon_core.event_handler.log_command:Invoking command in '/home/sunny/ros2_ws/src/cpp_srvcli/build/cpp_srvcli': CMAKE_PREFIX_PATH=${CMAKE_PREFIX_PATH}:/opt/ros/humble /usr/bin/cmake --build /home/sunny/ros2_ws/src/cpp_srvcli/build/cpp_srvcli -- -j8 -l8
[5.039s] DEBUG:colcon.colcon_core.event_handler.log_command:Invoked command in '/home/sunny/ros2_ws/src/cpp_srvcli/build/cpp_srvcli' returned '0': CMAKE_PREFIX_PATH=${CMAKE_PREFIX_PATH}:/opt/ros/humble /usr/bin/cmake --build /home/sunny/ros2_ws/src/cpp_srvcli/build/cpp_srvcli -- -j8 -l8
[5.077s] DEBUG:colcon.colcon_core.event_handler.log_command:Invoking command in '/home/sunny/ros2_ws/src/cpp_srvcli/build/cpp_srvcli': CMAKE_PREFIX_PATH=${CMAKE_PREFIX_PATH}:/opt/ros/humble /usr/bin/cmake --install /home/sunny/ros2_ws/src/cpp_srvcli/build/cpp_srvcli
[5.090s] Level 1:colcon.colcon_core.environment:create_environment_scripts_only(cpp_srvcli)
[5.091s] DEBUG:colcon.colcon_core.event_handler.log_command:Invoked command in '/home/sunny/ros2_ws/src/cpp_srvcli/build/cpp_srvcli' returned '0': CMAKE_PREFIX_PATH=${CMAKE_PREFIX_PATH}:/opt/ros/humble /usr/bin/cmake --install /home/sunny/ros2_ws/src/cpp_srvcli/build/cpp_srvcli
[5.094s] Level 1:colcon.colcon_core.environment:checking '/home/sunny/ros2_ws/src/cpp_srvcli/install/cpp_srvcli' for CMake module files
[5.094s] Level 1:colcon.colcon_core.environment:checking '/home/sunny/ros2_ws/src/cpp_srvcli/install/cpp_srvcli' for CMake config files
[5.094s] Level 1:colcon.colcon_core.shell:create_environment_hook('cpp_srvcli', 'cmake_prefix_path')
[5.095s] INFO:colcon.colcon_core.shell:Creating environment hook '/home/sunny/ros2_ws/src/cpp_srvcli/install/cpp_srvcli/share/cpp_srvcli/hook/cmake_prefix_path.ps1'
[5.095s] INFO:colcon.colcon_core.shell:Creating environment descriptor '/home/sunny/ros2_ws/src/cpp_srvcli/install/cpp_srvcli/share/cpp_srvcli/hook/cmake_prefix_path.dsv'
[5.095s] INFO:colcon.colcon_core.shell:Creating environment hook '/home/sunny/ros2_ws/src/cpp_srvcli/install/cpp_srvcli/share/cpp_srvcli/hook/cmake_prefix_path.sh'
[5.096s] Level 1:colcon.colcon_core.environment:checking '/home/sunny/ros2_ws/src/cpp_srvcli/install/cpp_srvcli/lib'
[5.096s] Level 1:colcon.colcon_core.environment:checking '/home/sunny/ros2_ws/src/cpp_srvcli/install/cpp_srvcli/bin'
[5.096s] Level 1:colcon.colcon_core.environment:checking '/home/sunny/ros2_ws/src/cpp_srvcli/install/cpp_srvcli/lib/pkgconfig/cpp_srvcli.pc'
[5.096s] Level 1:colcon.colcon_core.environment:checking '/home/sunny/ros2_ws/src/cpp_srvcli/install/cpp_srvcli/lib/python3.10/site-packages'
[5.097s] Level 1:colcon.colcon_core.environment:checking '/home/sunny/ros2_ws/src/cpp_srvcli/install/cpp_srvcli/bin'
[5.097s] INFO:colcon.colcon_core.shell:Creating package script '/home/sunny/ros2_ws/src/cpp_srvcli/install/cpp_srvcli/share/cpp_srvcli/package.ps1'
[5.097s] INFO:colcon.colcon_core.shell:Creating package descriptor '/home/sunny/ros2_ws/src/cpp_srvcli/install/cpp_srvcli/share/cpp_srvcli/package.dsv'
[5.098s] INFO:colcon.colcon_core.shell:Creating package script '/home/sunny/ros2_ws/src/cpp_srvcli/install/cpp_srvcli/share/cpp_srvcli/package.sh'
[5.098s] INFO:colcon.colcon_core.shell:Creating package script '/home/sunny/ros2_ws/src/cpp_srvcli/install/cpp_srvcli/share/cpp_srvcli/package.bash'
[5.099s] INFO:colcon.colcon_core.shell:Creating package script '/home/sunny/ros2_ws/src/cpp_srvcli/install/cpp_srvcli/share/cpp_srvcli/package.zsh'
[5.099s] Level 1:colcon.colcon_core.environment:create_file_with_runtime_dependencies(/home/sunny/ros2_ws/src/cpp_srvcli/install/cpp_srvcli/share/colcon-core/packages/cpp_srvcli)
[5.127s] Level 1:colcon.colcon_core.environment:create_environment_scripts_only(cpp_srvcli)
[5.127s] Level 1:colcon.colcon_core.environment:checking '/home/sunny/ros2_ws/src/cpp_srvcli/install/cpp_srvcli' for CMake module files
[5.127s] Level 1:colcon.colcon_core.environment:checking '/home/sunny/ros2_ws/src/cpp_srvcli/install/cpp_srvcli' for CMake config files
[5.127s] Level 1:colcon.colcon_core.shell:create_environment_hook('cpp_srvcli', 'cmake_prefix_path')
[5.128s] INFO:colcon.colcon_core.shell:Creating environment hook '/home/sunny/ros2_ws/src/cpp_srvcli/install/cpp_srvcli/share/cpp_srvcli/hook/cmake_prefix_path.ps1'
[5.128s] INFO:colcon.colcon_core.shell:Creating environment descriptor '/home/sunny/ros2_ws/src/cpp_srvcli/install/cpp_srvcli/share/cpp_srvcli/hook/cmake_prefix_path.dsv'
[5.128s] INFO:colcon.colcon_core.shell:Creating environment hook '/home/sunny/ros2_ws/src/cpp_srvcli/install/cpp_srvcli/share/cpp_srvcli/hook/cmake_prefix_path.sh'
[5.129s] Level 1:colcon.colcon_core.environment:checking '/home/sunny/ros2_ws/src/cpp_srvcli/install/cpp_srvcli/lib'
[5.129s] Level 1:colcon.colcon_core.environment:checking '/home/sunny/ros2_ws/src/cpp_srvcli/install/cpp_srvcli/bin'
[5.129s] Level 1:colcon.colcon_core.environment:checking '/home/sunny/ros2_ws/src/cpp_srvcli/install/cpp_srvcli/lib/pkgconfig/cpp_srvcli.pc'
[5.129s] Level 1:colcon.colcon_core.environment:checking '/home/sunny/ros2_ws/src/cpp_srvcli/install/cpp_srvcli/lib/python3.10/site-packages'
[5.129s] Level 1:colcon.colcon_core.environment:checking '/home/sunny/ros2_ws/src/cpp_srvcli/install/cpp_srvcli/bin'
[5.129s] INFO:colcon.colcon_core.shell:Creating package script '/home/sunny/ros2_ws/src/cpp_srvcli/install/cpp_srvcli/share/cpp_srvcli/package.ps1'
[5.130s] INFO:colcon.colcon_core.shell:Creating package descriptor '/home/sunny/ros2_ws/src/cpp_srvcli/install/cpp_srvcli/share/cpp_srvcli/package.dsv'
[5.130s] INFO:colcon.colcon_core.shell:Creating package script '/home/sunny/ros2_ws/src/cpp_srvcli/install/cpp_srvcli/share/cpp_srvcli/package.sh'
[5.130s] INFO:colcon.colcon_core.shell:Creating package script '/home/sunny/ros2_ws/src/cpp_srvcli/install/cpp_srvcli/share/cpp_srvcli/package.bash'
[5.131s] INFO:colcon.colcon_core.shell:Creating package script '/home/sunny/ros2_ws/src/cpp_srvcli/install/cpp_srvcli/share/cpp_srvcli/package.zsh'
[5.131s] Level 1:colcon.colcon_core.environment:create_file_with_runtime_dependencies(/home/sunny/ros2_ws/src/cpp_srvcli/install/cpp_srvcli/share/colcon-core/packages/cpp_srvcli)
[5.131s] DEBUG:colcon.colcon_parallel_executor.executor.parallel:closing loop
[5.132s] DEBUG:colcon.colcon_parallel_executor.executor.parallel:loop closed
[5.132s] DEBUG:colcon.colcon_parallel_executor.executor.parallel:run_until_complete finished with '0'
[5.132s] DEBUG:colcon.colcon_core.event_reactor:joining thread
[5.137s] INFO:colcon.colcon_core.plugin_system:Skipping extension 'colcon_notification.desktop_notification.terminal_notifier': Not used on non-Darwin systems
[5.137s] INFO:colcon.colcon_core.plugin_system:Skipping extension 'colcon_notification.desktop_notification.win32': Not used on non-Windows systems
[5.137s] INFO:colcon.colcon_notification.desktop_notification:Sending desktop notification using 'notify2'
[5.148s] DEBUG:colcon.colcon_core.event_reactor:joined thread
[5.149s] INFO:colcon.colcon_core.shell:Creating prefix script '/home/sunny/ros2_ws/src/cpp_srvcli/install/local_setup.ps1'
[5.150s] INFO:colcon.colcon_core.shell:Creating prefix util module '/home/sunny/ros2_ws/src/cpp_srvcli/install/_local_setup_util_ps1.py'
[5.152s] INFO:colcon.colcon_core.shell:Creating prefix chain script '/home/sunny/ros2_ws/src/cpp_srvcli/install/setup.ps1'
[5.153s] INFO:colcon.colcon_core.shell:Creating prefix script '/home/sunny/ros2_ws/src/cpp_srvcli/install/local_setup.sh'
[5.154s] INFO:colcon.colcon_core.shell:Creating prefix util module '/home/sunny/ros2_ws/src/cpp_srvcli/install/_local_setup_util_sh.py'
[5.154s] INFO:colcon.colcon_core.shell:Creating prefix chain script '/home/sunny/ros2_ws/src/cpp_srvcli/install/setup.sh'
[5.156s] INFO:colcon.colcon_core.shell:Creating prefix script '/home/sunny/ros2_ws/src/cpp_srvcli/install/local_setup.bash'
[5.156s] INFO:colcon.colcon_core.shell:Creating prefix chain script '/home/sunny/ros2_ws/src/cpp_srvcli/install/setup.bash'
[5.158s] INFO:colcon.colcon_core.shell:Creating prefix script '/home/sunny/ros2_ws/src/cpp_srvcli/install/local_setup.zsh'
[5.159s] INFO:colcon.colcon_core.shell:Creating prefix chain script '/home/sunny/ros2_ws/src/cpp_srvcli/install/setup.zsh'
