[0.009s] Invoking command in '/home/sunny/ros2_ws/build/polygon_base': CMAKE_PREFIX_PATH=/opt/ros/humble /usr/bin/cmake /home/sunny/ros2_ws/src/polygon_base -DCMAKE_INSTALL_PREFIX=/home/sunny/ros2_ws/install/polygon_base
[0.057s] -- The C compiler identification is GNU 11.4.0
[0.104s] -- The CXX compiler identification is GNU 11.4.0
[0.112s] -- Detecting C compiler ABI info
[0.170s] -- Detecting C compiler ABI info - done
[0.176s] -- Check for working C compiler: /usr/bin/cc - skipped
[0.177s] -- Detecting C compile features
[0.177s] -- Detecting C compile features - done
[0.180s] -- Detecting CXX compiler ABI info
[0.249s] -- Detecting CXX compiler ABI info - done
[0.258s] -- Check for working CXX compiler: /usr/bin/c++ - skipped
[0.258s] -- Detecting CXX compile features
[0.258s] -- Detecting CXX compile features - done
[0.260s] -- Found ament_cmake: 1.3.9 (/opt/ros/humble/share/ament_cmake/cmake)
[0.389s] -- Found Python3: /usr/bin/python3 (found version "3.10.12") found components: Interpreter 
[0.465s] -- Found pluginlib: 5.1.0 (/opt/ros/humble/share/pluginlib/cmake)
[0.501s] -- Found ament_lint_auto: 0.12.11 (/opt/ros/humble/share/ament_lint_auto/cmake)
[0.567s] -- Added test 'cppcheck' to perform static code analysis on C / C++ code
[0.567s] -- Configured cppcheck include dirs: $<BUILD_INTERFACE:/home/sunny/ros2_ws/src/polygon_base/include>
[0.567s] -- Configured cppcheck exclude dirs and/or files: 
[0.568s] -- Added test 'lint_cmake' to check CMake code style
[0.569s] -- Added test 'uncrustify' to check C / C++ code style
[0.569s] -- Configured uncrustify additional arguments: 
[0.569s] -- Added test 'xmllint' to check XML markup files
[0.570s] -- Configuring done
[0.574s] -- Generating done
[0.575s] -- Build files have been written to: /home/sunny/ros2_ws/build/polygon_base
[0.580s] Invoked command in '/home/sunny/ros2_ws/build/polygon_base' returned '0': CMAKE_PREFIX_PATH=/opt/ros/humble /usr/bin/cmake /home/sunny/ros2_ws/src/polygon_base -DCMAKE_INSTALL_PREFIX=/home/sunny/ros2_ws/install/polygon_base
[0.582s] Invoking command in '/home/sunny/ros2_ws/build/polygon_base': CMAKE_PREFIX_PATH=/opt/ros/humble /usr/bin/cmake --build /home/sunny/ros2_ws/build/polygon_base -- -j8 -l8
[0.625s] [ 50%] [32mBuilding CXX object CMakeFiles/area_node.dir/src/area_node.cpp.o[0m
[0.652s] [100%] [32m[1mLinking CXX executable area_node[0m
[0.693s] [100%] Built target area_node
[0.702s] Invoked command in '/home/sunny/ros2_ws/build/polygon_base' returned '0': CMAKE_PREFIX_PATH=/opt/ros/humble /usr/bin/cmake --build /home/sunny/ros2_ws/build/polygon_base -- -j8 -l8
[0.733s] Invoking command in '/home/sunny/ros2_ws/build/polygon_base': CMAKE_PREFIX_PATH=/opt/ros/humble /usr/bin/cmake --install /home/sunny/ros2_ws/build/polygon_base
[0.740s] -- Install configuration: ""
[0.740s] -- Installing: /home/sunny/ros2_ws/install/polygon_base/lib/polygon_base/area_node
[0.741s] -- Set runtime path of "/home/sunny/ros2_ws/install/polygon_base/lib/polygon_base/area_node" to ""
[0.741s] -- Installing: /home/sunny/ros2_ws/install/polygon_base/include
[0.741s] -- Installing: /home/sunny/ros2_ws/install/polygon_base/include/polygon_base
[0.741s] -- Installing: /home/sunny/ros2_ws/install/polygon_base/include/polygon_base/regular_polygon.hpp
[0.741s] -- Installing: /home/sunny/ros2_ws/install/polygon_base/share/ament_index/resource_index/package_run_dependencies/polygon_base
[0.741s] -- Installing: /home/sunny/ros2_ws/install/polygon_base/share/ament_index/resource_index/parent_prefix_path/polygon_base
[0.741s] -- Installing: /home/sunny/ros2_ws/install/polygon_base/share/polygon_base/environment/ament_prefix_path.sh
[0.741s] -- Installing: /home/sunny/ros2_ws/install/polygon_base/share/polygon_base/environment/ament_prefix_path.dsv
[0.742s] -- Installing: /home/sunny/ros2_ws/install/polygon_base/share/polygon_base/environment/path.sh
[0.742s] -- Installing: /home/sunny/ros2_ws/install/polygon_base/share/polygon_base/environment/path.dsv
[0.742s] -- Installing: /home/sunny/ros2_ws/install/polygon_base/share/polygon_base/local_setup.bash
[0.742s] -- Installing: /home/sunny/ros2_ws/install/polygon_base/share/polygon_base/local_setup.sh
[0.742s] -- Installing: /home/sunny/ros2_ws/install/polygon_base/share/polygon_base/local_setup.zsh
[0.742s] -- Installing: /home/sunny/ros2_ws/install/polygon_base/share/polygon_base/local_setup.dsv
[0.742s] -- Installing: /home/sunny/ros2_ws/install/polygon_base/share/polygon_base/package.dsv
[0.742s] -- Installing: /home/sunny/ros2_ws/install/polygon_base/share/ament_index/resource_index/packages/polygon_base
[0.742s] -- Installing: /home/sunny/ros2_ws/install/polygon_base/share/polygon_base/cmake/ament_cmake_export_include_directories-extras.cmake
[0.743s] -- Installing: /home/sunny/ros2_ws/install/polygon_base/share/polygon_base/cmake/polygon_baseConfig.cmake
[0.743s] -- Installing: /home/sunny/ros2_ws/install/polygon_base/share/polygon_base/cmake/polygon_baseConfig-version.cmake
[0.743s] -- Installing: /home/sunny/ros2_ws/install/polygon_base/share/polygon_base/package.xml
[0.745s] Invoked command in '/home/sunny/ros2_ws/build/polygon_base' returned '0': CMAKE_PREFIX_PATH=/opt/ros/humble /usr/bin/cmake --install /home/sunny/ros2_ws/build/polygon_base
