[0.044s] Invoking command in '/home/sunny/ros2_ws/build/polygon_base': CMAKE_PREFIX_PATH=/opt/ros/humble /usr/bin/cmake --build /home/sunny/ros2_ws/build/polygon_base -- -j8 -l8
[0.185s] [100%] Built target area_node
[0.224s] Invoked command in '/home/sunny/ros2_ws/build/polygon_base' returned '0': CMAKE_PREFIX_PATH=/opt/ros/humble /usr/bin/cmake --build /home/sunny/ros2_ws/build/polygon_base -- -j8 -l8
[0.461s] Invoking command in '/home/sunny/ros2_ws/build/polygon_base': CMAKE_PREFIX_PATH=/opt/ros/humble /usr/bin/cmake --install /home/sunny/ros2_ws/build/polygon_base
[0.488s] -- Install configuration: ""
[0.488s] -- Up-to-date: /home/sunny/ros2_ws/install/polygon_base/lib/polygon_base/area_node
[0.491s] -- Up-to-date: /home/sunny/ros2_ws/install/polygon_base/include
[0.491s] -- Up-to-date: /home/sunny/ros2_ws/install/polygon_base/include/polygon_base
[0.491s] -- Up-to-date: /home/sunny/ros2_ws/install/polygon_base/include/polygon_base/regular_polygon.hpp
[0.491s] -- Up-to-date: /home/sunny/ros2_ws/install/polygon_base/share/ament_index/resource_index/package_run_dependencies/polygon_base
[0.492s] -- Up-to-date: /home/sunny/ros2_ws/install/polygon_base/share/ament_index/resource_index/parent_prefix_path/polygon_base
[0.492s] -- Up-to-date: /home/sunny/ros2_ws/install/polygon_base/share/polygon_base/environment/ament_prefix_path.sh
[0.493s] -- Up-to-date: /home/sunny/ros2_ws/install/polygon_base/share/polygon_base/environment/ament_prefix_path.dsv
[0.494s] -- Up-to-date: /home/sunny/ros2_ws/install/polygon_base/share/polygon_base/environment/path.sh
[0.494s] -- Up-to-date: /home/sunny/ros2_ws/install/polygon_base/share/polygon_base/environment/path.dsv
[0.494s] -- Up-to-date: /home/sunny/ros2_ws/install/polygon_base/share/polygon_base/local_setup.bash
[0.494s] -- Up-to-date: /home/sunny/ros2_ws/install/polygon_base/share/polygon_base/local_setup.sh
[0.494s] -- Up-to-date: /home/sunny/ros2_ws/install/polygon_base/share/polygon_base/local_setup.zsh
[0.494s] -- Up-to-date: /home/sunny/ros2_ws/install/polygon_base/share/polygon_base/local_setup.dsv
[0.495s] -- Installing: /home/sunny/ros2_ws/install/polygon_base/share/polygon_base/package.dsv
[0.495s] -- Up-to-date: /home/sunny/ros2_ws/install/polygon_base/share/ament_index/resource_index/packages/polygon_base
[0.495s] -- Up-to-date: /home/sunny/ros2_ws/install/polygon_base/share/polygon_base/cmake/ament_cmake_export_include_directories-extras.cmake
[0.495s] -- Up-to-date: /home/sunny/ros2_ws/install/polygon_base/share/polygon_base/cmake/polygon_baseConfig.cmake
[0.495s] -- Up-to-date: /home/sunny/ros2_ws/install/polygon_base/share/polygon_base/cmake/polygon_baseConfig-version.cmake
[0.495s] -- Up-to-date: /home/sunny/ros2_ws/install/polygon_base/share/polygon_base/package.xml
[0.585s] Invoked command in '/home/sunny/ros2_ws/build/polygon_base' returned '0': CMAKE_PREFIX_PATH=/opt/ros/humble /usr/bin/cmake --install /home/sunny/ros2_ws/build/polygon_base
