[0.094s] DEBUG:colcon:Command line arguments: ['/usr/bin/colcon', 'build', '--packages-select', 'tutorial_interfaces']
[0.094s] DEBUG:colcon:Parsed command line arguments: Namespace(log_base=None, log_level=None, verb_name='build', build_base='build', install_base='install', merge_install=False, symlink_install=False, test_result_base=None, continue_on_error=False, executor='parallel', parallel_workers=8, event_handlers=None, ignore_user_meta=False, metas=['./colcon.meta'], base_paths=['.'], packages_ignore=None, packages_ignore_regex=None, paths=None, packages_up_to=None, packages_up_to_regex=None, packages_above=None, packages_above_and_dependencies=None, packages_above_depth=None, packages_select_by_dep=None, packages_skip_by_dep=None, packages_skip_up_to=None, packages_select_build_failed=False, packages_skip_build_finished=False, packages_select_test_failures=False, packages_skip_test_passed=False, packages_select=['tutorial_interfaces'], packages_skip=None, packages_select_regex=None, packages_skip_regex=None, packages_start=None, packages_end=None, allow_overriding=[], cmake_args=None, cmake_target=None, cmake_target_skip_unavailable=False, cmake_clean_cache=False, cmake_clean_first=False, cmake_force_configure=False, ament_cmake_args=None, catkin_cmake_args=None, catkin_skip_building_tests=False, mixin_files=None, mixin=None, verb_parser=<colcon_mixin.mixin.mixin_argument.MixinArgumentDecorator object at 0x7745735b21d0>, verb_extension=<colcon_core.verb.build.BuildVerb object at 0x7745735b1d20>, main=<bound method BuildVerb.main of <colcon_core.verb.build.BuildVerb object at 0x7745735b1d20>>, mixin_verb=('build',))
[0.237s] Level 1:colcon.colcon_core.package_discovery:discover_packages(colcon_meta) check parameters
[0.237s] Level 1:colcon.colcon_core.package_discovery:discover_packages(recursive) check parameters
[0.237s] Level 1:colcon.colcon_core.package_discovery:discover_packages(ignore) check parameters
[0.237s] Level 1:colcon.colcon_core.package_discovery:discover_packages(path) check parameters
[0.237s] Level 1:colcon.colcon_core.package_discovery:discover_packages(colcon_meta) discover
[0.237s] Level 1:colcon.colcon_core.package_discovery:discover_packages(recursive) discover
[0.237s] INFO:colcon.colcon_core.package_discovery:Crawling recursively for packages in '/home/sunny/ros2_ws/src/tutorial_interfaces'
[0.238s] Level 1:colcon.colcon_core.package_identification:_identify(.) by extensions ['ignore', 'ignore_ament_install']
[0.238s] Level 1:colcon.colcon_core.package_identification:_identify(.) by extension 'ignore'
[0.238s] Level 1:colcon.colcon_core.package_identification:_identify(.) by extension 'ignore_ament_install'
[0.238s] Level 1:colcon.colcon_core.package_identification:_identify(.) by extensions ['colcon_pkg']
[0.238s] Level 1:colcon.colcon_core.package_identification:_identify(.) by extension 'colcon_pkg'
[0.238s] Level 1:colcon.colcon_core.package_identification:_identify(.) by extensions ['colcon_meta']
[0.238s] Level 1:colcon.colcon_core.package_identification:_identify(.) by extension 'colcon_meta'
[0.238s] Level 1:colcon.colcon_core.package_identification:_identify(.) by extensions ['ros']
[0.238s] Level 1:colcon.colcon_core.package_identification:_identify(.) by extension 'ros'
[0.249s] DEBUG:colcon.colcon_core.package_identification:Package '.' with type 'ros.ament_cmake' and name 'tutorial_interfaces'
[0.250s] Level 1:colcon.colcon_core.package_discovery:discover_packages(recursive) using defaults
[0.250s] Level 1:colcon.colcon_core.package_discovery:discover_packages(ignore) discover
[0.250s] Level 1:colcon.colcon_core.package_discovery:discover_packages(ignore) using defaults
[0.250s] Level 1:colcon.colcon_core.package_discovery:discover_packages(path) discover
[0.250s] Level 1:colcon.colcon_core.package_discovery:discover_packages(path) using defaults
[0.266s] Level 1:colcon.colcon_core.package_discovery:discover_packages(prefix_path) check parameters
[0.266s] Level 1:colcon.colcon_core.package_discovery:discover_packages(prefix_path) discover
[0.268s] DEBUG:colcon.colcon_installed_package_information.package_discovery:Found 294 installed packages in /opt/ros/humble
[0.278s] Level 1:colcon.colcon_core.package_discovery:discover_packages(prefix_path) using defaults
[0.312s] Level 5:colcon.colcon_core.verb:set package 'tutorial_interfaces' build argument 'cmake_args' from command line to 'None'
[0.312s] Level 5:colcon.colcon_core.verb:set package 'tutorial_interfaces' build argument 'cmake_target' from command line to 'None'
[0.312s] Level 5:colcon.colcon_core.verb:set package 'tutorial_interfaces' build argument 'cmake_target_skip_unavailable' from command line to 'False'
[0.313s] Level 5:colcon.colcon_core.verb:set package 'tutorial_interfaces' build argument 'cmake_clean_cache' from command line to 'False'
[0.313s] Level 5:colcon.colcon_core.verb:set package 'tutorial_interfaces' build argument 'cmake_clean_first' from command line to 'False'
[0.313s] Level 5:colcon.colcon_core.verb:set package 'tutorial_interfaces' build argument 'cmake_force_configure' from command line to 'False'
[0.313s] Level 5:colcon.colcon_core.verb:set package 'tutorial_interfaces' build argument 'ament_cmake_args' from command line to 'None'
[0.313s] Level 5:colcon.colcon_core.verb:set package 'tutorial_interfaces' build argument 'catkin_cmake_args' from command line to 'None'
[0.313s] Level 5:colcon.colcon_core.verb:set package 'tutorial_interfaces' build argument 'catkin_skip_building_tests' from command line to 'False'
[0.313s] DEBUG:colcon.colcon_core.verb:Building package 'tutorial_interfaces' with the following arguments: {'ament_cmake_args': None, 'build_base': '/home/sunny/ros2_ws/src/tutorial_interfaces/build/tutorial_interfaces', 'catkin_cmake_args': None, 'catkin_skip_building_tests': False, 'cmake_args': None, 'cmake_clean_cache': False, 'cmake_clean_first': False, 'cmake_force_configure': False, 'cmake_target': None, 'cmake_target_skip_unavailable': False, 'install_base': '/home/sunny/ros2_ws/src/tutorial_interfaces/install/tutorial_interfaces', 'merge_install': False, 'path': '/home/sunny/ros2_ws/src/tutorial_interfaces', 'symlink_install': False, 'test_result_base': None}
[0.313s] INFO:colcon.colcon_core.executor:Executing jobs using 'parallel' executor
[0.314s] DEBUG:colcon.colcon_parallel_executor.executor.parallel:run_until_complete
[0.314s] INFO:colcon.colcon_ros.task.ament_cmake.build:Building ROS package in '/home/sunny/ros2_ws/src/tutorial_interfaces' with build type 'ament_cmake'
[0.314s] INFO:colcon.colcon_cmake.task.cmake.build:Building CMake package in '/home/sunny/ros2_ws/src/tutorial_interfaces'
[0.316s] INFO:colcon.colcon_core.plugin_system:Skipping extension 'colcon_core.shell.bat': Not used on non-Windows systems
[0.316s] INFO:colcon.colcon_core.shell:Skip shell extension 'powershell' for command environment: Not usable outside of PowerShell
[0.316s] DEBUG:colcon.colcon_core.shell:Skip shell extension 'dsv' for command environment
[0.323s] DEBUG:colcon.colcon_core.event_handler.log_command:Invoking command in '/home/sunny/ros2_ws/src/tutorial_interfaces/build/tutorial_interfaces': CMAKE_PREFIX_PATH=/opt/ros/humble /usr/bin/cmake /home/sunny/ros2_ws/src/tutorial_interfaces -DCMAKE_INSTALL_PREFIX=/home/sunny/ros2_ws/src/tutorial_interfaces/install/tutorial_interfaces
[1.888s] DEBUG:colcon.colcon_core.event_handler.log_command:Invoked command in '/home/sunny/ros2_ws/src/tutorial_interfaces/build/tutorial_interfaces' returned '0': CMAKE_PREFIX_PATH=/opt/ros/humble /usr/bin/cmake /home/sunny/ros2_ws/src/tutorial_interfaces -DCMAKE_INSTALL_PREFIX=/home/sunny/ros2_ws/src/tutorial_interfaces/install/tutorial_interfaces
[1.889s] DEBUG:colcon.colcon_core.event_handler.log_command:Invoking command in '/home/sunny/ros2_ws/src/tutorial_interfaces/build/tutorial_interfaces': CMAKE_PREFIX_PATH=/opt/ros/humble /usr/bin/cmake --build /home/sunny/ros2_ws/src/tutorial_interfaces/build/tutorial_interfaces -- -j8 -l8
[4.483s] DEBUG:colcon.colcon_core.event_handler.log_command:Invoked command in '/home/sunny/ros2_ws/src/tutorial_interfaces/build/tutorial_interfaces' returned '0': CMAKE_PREFIX_PATH=/opt/ros/humble /usr/bin/cmake --build /home/sunny/ros2_ws/src/tutorial_interfaces/build/tutorial_interfaces -- -j8 -l8
[4.572s] DEBUG:colcon.colcon_core.event_handler.log_command:Invoking command in '/home/sunny/ros2_ws/src/tutorial_interfaces/build/tutorial_interfaces': CMAKE_PREFIX_PATH=/opt/ros/humble /usr/bin/cmake --install /home/sunny/ros2_ws/src/tutorial_interfaces/build/tutorial_interfaces
[4.639s] Level 1:colcon.colcon_core.environment:create_environment_scripts_only(tutorial_interfaces)
[4.640s] DEBUG:colcon.colcon_core.event_handler.log_command:Invoked command in '/home/sunny/ros2_ws/src/tutorial_interfaces/build/tutorial_interfaces' returned '0': CMAKE_PREFIX_PATH=/opt/ros/humble /usr/bin/cmake --install /home/sunny/ros2_ws/src/tutorial_interfaces/build/tutorial_interfaces
[4.642s] Level 1:colcon.colcon_core.environment:checking '/home/sunny/ros2_ws/src/tutorial_interfaces/install/tutorial_interfaces' for CMake module files
[4.643s] Level 1:colcon.colcon_core.environment:checking '/home/sunny/ros2_ws/src/tutorial_interfaces/install/tutorial_interfaces' for CMake config files
[4.644s] Level 1:colcon.colcon_core.shell:create_environment_hook('tutorial_interfaces', 'cmake_prefix_path')
[4.644s] INFO:colcon.colcon_core.shell:Creating environment hook '/home/sunny/ros2_ws/src/tutorial_interfaces/install/tutorial_interfaces/share/tutorial_interfaces/hook/cmake_prefix_path.ps1'
[4.645s] INFO:colcon.colcon_core.shell:Creating environment descriptor '/home/sunny/ros2_ws/src/tutorial_interfaces/install/tutorial_interfaces/share/tutorial_interfaces/hook/cmake_prefix_path.dsv'
[4.645s] INFO:colcon.colcon_core.shell:Creating environment hook '/home/sunny/ros2_ws/src/tutorial_interfaces/install/tutorial_interfaces/share/tutorial_interfaces/hook/cmake_prefix_path.sh'
[4.646s] Level 1:colcon.colcon_core.environment:checking '/home/sunny/ros2_ws/src/tutorial_interfaces/install/tutorial_interfaces/lib'
[4.646s] Level 1:colcon.colcon_core.shell:create_environment_hook('tutorial_interfaces', 'ld_library_path_lib')
[4.646s] INFO:colcon.colcon_core.shell:Creating environment hook '/home/sunny/ros2_ws/src/tutorial_interfaces/install/tutorial_interfaces/share/tutorial_interfaces/hook/ld_library_path_lib.ps1'
[4.647s] INFO:colcon.colcon_core.shell:Creating environment descriptor '/home/sunny/ros2_ws/src/tutorial_interfaces/install/tutorial_interfaces/share/tutorial_interfaces/hook/ld_library_path_lib.dsv'
[4.647s] INFO:colcon.colcon_core.shell:Creating environment hook '/home/sunny/ros2_ws/src/tutorial_interfaces/install/tutorial_interfaces/share/tutorial_interfaces/hook/ld_library_path_lib.sh'
[4.647s] Level 1:colcon.colcon_core.environment:checking '/home/sunny/ros2_ws/src/tutorial_interfaces/install/tutorial_interfaces/bin'
[4.648s] Level 1:colcon.colcon_core.environment:checking '/home/sunny/ros2_ws/src/tutorial_interfaces/install/tutorial_interfaces/lib/pkgconfig/tutorial_interfaces.pc'
[4.648s] Level 1:colcon.colcon_core.environment:checking '/home/sunny/ros2_ws/src/tutorial_interfaces/install/tutorial_interfaces/lib/python3.10/site-packages'
[4.648s] Level 1:colcon.colcon_core.environment:checking '/home/sunny/ros2_ws/src/tutorial_interfaces/install/tutorial_interfaces/bin'
[4.649s] INFO:colcon.colcon_core.shell:Creating package script '/home/sunny/ros2_ws/src/tutorial_interfaces/install/tutorial_interfaces/share/tutorial_interfaces/package.ps1'
[4.650s] INFO:colcon.colcon_core.shell:Creating package descriptor '/home/sunny/ros2_ws/src/tutorial_interfaces/install/tutorial_interfaces/share/tutorial_interfaces/package.dsv'
[4.650s] INFO:colcon.colcon_core.shell:Creating package script '/home/sunny/ros2_ws/src/tutorial_interfaces/install/tutorial_interfaces/share/tutorial_interfaces/package.sh'
[4.651s] INFO:colcon.colcon_core.shell:Creating package script '/home/sunny/ros2_ws/src/tutorial_interfaces/install/tutorial_interfaces/share/tutorial_interfaces/package.bash'
[4.652s] INFO:colcon.colcon_core.shell:Creating package script '/home/sunny/ros2_ws/src/tutorial_interfaces/install/tutorial_interfaces/share/tutorial_interfaces/package.zsh'
[4.653s] Level 1:colcon.colcon_core.environment:create_file_with_runtime_dependencies(/home/sunny/ros2_ws/src/tutorial_interfaces/install/tutorial_interfaces/share/colcon-core/packages/tutorial_interfaces)
[4.735s] Level 1:colcon.colcon_core.environment:create_environment_scripts_only(tutorial_interfaces)
[4.735s] Level 1:colcon.colcon_core.environment:checking '/home/sunny/ros2_ws/src/tutorial_interfaces/install/tutorial_interfaces' for CMake module files
[4.736s] Level 1:colcon.colcon_core.environment:checking '/home/sunny/ros2_ws/src/tutorial_interfaces/install/tutorial_interfaces' for CMake config files
[4.737s] Level 1:colcon.colcon_core.shell:create_environment_hook('tutorial_interfaces', 'cmake_prefix_path')
[4.737s] INFO:colcon.colcon_core.shell:Creating environment hook '/home/sunny/ros2_ws/src/tutorial_interfaces/install/tutorial_interfaces/share/tutorial_interfaces/hook/cmake_prefix_path.ps1'
[4.738s] INFO:colcon.colcon_core.shell:Creating environment descriptor '/home/sunny/ros2_ws/src/tutorial_interfaces/install/tutorial_interfaces/share/tutorial_interfaces/hook/cmake_prefix_path.dsv'
[4.738s] INFO:colcon.colcon_core.shell:Creating environment hook '/home/sunny/ros2_ws/src/tutorial_interfaces/install/tutorial_interfaces/share/tutorial_interfaces/hook/cmake_prefix_path.sh'
[4.738s] Level 1:colcon.colcon_core.environment:checking '/home/sunny/ros2_ws/src/tutorial_interfaces/install/tutorial_interfaces/lib'
[4.738s] Level 1:colcon.colcon_core.shell:create_environment_hook('tutorial_interfaces', 'ld_library_path_lib')
[4.739s] INFO:colcon.colcon_core.shell:Creating environment hook '/home/sunny/ros2_ws/src/tutorial_interfaces/install/tutorial_interfaces/share/tutorial_interfaces/hook/ld_library_path_lib.ps1'
[4.739s] INFO:colcon.colcon_core.shell:Creating environment descriptor '/home/sunny/ros2_ws/src/tutorial_interfaces/install/tutorial_interfaces/share/tutorial_interfaces/hook/ld_library_path_lib.dsv'
[4.739s] INFO:colcon.colcon_core.shell:Creating environment hook '/home/sunny/ros2_ws/src/tutorial_interfaces/install/tutorial_interfaces/share/tutorial_interfaces/hook/ld_library_path_lib.sh'
[4.739s] Level 1:colcon.colcon_core.environment:checking '/home/sunny/ros2_ws/src/tutorial_interfaces/install/tutorial_interfaces/bin'
[4.740s] Level 1:colcon.colcon_core.environment:checking '/home/sunny/ros2_ws/src/tutorial_interfaces/install/tutorial_interfaces/lib/pkgconfig/tutorial_interfaces.pc'
[4.740s] Level 1:colcon.colcon_core.environment:checking '/home/sunny/ros2_ws/src/tutorial_interfaces/install/tutorial_interfaces/lib/python3.10/site-packages'
[4.740s] Level 1:colcon.colcon_core.environment:checking '/home/sunny/ros2_ws/src/tutorial_interfaces/install/tutorial_interfaces/bin'
[4.740s] INFO:colcon.colcon_core.shell:Creating package script '/home/sunny/ros2_ws/src/tutorial_interfaces/install/tutorial_interfaces/share/tutorial_interfaces/package.ps1'
[4.741s] INFO:colcon.colcon_core.shell:Creating package descriptor '/home/sunny/ros2_ws/src/tutorial_interfaces/install/tutorial_interfaces/share/tutorial_interfaces/package.dsv'
[4.741s] INFO:colcon.colcon_core.shell:Creating package script '/home/sunny/ros2_ws/src/tutorial_interfaces/install/tutorial_interfaces/share/tutorial_interfaces/package.sh'
[4.742s] INFO:colcon.colcon_core.shell:Creating package script '/home/sunny/ros2_ws/src/tutorial_interfaces/install/tutorial_interfaces/share/tutorial_interfaces/package.bash'
[4.742s] INFO:colcon.colcon_core.shell:Creating package script '/home/sunny/ros2_ws/src/tutorial_interfaces/install/tutorial_interfaces/share/tutorial_interfaces/package.zsh'
[4.742s] Level 1:colcon.colcon_core.environment:create_file_with_runtime_dependencies(/home/sunny/ros2_ws/src/tutorial_interfaces/install/tutorial_interfaces/share/colcon-core/packages/tutorial_interfaces)
[4.742s] DEBUG:colcon.colcon_parallel_executor.executor.parallel:closing loop
[4.743s] DEBUG:colcon.colcon_parallel_executor.executor.parallel:loop closed
[4.743s] DEBUG:colcon.colcon_parallel_executor.executor.parallel:run_until_complete finished with '0'
[4.743s] DEBUG:colcon.colcon_core.event_reactor:joining thread
[4.748s] INFO:colcon.colcon_core.plugin_system:Skipping extension 'colcon_notification.desktop_notification.terminal_notifier': Not used on non-Darwin systems
[4.748s] INFO:colcon.colcon_core.plugin_system:Skipping extension 'colcon_notification.desktop_notification.win32': Not used on non-Windows systems
[4.748s] INFO:colcon.colcon_notification.desktop_notification:Sending desktop notification using 'notify2'
[4.757s] DEBUG:colcon.colcon_core.event_reactor:joined thread
[4.758s] INFO:colcon.colcon_core.shell:Creating prefix script '/home/sunny/ros2_ws/src/tutorial_interfaces/install/local_setup.ps1'
[4.759s] INFO:colcon.colcon_core.shell:Creating prefix util module '/home/sunny/ros2_ws/src/tutorial_interfaces/install/_local_setup_util_ps1.py'
[4.761s] INFO:colcon.colcon_core.shell:Creating prefix chain script '/home/sunny/ros2_ws/src/tutorial_interfaces/install/setup.ps1'
[4.762s] INFO:colcon.colcon_core.shell:Creating prefix script '/home/sunny/ros2_ws/src/tutorial_interfaces/install/local_setup.sh'
[4.762s] INFO:colcon.colcon_core.shell:Creating prefix util module '/home/sunny/ros2_ws/src/tutorial_interfaces/install/_local_setup_util_sh.py'
[4.763s] INFO:colcon.colcon_core.shell:Creating prefix chain script '/home/sunny/ros2_ws/src/tutorial_interfaces/install/setup.sh'
[4.763s] INFO:colcon.colcon_core.shell:Creating prefix script '/home/sunny/ros2_ws/src/tutorial_interfaces/install/local_setup.bash'
[4.764s] INFO:colcon.colcon_core.shell:Creating prefix chain script '/home/sunny/ros2_ws/src/tutorial_interfaces/install/setup.bash'
[4.764s] INFO:colcon.colcon_core.shell:Creating prefix script '/home/sunny/ros2_ws/src/tutorial_interfaces/install/local_setup.zsh'
[4.765s] INFO:colcon.colcon_core.shell:Creating prefix chain script '/home/sunny/ros2_ws/src/tutorial_interfaces/install/setup.zsh'
