[0.640s] Invoking command in '/home/sunny/ros2_ws/src/py_proj': PYTHONPATH=/home/sunny/ros2_ws/build/py_proj/prefix_override:/usr/lib/python3/dist-packages/colcon_core/task/python/colcon_distutils_commands:/home/sunny/ros2_ws/install/py_proj/lib/python3.10/site-packages:${PYTHONPATH} /usr/bin/python3 -W ignore:setup.py install is deprecated setup.py egg_info --egg-base ../../build/py_proj build --build-base /home/sunny/ros2_ws/build/py_proj/build install --record /home/sunny/ros2_ws/build/py_proj/install.log --single-version-externally-managed install_data
[0.903s] running egg_info
[0.903s] writing ../../build/py_proj/py_proj.egg-info/PKG-INFO
[0.904s] writing dependency_links to ../../build/py_proj/py_proj.egg-info/dependency_links.txt
[0.904s] writing entry points to ../../build/py_proj/py_proj.egg-info/entry_points.txt
[0.904s] writing requirements to ../../build/py_proj/py_proj.egg-info/requires.txt
[0.904s] writing top-level names to ../../build/py_proj/py_proj.egg-info/top_level.txt
[0.906s] reading manifest file '../../build/py_proj/py_proj.egg-info/SOURCES.txt'
[0.908s] writing manifest file '../../build/py_proj/py_proj.egg-info/SOURCES.txt'
[0.908s] running build
[0.908s] running build_py
[0.908s] copying py_proj/proj_coord_reader.py -> /home/sunny/ros2_ws/build/py_proj/build/lib/py_proj
[0.908s] copying py_proj/proj_coordinate.py -> /home/sunny/ros2_ws/build/py_proj/build/lib/py_proj
[0.909s] running install
[0.909s] running install_lib
[0.910s] copying /home/sunny/ros2_ws/build/py_proj/build/lib/py_proj/proj_coord_reader.py -> /home/sunny/ros2_ws/install/py_proj/lib/python3.10/site-packages/py_proj
[0.910s] copying /home/sunny/ros2_ws/build/py_proj/build/lib/py_proj/proj_coordinate.py -> /home/sunny/ros2_ws/install/py_proj/lib/python3.10/site-packages/py_proj
[0.911s] byte-compiling /home/sunny/ros2_ws/install/py_proj/lib/python3.10/site-packages/py_proj/proj_coord_reader.py to proj_coord_reader.cpython-310.pyc
[0.912s] byte-compiling /home/sunny/ros2_ws/install/py_proj/lib/python3.10/site-packages/py_proj/proj_coordinate.py to proj_coordinate.cpython-310.pyc
[0.914s] running install_data
[0.914s] running install_egg_info
[0.916s] removing '/home/sunny/ros2_ws/install/py_proj/lib/python3.10/site-packages/py_proj-0.0.0-py3.10.egg-info' (and everything under it)
[0.916s] Copying ../../build/py_proj/py_proj.egg-info to /home/sunny/ros2_ws/install/py_proj/lib/python3.10/site-packages/py_proj-0.0.0-py3.10.egg-info
[0.917s] running install_scripts
[0.940s] Installing publisher script to /home/sunny/ros2_ws/install/py_proj/lib/py_proj
[0.940s] Installing reader script to /home/sunny/ros2_ws/install/py_proj/lib/py_proj
[0.940s] writing list of installed files to '/home/sunny/ros2_ws/build/py_proj/install.log'
[0.971s] Invoked command in '/home/sunny/ros2_ws/src/py_proj' returned '0': PYTHONPATH=/home/sunny/ros2_ws/build/py_proj/prefix_override:/usr/lib/python3/dist-packages/colcon_core/task/python/colcon_distutils_commands:/home/sunny/ros2_ws/install/py_proj/lib/python3.10/site-packages:${PYTHONPATH} /usr/bin/python3 -W ignore:setup.py install is deprecated setup.py egg_info --egg-base ../../build/py_proj build --build-base /home/sunny/ros2_ws/build/py_proj/build install --record /home/sunny/ros2_ws/build/py_proj/install.log --single-version-externally-managed install_data
