[0.012s] Invoking command in '/home/sunny/ros2_ws/build/cpp_parsing': CMAKE_PREFIX_PATH=/home/sunny/ros2_ws/install/custom_interfaces:/home/sunny/ros2_ws/install/cpp_srvcli:/home/sunny/ros2_ws/install/cpp_pubsub:/home/sunny/ros2_ws/install/tutorial_interfaces:/home/sunny/ros2_ws/install/turtlesim:/home/sunny/ros2_ws/install/polygon_plugins:/home/sunny/ros2_ws/install/polygon_base:/home/sunny/ros2_ws/install/my_package:/home/sunny/ros2_ws/install/more_interfaces:/home/sunny/ros2_ws/install/cpp_parsing:/home/sunny/ros2_ws/install/cpp_proj:/home/sunny/ros2_ws/install/cpp_parameters:/home/sunny/ros2_ws/install/py_proj:/opt/ros/humble LD_LIBRARY_PATH=/home/sunny/ros2_ws/install/custom_interfaces/lib:/home/sunny/ros2_ws/install/tutorial_interfaces/lib:/home/sunny/ros2_ws/install/turtlesim/lib:/home/sunny/ros2_ws/install/polygon_plugins/lib:/home/sunny/ros2_ws/install/more_interfaces/lib:/opt/ros/humble/opt/rviz_ogre_vendor/lib:/opt/ros/humble/lib/x86_64-linux-gnu:/opt/ros/humble/lib /usr/bin/cmake --build /home/sunny/ros2_ws/build/cpp_parsing -- -j12 -l12
[0.057s] [35m[1mConsolidate compiler generated dependencies of target parser[0m
[0.069s] [ 50%] Built target reader
[0.085s] [ 75%] [32mBuilding CXX object CMakeFiles/parser.dir/src/utm_parser.cpp.o[0m
[2.256s] [01m[K/home/sunny/ros2_ws/src/cpp_parsing/src/utm_parser.cpp:[m[K In member function ‘[01m[Kvoid NmeaSubscriber::nmea_data_transformer(const String&)[m[K’:
[2.256s] [01m[K/home/sunny/ros2_ws/src/cpp_parsing/src/utm_parser.cpp:61:59:[m[K [01;31m[Kerror: [m[Kinvalid cast from type ‘[01m[K__gnu_cxx::__alloc_traits<std::allocator<std::__cxx11::basic_string<char> >, std::__cxx11::basic_string<char> >::value_type[m[K’ {aka ‘[01m[Kstd::__cxx11::basic_string<char>[m[K’} to type ‘[01m[Kdouble[m[K’
[2.256s]    61 |         calculate_latitude_longitude(latitude, longitude, (double)raw_data[3], raw_data[4], (double)raw_data[5], raw_data[6]);
[2.257s] [01m[K/home/sunny/ros2_ws/src/cpp_parsing/src/utm_parser.cpp:61:93:[m[K [01;31m[Kerror: [m[Kinvalid cast from type ‘[01m[K__gnu_cxx::__alloc_traits<std::allocator<std::__cxx11::basic_string<char> >, std::__cxx11::basic_string<char> >::value_type[m[K’ {aka ‘[01m[Kstd::__cxx11::basic_string<char>[m[K’} to type ‘[01m[Kdouble[m[K’
[2.257s]    61 |         calculate_latitude_longitude(latitude, longitude, (double)raw_data[3], raw_data[4], (double)raw_data[5], raw_data[6]);
[2.257s] [01m[K/home/sunny/ros2_ws/src/cpp_parsing/src/utm_parser.cpp:[m[K In member function ‘[01m[Kvoid NmeaSubscriber::calculate_latitude_longitude(double&, double&, double, std::string, double, std::string)[m[K’:
[2.257s] [01m[K/home/sunny/ros2_ws/src/cpp_parsing/src/utm_parser.cpp:72:21:[m[K [01;31m[Kerror: [m[Krequest for member ‘[01m[Kcompare[m[K’ in ‘[01m[Klat_deg[m[K’, which is of non-class type ‘[01m[Kint[m[K’
[2.257s]    72 |         if (lat_deg.[01;31m[Kcompare[m[K("S") == 0) latitude = -latitude;
[2.257s]       |                     [01;31m[K^~~~~~~[m[K
[2.257s] [01m[K/home/sunny/ros2_ws/src/cpp_parsing/src/utm_parser.cpp:64:109:[m[K [01;35m[Kwarning: [m[Kunused parameter ‘[01m[Klat_dir[m[K’ [[01;35m[K]8;;https://gcc.gnu.org/onlinedocs/gcc/Warning-Options.html#index-Wunused-parameter-Wunused-parameter]8;;[m[K]
[2.257s]    64 |     void calculate_latitude_longitude(double & latitude, double & longitude, const double lat, [01;35m[Kconst string lat_dir[m[K, const double lon, const string lon_dir)
[2.257s]       |                                                                                                [01;35m[K~~~~~~~~~~~~~^~~~~~~[m[K
[4.875s] gmake[2]: *** [CMakeFiles/parser.dir/build.make:76: CMakeFiles/parser.dir/src/utm_parser.cpp.o] Error 1
[4.875s] gmake[1]: *** [CMakeFiles/Makefile2:165: CMakeFiles/parser.dir/all] Error 2
[4.875s] gmake: *** [Makefile:146: all] Error 2
[4.878s] Invoked command in '/home/sunny/ros2_ws/build/cpp_parsing' returned '2': CMAKE_PREFIX_PATH=/home/sunny/ros2_ws/install/custom_interfaces:/home/sunny/ros2_ws/install/cpp_srvcli:/home/sunny/ros2_ws/install/cpp_pubsub:/home/sunny/ros2_ws/install/tutorial_interfaces:/home/sunny/ros2_ws/install/turtlesim:/home/sunny/ros2_ws/install/polygon_plugins:/home/sunny/ros2_ws/install/polygon_base:/home/sunny/ros2_ws/install/my_package:/home/sunny/ros2_ws/install/more_interfaces:/home/sunny/ros2_ws/install/cpp_parsing:/home/sunny/ros2_ws/install/cpp_proj:/home/sunny/ros2_ws/install/cpp_parameters:/home/sunny/ros2_ws/install/py_proj:/opt/ros/humble LD_LIBRARY_PATH=/home/sunny/ros2_ws/install/custom_interfaces/lib:/home/sunny/ros2_ws/install/tutorial_interfaces/lib:/home/sunny/ros2_ws/install/turtlesim/lib:/home/sunny/ros2_ws/install/polygon_plugins/lib:/home/sunny/ros2_ws/install/more_interfaces/lib:/opt/ros/humble/opt/rviz_ogre_vendor/lib:/opt/ros/humble/lib/x86_64-linux-gnu:/opt/ros/humble/lib /usr/bin/cmake --build /home/sunny/ros2_ws/build/cpp_parsing -- -j12 -l12
