[0.009s] Invoking command in '/home/sunny/ros2_ws/build/cpp_proj': CMAKE_PREFIX_PATH=/opt/ros/humble /usr/bin/cmake --build /home/sunny/ros2_ws/build/cpp_proj -- -j8 -l8
[0.046s] [35m[1mConsolidate compiler generated dependencies of target transpose[0m
[0.057s] [ 50%] [32mBuilding CXX object CMakeFiles/transpose.dir/src/proj_coordinate.cpp.o[0m
[0.301s] [01m[K/home/sunny/ros2_ws/src/cpp_proj/src/proj_coordinate.cpp:[m[K In function ‘[01m[Kint main(int, char**)[m[K’:
[0.301s] [01m[K/home/sunny/ros2_ws/src/cpp_proj/src/proj_coordinate.cpp:15:13:[m[K [01;31m[Kerror: [m[K‘[01m[Kcout[m[K’ was not declared in this scope
[0.301s]    15 |             [01;31m[Kcout[m[K << line << endl;
[0.302s]       |             [01;31m[K^~~~[m[K
[0.302s] [01m[K/home/sunny/ros2_ws/src/cpp_proj/src/proj_coordinate.cpp:4:1:[m[K [01;36m[Knote: [m[K‘[01m[Kstd::cout[m[K’ is defined in header ‘[01m[K<iostream>[m[K’; did you forget to ‘[01m[K#include <iostream>[m[K’?
[0.302s]     3 | #include <fstream>
[0.302s]   +++ |+[32m[K#include <iostream>[m[K
[0.302s]     4 | 
[0.303s] [01m[K/home/sunny/ros2_ws/src/cpp_proj/src/proj_coordinate.cpp:17:9:[m[K [01;31m[Kerror: [m[K‘[01m[KopenFile[m[K’ was not declared in this scope
[0.303s]    17 |         [01;31m[KopenFile[m[K.close();
[0.303s]       |         [01;31m[K^~~~~~~~[m[K
[0.303s] [01m[K/home/sunny/ros2_ws/src/cpp_proj/src/proj_coordinate.cpp:7:14:[m[K [01;35m[Kwarning: [m[Kunused parameter ‘[01m[Kargc[m[K’ [[01;35m[K]8;;https://gcc.gnu.org/onlinedocs/gcc/Warning-Options.html#index-Wunused-parameter-Wunused-parameter]8;;[m[K]
[0.303s]     7 | int main([01;35m[Kint argc[m[K, char **argv)
[0.303s]       |          [01;35m[K~~~~^~~~[m[K
[0.303s] [01m[K/home/sunny/ros2_ws/src/cpp_proj/src/proj_coordinate.cpp:7:27:[m[K [01;35m[Kwarning: [m[Kunused parameter ‘[01m[Kargv[m[K’ [[01;35m[K]8;;https://gcc.gnu.org/onlinedocs/gcc/Warning-Options.html#index-Wunused-parameter-Wunused-parameter]8;;[m[K]
[0.304s]     7 | int main(int argc, [01;35m[Kchar **argv[m[K)
[0.304s]       |                    [01;35m[K~~~~~~~^~~~[m[K
[0.338s] gmake[2]: *** [CMakeFiles/transpose.dir/build.make:76: CMakeFiles/transpose.dir/src/proj_coordinate.cpp.o] Error 1
[0.338s] gmake[1]: *** [CMakeFiles/Makefile2:137: CMakeFiles/transpose.dir/all] Error 2
[0.339s] gmake: *** [Makefile:146: all] Error 2
[0.341s] Invoked command in '/home/sunny/ros2_ws/build/cpp_proj' returned '2': CMAKE_PREFIX_PATH=/opt/ros/humble /usr/bin/cmake --build /home/sunny/ros2_ws/build/cpp_proj -- -j8 -l8
