[0.053s] Invoking command in '/home/sunny/ros2_ws/build/polygon_base': CMAKE_PREFIX_PATH=${CMAKE_PREFIX_PATH}:/home/sunny/ros2_ws/install/py_proj:/opt/ros/humble /usr/bin/cmake --build /home/sunny/ros2_ws/build/polygon_base -- -j8 -l8
[0.182s] [100%] Built target area_node
[0.236s] Invoked command in '/home/sunny/ros2_ws/build/polygon_base' returned '0': CMAKE_PREFIX_PATH=${CMAKE_PREFIX_PATH}:/home/sunny/ros2_ws/install/py_proj:/opt/ros/humble /usr/bin/cmake --build /home/sunny/ros2_ws/build/polygon_base -- -j8 -l8
[0.498s] Invoking command in '/home/sunny/ros2_ws/build/polygon_base': CMAKE_PREFIX_PATH=${CMAKE_PREFIX_PATH}:/home/sunny/ros2_ws/install/py_proj:/opt/ros/humble /usr/bin/cmake --install /home/sunny/ros2_ws/build/polygon_base
[0.507s] -- Install configuration: ""
[0.513s] -- Up-to-date: /home/sunny/ros2_ws/install/polygon_base/lib/polygon_base/area_node
[0.513s] -- Up-to-date: /home/sunny/ros2_ws/install/polygon_base/include
[0.514s] -- Up-to-date: /home/sunny/ros2_ws/install/polygon_base/include/polygon_base
[0.514s] -- Up-to-date: /home/sunny/ros2_ws/install/polygon_base/include/polygon_base/regular_polygon.hpp
[0.514s] -- Up-to-date: /home/sunny/ros2_ws/install/polygon_base/share/ament_index/resource_index/package_run_dependencies/polygon_base
[0.514s] -- Up-to-date: /home/sunny/ros2_ws/install/polygon_base/share/ament_index/resource_index/parent_prefix_path/polygon_base
[0.514s] -- Up-to-date: /home/sunny/ros2_ws/install/polygon_base/share/polygon_base/environment/ament_prefix_path.sh
[0.514s] -- Up-to-date: /home/sunny/ros2_ws/install/polygon_base/share/polygon_base/environment/ament_prefix_path.dsv
[0.514s] -- Up-to-date: /home/sunny/ros2_ws/install/polygon_base/share/polygon_base/environment/path.sh
[0.514s] -- Up-to-date: /home/sunny/ros2_ws/install/polygon_base/share/polygon_base/environment/path.dsv
[0.516s] -- Up-to-date: /home/sunny/ros2_ws/install/polygon_base/share/polygon_base/local_setup.bash
[0.516s] -- Up-to-date: /home/sunny/ros2_ws/install/polygon_base/share/polygon_base/local_setup.sh
[0.516s] -- Up-to-date: /home/sunny/ros2_ws/install/polygon_base/share/polygon_base/local_setup.zsh
[0.516s] -- Up-to-date: /home/sunny/ros2_ws/install/polygon_base/share/polygon_base/local_setup.dsv
[0.516s] -- Installing: /home/sunny/ros2_ws/install/polygon_base/share/polygon_base/package.dsv
[0.516s] -- Up-to-date: /home/sunny/ros2_ws/install/polygon_base/share/ament_index/resource_index/packages/polygon_base
[0.517s] -- Up-to-date: /home/sunny/ros2_ws/install/polygon_base/share/polygon_base/cmake/ament_cmake_export_include_directories-extras.cmake
[0.517s] -- Up-to-date: /home/sunny/ros2_ws/install/polygon_base/share/polygon_base/cmake/polygon_baseConfig.cmake
[0.517s] -- Up-to-date: /home/sunny/ros2_ws/install/polygon_base/share/polygon_base/cmake/polygon_baseConfig-version.cmake
[0.517s] -- Up-to-date: /home/sunny/ros2_ws/install/polygon_base/share/polygon_base/package.xml
[0.524s] Invoked command in '/home/sunny/ros2_ws/build/polygon_base' returned '0': CMAKE_PREFIX_PATH=${CMAKE_PREFIX_PATH}:/home/sunny/ros2_ws/install/py_proj:/opt/ros/humble /usr/bin/cmake --install /home/sunny/ros2_ws/build/polygon_base
