[35m[1mConsolidate compiler generated dependencies of target parser[0m
[ 50%] Built target reader
[ 75%] [32mBuilding CXX object CMakeFiles/parser.dir/src/utm_parser.cpp.o[0m
[01m[K/home/sunny/ros2_ws/src/cpp_parsing/src/utm_parser.cpp:[m[K In lambda function:
[01m[K/home/sunny/ros2_ws/src/cpp_parsing/src/utm_parser.cpp:26:70:[m[K [01;35m[Kwarning: [m[Kunused parameter ‘[01m[Kmsg[m[K’ [[01;35m[K]8;;https://gcc.gnu.org/onlinedocs/gcc/Warning-Options.html#index-Wunused-parameter-Wunused-parameter]8;;[m[K]
   26 |             "nmea_data", 10, [this]([01;35m[Kstd_msgs::msg::String::SharedPtr msg[m[K) {this->nmea_data_transformer();});
      |                                     [01;35m[K~~~~~~~~~~~~~~~~~~~~~~~~~~~~~~~~~^~~[m[K
[100%] [32m[1mLinking CXX executable parser[0m
[100%] Built target parser
-- Install configuration: ""
-- Installing: /home/sunny/ros2_ws/install/cpp_parsing/lib/cpp_parsing/reader
-- Set runtime path of "/home/sunny/ros2_ws/install/cpp_parsing/lib/cpp_parsing/reader" to ""
-- Installing: /home/sunny/ros2_ws/install/cpp_parsing/lib/cpp_parsing/parser
-- Set runtime path of "/home/sunny/ros2_ws/install/cpp_parsing/lib/cpp_parsing/parser" to ""
-- Installing: /home/sunny/ros2_ws/install/cpp_parsing/share/ament_index/resource_index/package_run_dependencies/cpp_parsing
-- Up-to-date: /home/sunny/ros2_ws/install/cpp_parsing/share/ament_index/resource_index/parent_prefix_path/cpp_parsing
-- Up-to-date: /home/sunny/ros2_ws/install/cpp_parsing/share/cpp_parsing/environment/ament_prefix_path.sh
-- Installing: /home/sunny/ros2_ws/install/cpp_parsing/share/cpp_parsing/environment/ament_prefix_path.dsv
-- Up-to-date: /home/sunny/ros2_ws/install/cpp_parsing/share/cpp_parsing/environment/path.sh
-- Installing: /home/sunny/ros2_ws/install/cpp_parsing/share/cpp_parsing/environment/path.dsv
-- Up-to-date: /home/sunny/ros2_ws/install/cpp_parsing/share/cpp_parsing/local_setup.bash
-- Up-to-date: /home/sunny/ros2_ws/install/cpp_parsing/share/cpp_parsing/local_setup.sh
-- Up-to-date: /home/sunny/ros2_ws/install/cpp_parsing/share/cpp_parsing/local_setup.zsh
-- Installing: /home/sunny/ros2_ws/install/cpp_parsing/share/cpp_parsing/local_setup.dsv
-- Installing: /home/sunny/ros2_ws/install/cpp_parsing/share/cpp_parsing/package.dsv
-- Up-to-date: /home/sunny/ros2_ws/install/cpp_parsing/share/ament_index/resource_index/packages/cpp_parsing
-- Up-to-date: /home/sunny/ros2_ws/install/cpp_parsing/share/cpp_parsing/cmake/cpp_parsingConfig.cmake
-- Up-to-date: /home/sunny/ros2_ws/install/cpp_parsing/share/cpp_parsing/cmake/cpp_parsingConfig-version.cmake
-- Installing: /home/sunny/ros2_ws/install/cpp_parsing/share/cpp_parsing/package.xml
