[0.027s] Invoking command in '/home/sunny/ros2_ws/build/custom_interfaces': CMAKE_PREFIX_PATH=${CMAKE_PREFIX_PATH}:/home/sunny/ros2_ws/install/py_proj:/opt/ros/humble /usr/bin/cmake --build /home/sunny/ros2_ws/build/custom_interfaces -- -j12 -l12
[0.075s] -- Found ament_cmake: 1.3.9 (/opt/ros/humble/share/ament_cmake/cmake)
[0.207s] -- Found rosidl_default_generators: 1.2.0 (/opt/ros/humble/share/rosidl_default_generators/cmake)
[0.211s] -- Using all available rosidl_typesupport_c: rosidl_typesupport_fastrtps_c;rosidl_typesupport_introspection_c
[0.215s] -- Found rosidl_adapter: 3.1.5 (/opt/ros/humble/share/rosidl_adapter/cmake)
[0.256s] -- Using all available rosidl_typesupport_cpp: rosidl_typesupport_fastrtps_cpp;rosidl_typesupport_introspection_cpp
[0.498s] -- Found ament_cmake_ros: 0.10.0 (/opt/ros/humble/share/ament_cmake_ros/cmake)
[0.661s] -- Using all available rosidl_typesupport_c: rosidl_typesupport_fastrtps_c;rosidl_typesupport_introspection_c
[0.874s] -- Using all available rosidl_typesupport_cpp: rosidl_typesupport_fastrtps_cpp;rosidl_typesupport_introspection_cpp
[0.897s] -- Found python_cmake_module: 0.10.0 (/opt/ros/humble/share/python_cmake_module/cmake)
[0.918s] -- Using PYTHON_EXECUTABLE: /usr/bin/python3
[0.919s] -- Using PYTHON_INCLUDE_DIRS: /usr/include/python3.10
[0.919s] -- Using PYTHON_LIBRARIES: /usr/lib/x86_64-linux-gnu/libpython3.10.so
[0.939s] -- Configuring done
[0.976s] -- Generating done
[0.980s] -- Build files have been written to: /home/sunny/ros2_ws/build/custom_interfaces
[1.010s] [35m[1mConsolidate compiler generated dependencies of target custom_interfaces__rosidl_generator_c[0m
[1.020s] [  3%] Built target custom_interfaces__cpp
[1.025s] [  6%] [32mBuilding C object CMakeFiles/custom_interfaces__rosidl_generator_c.dir/rosidl_generator_c/custom_interfaces/msg/detail/utm__functions.c.o[0m
[1.034s] [35m[1mConsolidate compiler generated dependencies of target custom_interfaces__rosidl_typesupport_introspection_cpp[0m
[1.035s] [35m[1mConsolidate compiler generated dependencies of target custom_interfaces__rosidl_typesupport_cpp[0m
[1.035s] [35m[1mConsolidate compiler generated dependencies of target custom_interfaces__rosidl_typesupport_fastrtps_cpp[0m
[1.041s] [  6%] Built target ament_cmake_python_copy_custom_interfaces
[1.050s] [  9%] [32mBuilding CXX object CMakeFiles/custom_interfaces__rosidl_typesupport_cpp.dir/rosidl_typesupport_cpp/custom_interfaces/msg/utm__type_support.cpp.o[0m
[1.052s] [ 12%] [32mBuilding CXX object CMakeFiles/custom_interfaces__rosidl_typesupport_introspection_cpp.dir/rosidl_typesupport_introspection_cpp/custom_interfaces/msg/detail/utm__type_support.cpp.o[0m
[1.053s] [ 16%] [32mBuilding CXX object CMakeFiles/custom_interfaces__rosidl_typesupport_fastrtps_cpp.dir/rosidl_typesupport_fastrtps_cpp/custom_interfaces/msg/detail/dds_fastrtps/utm__type_support.cpp.o[0m
[1.121s] [ 19%] [32m[1mLinking C shared library libcustom_interfaces__rosidl_generator_c.so[0m
[1.172s] [ 22%] Built target custom_interfaces__rosidl_generator_c
[1.186s] [35m[1mConsolidate compiler generated dependencies of target custom_interfaces__rosidl_typesupport_introspection_c[0m
[1.187s] [35m[1mConsolidate compiler generated dependencies of target custom_interfaces__rosidl_typesupport_fastrtps_c[0m
[1.189s] [35m[1mConsolidate compiler generated dependencies of target custom_interfaces__rosidl_typesupport_c[0m
[1.204s] [ 25%] [32mBuilding C object CMakeFiles/custom_interfaces__rosidl_typesupport_introspection_c.dir/rosidl_typesupport_introspection_c/custom_interfaces/msg/detail/utm__type_support.c.o[0m
[1.204s] [ 29%] [32mBuilding CXX object CMakeFiles/custom_interfaces__rosidl_typesupport_fastrtps_c.dir/rosidl_typesupport_fastrtps_c/custom_interfaces/msg/detail/utm__type_support_c.cpp.o[0m
[1.208s] [ 32%] [32mBuilding CXX object CMakeFiles/custom_interfaces__rosidl_typesupport_c.dir/rosidl_typesupport_c/custom_interfaces/msg/utm__type_support.cpp.o[0m
[1.255s] [ 35%] [32m[1mLinking C shared library libcustom_interfaces__rosidl_typesupport_introspection_c.so[0m
[1.272s] [ 38%] [32m[1mLinking CXX shared library libcustom_interfaces__rosidl_typesupport_c.so[0m
[1.312s] [ 41%] Built target custom_interfaces__rosidl_typesupport_introspection_c
[1.340s] [ 45%] Built target custom_interfaces__rosidl_typesupport_c
[1.346s] running egg_info
[1.347s] writing custom_interfaces.egg-info/PKG-INFO
[1.347s] writing dependency_links to custom_interfaces.egg-info/dependency_links.txt
[1.348s] writing top-level names to custom_interfaces.egg-info/top_level.txt
[1.351s] reading manifest file 'custom_interfaces.egg-info/SOURCES.txt'
[1.352s] writing manifest file 'custom_interfaces.egg-info/SOURCES.txt'
[1.389s] [ 48%] [32m[1mLinking CXX shared library libcustom_interfaces__rosidl_typesupport_cpp.so[0m
[1.403s] [ 48%] Built target ament_cmake_python_build_custom_interfaces_egg
[1.441s] [ 51%] Built target custom_interfaces__rosidl_typesupport_cpp
[1.458s] [ 54%] [32m[1mLinking CXX shared library libcustom_interfaces__rosidl_typesupport_introspection_cpp.so[0m
[1.533s] [ 58%] Built target custom_interfaces__rosidl_typesupport_introspection_cpp
[1.550s] [ 61%] [32m[1mLinking CXX shared library libcustom_interfaces__rosidl_typesupport_fastrtps_cpp.so[0m
[1.679s] [ 64%] [32m[1mLinking CXX shared library libcustom_interfaces__rosidl_typesupport_fastrtps_c.so[0m
[1.689s] [ 67%] Built target custom_interfaces__rosidl_typesupport_fastrtps_cpp
[1.833s] [ 70%] Built target custom_interfaces__rosidl_typesupport_fastrtps_c
[1.869s] [ 70%] Built target custom_interfaces
[1.954s] [ 74%] Built target custom_interfaces__py
[2.006s] [35m[1mConsolidate compiler generated dependencies of target custom_interfaces__rosidl_generator_py[0m
[2.113s] [ 77%] [32mBuilding C object CMakeFiles/custom_interfaces__rosidl_generator_py.dir/rosidl_generator_py/custom_interfaces/msg/_utm_s.c.o[0m
[2.504s] [ 80%] [32m[1mLinking C shared library rosidl_generator_py/custom_interfaces/libcustom_interfaces__rosidl_generator_py.so[0m
[2.676s] [ 80%] Built target custom_interfaces__rosidl_generator_py
[2.715s] [35m[1mConsolidate compiler generated dependencies of target custom_interfaces__rosidl_typesupport_fastrtps_c__pyext[0m
[2.730s] [35m[1mConsolidate compiler generated dependencies of target custom_interfaces__rosidl_typesupport_introspection_c__pyext[0m
[2.734s] [35m[1mConsolidate compiler generated dependencies of target custom_interfaces__rosidl_typesupport_c__pyext[0m
[2.750s] [ 83%] [32mBuilding C object CMakeFiles/custom_interfaces__rosidl_typesupport_fastrtps_c__pyext.dir/rosidl_generator_py/custom_interfaces/_custom_interfaces_s.ep.rosidl_typesupport_fastrtps_c.c.o[0m
[2.763s] [ 87%] [32mBuilding C object CMakeFiles/custom_interfaces__rosidl_typesupport_introspection_c__pyext.dir/rosidl_generator_py/custom_interfaces/_custom_interfaces_s.ep.rosidl_typesupport_introspection_c.c.o[0m
[2.778s] [ 90%] [32mBuilding C object CMakeFiles/custom_interfaces__rosidl_typesupport_c__pyext.dir/rosidl_generator_py/custom_interfaces/_custom_interfaces_s.ep.rosidl_typesupport_c.c.o[0m
[2.890s] [ 93%] [32m[1mLinking C shared library rosidl_generator_py/custom_interfaces/custom_interfaces_s__rosidl_typesupport_fastrtps_c.cpython-310-x86_64-linux-gnu.so[0m
[2.924s] [ 96%] [32m[1mLinking C shared library rosidl_generator_py/custom_interfaces/custom_interfaces_s__rosidl_typesupport_c.cpython-310-x86_64-linux-gnu.so[0m
[2.935s] [ 96%] Built target custom_interfaces__rosidl_typesupport_fastrtps_c__pyext
[2.938s] [100%] [32m[1mLinking C shared library rosidl_generator_py/custom_interfaces/custom_interfaces_s__rosidl_typesupport_introspection_c.cpython-310-x86_64-linux-gnu.so[0m
[2.974s] [100%] Built target custom_interfaces__rosidl_typesupport_c__pyext
[2.974s] [100%] Built target custom_interfaces__rosidl_typesupport_introspection_c__pyext
[2.988s] Invoked command in '/home/sunny/ros2_ws/build/custom_interfaces' returned '0': CMAKE_PREFIX_PATH=${CMAKE_PREFIX_PATH}:/home/sunny/ros2_ws/install/py_proj:/opt/ros/humble /usr/bin/cmake --build /home/sunny/ros2_ws/build/custom_interfaces -- -j12 -l12
[3.054s] Invoking command in '/home/sunny/ros2_ws/build/custom_interfaces': CMAKE_PREFIX_PATH=${CMAKE_PREFIX_PATH}:/home/sunny/ros2_ws/install/py_proj:/opt/ros/humble /usr/bin/cmake --install /home/sunny/ros2_ws/build/custom_interfaces
[3.062s] -- Install configuration: ""
[3.063s] -- Up-to-date: /home/sunny/ros2_ws/install/custom_interfaces/share/ament_index/resource_index/rosidl_interfaces/custom_interfaces
[3.063s] -- Up-to-date: /home/sunny/ros2_ws/install/custom_interfaces/include/custom_interfaces/custom_interfaces
[3.063s] -- Up-to-date: /home/sunny/ros2_ws/install/custom_interfaces/include/custom_interfaces/custom_interfaces/msg
[3.063s] -- Up-to-date: /home/sunny/ros2_ws/install/custom_interfaces/include/custom_interfaces/custom_interfaces/msg/rosidl_generator_c__visibility_control.h
[3.063s] -- Up-to-date: /home/sunny/ros2_ws/install/custom_interfaces/include/custom_interfaces/custom_interfaces/msg/detail
[3.063s] -- Up-to-date: /home/sunny/ros2_ws/install/custom_interfaces/include/custom_interfaces/custom_interfaces/msg/detail/utm__functions.h
[3.063s] -- Up-to-date: /home/sunny/ros2_ws/install/custom_interfaces/include/custom_interfaces/custom_interfaces/msg/detail/utm__functions.c
[3.063s] -- Up-to-date: /home/sunny/ros2_ws/install/custom_interfaces/include/custom_interfaces/custom_interfaces/msg/detail/utm__struct.h
[3.063s] -- Up-to-date: /home/sunny/ros2_ws/install/custom_interfaces/include/custom_interfaces/custom_interfaces/msg/detail/utm__type_support.h
[3.064s] -- Up-to-date: /home/sunny/ros2_ws/install/custom_interfaces/include/custom_interfaces/custom_interfaces/msg/utm.h
[3.064s] -- Installing: /home/sunny/ros2_ws/install/custom_interfaces/share/custom_interfaces/environment/library_path.sh
[3.064s] -- Installing: /home/sunny/ros2_ws/install/custom_interfaces/share/custom_interfaces/environment/library_path.dsv
[3.064s] -- Installing: /home/sunny/ros2_ws/install/custom_interfaces/lib/libcustom_interfaces__rosidl_generator_c.so
[3.064s] -- Set runtime path of "/home/sunny/ros2_ws/install/custom_interfaces/lib/libcustom_interfaces__rosidl_generator_c.so" to ""
[3.064s] -- Up-to-date: /home/sunny/ros2_ws/install/custom_interfaces/include/custom_interfaces/custom_interfaces
[3.064s] -- Up-to-date: /home/sunny/ros2_ws/install/custom_interfaces/include/custom_interfaces/custom_interfaces/msg
[3.064s] -- Up-to-date: /home/sunny/ros2_ws/install/custom_interfaces/include/custom_interfaces/custom_interfaces/msg/detail
[3.065s] -- Up-to-date: /home/sunny/ros2_ws/install/custom_interfaces/include/custom_interfaces/custom_interfaces/msg/detail/utm__rosidl_typesupport_fastrtps_c.h
[3.065s] -- Up-to-date: /home/sunny/ros2_ws/install/custom_interfaces/include/custom_interfaces/custom_interfaces/msg/rosidl_typesupport_fastrtps_c__visibility_control.h
[3.065s] -- Installing: /home/sunny/ros2_ws/install/custom_interfaces/lib/libcustom_interfaces__rosidl_typesupport_fastrtps_c.so
[3.065s] -- Set runtime path of "/home/sunny/ros2_ws/install/custom_interfaces/lib/libcustom_interfaces__rosidl_typesupport_fastrtps_c.so" to ""
[3.065s] -- Up-to-date: /home/sunny/ros2_ws/install/custom_interfaces/include/custom_interfaces/custom_interfaces
[3.065s] -- Up-to-date: /home/sunny/ros2_ws/install/custom_interfaces/include/custom_interfaces/custom_interfaces/msg
[3.065s] -- Up-to-date: /home/sunny/ros2_ws/install/custom_interfaces/include/custom_interfaces/custom_interfaces/msg/detail
[3.065s] -- Up-to-date: /home/sunny/ros2_ws/install/custom_interfaces/include/custom_interfaces/custom_interfaces/msg/detail/utm__type_support.c
[3.065s] -- Up-to-date: /home/sunny/ros2_ws/install/custom_interfaces/include/custom_interfaces/custom_interfaces/msg/detail/utm__rosidl_typesupport_introspection_c.h
[3.066s] -- Up-to-date: /home/sunny/ros2_ws/install/custom_interfaces/include/custom_interfaces/custom_interfaces/msg/rosidl_typesupport_introspection_c__visibility_control.h
[3.066s] -- Installing: /home/sunny/ros2_ws/install/custom_interfaces/lib/libcustom_interfaces__rosidl_typesupport_introspection_c.so
[3.066s] -- Set runtime path of "/home/sunny/ros2_ws/install/custom_interfaces/lib/libcustom_interfaces__rosidl_typesupport_introspection_c.so" to ""
[3.066s] -- Installing: /home/sunny/ros2_ws/install/custom_interfaces/lib/libcustom_interfaces__rosidl_typesupport_c.so
[3.066s] -- Set runtime path of "/home/sunny/ros2_ws/install/custom_interfaces/lib/libcustom_interfaces__rosidl_typesupport_c.so" to ""
[3.066s] -- Up-to-date: /home/sunny/ros2_ws/install/custom_interfaces/include/custom_interfaces/custom_interfaces
[3.066s] -- Up-to-date: /home/sunny/ros2_ws/install/custom_interfaces/include/custom_interfaces/custom_interfaces/msg
[3.067s] -- Up-to-date: /home/sunny/ros2_ws/install/custom_interfaces/include/custom_interfaces/custom_interfaces/msg/detail
[3.067s] -- Up-to-date: /home/sunny/ros2_ws/install/custom_interfaces/include/custom_interfaces/custom_interfaces/msg/detail/utm__builder.hpp
[3.067s] -- Up-to-date: /home/sunny/ros2_ws/install/custom_interfaces/include/custom_interfaces/custom_interfaces/msg/detail/utm__struct.hpp
[3.067s] -- Up-to-date: /home/sunny/ros2_ws/install/custom_interfaces/include/custom_interfaces/custom_interfaces/msg/detail/utm__traits.hpp
[3.067s] -- Up-to-date: /home/sunny/ros2_ws/install/custom_interfaces/include/custom_interfaces/custom_interfaces/msg/utm.hpp
[3.067s] -- Up-to-date: /home/sunny/ros2_ws/install/custom_interfaces/include/custom_interfaces/custom_interfaces
[3.067s] -- Up-to-date: /home/sunny/ros2_ws/install/custom_interfaces/include/custom_interfaces/custom_interfaces/msg
[3.067s] -- Up-to-date: /home/sunny/ros2_ws/install/custom_interfaces/include/custom_interfaces/custom_interfaces/msg/detail
[3.068s] -- Installing: /home/sunny/ros2_ws/install/custom_interfaces/include/custom_interfaces/custom_interfaces/msg/detail/dds_fastrtps
[3.068s] -- Up-to-date: /home/sunny/ros2_ws/install/custom_interfaces/include/custom_interfaces/custom_interfaces/msg/detail/utm__rosidl_typesupport_fastrtps_cpp.hpp
[3.068s] -- Up-to-date: /home/sunny/ros2_ws/install/custom_interfaces/include/custom_interfaces/custom_interfaces/msg/rosidl_typesupport_fastrtps_cpp__visibility_control.h
[3.068s] -- Installing: /home/sunny/ros2_ws/install/custom_interfaces/lib/libcustom_interfaces__rosidl_typesupport_fastrtps_cpp.so
[3.068s] -- Set runtime path of "/home/sunny/ros2_ws/install/custom_interfaces/lib/libcustom_interfaces__rosidl_typesupport_fastrtps_cpp.so" to ""
[3.068s] -- Up-to-date: /home/sunny/ros2_ws/install/custom_interfaces/include/custom_interfaces/custom_interfaces
[3.068s] -- Up-to-date: /home/sunny/ros2_ws/install/custom_interfaces/include/custom_interfaces/custom_interfaces/msg
[3.068s] -- Up-to-date: /home/sunny/ros2_ws/install/custom_interfaces/include/custom_interfaces/custom_interfaces/msg/detail
[3.068s] -- Up-to-date: /home/sunny/ros2_ws/install/custom_interfaces/include/custom_interfaces/custom_interfaces/msg/detail/utm__type_support.cpp
[3.069s] -- Up-to-date: /home/sunny/ros2_ws/install/custom_interfaces/include/custom_interfaces/custom_interfaces/msg/detail/utm__rosidl_typesupport_introspection_cpp.hpp
[3.069s] -- Installing: /home/sunny/ros2_ws/install/custom_interfaces/lib/libcustom_interfaces__rosidl_typesupport_introspection_cpp.so
[3.069s] -- Set runtime path of "/home/sunny/ros2_ws/install/custom_interfaces/lib/libcustom_interfaces__rosidl_typesupport_introspection_cpp.so" to ""
[3.069s] -- Installing: /home/sunny/ros2_ws/install/custom_interfaces/lib/libcustom_interfaces__rosidl_typesupport_cpp.so
[3.069s] -- Set runtime path of "/home/sunny/ros2_ws/install/custom_interfaces/lib/libcustom_interfaces__rosidl_typesupport_cpp.so" to ""
[3.069s] -- Up-to-date: /home/sunny/ros2_ws/install/custom_interfaces/share/custom_interfaces/environment/pythonpath.sh
[3.069s] -- Installing: /home/sunny/ros2_ws/install/custom_interfaces/share/custom_interfaces/environment/pythonpath.dsv
[3.069s] -- Up-to-date: /home/sunny/ros2_ws/install/custom_interfaces/local/lib/python3.10/dist-packages/custom_interfaces-0.0.0-py3.10.egg-info
[3.070s] -- Installing: /home/sunny/ros2_ws/install/custom_interfaces/local/lib/python3.10/dist-packages/custom_interfaces-0.0.0-py3.10.egg-info/top_level.txt
[3.070s] -- Installing: /home/sunny/ros2_ws/install/custom_interfaces/local/lib/python3.10/dist-packages/custom_interfaces-0.0.0-py3.10.egg-info/SOURCES.txt
[3.070s] -- Installing: /home/sunny/ros2_ws/install/custom_interfaces/local/lib/python3.10/dist-packages/custom_interfaces-0.0.0-py3.10.egg-info/PKG-INFO
[3.070s] -- Installing: /home/sunny/ros2_ws/install/custom_interfaces/local/lib/python3.10/dist-packages/custom_interfaces-0.0.0-py3.10.egg-info/dependency_links.txt
[3.070s] -- Up-to-date: /home/sunny/ros2_ws/install/custom_interfaces/local/lib/python3.10/dist-packages/custom_interfaces
[3.070s] -- Installing: /home/sunny/ros2_ws/install/custom_interfaces/local/lib/python3.10/dist-packages/custom_interfaces/custom_interfaces_s__rosidl_typesupport_c.cpython-310-x86_64-linux-gnu.so
[3.070s] -- Up-to-date: /home/sunny/ros2_ws/install/custom_interfaces/local/lib/python3.10/dist-packages/custom_interfaces/msg
[3.070s] -- Up-to-date: /home/sunny/ros2_ws/install/custom_interfaces/local/lib/python3.10/dist-packages/custom_interfaces/msg/_utm_s.c
[3.071s] -- Up-to-date: /home/sunny/ros2_ws/install/custom_interfaces/local/lib/python3.10/dist-packages/custom_interfaces/msg/_utm.py
[3.071s] -- Up-to-date: /home/sunny/ros2_ws/install/custom_interfaces/local/lib/python3.10/dist-packages/custom_interfaces/msg/__init__.py
[3.071s] -- Installing: /home/sunny/ros2_ws/install/custom_interfaces/local/lib/python3.10/dist-packages/custom_interfaces/libcustom_interfaces__rosidl_generator_py.so
[3.071s] -- Installing: /home/sunny/ros2_ws/install/custom_interfaces/local/lib/python3.10/dist-packages/custom_interfaces/__init__.py
[3.071s] -- Installing: /home/sunny/ros2_ws/install/custom_interfaces/local/lib/python3.10/dist-packages/custom_interfaces/custom_interfaces_s__rosidl_typesupport_fastrtps_c.cpython-310-x86_64-linux-gnu.so
[3.071s] -- Up-to-date: /home/sunny/ros2_ws/install/custom_interfaces/local/lib/python3.10/dist-packages/custom_interfaces/_custom_interfaces_s.ep.rosidl_typesupport_fastrtps_c.c
[3.071s] -- Installing: /home/sunny/ros2_ws/install/custom_interfaces/local/lib/python3.10/dist-packages/custom_interfaces/custom_interfaces_s__rosidl_typesupport_introspection_c.cpython-310-x86_64-linux-gnu.so
[3.071s] -- Up-to-date: /home/sunny/ros2_ws/install/custom_interfaces/local/lib/python3.10/dist-packages/custom_interfaces/_custom_interfaces_s.ep.rosidl_typesupport_introspection_c.c
[3.071s] -- Up-to-date: /home/sunny/ros2_ws/install/custom_interfaces/local/lib/python3.10/dist-packages/custom_interfaces/_custom_interfaces_s.ep.rosidl_typesupport_c.c
[3.108s] Listing '/home/sunny/ros2_ws/install/custom_interfaces/local/lib/python3.10/dist-packages/custom_interfaces'...
[3.109s] Compiling '/home/sunny/ros2_ws/install/custom_interfaces/local/lib/python3.10/dist-packages/custom_interfaces/__init__.py'...
[3.109s] Listing '/home/sunny/ros2_ws/install/custom_interfaces/local/lib/python3.10/dist-packages/custom_interfaces/msg'...
[3.109s] Compiling '/home/sunny/ros2_ws/install/custom_interfaces/local/lib/python3.10/dist-packages/custom_interfaces/msg/__init__.py'...
[3.109s] Compiling '/home/sunny/ros2_ws/install/custom_interfaces/local/lib/python3.10/dist-packages/custom_interfaces/msg/_utm.py'...
[3.115s] -- Installing: /home/sunny/ros2_ws/install/custom_interfaces/local/lib/python3.10/dist-packages/custom_interfaces/custom_interfaces_s__rosidl_typesupport_fastrtps_c.cpython-310-x86_64-linux-gnu.so
[3.115s] -- Set runtime path of "/home/sunny/ros2_ws/install/custom_interfaces/local/lib/python3.10/dist-packages/custom_interfaces/custom_interfaces_s__rosidl_typesupport_fastrtps_c.cpython-310-x86_64-linux-gnu.so" to ""
[3.116s] -- Installing: /home/sunny/ros2_ws/install/custom_interfaces/local/lib/python3.10/dist-packages/custom_interfaces/custom_interfaces_s__rosidl_typesupport_introspection_c.cpython-310-x86_64-linux-gnu.so
[3.116s] -- Set runtime path of "/home/sunny/ros2_ws/install/custom_interfaces/local/lib/python3.10/dist-packages/custom_interfaces/custom_interfaces_s__rosidl_typesupport_introspection_c.cpython-310-x86_64-linux-gnu.so" to ""
[3.116s] -- Installing: /home/sunny/ros2_ws/install/custom_interfaces/local/lib/python3.10/dist-packages/custom_interfaces/custom_interfaces_s__rosidl_typesupport_c.cpython-310-x86_64-linux-gnu.so
[3.117s] -- Set runtime path of "/home/sunny/ros2_ws/install/custom_interfaces/local/lib/python3.10/dist-packages/custom_interfaces/custom_interfaces_s__rosidl_typesupport_c.cpython-310-x86_64-linux-gnu.so" to ""
[3.117s] -- Installing: /home/sunny/ros2_ws/install/custom_interfaces/lib/libcustom_interfaces__rosidl_generator_py.so
[3.117s] -- Set runtime path of "/home/sunny/ros2_ws/install/custom_interfaces/lib/libcustom_interfaces__rosidl_generator_py.so" to ""
[3.118s] -- Up-to-date: /home/sunny/ros2_ws/install/custom_interfaces/share/custom_interfaces/msg/Utm.idl
[3.118s] -- Up-to-date: /home/sunny/ros2_ws/install/custom_interfaces/share/custom_interfaces/msg/Utm.msg
[3.118s] -- Up-to-date: /home/sunny/ros2_ws/install/custom_interfaces/share/ament_index/resource_index/package_run_dependencies/custom_interfaces
[3.118s] -- Up-to-date: /home/sunny/ros2_ws/install/custom_interfaces/share/ament_index/resource_index/parent_prefix_path/custom_interfaces
[3.118s] -- Installing: /home/sunny/ros2_ws/install/custom_interfaces/share/custom_interfaces/environment/ament_prefix_path.sh
[3.118s] -- Installing: /home/sunny/ros2_ws/install/custom_interfaces/share/custom_interfaces/environment/ament_prefix_path.dsv
[3.118s] -- Installing: /home/sunny/ros2_ws/install/custom_interfaces/share/custom_interfaces/environment/path.sh
[3.119s] -- Installing: /home/sunny/ros2_ws/install/custom_interfaces/share/custom_interfaces/environment/path.dsv
[3.119s] -- Up-to-date: /home/sunny/ros2_ws/install/custom_interfaces/share/custom_interfaces/local_setup.bash
[3.119s] -- Up-to-date: /home/sunny/ros2_ws/install/custom_interfaces/share/custom_interfaces/local_setup.sh
[3.119s] -- Up-to-date: /home/sunny/ros2_ws/install/custom_interfaces/share/custom_interfaces/local_setup.zsh
[3.119s] -- Installing: /home/sunny/ros2_ws/install/custom_interfaces/share/custom_interfaces/local_setup.dsv
[3.119s] -- Installing: /home/sunny/ros2_ws/install/custom_interfaces/share/custom_interfaces/package.dsv
[3.119s] -- Up-to-date: /home/sunny/ros2_ws/install/custom_interfaces/share/ament_index/resource_index/packages/custom_interfaces
[3.120s] -- Up-to-date: /home/sunny/ros2_ws/install/custom_interfaces/share/custom_interfaces/cmake/export_custom_interfaces__rosidl_generator_cExport.cmake
[3.120s] -- Up-to-date: /home/sunny/ros2_ws/install/custom_interfaces/share/custom_interfaces/cmake/export_custom_interfaces__rosidl_generator_cExport-noconfig.cmake
[3.120s] -- Up-to-date: /home/sunny/ros2_ws/install/custom_interfaces/share/custom_interfaces/cmake/export_custom_interfaces__rosidl_typesupport_fastrtps_cExport.cmake
[3.120s] -- Up-to-date: /home/sunny/ros2_ws/install/custom_interfaces/share/custom_interfaces/cmake/export_custom_interfaces__rosidl_typesupport_fastrtps_cExport-noconfig.cmake
[3.120s] -- Up-to-date: /home/sunny/ros2_ws/install/custom_interfaces/share/custom_interfaces/cmake/custom_interfaces__rosidl_typesupport_introspection_cExport.cmake
[3.120s] -- Up-to-date: /home/sunny/ros2_ws/install/custom_interfaces/share/custom_interfaces/cmake/custom_interfaces__rosidl_typesupport_introspection_cExport-noconfig.cmake
[3.120s] -- Up-to-date: /home/sunny/ros2_ws/install/custom_interfaces/share/custom_interfaces/cmake/custom_interfaces__rosidl_typesupport_cExport.cmake
[3.120s] -- Up-to-date: /home/sunny/ros2_ws/install/custom_interfaces/share/custom_interfaces/cmake/custom_interfaces__rosidl_typesupport_cExport-noconfig.cmake
[3.121s] -- Up-to-date: /home/sunny/ros2_ws/install/custom_interfaces/share/custom_interfaces/cmake/export_custom_interfaces__rosidl_generator_cppExport.cmake
[3.121s] -- Up-to-date: /home/sunny/ros2_ws/install/custom_interfaces/share/custom_interfaces/cmake/export_custom_interfaces__rosidl_typesupport_fastrtps_cppExport.cmake
[3.121s] -- Up-to-date: /home/sunny/ros2_ws/install/custom_interfaces/share/custom_interfaces/cmake/export_custom_interfaces__rosidl_typesupport_fastrtps_cppExport-noconfig.cmake
[3.121s] -- Up-to-date: /home/sunny/ros2_ws/install/custom_interfaces/share/custom_interfaces/cmake/custom_interfaces__rosidl_typesupport_introspection_cppExport.cmake
[3.121s] -- Up-to-date: /home/sunny/ros2_ws/install/custom_interfaces/share/custom_interfaces/cmake/custom_interfaces__rosidl_typesupport_introspection_cppExport-noconfig.cmake
[3.121s] -- Up-to-date: /home/sunny/ros2_ws/install/custom_interfaces/share/custom_interfaces/cmake/custom_interfaces__rosidl_typesupport_cppExport.cmake
[3.121s] -- Up-to-date: /home/sunny/ros2_ws/install/custom_interfaces/share/custom_interfaces/cmake/custom_interfaces__rosidl_typesupport_cppExport-noconfig.cmake
[3.122s] -- Up-to-date: /home/sunny/ros2_ws/install/custom_interfaces/share/custom_interfaces/cmake/export_custom_interfaces__rosidl_generator_pyExport.cmake
[3.122s] -- Up-to-date: /home/sunny/ros2_ws/install/custom_interfaces/share/custom_interfaces/cmake/export_custom_interfaces__rosidl_generator_pyExport-noconfig.cmake
[3.122s] -- Up-to-date: /home/sunny/ros2_ws/install/custom_interfaces/share/custom_interfaces/cmake/rosidl_cmake-extras.cmake
[3.122s] -- Up-to-date: /home/sunny/ros2_ws/install/custom_interfaces/share/custom_interfaces/cmake/ament_cmake_export_include_directories-extras.cmake
[3.122s] -- Up-to-date: /home/sunny/ros2_ws/install/custom_interfaces/share/custom_interfaces/cmake/ament_cmake_export_libraries-extras.cmake
[3.122s] -- Up-to-date: /home/sunny/ros2_ws/install/custom_interfaces/share/custom_interfaces/cmake/ament_cmake_export_targets-extras.cmake
[3.122s] -- Up-to-date: /home/sunny/ros2_ws/install/custom_interfaces/share/custom_interfaces/cmake/rosidl_cmake_export_typesupport_targets-extras.cmake
[3.122s] -- Up-to-date: /home/sunny/ros2_ws/install/custom_interfaces/share/custom_interfaces/cmake/ament_cmake_export_dependencies-extras.cmake
[3.122s] -- Up-to-date: /home/sunny/ros2_ws/install/custom_interfaces/share/custom_interfaces/cmake/rosidl_cmake_export_typesupport_libraries-extras.cmake
[3.123s] -- Up-to-date: /home/sunny/ros2_ws/install/custom_interfaces/share/custom_interfaces/cmake/custom_interfacesConfig.cmake
[3.123s] -- Up-to-date: /home/sunny/ros2_ws/install/custom_interfaces/share/custom_interfaces/cmake/custom_interfacesConfig-version.cmake
[3.123s] -- Up-to-date: /home/sunny/ros2_ws/install/custom_interfaces/share/custom_interfaces/package.xml
[3.125s] Invoked command in '/home/sunny/ros2_ws/build/custom_interfaces' returned '0': CMAKE_PREFIX_PATH=${CMAKE_PREFIX_PATH}:/home/sunny/ros2_ws/install/py_proj:/opt/ros/humble /usr/bin/cmake --install /home/sunny/ros2_ws/build/custom_interfaces
