[0.007s] Invoking command in '/home/sunny/ros2_ws/build/turtlesim': CMAKE_PREFIX_PATH=/opt/ros/humble /usr/bin/cmake /home/sunny/ros2_ws/src/ros_tutorials/turtlesim -DCMAKE_INSTALL_PREFIX=/home/sunny/ros2_ws/install/turtlesim
[0.056s] -- The C compiler identification is GNU 11.4.0
[0.103s] -- The CXX compiler identification is GNU 11.4.0
[0.109s] -- Detecting C compiler ABI info
[0.169s] -- Detecting C compiler ABI info - done
[0.175s] -- Check for working C compiler: /usr/bin/cc - skipped
[0.176s] -- Detecting C compile features
[0.176s] -- Detecting C compile features - done
[0.179s] -- Detecting CXX compiler ABI info
[0.248s] -- Detecting CXX compiler ABI info - done
[0.255s] -- Check for working CXX compiler: /usr/bin/c++ - skipped
[0.255s] -- Detecting CXX compile features
[0.256s] -- Detecting CXX compile features - done
[0.258s] -- Found ament_cmake: 1.3.9 (/opt/ros/humble/share/ament_cmake/cmake)
[0.383s] -- Found Python3: /usr/bin/python3 (found version "3.10.12") found components: Interpreter 
[0.454s] -- Found ament_index_cpp: 1.4.0 (/opt/ros/humble/share/ament_index_cpp/cmake)
[0.456s] -- Found geometry_msgs: 4.2.4 (/opt/ros/humble/share/geometry_msgs/cmake)
[0.486s] -- Found rosidl_generator_c: 3.1.5 (/opt/ros/humble/share/rosidl_generator_c/cmake)
[0.491s] -- Found rosidl_adapter: 3.1.5 (/opt/ros/humble/share/rosidl_adapter/cmake)
[0.499s] -- Found rosidl_generator_cpp: 3.1.5 (/opt/ros/humble/share/rosidl_generator_cpp/cmake)
[0.510s] -- Using all available rosidl_typesupport_c: rosidl_typesupport_fastrtps_c;rosidl_typesupport_introspection_c
[0.527s] -- Using all available rosidl_typesupport_cpp: rosidl_typesupport_fastrtps_cpp;rosidl_typesupport_introspection_cpp
[0.655s] -- Found rclcpp: 16.0.9 (/opt/ros/humble/share/rclcpp/cmake)
[0.704s] -- Found rmw_implementation_cmake: 6.1.2 (/opt/ros/humble/share/rmw_implementation_cmake/cmake)
[0.706s] -- Found rmw_fastrtps_cpp: 6.2.6 (/opt/ros/humble/share/rmw_fastrtps_cpp/cmake)
[0.793s] -- Found OpenSSL: /usr/lib/x86_64-linux-gnu/libcrypto.so (found version "3.0.2")  
[0.823s] -- Found FastRTPS: /opt/ros/humble/include  
[0.862s] -- Using RMW implementation 'rmw_fastrtps_cpp' as default
[0.870s] -- Looking for pthread.h
[0.931s] -- Looking for pthread.h - found
[0.931s] -- Performing Test CMAKE_HAVE_LIBC_PTHREAD
[0.993s] -- Performing Test CMAKE_HAVE_LIBC_PTHREAD - Success
[0.994s] -- Found Threads: TRUE  
[1.111s] -- Found rclcpp_action: 16.0.9 (/opt/ros/humble/share/rclcpp_action/cmake)
[1.196s] -- Found rosidl_default_generators: 1.2.0 (/opt/ros/humble/share/rosidl_default_generators/cmake)
[1.206s] -- Found std_srvs: 4.2.4 (/opt/ros/humble/share/std_srvs/cmake)
[1.488s] -- Found ament_cmake_ros: 0.10.0 (/opt/ros/humble/share/ament_cmake_ros/cmake)
[1.762s] -- Using all available rosidl_typesupport_c: rosidl_typesupport_fastrtps_c;rosidl_typesupport_introspection_c
[1.867s] -- Using all available rosidl_typesupport_cpp: rosidl_typesupport_fastrtps_cpp;rosidl_typesupport_introspection_cpp
[1.886s] -- Found PythonInterp: /usr/bin/python3 (found suitable version "3.10.12", minimum required is "3.6") 
[1.888s] -- Found python_cmake_module: 0.10.0 (/opt/ros/humble/share/python_cmake_module/cmake)
[1.910s] -- Found PythonLibs: /usr/lib/x86_64-linux-gnu/libpython3.10.so (found suitable version "3.10.12", minimum required is "3.5") 
[1.910s] -- Using PYTHON_EXECUTABLE: /usr/bin/python3
[1.911s] -- Using PYTHON_INCLUDE_DIRS: /usr/include/python3.10
[1.911s] -- Using PYTHON_LIBRARIES: /usr/lib/x86_64-linux-gnu/libpython3.10.so
[1.929s] -- Found PythonExtra: .so  
[1.977s] -- Configuring done
[2.035s] -- Generating done
[2.037s] -- Build files have been written to: /home/sunny/ros2_ws/build/turtlesim
[2.049s] Invoked command in '/home/sunny/ros2_ws/build/turtlesim' returned '0': CMAKE_PREFIX_PATH=/opt/ros/humble /usr/bin/cmake /home/sunny/ros2_ws/src/ros_tutorials/turtlesim -DCMAKE_INSTALL_PREFIX=/home/sunny/ros2_ws/install/turtlesim
[2.050s] Invoking command in '/home/sunny/ros2_ws/build/turtlesim': CMAKE_PREFIX_PATH=/opt/ros/humble /usr/bin/cmake --build /home/sunny/ros2_ws/build/turtlesim -- -j8 -l8
[2.088s] [  1%] [34m[1mGenerating C code for ROS interfaces[0m
[2.097s] [  2%] [34m[1mGenerating C++ code for ROS interfaces[0m
[2.104s] [  2%] Built target ament_cmake_python_copy_turtlesim
[2.324s] running egg_info
[2.325s] creating turtlesim.egg-info
[2.325s] writing turtlesim.egg-info/PKG-INFO
[2.325s] writing dependency_links to turtlesim.egg-info/dependency_links.txt
[2.325s] writing top-level names to turtlesim.egg-info/top_level.txt
[2.325s] writing manifest file 'turtlesim.egg-info/SOURCES.txt'
[2.327s] reading manifest file 'turtlesim.egg-info/SOURCES.txt'
[2.327s] writing manifest file 'turtlesim.egg-info/SOURCES.txt'
[2.353s] [  2%] Built target ament_cmake_python_build_turtlesim_egg
[2.908s] [  2%] Built target turtlesim__cpp
[2.920s] [  3%] [34m[1mGenerating C++ type support dispatch for ROS interfaces[0m
[2.921s] [  4%] [34m[1mGenerating C++ type support for eProsima Fast-RTPS[0m
[2.925s] [  5%] [34m[1mGenerating C++ introspection for ROS interfaces[0m
[3.018s] [  7%] [32mBuilding C object CMakeFiles/turtlesim__rosidl_generator_c.dir/rosidl_generator_c/turtlesim/msg/detail/color__functions.c.o[0m
[3.019s] [  7%] [32mBuilding C object CMakeFiles/turtlesim__rosidl_generator_c.dir/rosidl_generator_c/turtlesim/action/detail/rotate_absolute__functions.c.o[0m
[3.019s] [  8%] [32mBuilding C object CMakeFiles/turtlesim__rosidl_generator_c.dir/rosidl_generator_c/turtlesim/msg/detail/pose__functions.c.o[0m
[3.019s] [  9%] [32mBuilding C object CMakeFiles/turtlesim__rosidl_generator_c.dir/rosidl_generator_c/turtlesim/srv/detail/set_pen__functions.c.o[0m
[3.024s] [ 10%] [32mBuilding C object CMakeFiles/turtlesim__rosidl_generator_c.dir/rosidl_generator_c/turtlesim/srv/detail/kill__functions.c.o[0m
[3.096s] [ 11%] [32mBuilding C object CMakeFiles/turtlesim__rosidl_generator_c.dir/rosidl_generator_c/turtlesim/srv/detail/spawn__functions.c.o[0m
[3.102s] [ 12%] [32mBuilding C object CMakeFiles/turtlesim__rosidl_generator_c.dir/rosidl_generator_c/turtlesim/srv/detail/teleport_absolute__functions.c.o[0m
[3.109s] [ 13%] [32mBuilding C object CMakeFiles/turtlesim__rosidl_generator_c.dir/rosidl_generator_c/turtlesim/srv/detail/teleport_relative__functions.c.o[0m
[3.197s] [ 14%] [32m[1mLinking C shared library libturtlesim__rosidl_generator_c.so[0m
[3.233s] [ 14%] Built target turtlesim__rosidl_generator_c
[3.248s] [ 15%] [34m[1mGenerating C type support dispatch for ROS interfaces[0m
[3.248s] [ 16%] [34m[1mGenerating C type support for eProsima Fast-RTPS[0m
[3.249s] [ 17%] [34m[1mGenerating C introspection for ROS interfaces[0m
[3.605s] [ 19%] [32mBuilding CXX object CMakeFiles/turtlesim__rosidl_typesupport_cpp.dir/rosidl_typesupport_cpp/turtlesim/msg/color__type_support.cpp.o[0m
[3.606s] [ 19%] [32mBuilding CXX object CMakeFiles/turtlesim__rosidl_typesupport_cpp.dir/rosidl_typesupport_cpp/turtlesim/action/rotate_absolute__type_support.cpp.o[0m
[3.610s] [ 20%] [32mBuilding CXX object CMakeFiles/turtlesim__rosidl_typesupport_cpp.dir/rosidl_typesupport_cpp/turtlesim/msg/pose__type_support.cpp.o[0m
[4.026s] [ 21%] [32mBuilding CXX object CMakeFiles/turtlesim__rosidl_typesupport_cpp.dir/rosidl_typesupport_cpp/turtlesim/srv/kill__type_support.cpp.o[0m
[4.039s] [ 22%] [32mBuilding CXX object CMakeFiles/turtlesim__rosidl_typesupport_cpp.dir/rosidl_typesupport_cpp/turtlesim/srv/set_pen__type_support.cpp.o[0m
[4.128s] [ 23%] [32mBuilding CXX object CMakeFiles/turtlesim__rosidl_typesupport_introspection_cpp.dir/rosidl_typesupport_introspection_cpp/turtlesim/action/detail/rotate_absolute__type_support.cpp.o[0m
[4.194s] [ 24%] [32mBuilding CXX object CMakeFiles/turtlesim__rosidl_typesupport_fastrtps_cpp.dir/rosidl_typesupport_fastrtps_cpp/turtlesim/action/detail/dds_fastrtps/rotate_absolute__type_support.cpp.o[0m
[4.353s] [ 25%] [32mBuilding CXX object CMakeFiles/turtlesim__rosidl_typesupport_c.dir/rosidl_typesupport_c/turtlesim/action/rotate_absolute__type_support.cpp.o[0m
[4.361s] [ 26%] [32mBuilding CXX object CMakeFiles/turtlesim__rosidl_typesupport_cpp.dir/rosidl_typesupport_cpp/turtlesim/srv/spawn__type_support.cpp.o[0m
[4.434s] [ 27%] [32mBuilding CXX object CMakeFiles/turtlesim__rosidl_typesupport_c.dir/rosidl_typesupport_c/turtlesim/msg/color__type_support.cpp.o[0m
[4.445s] [ 28%] [32mBuilding CXX object CMakeFiles/turtlesim__rosidl_typesupport_cpp.dir/rosidl_typesupport_cpp/turtlesim/srv/teleport_absolute__type_support.cpp.o[0m
[4.445s] [ 29%] [32mBuilding CXX object CMakeFiles/turtlesim__rosidl_typesupport_cpp.dir/rosidl_typesupport_cpp/turtlesim/srv/teleport_relative__type_support.cpp.o[0m
[4.489s] [ 30%] [32mBuilding CXX object CMakeFiles/turtlesim__rosidl_typesupport_c.dir/rosidl_typesupport_c/turtlesim/msg/pose__type_support.cpp.o[0m
[4.539s] [ 31%] [32mBuilding CXX object CMakeFiles/turtlesim__rosidl_typesupport_c.dir/rosidl_typesupport_c/turtlesim/srv/kill__type_support.cpp.o[0m
[4.590s] [ 32%] [32mBuilding CXX object CMakeFiles/turtlesim__rosidl_typesupport_c.dir/rosidl_typesupport_c/turtlesim/srv/set_pen__type_support.cpp.o[0m
[4.638s] [ 33%] [32mBuilding CXX object CMakeFiles/turtlesim__rosidl_typesupport_c.dir/rosidl_typesupport_c/turtlesim/srv/spawn__type_support.cpp.o[0m
[4.703s] [ 34%] [32mBuilding CXX object CMakeFiles/turtlesim__rosidl_typesupport_c.dir/rosidl_typesupport_c/turtlesim/srv/teleport_absolute__type_support.cpp.o[0m
[4.768s] [ 35%] [32mBuilding CXX object CMakeFiles/turtlesim__rosidl_typesupport_c.dir/rosidl_typesupport_c/turtlesim/srv/teleport_relative__type_support.cpp.o[0m
[4.802s] [ 36%] [32mBuilding CXX object CMakeFiles/turtlesim__rosidl_typesupport_fastrtps_cpp.dir/rosidl_typesupport_fastrtps_cpp/turtlesim/msg/detail/dds_fastrtps/color__type_support.cpp.o[0m
[4.823s] [ 37%] [32m[1mLinking CXX shared library libturtlesim__rosidl_typesupport_c.so[0m
[4.840s] [ 38%] [32mBuilding CXX object CMakeFiles/turtlesim__rosidl_typesupport_fastrtps_c.dir/rosidl_typesupport_fastrtps_c/turtlesim/action/detail/rotate_absolute__type_support_c.cpp.o[0m
[4.852s] [ 39%] [32mBuilding C object CMakeFiles/turtlesim__rosidl_typesupport_introspection_c.dir/rosidl_typesupport_introspection_c/turtlesim/action/detail/rotate_absolute__type_support.c.o[0m
[4.855s] [ 41%] [32mBuilding CXX object CMakeFiles/turtlesim__rosidl_typesupport_fastrtps_c.dir/rosidl_typesupport_fastrtps_c/turtlesim/msg/detail/color__type_support_c.cpp.o[0m
[4.856s] [ 41%] [32m[1mLinking CXX shared library libturtlesim__rosidl_typesupport_cpp.so[0m
[4.893s] [ 41%] Built target turtlesim__rosidl_typesupport_c
[4.906s] [ 42%] [32mBuilding C object CMakeFiles/turtlesim__rosidl_typesupport_introspection_c.dir/rosidl_typesupport_introspection_c/turtlesim/msg/detail/color__type_support.c.o[0m
[4.917s] [ 42%] Built target turtlesim__rosidl_typesupport_cpp
[4.931s] [ 43%] [34m[1mGenerating include/turtlesim/moc_turtle_frame.cpp[0m
[4.941s] [ 44%] [32mBuilding CXX object CMakeFiles/turtlesim__rosidl_typesupport_fastrtps_cpp.dir/rosidl_typesupport_fastrtps_cpp/turtlesim/msg/detail/dds_fastrtps/pose__type_support.cpp.o[0m
[4.966s] [ 45%] [32mBuilding C object CMakeFiles/turtlesim__rosidl_typesupport_introspection_c.dir/rosidl_typesupport_introspection_c/turtlesim/msg/detail/pose__type_support.c.o[0m
[5.014s] [ 46%] [32mBuilding C object CMakeFiles/turtlesim__rosidl_typesupport_introspection_c.dir/rosidl_typesupport_introspection_c/turtlesim/srv/detail/kill__type_support.c.o[0m
[5.080s] [ 47%] [32mBuilding CXX object CMakeFiles/turtlesim__rosidl_typesupport_introspection_cpp.dir/rosidl_typesupport_introspection_cpp/turtlesim/msg/detail/color__type_support.cpp.o[0m
[5.086s] [ 48%] [32mBuilding C object CMakeFiles/turtlesim__rosidl_typesupport_introspection_c.dir/rosidl_typesupport_introspection_c/turtlesim/srv/detail/set_pen__type_support.c.o[0m
[5.101s] [ 49%] [32mBuilding C object CMakeFiles/turtlesim__rosidl_typesupport_introspection_c.dir/rosidl_typesupport_introspection_c/turtlesim/srv/detail/spawn__type_support.c.o[0m
[5.110s] [ 50%] [32mBuilding CXX object CMakeFiles/turtlesim_node.dir/src/turtlesim.cpp.o[0m
[5.166s] [ 51%] [32mBuilding CXX object CMakeFiles/turtlesim__rosidl_typesupport_introspection_cpp.dir/rosidl_typesupport_introspection_cpp/turtlesim/msg/detail/pose__type_support.cpp.o[0m
[5.180s] [ 52%] [32mBuilding C object CMakeFiles/turtlesim__rosidl_typesupport_introspection_c.dir/rosidl_typesupport_introspection_c/turtlesim/srv/detail/teleport_absolute__type_support.c.o[0m
[5.237s] [ 53%] [32mBuilding C object CMakeFiles/turtlesim__rosidl_typesupport_introspection_c.dir/rosidl_typesupport_introspection_c/turtlesim/srv/detail/teleport_relative__type_support.c.o[0m
[5.296s] [ 54%] [32m[1mLinking C shared library libturtlesim__rosidl_typesupport_introspection_c.so[0m
[5.359s] [ 54%] Built target turtlesim__rosidl_typesupport_introspection_c
[5.372s] [ 55%] [32mBuilding CXX object CMakeFiles/turtlesim__rosidl_typesupport_fastrtps_c.dir/rosidl_typesupport_fastrtps_c/turtlesim/msg/detail/pose__type_support_c.cpp.o[0m
[5.379s] [ 56%] [32mBuilding CXX object CMakeFiles/turtle_teleop_key.dir/tutorials/teleop_turtle_key.cpp.o[0m
[5.414s] [ 57%] [32mBuilding CXX object CMakeFiles/turtlesim__rosidl_typesupport_fastrtps_cpp.dir/rosidl_typesupport_fastrtps_cpp/turtlesim/srv/detail/dds_fastrtps/kill__type_support.cpp.o[0m
[5.427s] [ 58%] [32mBuilding CXX object CMakeFiles/turtlesim__rosidl_typesupport_fastrtps_c.dir/rosidl_typesupport_fastrtps_c/turtlesim/srv/detail/kill__type_support_c.cpp.o[0m
[5.595s] [ 59%] [32mBuilding CXX object CMakeFiles/turtlesim__rosidl_typesupport_fastrtps_cpp.dir/rosidl_typesupport_fastrtps_cpp/turtlesim/srv/detail/dds_fastrtps/set_pen__type_support.cpp.o[0m
[5.654s] [ 60%] [32mBuilding CXX object CMakeFiles/turtlesim__rosidl_typesupport_introspection_cpp.dir/rosidl_typesupport_introspection_cpp/turtlesim/srv/detail/kill__type_support.cpp.o[0m
[5.842s] [ 61%] [32mBuilding CXX object CMakeFiles/turtlesim__rosidl_typesupport_introspection_cpp.dir/rosidl_typesupport_introspection_cpp/turtlesim/srv/detail/set_pen__type_support.cpp.o[0m
[5.948s] [ 62%] [32mBuilding CXX object CMakeFiles/turtlesim__rosidl_typesupport_fastrtps_cpp.dir/rosidl_typesupport_fastrtps_cpp/turtlesim/srv/detail/dds_fastrtps/spawn__type_support.cpp.o[0m
[5.953s] [ 63%] [32mBuilding CXX object CMakeFiles/turtlesim__rosidl_typesupport_fastrtps_c.dir/rosidl_typesupport_fastrtps_c/turtlesim/srv/detail/set_pen__type_support_c.cpp.o[0m
[6.165s] [ 64%] [32mBuilding CXX object CMakeFiles/turtlesim__rosidl_typesupport_fastrtps_c.dir/rosidl_typesupport_fastrtps_c/turtlesim/srv/detail/spawn__type_support_c.cpp.o[0m
[6.307s] [ 65%] [32mBuilding CXX object CMakeFiles/turtlesim__rosidl_typesupport_introspection_cpp.dir/rosidl_typesupport_introspection_cpp/turtlesim/srv/detail/spawn__type_support.cpp.o[0m
[6.358s] [ 66%] [32mBuilding CXX object CMakeFiles/turtlesim__rosidl_typesupport_fastrtps_c.dir/rosidl_typesupport_fastrtps_c/turtlesim/srv/detail/teleport_absolute__type_support_c.cpp.o[0m
[6.403s] [ 67%] [32mBuilding CXX object CMakeFiles/turtlesim__rosidl_typesupport_introspection_cpp.dir/rosidl_typesupport_introspection_cpp/turtlesim/srv/detail/teleport_absolute__type_support.cpp.o[0m
[6.500s] [ 68%] [32mBuilding CXX object CMakeFiles/turtlesim__rosidl_typesupport_fastrtps_c.dir/rosidl_typesupport_fastrtps_c/turtlesim/srv/detail/teleport_relative__type_support_c.cpp.o[0m
[6.589s] [ 69%] [32mBuilding CXX object CMakeFiles/turtlesim__rosidl_typesupport_fastrtps_cpp.dir/rosidl_typesupport_fastrtps_cpp/turtlesim/srv/detail/dds_fastrtps/teleport_absolute__type_support.cpp.o[0m
[6.914s] [ 70%] [32mBuilding CXX object CMakeFiles/turtlesim__rosidl_typesupport_fastrtps_cpp.dir/rosidl_typesupport_fastrtps_cpp/turtlesim/srv/detail/dds_fastrtps/teleport_relative__type_support.cpp.o[0m
[6.927s] [ 71%] [32mBuilding CXX object CMakeFiles/turtlesim__rosidl_typesupport_introspection_cpp.dir/rosidl_typesupport_introspection_cpp/turtlesim/srv/detail/teleport_relative__type_support.cpp.o[0m
[6.991s] [ 72%] [32mBuilding CXX object CMakeFiles/draw_square.dir/tutorials/draw_square.cpp.o[0m
[7.015s] [ 73%] [32m[1mLinking CXX shared library libturtlesim__rosidl_typesupport_fastrtps_c.so[0m
[7.076s] [ 74%] [32mBuilding CXX object CMakeFiles/mimic.dir/tutorials/mimic.cpp.o[0m
[7.153s] [ 74%] Built target turtlesim__rosidl_typesupport_fastrtps_c
[7.166s] [ 75%] [32mBuilding CXX object CMakeFiles/turtlesim_node.dir/src/turtle.cpp.o[0m
[7.251s] [ 76%] [32mBuilding CXX object CMakeFiles/turtlesim_node.dir/src/turtle_frame.cpp.o[0m
[7.552s] [ 77%] [32m[1mLinking CXX shared library libturtlesim__rosidl_typesupport_fastrtps_cpp.so[0m
[7.668s] [ 78%] [32m[1mLinking CXX shared library libturtlesim__rosidl_typesupport_introspection_cpp.so[0m
[7.737s] [ 78%] Built target turtlesim__rosidl_typesupport_fastrtps_cpp
[7.750s] [ 79%] [32mBuilding CXX object CMakeFiles/turtlesim_node.dir/include/turtlesim/moc_turtle_frame.cpp.o[0m
[7.825s] [ 79%] Built target turtlesim__rosidl_typesupport_introspection_cpp
[7.897s] [ 79%] Built target turtlesim
[7.955s] [ 80%] [34m[1mGenerating Python code for ROS interfaces[0m
[11.345s] [ 80%] Built target turtlesim__py
[11.376s] [ 81%] [32mBuilding C object CMakeFiles/turtlesim__rosidl_generator_py.dir/rosidl_generator_py/turtlesim/action/_rotate_absolute_s.c.o[0m
[11.806s] [ 82%] [32mBuilding C object CMakeFiles/turtlesim__rosidl_generator_py.dir/rosidl_generator_py/turtlesim/msg/_color_s.c.o[0m
[11.943s] [ 83%] [32mBuilding C object CMakeFiles/turtlesim__rosidl_generator_py.dir/rosidl_generator_py/turtlesim/msg/_pose_s.c.o[0m
[12.020s] [ 84%] [32mBuilding C object CMakeFiles/turtlesim__rosidl_generator_py.dir/rosidl_generator_py/turtlesim/srv/_kill_s.c.o[0m
[12.129s] [ 85%] [32mBuilding C object CMakeFiles/turtlesim__rosidl_generator_py.dir/rosidl_generator_py/turtlesim/srv/_set_pen_s.c.o[0m
[12.180s] [ 86%] [32mBuilding C object CMakeFiles/turtlesim__rosidl_generator_py.dir/rosidl_generator_py/turtlesim/srv/_spawn_s.c.o[0m
[12.346s] [ 87%] [32mBuilding C object CMakeFiles/turtlesim__rosidl_generator_py.dir/rosidl_generator_py/turtlesim/srv/_teleport_absolute_s.c.o[0m
[12.407s] [ 88%] [32mBuilding C object CMakeFiles/turtlesim__rosidl_generator_py.dir/rosidl_generator_py/turtlesim/srv/_teleport_relative_s.c.o[0m
[12.599s] [ 89%] [32m[1mLinking C shared library rosidl_generator_py/turtlesim/libturtlesim__rosidl_generator_py.so[0m
[12.663s] [ 89%] Built target turtlesim__rosidl_generator_py
[12.703s] [ 90%] [32mBuilding C object CMakeFiles/turtlesim__rosidl_typesupport_introspection_c__pyext.dir/rosidl_generator_py/turtlesim/_turtlesim_s.ep.rosidl_typesupport_introspection_c.c.o[0m
[12.738s] [ 91%] [32mBuilding C object CMakeFiles/turtlesim__rosidl_typesupport_fastrtps_c__pyext.dir/rosidl_generator_py/turtlesim/_turtlesim_s.ep.rosidl_typesupport_fastrtps_c.c.o[0m
[12.944s] [ 92%] [32m[1mLinking C shared library rosidl_generator_py/turtlesim/turtlesim_s__rosidl_typesupport_introspection_c.cpython-310-x86_64-linux-gnu.so[0m
[13.006s] [ 92%] Built target turtlesim__rosidl_typesupport_introspection_c__pyext
[13.041s] [ 93%] [32mBuilding C object CMakeFiles/turtlesim__rosidl_typesupport_c__pyext.dir/rosidl_generator_py/turtlesim/_turtlesim_s.ep.rosidl_typesupport_c.c.o[0m
[13.052s] [ 94%] [32m[1mLinking C shared library rosidl_generator_py/turtlesim/turtlesim_s__rosidl_typesupport_fastrtps_c.cpython-310-x86_64-linux-gnu.so[0m
[13.109s] [ 94%] Built target turtlesim__rosidl_typesupport_fastrtps_c__pyext
[13.334s] [ 95%] [32m[1mLinking C shared library rosidl_generator_py/turtlesim/turtlesim_s__rosidl_typesupport_c.cpython-310-x86_64-linux-gnu.so[0m
[13.394s] [ 95%] Built target turtlesim__rosidl_typesupport_c__pyext
[14.102s] [ 96%] [32m[1mLinking CXX executable turtle_teleop_key[0m
[14.381s] [ 96%] Built target turtle_teleop_key
[18.068s] [ 97%] [32m[1mLinking CXX executable mimic[0m
[18.638s] [ 97%] Built target mimic
[18.868s] [ 98%] [32m[1mLinking CXX executable draw_square[0m
[19.330s] [ 98%] Built target draw_square
[21.943s] [100%] [32m[1mLinking CXX executable turtlesim_node[0m
[23.832s] [100%] Built target turtlesim_node
[23.843s] Invoked command in '/home/sunny/ros2_ws/build/turtlesim' returned '0': CMAKE_PREFIX_PATH=/opt/ros/humble /usr/bin/cmake --build /home/sunny/ros2_ws/build/turtlesim -- -j8 -l8
[24.032s] Invoking command in '/home/sunny/ros2_ws/build/turtlesim': CMAKE_PREFIX_PATH=/opt/ros/humble /usr/bin/cmake --install /home/sunny/ros2_ws/build/turtlesim
[24.039s] -- Install configuration: ""
[24.039s] -- Installing: /home/sunny/ros2_ws/install/turtlesim/share/ament_index/resource_index/rosidl_interfaces/turtlesim
[24.039s] -- Installing: /home/sunny/ros2_ws/install/turtlesim/include/turtlesim/turtlesim
[24.039s] -- Installing: /home/sunny/ros2_ws/install/turtlesim/include/turtlesim/turtlesim/msg
[24.040s] -- Installing: /home/sunny/ros2_ws/install/turtlesim/include/turtlesim/turtlesim/msg/color.h
[24.040s] -- Installing: /home/sunny/ros2_ws/install/turtlesim/include/turtlesim/turtlesim/msg/detail
[24.040s] -- Installing: /home/sunny/ros2_ws/install/turtlesim/include/turtlesim/turtlesim/msg/detail/color__functions.c
[24.040s] -- Installing: /home/sunny/ros2_ws/install/turtlesim/include/turtlesim/turtlesim/msg/detail/pose__functions.c
[24.040s] -- Installing: /home/sunny/ros2_ws/install/turtlesim/include/turtlesim/turtlesim/msg/detail/pose__type_support.h
[24.040s] -- Installing: /home/sunny/ros2_ws/install/turtlesim/include/turtlesim/turtlesim/msg/detail/pose__struct.h
[24.040s] -- Installing: /home/sunny/ros2_ws/install/turtlesim/include/turtlesim/turtlesim/msg/detail/pose__functions.h
[24.040s] -- Installing: /home/sunny/ros2_ws/install/turtlesim/include/turtlesim/turtlesim/msg/detail/color__functions.h
[24.040s] -- Installing: /home/sunny/ros2_ws/install/turtlesim/include/turtlesim/turtlesim/msg/detail/color__struct.h
[24.040s] -- Installing: /home/sunny/ros2_ws/install/turtlesim/include/turtlesim/turtlesim/msg/detail/color__type_support.h
[24.041s] -- Installing: /home/sunny/ros2_ws/install/turtlesim/include/turtlesim/turtlesim/msg/pose.h
[24.041s] -- Installing: /home/sunny/ros2_ws/install/turtlesim/include/turtlesim/turtlesim/msg/rosidl_generator_c__visibility_control.h
[24.041s] -- Installing: /home/sunny/ros2_ws/install/turtlesim/include/turtlesim/turtlesim/srv
[24.041s] -- Installing: /home/sunny/ros2_ws/install/turtlesim/include/turtlesim/turtlesim/srv/set_pen.h
[24.041s] -- Installing: /home/sunny/ros2_ws/install/turtlesim/include/turtlesim/turtlesim/srv/kill.h
[24.041s] -- Installing: /home/sunny/ros2_ws/install/turtlesim/include/turtlesim/turtlesim/srv/teleport_relative.h
[24.041s] -- Installing: /home/sunny/ros2_ws/install/turtlesim/include/turtlesim/turtlesim/srv/teleport_absolute.h
[24.041s] -- Installing: /home/sunny/ros2_ws/install/turtlesim/include/turtlesim/turtlesim/srv/detail
[24.041s] -- Installing: /home/sunny/ros2_ws/install/turtlesim/include/turtlesim/turtlesim/srv/detail/kill__functions.c
[24.041s] -- Installing: /home/sunny/ros2_ws/install/turtlesim/include/turtlesim/turtlesim/srv/detail/kill__type_support.h
[24.042s] -- Installing: /home/sunny/ros2_ws/install/turtlesim/include/turtlesim/turtlesim/srv/detail/kill__struct.h
[24.042s] -- Installing: /home/sunny/ros2_ws/install/turtlesim/include/turtlesim/turtlesim/srv/detail/teleport_relative__functions.h
[24.042s] -- Installing: /home/sunny/ros2_ws/install/turtlesim/include/turtlesim/turtlesim/srv/detail/teleport_relative__struct.h
[24.042s] -- Installing: /home/sunny/ros2_ws/install/turtlesim/include/turtlesim/turtlesim/srv/detail/set_pen__functions.c
[24.042s] -- Installing: /home/sunny/ros2_ws/install/turtlesim/include/turtlesim/turtlesim/srv/detail/teleport_absolute__functions.h
[24.042s] -- Installing: /home/sunny/ros2_ws/install/turtlesim/include/turtlesim/turtlesim/srv/detail/teleport_absolute__struct.h
[24.042s] -- Installing: /home/sunny/ros2_ws/install/turtlesim/include/turtlesim/turtlesim/srv/detail/set_pen__functions.h
[24.042s] -- Installing: /home/sunny/ros2_ws/install/turtlesim/include/turtlesim/turtlesim/srv/detail/spawn__functions.h
[24.043s] -- Installing: /home/sunny/ros2_ws/install/turtlesim/include/turtlesim/turtlesim/srv/detail/spawn__type_support.h
[24.043s] -- Installing: /home/sunny/ros2_ws/install/turtlesim/include/turtlesim/turtlesim/srv/detail/teleport_absolute__type_support.h
[24.043s] -- Installing: /home/sunny/ros2_ws/install/turtlesim/include/turtlesim/turtlesim/srv/detail/spawn__functions.c
[24.043s] -- Installing: /home/sunny/ros2_ws/install/turtlesim/include/turtlesim/turtlesim/srv/detail/set_pen__struct.h
[24.043s] -- Installing: /home/sunny/ros2_ws/install/turtlesim/include/turtlesim/turtlesim/srv/detail/kill__functions.h
[24.043s] -- Installing: /home/sunny/ros2_ws/install/turtlesim/include/turtlesim/turtlesim/srv/detail/teleport_relative__functions.c
[24.043s] -- Installing: /home/sunny/ros2_ws/install/turtlesim/include/turtlesim/turtlesim/srv/detail/set_pen__type_support.h
[24.043s] -- Installing: /home/sunny/ros2_ws/install/turtlesim/include/turtlesim/turtlesim/srv/detail/teleport_absolute__functions.c
[24.044s] -- Installing: /home/sunny/ros2_ws/install/turtlesim/include/turtlesim/turtlesim/srv/detail/teleport_relative__type_support.h
[24.044s] -- Installing: /home/sunny/ros2_ws/install/turtlesim/include/turtlesim/turtlesim/srv/detail/spawn__struct.h
[24.044s] -- Installing: /home/sunny/ros2_ws/install/turtlesim/include/turtlesim/turtlesim/srv/spawn.h
[24.044s] -- Installing: /home/sunny/ros2_ws/install/turtlesim/include/turtlesim/turtlesim/action
[24.044s] -- Installing: /home/sunny/ros2_ws/install/turtlesim/include/turtlesim/turtlesim/action/detail
[24.044s] -- Installing: /home/sunny/ros2_ws/install/turtlesim/include/turtlesim/turtlesim/action/detail/rotate_absolute__struct.h
[24.044s] -- Installing: /home/sunny/ros2_ws/install/turtlesim/include/turtlesim/turtlesim/action/detail/rotate_absolute__type_support.h
[24.044s] -- Installing: /home/sunny/ros2_ws/install/turtlesim/include/turtlesim/turtlesim/action/detail/rotate_absolute__functions.h
[24.045s] -- Installing: /home/sunny/ros2_ws/install/turtlesim/include/turtlesim/turtlesim/action/detail/rotate_absolute__functions.c
[24.045s] -- Installing: /home/sunny/ros2_ws/install/turtlesim/include/turtlesim/turtlesim/action/rotate_absolute.h
[24.045s] -- Installing: /home/sunny/ros2_ws/install/turtlesim/share/turtlesim/environment/library_path.sh
[24.045s] -- Installing: /home/sunny/ros2_ws/install/turtlesim/share/turtlesim/environment/library_path.dsv
[24.045s] -- Installing: /home/sunny/ros2_ws/install/turtlesim/lib/libturtlesim__rosidl_generator_c.so
[24.046s] -- Set runtime path of "/home/sunny/ros2_ws/install/turtlesim/lib/libturtlesim__rosidl_generator_c.so" to ""
[24.046s] -- Up-to-date: /home/sunny/ros2_ws/install/turtlesim/include/turtlesim/turtlesim
[24.046s] -- Up-to-date: /home/sunny/ros2_ws/install/turtlesim/include/turtlesim/turtlesim/msg
[24.046s] -- Installing: /home/sunny/ros2_ws/install/turtlesim/include/turtlesim/turtlesim/msg/rosidl_typesupport_fastrtps_c__visibility_control.h
[24.046s] -- Up-to-date: /home/sunny/ros2_ws/install/turtlesim/include/turtlesim/turtlesim/msg/detail
[24.046s] -- Installing: /home/sunny/ros2_ws/install/turtlesim/include/turtlesim/turtlesim/msg/detail/pose__rosidl_typesupport_fastrtps_c.h
[24.046s] -- Installing: /home/sunny/ros2_ws/install/turtlesim/include/turtlesim/turtlesim/msg/detail/color__rosidl_typesupport_fastrtps_c.h
[24.046s] -- Up-to-date: /home/sunny/ros2_ws/install/turtlesim/include/turtlesim/turtlesim/srv
[24.046s] -- Up-to-date: /home/sunny/ros2_ws/install/turtlesim/include/turtlesim/turtlesim/srv/detail
[24.046s] -- Installing: /home/sunny/ros2_ws/install/turtlesim/include/turtlesim/turtlesim/srv/detail/teleport_relative__rosidl_typesupport_fastrtps_c.h
[24.046s] -- Installing: /home/sunny/ros2_ws/install/turtlesim/include/turtlesim/turtlesim/srv/detail/set_pen__rosidl_typesupport_fastrtps_c.h
[24.046s] -- Installing: /home/sunny/ros2_ws/install/turtlesim/include/turtlesim/turtlesim/srv/detail/teleport_absolute__rosidl_typesupport_fastrtps_c.h
[24.046s] -- Installing: /home/sunny/ros2_ws/install/turtlesim/include/turtlesim/turtlesim/srv/detail/spawn__rosidl_typesupport_fastrtps_c.h
[24.046s] -- Installing: /home/sunny/ros2_ws/install/turtlesim/include/turtlesim/turtlesim/srv/detail/kill__rosidl_typesupport_fastrtps_c.h
[24.047s] -- Up-to-date: /home/sunny/ros2_ws/install/turtlesim/include/turtlesim/turtlesim/action
[24.047s] -- Up-to-date: /home/sunny/ros2_ws/install/turtlesim/include/turtlesim/turtlesim/action/detail
[24.047s] -- Installing: /home/sunny/ros2_ws/install/turtlesim/include/turtlesim/turtlesim/action/detail/rotate_absolute__rosidl_typesupport_fastrtps_c.h
[24.047s] -- Installing: /home/sunny/ros2_ws/install/turtlesim/lib/libturtlesim__rosidl_typesupport_fastrtps_c.so
[24.047s] -- Set runtime path of "/home/sunny/ros2_ws/install/turtlesim/lib/libturtlesim__rosidl_typesupport_fastrtps_c.so" to ""
[24.047s] -- Up-to-date: /home/sunny/ros2_ws/install/turtlesim/include/turtlesim/turtlesim
[24.047s] -- Up-to-date: /home/sunny/ros2_ws/install/turtlesim/include/turtlesim/turtlesim/msg
[24.047s] -- Installing: /home/sunny/ros2_ws/install/turtlesim/include/turtlesim/turtlesim/msg/pose.hpp
[24.047s] -- Installing: /home/sunny/ros2_ws/install/turtlesim/include/turtlesim/turtlesim/msg/color.hpp
[24.047s] -- Up-to-date: /home/sunny/ros2_ws/install/turtlesim/include/turtlesim/turtlesim/msg/detail
[24.048s] -- Installing: /home/sunny/ros2_ws/install/turtlesim/include/turtlesim/turtlesim/msg/detail/pose__builder.hpp
[24.048s] -- Installing: /home/sunny/ros2_ws/install/turtlesim/include/turtlesim/turtlesim/msg/detail/color__struct.hpp
[24.048s] -- Installing: /home/sunny/ros2_ws/install/turtlesim/include/turtlesim/turtlesim/msg/detail/color__traits.hpp
[24.048s] -- Installing: /home/sunny/ros2_ws/install/turtlesim/include/turtlesim/turtlesim/msg/detail/pose__struct.hpp
[24.048s] -- Installing: /home/sunny/ros2_ws/install/turtlesim/include/turtlesim/turtlesim/msg/detail/pose__traits.hpp
[24.048s] -- Installing: /home/sunny/ros2_ws/install/turtlesim/include/turtlesim/turtlesim/msg/detail/color__builder.hpp
[24.048s] -- Up-to-date: /home/sunny/ros2_ws/install/turtlesim/include/turtlesim/turtlesim/srv
[24.048s] -- Installing: /home/sunny/ros2_ws/install/turtlesim/include/turtlesim/turtlesim/srv/teleport_absolute.hpp
[24.048s] -- Installing: /home/sunny/ros2_ws/install/turtlesim/include/turtlesim/turtlesim/srv/teleport_relative.hpp
[24.048s] -- Installing: /home/sunny/ros2_ws/install/turtlesim/include/turtlesim/turtlesim/srv/kill.hpp
[24.048s] -- Installing: /home/sunny/ros2_ws/install/turtlesim/include/turtlesim/turtlesim/srv/set_pen.hpp
[24.049s] -- Up-to-date: /home/sunny/ros2_ws/install/turtlesim/include/turtlesim/turtlesim/srv/detail
[24.049s] -- Installing: /home/sunny/ros2_ws/install/turtlesim/include/turtlesim/turtlesim/srv/detail/teleport_absolute__struct.hpp
[24.049s] -- Installing: /home/sunny/ros2_ws/install/turtlesim/include/turtlesim/turtlesim/srv/detail/spawn__traits.hpp
[24.049s] -- Installing: /home/sunny/ros2_ws/install/turtlesim/include/turtlesim/turtlesim/srv/detail/teleport_absolute__traits.hpp
[24.049s] -- Installing: /home/sunny/ros2_ws/install/turtlesim/include/turtlesim/turtlesim/srv/detail/teleport_absolute__builder.hpp
[24.049s] -- Installing: /home/sunny/ros2_ws/install/turtlesim/include/turtlesim/turtlesim/srv/detail/set_pen__traits.hpp
[24.049s] -- Installing: /home/sunny/ros2_ws/install/turtlesim/include/turtlesim/turtlesim/srv/detail/kill__traits.hpp
[24.049s] -- Installing: /home/sunny/ros2_ws/install/turtlesim/include/turtlesim/turtlesim/srv/detail/kill__builder.hpp
[24.049s] -- Installing: /home/sunny/ros2_ws/install/turtlesim/include/turtlesim/turtlesim/srv/detail/set_pen__struct.hpp
[24.049s] -- Installing: /home/sunny/ros2_ws/install/turtlesim/include/turtlesim/turtlesim/srv/detail/set_pen__builder.hpp
[24.049s] -- Installing: /home/sunny/ros2_ws/install/turtlesim/include/turtlesim/turtlesim/srv/detail/teleport_relative__struct.hpp
[24.050s] -- Installing: /home/sunny/ros2_ws/install/turtlesim/include/turtlesim/turtlesim/srv/detail/spawn__struct.hpp
[24.050s] -- Installing: /home/sunny/ros2_ws/install/turtlesim/include/turtlesim/turtlesim/srv/detail/teleport_relative__traits.hpp
[24.050s] -- Installing: /home/sunny/ros2_ws/install/turtlesim/include/turtlesim/turtlesim/srv/detail/spawn__builder.hpp
[24.050s] -- Installing: /home/sunny/ros2_ws/install/turtlesim/include/turtlesim/turtlesim/srv/detail/kill__struct.hpp
[24.050s] -- Installing: /home/sunny/ros2_ws/install/turtlesim/include/turtlesim/turtlesim/srv/detail/teleport_relative__builder.hpp
[24.050s] -- Installing: /home/sunny/ros2_ws/install/turtlesim/include/turtlesim/turtlesim/srv/spawn.hpp
[24.050s] -- Up-to-date: /home/sunny/ros2_ws/install/turtlesim/include/turtlesim/turtlesim/action
[24.050s] -- Up-to-date: /home/sunny/ros2_ws/install/turtlesim/include/turtlesim/turtlesim/action/detail
[24.050s] -- Installing: /home/sunny/ros2_ws/install/turtlesim/include/turtlesim/turtlesim/action/detail/rotate_absolute__builder.hpp
[24.050s] -- Installing: /home/sunny/ros2_ws/install/turtlesim/include/turtlesim/turtlesim/action/detail/rotate_absolute__traits.hpp
[24.050s] -- Installing: /home/sunny/ros2_ws/install/turtlesim/include/turtlesim/turtlesim/action/detail/rotate_absolute__struct.hpp
[24.051s] -- Installing: /home/sunny/ros2_ws/install/turtlesim/include/turtlesim/turtlesim/action/rotate_absolute.hpp
[24.051s] -- Up-to-date: /home/sunny/ros2_ws/install/turtlesim/include/turtlesim/turtlesim
[24.051s] -- Up-to-date: /home/sunny/ros2_ws/install/turtlesim/include/turtlesim/turtlesim/msg
[24.051s] -- Installing: /home/sunny/ros2_ws/install/turtlesim/include/turtlesim/turtlesim/msg/rosidl_typesupport_fastrtps_cpp__visibility_control.h
[24.051s] -- Up-to-date: /home/sunny/ros2_ws/install/turtlesim/include/turtlesim/turtlesim/msg/detail
[24.051s] -- Installing: /home/sunny/ros2_ws/install/turtlesim/include/turtlesim/turtlesim/msg/detail/color__rosidl_typesupport_fastrtps_cpp.hpp
[24.051s] -- Installing: /home/sunny/ros2_ws/install/turtlesim/include/turtlesim/turtlesim/msg/detail/pose__rosidl_typesupport_fastrtps_cpp.hpp
[24.051s] -- Installing: /home/sunny/ros2_ws/install/turtlesim/include/turtlesim/turtlesim/msg/detail/dds_fastrtps
[24.051s] -- Up-to-date: /home/sunny/ros2_ws/install/turtlesim/include/turtlesim/turtlesim/srv
[24.051s] -- Up-to-date: /home/sunny/ros2_ws/install/turtlesim/include/turtlesim/turtlesim/srv/detail
[24.051s] -- Installing: /home/sunny/ros2_ws/install/turtlesim/include/turtlesim/turtlesim/srv/detail/kill__rosidl_typesupport_fastrtps_cpp.hpp
[24.051s] -- Installing: /home/sunny/ros2_ws/install/turtlesim/include/turtlesim/turtlesim/srv/detail/set_pen__rosidl_typesupport_fastrtps_cpp.hpp
[24.051s] -- Installing: /home/sunny/ros2_ws/install/turtlesim/include/turtlesim/turtlesim/srv/detail/teleport_absolute__rosidl_typesupport_fastrtps_cpp.hpp
[24.052s] -- Installing: /home/sunny/ros2_ws/install/turtlesim/include/turtlesim/turtlesim/srv/detail/teleport_relative__rosidl_typesupport_fastrtps_cpp.hpp
[24.052s] -- Installing: /home/sunny/ros2_ws/install/turtlesim/include/turtlesim/turtlesim/srv/detail/dds_fastrtps
[24.052s] -- Installing: /home/sunny/ros2_ws/install/turtlesim/include/turtlesim/turtlesim/srv/detail/spawn__rosidl_typesupport_fastrtps_cpp.hpp
[24.052s] -- Up-to-date: /home/sunny/ros2_ws/install/turtlesim/include/turtlesim/turtlesim/action
[24.052s] -- Up-to-date: /home/sunny/ros2_ws/install/turtlesim/include/turtlesim/turtlesim/action/detail
[24.052s] -- Installing: /home/sunny/ros2_ws/install/turtlesim/include/turtlesim/turtlesim/action/detail/rotate_absolute__rosidl_typesupport_fastrtps_cpp.hpp
[24.052s] -- Installing: /home/sunny/ros2_ws/install/turtlesim/include/turtlesim/turtlesim/action/detail/dds_fastrtps
[24.052s] -- Installing: /home/sunny/ros2_ws/install/turtlesim/lib/libturtlesim__rosidl_typesupport_fastrtps_cpp.so
[24.053s] -- Set runtime path of "/home/sunny/ros2_ws/install/turtlesim/lib/libturtlesim__rosidl_typesupport_fastrtps_cpp.so" to ""
[24.053s] -- Up-to-date: /home/sunny/ros2_ws/install/turtlesim/include/turtlesim/turtlesim
[24.053s] -- Up-to-date: /home/sunny/ros2_ws/install/turtlesim/include/turtlesim/turtlesim/msg
[24.053s] -- Installing: /home/sunny/ros2_ws/install/turtlesim/include/turtlesim/turtlesim/msg/rosidl_typesupport_introspection_c__visibility_control.h
[24.053s] -- Up-to-date: /home/sunny/ros2_ws/install/turtlesim/include/turtlesim/turtlesim/msg/detail
[24.053s] -- Installing: /home/sunny/ros2_ws/install/turtlesim/include/turtlesim/turtlesim/msg/detail/color__type_support.c
[24.053s] -- Installing: /home/sunny/ros2_ws/install/turtlesim/include/turtlesim/turtlesim/msg/detail/pose__type_support.c
[24.053s] -- Installing: /home/sunny/ros2_ws/install/turtlesim/include/turtlesim/turtlesim/msg/detail/pose__rosidl_typesupport_introspection_c.h
[24.053s] -- Installing: /home/sunny/ros2_ws/install/turtlesim/include/turtlesim/turtlesim/msg/detail/color__rosidl_typesupport_introspection_c.h
[24.053s] -- Up-to-date: /home/sunny/ros2_ws/install/turtlesim/include/turtlesim/turtlesim/srv
[24.053s] -- Up-to-date: /home/sunny/ros2_ws/install/turtlesim/include/turtlesim/turtlesim/srv/detail
[24.053s] -- Installing: /home/sunny/ros2_ws/install/turtlesim/include/turtlesim/turtlesim/srv/detail/set_pen__type_support.c
[24.053s] -- Installing: /home/sunny/ros2_ws/install/turtlesim/include/turtlesim/turtlesim/srv/detail/set_pen__rosidl_typesupport_introspection_c.h
[24.054s] -- Installing: /home/sunny/ros2_ws/install/turtlesim/include/turtlesim/turtlesim/srv/detail/teleport_relative__rosidl_typesupport_introspection_c.h
[24.054s] -- Installing: /home/sunny/ros2_ws/install/turtlesim/include/turtlesim/turtlesim/srv/detail/kill__type_support.c
[24.054s] -- Installing: /home/sunny/ros2_ws/install/turtlesim/include/turtlesim/turtlesim/srv/detail/teleport_absolute__type_support.c
[24.054s] -- Installing: /home/sunny/ros2_ws/install/turtlesim/include/turtlesim/turtlesim/srv/detail/kill__rosidl_typesupport_introspection_c.h
[24.054s] -- Installing: /home/sunny/ros2_ws/install/turtlesim/include/turtlesim/turtlesim/srv/detail/teleport_absolute__rosidl_typesupport_introspection_c.h
[24.054s] -- Installing: /home/sunny/ros2_ws/install/turtlesim/include/turtlesim/turtlesim/srv/detail/spawn__rosidl_typesupport_introspection_c.h
[24.054s] -- Installing: /home/sunny/ros2_ws/install/turtlesim/include/turtlesim/turtlesim/srv/detail/teleport_relative__type_support.c
[24.054s] -- Installing: /home/sunny/ros2_ws/install/turtlesim/include/turtlesim/turtlesim/srv/detail/spawn__type_support.c
[24.054s] -- Up-to-date: /home/sunny/ros2_ws/install/turtlesim/include/turtlesim/turtlesim/action
[24.054s] -- Up-to-date: /home/sunny/ros2_ws/install/turtlesim/include/turtlesim/turtlesim/action/detail
[24.055s] -- Installing: /home/sunny/ros2_ws/install/turtlesim/include/turtlesim/turtlesim/action/detail/rotate_absolute__rosidl_typesupport_introspection_c.h
[24.055s] -- Installing: /home/sunny/ros2_ws/install/turtlesim/include/turtlesim/turtlesim/action/detail/rotate_absolute__type_support.c
[24.055s] -- Installing: /home/sunny/ros2_ws/install/turtlesim/lib/libturtlesim__rosidl_typesupport_introspection_c.so
[24.055s] -- Set runtime path of "/home/sunny/ros2_ws/install/turtlesim/lib/libturtlesim__rosidl_typesupport_introspection_c.so" to ""
[24.055s] -- Installing: /home/sunny/ros2_ws/install/turtlesim/lib/libturtlesim__rosidl_typesupport_c.so
[24.056s] -- Set runtime path of "/home/sunny/ros2_ws/install/turtlesim/lib/libturtlesim__rosidl_typesupport_c.so" to ""
[24.056s] -- Up-to-date: /home/sunny/ros2_ws/install/turtlesim/include/turtlesim/turtlesim
[24.056s] -- Up-to-date: /home/sunny/ros2_ws/install/turtlesim/include/turtlesim/turtlesim/msg
[24.056s] -- Up-to-date: /home/sunny/ros2_ws/install/turtlesim/include/turtlesim/turtlesim/msg/detail
[24.056s] -- Installing: /home/sunny/ros2_ws/install/turtlesim/include/turtlesim/turtlesim/msg/detail/color__rosidl_typesupport_introspection_cpp.hpp
[24.056s] -- Installing: /home/sunny/ros2_ws/install/turtlesim/include/turtlesim/turtlesim/msg/detail/pose__type_support.cpp
[24.056s] -- Installing: /home/sunny/ros2_ws/install/turtlesim/include/turtlesim/turtlesim/msg/detail/color__type_support.cpp
[24.056s] -- Installing: /home/sunny/ros2_ws/install/turtlesim/include/turtlesim/turtlesim/msg/detail/pose__rosidl_typesupport_introspection_cpp.hpp
[24.056s] -- Up-to-date: /home/sunny/ros2_ws/install/turtlesim/include/turtlesim/turtlesim/srv
[24.056s] -- Up-to-date: /home/sunny/ros2_ws/install/turtlesim/include/turtlesim/turtlesim/srv/detail
[24.056s] -- Installing: /home/sunny/ros2_ws/install/turtlesim/include/turtlesim/turtlesim/srv/detail/spawn__type_support.cpp
[24.056s] -- Installing: /home/sunny/ros2_ws/install/turtlesim/include/turtlesim/turtlesim/srv/detail/teleport_relative__type_support.cpp
[24.056s] -- Installing: /home/sunny/ros2_ws/install/turtlesim/include/turtlesim/turtlesim/srv/detail/teleport_absolute__type_support.cpp
[24.057s] -- Installing: /home/sunny/ros2_ws/install/turtlesim/include/turtlesim/turtlesim/srv/detail/spawn__rosidl_typesupport_introspection_cpp.hpp
[24.057s] -- Installing: /home/sunny/ros2_ws/install/turtlesim/include/turtlesim/turtlesim/srv/detail/kill__type_support.cpp
[24.057s] -- Installing: /home/sunny/ros2_ws/install/turtlesim/include/turtlesim/turtlesim/srv/detail/set_pen__type_support.cpp
[24.057s] -- Installing: /home/sunny/ros2_ws/install/turtlesim/include/turtlesim/turtlesim/srv/detail/set_pen__rosidl_typesupport_introspection_cpp.hpp
[24.057s] -- Installing: /home/sunny/ros2_ws/install/turtlesim/include/turtlesim/turtlesim/srv/detail/teleport_relative__rosidl_typesupport_introspection_cpp.hpp
[24.057s] -- Installing: /home/sunny/ros2_ws/install/turtlesim/include/turtlesim/turtlesim/srv/detail/kill__rosidl_typesupport_introspection_cpp.hpp
[24.057s] -- Installing: /home/sunny/ros2_ws/install/turtlesim/include/turtlesim/turtlesim/srv/detail/teleport_absolute__rosidl_typesupport_introspection_cpp.hpp
[24.057s] -- Up-to-date: /home/sunny/ros2_ws/install/turtlesim/include/turtlesim/turtlesim/action
[24.058s] -- Up-to-date: /home/sunny/ros2_ws/install/turtlesim/include/turtlesim/turtlesim/action/detail
[24.058s] -- Installing: /home/sunny/ros2_ws/install/turtlesim/include/turtlesim/turtlesim/action/detail/rotate_absolute__type_support.cpp
[24.058s] -- Installing: /home/sunny/ros2_ws/install/turtlesim/include/turtlesim/turtlesim/action/detail/rotate_absolute__rosidl_typesupport_introspection_cpp.hpp
[24.058s] -- Installing: /home/sunny/ros2_ws/install/turtlesim/lib/libturtlesim__rosidl_typesupport_introspection_cpp.so
[24.058s] -- Set runtime path of "/home/sunny/ros2_ws/install/turtlesim/lib/libturtlesim__rosidl_typesupport_introspection_cpp.so" to ""
[24.058s] -- Installing: /home/sunny/ros2_ws/install/turtlesim/lib/libturtlesim__rosidl_typesupport_cpp.so
[24.059s] -- Set runtime path of "/home/sunny/ros2_ws/install/turtlesim/lib/libturtlesim__rosidl_typesupport_cpp.so" to ""
[24.059s] -- Installing: /home/sunny/ros2_ws/install/turtlesim/share/turtlesim/environment/pythonpath.sh
[24.059s] -- Installing: /home/sunny/ros2_ws/install/turtlesim/share/turtlesim/environment/pythonpath.dsv
[24.059s] -- Installing: /home/sunny/ros2_ws/install/turtlesim/local/lib/python3.10/dist-packages/turtlesim-1.4.2-py3.10.egg-info
[24.059s] -- Installing: /home/sunny/ros2_ws/install/turtlesim/local/lib/python3.10/dist-packages/turtlesim-1.4.2-py3.10.egg-info/dependency_links.txt
[24.059s] -- Installing: /home/sunny/ros2_ws/install/turtlesim/local/lib/python3.10/dist-packages/turtlesim-1.4.2-py3.10.egg-info/top_level.txt
[24.059s] -- Installing: /home/sunny/ros2_ws/install/turtlesim/local/lib/python3.10/dist-packages/turtlesim-1.4.2-py3.10.egg-info/SOURCES.txt
[24.059s] -- Installing: /home/sunny/ros2_ws/install/turtlesim/local/lib/python3.10/dist-packages/turtlesim-1.4.2-py3.10.egg-info/PKG-INFO
[24.059s] -- Installing: /home/sunny/ros2_ws/install/turtlesim/local/lib/python3.10/dist-packages/turtlesim
[24.060s] -- Installing: /home/sunny/ros2_ws/install/turtlesim/local/lib/python3.10/dist-packages/turtlesim/msg
[24.060s] -- Installing: /home/sunny/ros2_ws/install/turtlesim/local/lib/python3.10/dist-packages/turtlesim/msg/_color_s.c
[24.060s] -- Installing: /home/sunny/ros2_ws/install/turtlesim/local/lib/python3.10/dist-packages/turtlesim/msg/_color.py
[24.060s] -- Installing: /home/sunny/ros2_ws/install/turtlesim/local/lib/python3.10/dist-packages/turtlesim/msg/_pose_s.c
[24.060s] -- Installing: /home/sunny/ros2_ws/install/turtlesim/local/lib/python3.10/dist-packages/turtlesim/msg/__init__.py
[24.060s] -- Installing: /home/sunny/ros2_ws/install/turtlesim/local/lib/python3.10/dist-packages/turtlesim/msg/_pose.py
[24.060s] -- Installing: /home/sunny/ros2_ws/install/turtlesim/local/lib/python3.10/dist-packages/turtlesim/turtlesim_s__rosidl_typesupport_introspection_c.cpython-310-x86_64-linux-gnu.so
[24.060s] -- Installing: /home/sunny/ros2_ws/install/turtlesim/local/lib/python3.10/dist-packages/turtlesim/turtlesim_s__rosidl_typesupport_fastrtps_c.cpython-310-x86_64-linux-gnu.so
[24.061s] -- Installing: /home/sunny/ros2_ws/install/turtlesim/local/lib/python3.10/dist-packages/turtlesim/srv
[24.061s] -- Installing: /home/sunny/ros2_ws/install/turtlesim/local/lib/python3.10/dist-packages/turtlesim/srv/_spawn_s.c
[24.061s] -- Installing: /home/sunny/ros2_ws/install/turtlesim/local/lib/python3.10/dist-packages/turtlesim/srv/_set_pen_s.c
[24.061s] -- Installing: /home/sunny/ros2_ws/install/turtlesim/local/lib/python3.10/dist-packages/turtlesim/srv/_teleport_absolute_s.c
[24.061s] -- Installing: /home/sunny/ros2_ws/install/turtlesim/local/lib/python3.10/dist-packages/turtlesim/srv/_teleport_relative_s.c
[24.061s] -- Installing: /home/sunny/ros2_ws/install/turtlesim/local/lib/python3.10/dist-packages/turtlesim/srv/__init__.py
[24.061s] -- Installing: /home/sunny/ros2_ws/install/turtlesim/local/lib/python3.10/dist-packages/turtlesim/srv/_spawn.py
[24.061s] -- Installing: /home/sunny/ros2_ws/install/turtlesim/local/lib/python3.10/dist-packages/turtlesim/srv/_teleport_relative.py
[24.061s] -- Installing: /home/sunny/ros2_ws/install/turtlesim/local/lib/python3.10/dist-packages/turtlesim/srv/_kill.py
[24.061s] -- Installing: /home/sunny/ros2_ws/install/turtlesim/local/lib/python3.10/dist-packages/turtlesim/srv/_kill_s.c
[24.062s] -- Installing: /home/sunny/ros2_ws/install/turtlesim/local/lib/python3.10/dist-packages/turtlesim/srv/_set_pen.py
[24.062s] -- Installing: /home/sunny/ros2_ws/install/turtlesim/local/lib/python3.10/dist-packages/turtlesim/srv/_teleport_absolute.py
[24.062s] -- Installing: /home/sunny/ros2_ws/install/turtlesim/local/lib/python3.10/dist-packages/turtlesim/__init__.py
[24.062s] -- Installing: /home/sunny/ros2_ws/install/turtlesim/local/lib/python3.10/dist-packages/turtlesim/_turtlesim_s.ep.rosidl_typesupport_fastrtps_c.c
[24.062s] -- Installing: /home/sunny/ros2_ws/install/turtlesim/local/lib/python3.10/dist-packages/turtlesim/turtlesim_s__rosidl_typesupport_c.cpython-310-x86_64-linux-gnu.so
[24.062s] -- Installing: /home/sunny/ros2_ws/install/turtlesim/local/lib/python3.10/dist-packages/turtlesim/action
[24.062s] -- Installing: /home/sunny/ros2_ws/install/turtlesim/local/lib/python3.10/dist-packages/turtlesim/action/_rotate_absolute_s.c
[24.062s] -- Installing: /home/sunny/ros2_ws/install/turtlesim/local/lib/python3.10/dist-packages/turtlesim/action/__init__.py
[24.062s] -- Installing: /home/sunny/ros2_ws/install/turtlesim/local/lib/python3.10/dist-packages/turtlesim/action/_rotate_absolute.py
[24.063s] -- Installing: /home/sunny/ros2_ws/install/turtlesim/local/lib/python3.10/dist-packages/turtlesim/libturtlesim__rosidl_generator_py.so
[24.063s] -- Installing: /home/sunny/ros2_ws/install/turtlesim/local/lib/python3.10/dist-packages/turtlesim/_turtlesim_s.ep.rosidl_typesupport_introspection_c.c
[24.063s] -- Installing: /home/sunny/ros2_ws/install/turtlesim/local/lib/python3.10/dist-packages/turtlesim/_turtlesim_s.ep.rosidl_typesupport_c.c
[24.104s] Listing '/home/sunny/ros2_ws/install/turtlesim/local/lib/python3.10/dist-packages/turtlesim'...
[24.104s] Compiling '/home/sunny/ros2_ws/install/turtlesim/local/lib/python3.10/dist-packages/turtlesim/__init__.py'...
[24.104s] Listing '/home/sunny/ros2_ws/install/turtlesim/local/lib/python3.10/dist-packages/turtlesim/action'...
[24.104s] Compiling '/home/sunny/ros2_ws/install/turtlesim/local/lib/python3.10/dist-packages/turtlesim/action/__init__.py'...
[24.104s] Compiling '/home/sunny/ros2_ws/install/turtlesim/local/lib/python3.10/dist-packages/turtlesim/action/_rotate_absolute.py'...
[24.104s] Listing '/home/sunny/ros2_ws/install/turtlesim/local/lib/python3.10/dist-packages/turtlesim/msg'...
[24.104s] Compiling '/home/sunny/ros2_ws/install/turtlesim/local/lib/python3.10/dist-packages/turtlesim/msg/__init__.py'...
[24.104s] Compiling '/home/sunny/ros2_ws/install/turtlesim/local/lib/python3.10/dist-packages/turtlesim/msg/_color.py'...
[24.104s] Compiling '/home/sunny/ros2_ws/install/turtlesim/local/lib/python3.10/dist-packages/turtlesim/msg/_pose.py'...
[24.104s] Listing '/home/sunny/ros2_ws/install/turtlesim/local/lib/python3.10/dist-packages/turtlesim/srv'...
[24.104s] Compiling '/home/sunny/ros2_ws/install/turtlesim/local/lib/python3.10/dist-packages/turtlesim/srv/__init__.py'...
[24.104s] Compiling '/home/sunny/ros2_ws/install/turtlesim/local/lib/python3.10/dist-packages/turtlesim/srv/_kill.py'...
[24.105s] Compiling '/home/sunny/ros2_ws/install/turtlesim/local/lib/python3.10/dist-packages/turtlesim/srv/_set_pen.py'...
[24.105s] Compiling '/home/sunny/ros2_ws/install/turtlesim/local/lib/python3.10/dist-packages/turtlesim/srv/_spawn.py'...
[24.105s] Compiling '/home/sunny/ros2_ws/install/turtlesim/local/lib/python3.10/dist-packages/turtlesim/srv/_teleport_absolute.py'...
[24.105s] Compiling '/home/sunny/ros2_ws/install/turtlesim/local/lib/python3.10/dist-packages/turtlesim/srv/_teleport_relative.py'...
[24.108s] -- Installing: /home/sunny/ros2_ws/install/turtlesim/local/lib/python3.10/dist-packages/turtlesim/turtlesim_s__rosidl_typesupport_fastrtps_c.cpython-310-x86_64-linux-gnu.so
[24.108s] -- Set runtime path of "/home/sunny/ros2_ws/install/turtlesim/local/lib/python3.10/dist-packages/turtlesim/turtlesim_s__rosidl_typesupport_fastrtps_c.cpython-310-x86_64-linux-gnu.so" to ""
[24.109s] -- Installing: /home/sunny/ros2_ws/install/turtlesim/local/lib/python3.10/dist-packages/turtlesim/turtlesim_s__rosidl_typesupport_introspection_c.cpython-310-x86_64-linux-gnu.so
[24.109s] -- Set runtime path of "/home/sunny/ros2_ws/install/turtlesim/local/lib/python3.10/dist-packages/turtlesim/turtlesim_s__rosidl_typesupport_introspection_c.cpython-310-x86_64-linux-gnu.so" to ""
[24.109s] -- Installing: /home/sunny/ros2_ws/install/turtlesim/local/lib/python3.10/dist-packages/turtlesim/turtlesim_s__rosidl_typesupport_c.cpython-310-x86_64-linux-gnu.so
[24.110s] -- Set runtime path of "/home/sunny/ros2_ws/install/turtlesim/local/lib/python3.10/dist-packages/turtlesim/turtlesim_s__rosidl_typesupport_c.cpython-310-x86_64-linux-gnu.so" to ""
[24.110s] -- Installing: /home/sunny/ros2_ws/install/turtlesim/lib/libturtlesim__rosidl_generator_py.so
[24.110s] -- Set runtime path of "/home/sunny/ros2_ws/install/turtlesim/lib/libturtlesim__rosidl_generator_py.so" to ""
[24.111s] -- Installing: /home/sunny/ros2_ws/install/turtlesim/share/turtlesim/action/RotateAbsolute.idl
[24.111s] -- Installing: /home/sunny/ros2_ws/install/turtlesim/share/turtlesim/msg/Color.idl
[24.111s] -- Installing: /home/sunny/ros2_ws/install/turtlesim/share/turtlesim/msg/Pose.idl
[24.111s] -- Installing: /home/sunny/ros2_ws/install/turtlesim/share/turtlesim/srv/Kill.idl
[24.111s] -- Installing: /home/sunny/ros2_ws/install/turtlesim/share/turtlesim/srv/SetPen.idl
[24.112s] -- Installing: /home/sunny/ros2_ws/install/turtlesim/share/turtlesim/srv/Spawn.idl
[24.112s] -- Installing: /home/sunny/ros2_ws/install/turtlesim/share/turtlesim/srv/TeleportAbsolute.idl
[24.112s] -- Installing: /home/sunny/ros2_ws/install/turtlesim/share/turtlesim/srv/TeleportRelative.idl
[24.112s] -- Installing: /home/sunny/ros2_ws/install/turtlesim/share/turtlesim/action/RotateAbsolute.action
[24.112s] -- Installing: /home/sunny/ros2_ws/install/turtlesim/share/turtlesim/msg/Color.msg
[24.113s] -- Installing: /home/sunny/ros2_ws/install/turtlesim/share/turtlesim/msg/Pose.msg
[24.113s] -- Installing: /home/sunny/ros2_ws/install/turtlesim/share/turtlesim/srv/Kill.srv
[24.113s] -- Installing: /home/sunny/ros2_ws/install/turtlesim/share/turtlesim/srv/Kill_Request.msg
[24.113s] -- Installing: /home/sunny/ros2_ws/install/turtlesim/share/turtlesim/srv/Kill_Response.msg
[24.113s] -- Installing: /home/sunny/ros2_ws/install/turtlesim/share/turtlesim/srv/SetPen.srv
[24.114s] -- Installing: /home/sunny/ros2_ws/install/turtlesim/share/turtlesim/srv/SetPen_Request.msg
[24.114s] -- Installing: /home/sunny/ros2_ws/install/turtlesim/share/turtlesim/srv/SetPen_Response.msg
[24.114s] -- Installing: /home/sunny/ros2_ws/install/turtlesim/share/turtlesim/srv/Spawn.srv
[24.114s] -- Installing: /home/sunny/ros2_ws/install/turtlesim/share/turtlesim/srv/Spawn_Request.msg
[24.114s] -- Installing: /home/sunny/ros2_ws/install/turtlesim/share/turtlesim/srv/Spawn_Response.msg
[24.115s] -- Installing: /home/sunny/ros2_ws/install/turtlesim/share/turtlesim/srv/TeleportAbsolute.srv
[24.115s] -- Installing: /home/sunny/ros2_ws/install/turtlesim/share/turtlesim/srv/TeleportAbsolute_Request.msg
[24.115s] -- Installing: /home/sunny/ros2_ws/install/turtlesim/share/turtlesim/srv/TeleportAbsolute_Response.msg
[24.115s] -- Installing: /home/sunny/ros2_ws/install/turtlesim/share/turtlesim/srv/TeleportRelative.srv
[24.115s] -- Installing: /home/sunny/ros2_ws/install/turtlesim/share/turtlesim/srv/TeleportRelative_Request.msg
[24.115s] -- Installing: /home/sunny/ros2_ws/install/turtlesim/share/turtlesim/srv/TeleportRelative_Response.msg
[24.116s] -- Installing: /home/sunny/ros2_ws/install/turtlesim/lib/turtlesim/turtlesim_node
[24.124s] -- Set runtime path of "/home/sunny/ros2_ws/install/turtlesim/lib/turtlesim/turtlesim_node" to ""
[24.124s] -- Installing: /home/sunny/ros2_ws/install/turtlesim/lib/turtlesim/turtle_teleop_key
[24.125s] -- Set runtime path of "/home/sunny/ros2_ws/install/turtlesim/lib/turtlesim/turtle_teleop_key" to ""
[24.126s] -- Installing: /home/sunny/ros2_ws/install/turtlesim/lib/turtlesim/draw_square
[24.129s] -- Set runtime path of "/home/sunny/ros2_ws/install/turtlesim/lib/turtlesim/draw_square" to ""
[24.129s] -- Installing: /home/sunny/ros2_ws/install/turtlesim/lib/turtlesim/mimic
[24.133s] -- Set runtime path of "/home/sunny/ros2_ws/install/turtlesim/lib/turtlesim/mimic" to ""
[24.133s] -- Installing: /home/sunny/ros2_ws/install/turtlesim/share/turtlesim/images
[24.133s] -- Installing: /home/sunny/ros2_ws/install/turtlesim/share/turtlesim/images/dashing.png
[24.133s] -- Installing: /home/sunny/ros2_ws/install/turtlesim/share/turtlesim/images/galactic.png
[24.134s] -- Installing: /home/sunny/ros2_ws/install/turtlesim/share/turtlesim/images/ardent.png
[24.134s] -- Installing: /home/sunny/ros2_ws/install/turtlesim/share/turtlesim/images/eloquent.png
[24.134s] -- Installing: /home/sunny/ros2_ws/install/turtlesim/share/turtlesim/images/foxy.png
[24.134s] -- Installing: /home/sunny/ros2_ws/install/turtlesim/share/turtlesim/images/rolling.png
[24.134s] -- Installing: /home/sunny/ros2_ws/install/turtlesim/share/turtlesim/images/humble.png
[24.134s] -- Installing: /home/sunny/ros2_ws/install/turtlesim/share/turtlesim/images/bouncy.png
[24.135s] -- Installing: /home/sunny/ros2_ws/install/turtlesim/share/turtlesim/images/crystal.png
[24.135s] -- Installing: /home/sunny/ros2_ws/install/turtlesim/share/turtlesim/launch
[24.135s] -- Installing: /home/sunny/ros2_ws/install/turtlesim/share/turtlesim/launch/multisim.launch.py
[24.135s] -- Installing: /home/sunny/ros2_ws/install/turtlesim/share/ament_index/resource_index/package_run_dependencies/turtlesim
[24.135s] -- Installing: /home/sunny/ros2_ws/install/turtlesim/share/ament_index/resource_index/parent_prefix_path/turtlesim
[24.135s] -- Installing: /home/sunny/ros2_ws/install/turtlesim/share/turtlesim/environment/ament_prefix_path.sh
[24.135s] -- Installing: /home/sunny/ros2_ws/install/turtlesim/share/turtlesim/environment/ament_prefix_path.dsv
[24.136s] -- Installing: /home/sunny/ros2_ws/install/turtlesim/share/turtlesim/environment/path.sh
[24.136s] -- Installing: /home/sunny/ros2_ws/install/turtlesim/share/turtlesim/environment/path.dsv
[24.136s] -- Installing: /home/sunny/ros2_ws/install/turtlesim/share/turtlesim/local_setup.bash
[24.136s] -- Installing: /home/sunny/ros2_ws/install/turtlesim/share/turtlesim/local_setup.sh
[24.137s] -- Installing: /home/sunny/ros2_ws/install/turtlesim/share/turtlesim/local_setup.zsh
[24.137s] -- Installing: /home/sunny/ros2_ws/install/turtlesim/share/turtlesim/local_setup.dsv
[24.137s] -- Installing: /home/sunny/ros2_ws/install/turtlesim/share/turtlesim/package.dsv
[24.137s] -- Installing: /home/sunny/ros2_ws/install/turtlesim/share/ament_index/resource_index/packages/turtlesim
[24.137s] -- Installing: /home/sunny/ros2_ws/install/turtlesim/share/turtlesim/cmake/export_turtlesim__rosidl_generator_cExport.cmake
[24.138s] -- Installing: /home/sunny/ros2_ws/install/turtlesim/share/turtlesim/cmake/export_turtlesim__rosidl_generator_cExport-noconfig.cmake
[24.138s] -- Installing: /home/sunny/ros2_ws/install/turtlesim/share/turtlesim/cmake/export_turtlesim__rosidl_typesupport_fastrtps_cExport.cmake
[24.138s] -- Installing: /home/sunny/ros2_ws/install/turtlesim/share/turtlesim/cmake/export_turtlesim__rosidl_typesupport_fastrtps_cExport-noconfig.cmake
[24.138s] -- Installing: /home/sunny/ros2_ws/install/turtlesim/share/turtlesim/cmake/export_turtlesim__rosidl_generator_cppExport.cmake
[24.138s] -- Installing: /home/sunny/ros2_ws/install/turtlesim/share/turtlesim/cmake/export_turtlesim__rosidl_typesupport_fastrtps_cppExport.cmake
[24.139s] -- Installing: /home/sunny/ros2_ws/install/turtlesim/share/turtlesim/cmake/export_turtlesim__rosidl_typesupport_fastrtps_cppExport-noconfig.cmake
[24.139s] -- Installing: /home/sunny/ros2_ws/install/turtlesim/share/turtlesim/cmake/turtlesim__rosidl_typesupport_introspection_cExport.cmake
[24.139s] -- Installing: /home/sunny/ros2_ws/install/turtlesim/share/turtlesim/cmake/turtlesim__rosidl_typesupport_introspection_cExport-noconfig.cmake
[24.139s] -- Installing: /home/sunny/ros2_ws/install/turtlesim/share/turtlesim/cmake/turtlesim__rosidl_typesupport_cExport.cmake
[24.139s] -- Installing: /home/sunny/ros2_ws/install/turtlesim/share/turtlesim/cmake/turtlesim__rosidl_typesupport_cExport-noconfig.cmake
[24.140s] -- Installing: /home/sunny/ros2_ws/install/turtlesim/share/turtlesim/cmake/turtlesim__rosidl_typesupport_introspection_cppExport.cmake
[24.140s] -- Installing: /home/sunny/ros2_ws/install/turtlesim/share/turtlesim/cmake/turtlesim__rosidl_typesupport_introspection_cppExport-noconfig.cmake
[24.140s] -- Installing: /home/sunny/ros2_ws/install/turtlesim/share/turtlesim/cmake/turtlesim__rosidl_typesupport_cppExport.cmake
[24.140s] -- Installing: /home/sunny/ros2_ws/install/turtlesim/share/turtlesim/cmake/turtlesim__rosidl_typesupport_cppExport-noconfig.cmake
[24.141s] -- Installing: /home/sunny/ros2_ws/install/turtlesim/share/turtlesim/cmake/export_turtlesim__rosidl_generator_pyExport.cmake
[24.141s] -- Installing: /home/sunny/ros2_ws/install/turtlesim/share/turtlesim/cmake/export_turtlesim__rosidl_generator_pyExport-noconfig.cmake
[24.141s] -- Installing: /home/sunny/ros2_ws/install/turtlesim/share/turtlesim/cmake/rosidl_cmake-extras.cmake
[24.141s] -- Installing: /home/sunny/ros2_ws/install/turtlesim/share/turtlesim/cmake/ament_cmake_export_dependencies-extras.cmake
[24.141s] -- Installing: /home/sunny/ros2_ws/install/turtlesim/share/turtlesim/cmake/ament_cmake_export_include_directories-extras.cmake
[24.142s] -- Installing: /home/sunny/ros2_ws/install/turtlesim/share/turtlesim/cmake/ament_cmake_export_libraries-extras.cmake
[24.142s] -- Installing: /home/sunny/ros2_ws/install/turtlesim/share/turtlesim/cmake/ament_cmake_export_targets-extras.cmake
[24.142s] -- Installing: /home/sunny/ros2_ws/install/turtlesim/share/turtlesim/cmake/rosidl_cmake_export_typesupport_targets-extras.cmake
[24.142s] -- Installing: /home/sunny/ros2_ws/install/turtlesim/share/turtlesim/cmake/rosidl_cmake_export_typesupport_libraries-extras.cmake
[24.142s] -- Installing: /home/sunny/ros2_ws/install/turtlesim/share/turtlesim/cmake/turtlesimConfig.cmake
[24.143s] -- Installing: /home/sunny/ros2_ws/install/turtlesim/share/turtlesim/cmake/turtlesimConfig-version.cmake
[24.143s] -- Installing: /home/sunny/ros2_ws/install/turtlesim/share/turtlesim/package.xml
[24.145s] Invoked command in '/home/sunny/ros2_ws/build/turtlesim' returned '0': CMAKE_PREFIX_PATH=/opt/ros/humble /usr/bin/cmake --install /home/sunny/ros2_ws/build/turtlesim
