[0.097s] DEBUG:colcon:Command line arguments: ['/usr/bin/colcon', 'build', '--packages-select', 'cpp_srvcli']
[0.097s] DEBUG:colcon:Parsed command line arguments: Namespace(log_base=None, log_level=None, verb_name='build', build_base='build', install_base='install', merge_install=False, symlink_install=False, test_result_base=None, continue_on_error=False, executor='parallel', parallel_workers=8, event_handlers=None, ignore_user_meta=False, metas=['./colcon.meta'], base_paths=['.'], packages_ignore=None, packages_ignore_regex=None, paths=None, packages_up_to=None, packages_up_to_regex=None, packages_above=None, packages_above_and_dependencies=None, packages_above_depth=None, packages_select_by_dep=None, packages_skip_by_dep=None, packages_skip_up_to=None, packages_select_build_failed=False, packages_skip_build_finished=False, packages_select_test_failures=False, packages_skip_test_passed=False, packages_select=['cpp_srvcli'], packages_skip=None, packages_select_regex=None, packages_skip_regex=None, packages_start=None, packages_end=None, allow_overriding=[], cmake_args=None, cmake_target=None, cmake_target_skip_unavailable=False, cmake_clean_cache=False, cmake_clean_first=False, cmake_force_configure=False, ament_cmake_args=None, catkin_cmake_args=None, catkin_skip_building_tests=False, mixin_files=None, mixin=None, verb_parser=<colcon_mixin.mixin.mixin_argument.MixinArgumentDecorator object at 0x77203ce4a8f0>, verb_extension=<colcon_core.verb.build.BuildVerb object at 0x77203ce4a440>, main=<bound method BuildVerb.main of <colcon_core.verb.build.BuildVerb object at 0x77203ce4a440>>, mixin_verb=('build',))
[0.242s] Level 1:colcon.colcon_core.package_discovery:discover_packages(colcon_meta) check parameters
[0.242s] Level 1:colcon.colcon_core.package_discovery:discover_packages(recursive) check parameters
[0.242s] Level 1:colcon.colcon_core.package_discovery:discover_packages(ignore) check parameters
[0.242s] Level 1:colcon.colcon_core.package_discovery:discover_packages(path) check parameters
[0.242s] Level 1:colcon.colcon_core.package_discovery:discover_packages(colcon_meta) discover
[0.242s] Level 1:colcon.colcon_core.package_discovery:discover_packages(recursive) discover
[0.242s] INFO:colcon.colcon_core.package_discovery:Crawling recursively for packages in '/home/sunny/ros2_ws/src/cpp_srvcli'
[0.242s] Level 1:colcon.colcon_core.package_identification:_identify(.) by extensions ['ignore', 'ignore_ament_install']
[0.242s] Level 1:colcon.colcon_core.package_identification:_identify(.) by extension 'ignore'
[0.242s] Level 1:colcon.colcon_core.package_identification:_identify(.) by extension 'ignore_ament_install'
[0.242s] Level 1:colcon.colcon_core.package_identification:_identify(.) by extensions ['colcon_pkg']
[0.242s] Level 1:colcon.colcon_core.package_identification:_identify(.) by extension 'colcon_pkg'
[0.242s] Level 1:colcon.colcon_core.package_identification:_identify(.) by extensions ['colcon_meta']
[0.242s] Level 1:colcon.colcon_core.package_identification:_identify(.) by extension 'colcon_meta'
[0.242s] Level 1:colcon.colcon_core.package_identification:_identify(.) by extensions ['ros']
[0.242s] Level 1:colcon.colcon_core.package_identification:_identify(.) by extension 'ros'
[0.254s] DEBUG:colcon.colcon_core.package_identification:Package '.' with type 'ros.ament_cmake' and name 'cpp_srvcli'
[0.254s] Level 1:colcon.colcon_core.package_discovery:discover_packages(recursive) using defaults
[0.254s] Level 1:colcon.colcon_core.package_discovery:discover_packages(ignore) discover
[0.254s] Level 1:colcon.colcon_core.package_discovery:discover_packages(ignore) using defaults
[0.254s] Level 1:colcon.colcon_core.package_discovery:discover_packages(path) discover
[0.254s] Level 1:colcon.colcon_core.package_discovery:discover_packages(path) using defaults
[0.270s] Level 1:colcon.colcon_core.package_discovery:discover_packages(prefix_path) check parameters
[0.270s] Level 1:colcon.colcon_core.package_discovery:discover_packages(prefix_path) discover
[0.272s] DEBUG:colcon.colcon_installed_package_information.package_discovery:Found 5 installed packages in /home/sunny/ros2_ws/install
[0.273s] DEBUG:colcon.colcon_installed_package_information.package_discovery:Found 294 installed packages in /opt/ros/humble
[0.283s] Level 1:colcon.colcon_core.package_discovery:discover_packages(prefix_path) using defaults
[0.319s] Level 5:colcon.colcon_core.verb:set package 'cpp_srvcli' build argument 'cmake_args' from command line to 'None'
[0.319s] Level 5:colcon.colcon_core.verb:set package 'cpp_srvcli' build argument 'cmake_target' from command line to 'None'
[0.319s] Level 5:colcon.colcon_core.verb:set package 'cpp_srvcli' build argument 'cmake_target_skip_unavailable' from command line to 'False'
[0.319s] Level 5:colcon.colcon_core.verb:set package 'cpp_srvcli' build argument 'cmake_clean_cache' from command line to 'False'
[0.319s] Level 5:colcon.colcon_core.verb:set package 'cpp_srvcli' build argument 'cmake_clean_first' from command line to 'False'
[0.319s] Level 5:colcon.colcon_core.verb:set package 'cpp_srvcli' build argument 'cmake_force_configure' from command line to 'False'
[0.319s] Level 5:colcon.colcon_core.verb:set package 'cpp_srvcli' build argument 'ament_cmake_args' from command line to 'None'
[0.319s] Level 5:colcon.colcon_core.verb:set package 'cpp_srvcli' build argument 'catkin_cmake_args' from command line to 'None'
[0.319s] Level 5:colcon.colcon_core.verb:set package 'cpp_srvcli' build argument 'catkin_skip_building_tests' from command line to 'False'
[0.319s] DEBUG:colcon.colcon_core.verb:Building package 'cpp_srvcli' with the following arguments: {'ament_cmake_args': None, 'build_base': '/home/sunny/ros2_ws/src/cpp_srvcli/build/cpp_srvcli', 'catkin_cmake_args': None, 'catkin_skip_building_tests': False, 'cmake_args': None, 'cmake_clean_cache': False, 'cmake_clean_first': False, 'cmake_force_configure': False, 'cmake_target': None, 'cmake_target_skip_unavailable': False, 'install_base': '/home/sunny/ros2_ws/src/cpp_srvcli/install/cpp_srvcli', 'merge_install': False, 'path': '/home/sunny/ros2_ws/src/cpp_srvcli', 'symlink_install': False, 'test_result_base': None}
[0.319s] INFO:colcon.colcon_core.executor:Executing jobs using 'parallel' executor
[0.320s] DEBUG:colcon.colcon_parallel_executor.executor.parallel:run_until_complete
[0.321s] INFO:colcon.colcon_ros.task.ament_cmake.build:Building ROS package in '/home/sunny/ros2_ws/src/cpp_srvcli' with build type 'ament_cmake'
[0.321s] INFO:colcon.colcon_cmake.task.cmake.build:Building CMake package in '/home/sunny/ros2_ws/src/cpp_srvcli'
[0.322s] INFO:colcon.colcon_core.plugin_system:Skipping extension 'colcon_core.shell.bat': Not used on non-Windows systems
[0.322s] INFO:colcon.colcon_core.shell:Skip shell extension 'powershell' for command environment: Not usable outside of PowerShell
[0.323s] DEBUG:colcon.colcon_core.shell:Skip shell extension 'dsv' for command environment
[0.332s] DEBUG:colcon.colcon_core.event_handler.log_command:Invoking command in '/home/sunny/ros2_ws/src/cpp_srvcli/build/cpp_srvcli': CMAKE_PREFIX_PATH=${CMAKE_PREFIX_PATH}:/opt/ros/humble /usr/bin/cmake --build /home/sunny/ros2_ws/src/cpp_srvcli/build/cpp_srvcli -- -j8 -l8
[1.287s] DEBUG:colcon.colcon_core.event_handler.log_command:Invoked command in '/home/sunny/ros2_ws/src/cpp_srvcli/build/cpp_srvcli' returned '0': CMAKE_PREFIX_PATH=${CMAKE_PREFIX_PATH}:/opt/ros/humble /usr/bin/cmake --build /home/sunny/ros2_ws/src/cpp_srvcli/build/cpp_srvcli -- -j8 -l8
[1.321s] DEBUG:colcon.colcon_core.event_handler.log_command:Invoking command in '/home/sunny/ros2_ws/src/cpp_srvcli/build/cpp_srvcli': CMAKE_PREFIX_PATH=${CMAKE_PREFIX_PATH}:/opt/ros/humble /usr/bin/cmake --install /home/sunny/ros2_ws/src/cpp_srvcli/build/cpp_srvcli
[1.335s] Level 1:colcon.colcon_core.environment:create_environment_scripts_only(cpp_srvcli)
[1.336s] DEBUG:colcon.colcon_core.event_handler.log_command:Invoked command in '/home/sunny/ros2_ws/src/cpp_srvcli/build/cpp_srvcli' returned '0': CMAKE_PREFIX_PATH=${CMAKE_PREFIX_PATH}:/opt/ros/humble /usr/bin/cmake --install /home/sunny/ros2_ws/src/cpp_srvcli/build/cpp_srvcli
[1.338s] Level 1:colcon.colcon_core.environment:checking '/home/sunny/ros2_ws/src/cpp_srvcli/install/cpp_srvcli' for CMake module files
[1.338s] Level 1:colcon.colcon_core.environment:checking '/home/sunny/ros2_ws/src/cpp_srvcli/install/cpp_srvcli' for CMake config files
[1.338s] Level 1:colcon.colcon_core.shell:create_environment_hook('cpp_srvcli', 'cmake_prefix_path')
[1.338s] INFO:colcon.colcon_core.shell:Creating environment hook '/home/sunny/ros2_ws/src/cpp_srvcli/install/cpp_srvcli/share/cpp_srvcli/hook/cmake_prefix_path.ps1'
[1.339s] INFO:colcon.colcon_core.shell:Creating environment descriptor '/home/sunny/ros2_ws/src/cpp_srvcli/install/cpp_srvcli/share/cpp_srvcli/hook/cmake_prefix_path.dsv'
[1.339s] INFO:colcon.colcon_core.shell:Creating environment hook '/home/sunny/ros2_ws/src/cpp_srvcli/install/cpp_srvcli/share/cpp_srvcli/hook/cmake_prefix_path.sh'
[1.340s] Level 1:colcon.colcon_core.environment:checking '/home/sunny/ros2_ws/src/cpp_srvcli/install/cpp_srvcli/lib'
[1.340s] Level 1:colcon.colcon_core.environment:checking '/home/sunny/ros2_ws/src/cpp_srvcli/install/cpp_srvcli/bin'
[1.340s] Level 1:colcon.colcon_core.environment:checking '/home/sunny/ros2_ws/src/cpp_srvcli/install/cpp_srvcli/lib/pkgconfig/cpp_srvcli.pc'
[1.340s] Level 1:colcon.colcon_core.environment:checking '/home/sunny/ros2_ws/src/cpp_srvcli/install/cpp_srvcli/lib/python3.10/site-packages'
[1.340s] Level 1:colcon.colcon_core.environment:checking '/home/sunny/ros2_ws/src/cpp_srvcli/install/cpp_srvcli/bin'
[1.341s] INFO:colcon.colcon_core.shell:Creating package script '/home/sunny/ros2_ws/src/cpp_srvcli/install/cpp_srvcli/share/cpp_srvcli/package.ps1'
[1.341s] INFO:colcon.colcon_core.shell:Creating package descriptor '/home/sunny/ros2_ws/src/cpp_srvcli/install/cpp_srvcli/share/cpp_srvcli/package.dsv'
[1.342s] INFO:colcon.colcon_core.shell:Creating package script '/home/sunny/ros2_ws/src/cpp_srvcli/install/cpp_srvcli/share/cpp_srvcli/package.sh'
[1.342s] INFO:colcon.colcon_core.shell:Creating package script '/home/sunny/ros2_ws/src/cpp_srvcli/install/cpp_srvcli/share/cpp_srvcli/package.bash'
[1.343s] INFO:colcon.colcon_core.shell:Creating package script '/home/sunny/ros2_ws/src/cpp_srvcli/install/cpp_srvcli/share/cpp_srvcli/package.zsh'
[1.343s] Level 1:colcon.colcon_core.environment:create_file_with_runtime_dependencies(/home/sunny/ros2_ws/src/cpp_srvcli/install/cpp_srvcli/share/colcon-core/packages/cpp_srvcli)
[1.370s] Level 1:colcon.colcon_core.environment:create_environment_scripts_only(cpp_srvcli)
[1.370s] Level 1:colcon.colcon_core.environment:checking '/home/sunny/ros2_ws/src/cpp_srvcli/install/cpp_srvcli' for CMake module files
[1.371s] Level 1:colcon.colcon_core.environment:checking '/home/sunny/ros2_ws/src/cpp_srvcli/install/cpp_srvcli' for CMake config files
[1.371s] Level 1:colcon.colcon_core.shell:create_environment_hook('cpp_srvcli', 'cmake_prefix_path')
[1.372s] INFO:colcon.colcon_core.shell:Creating environment hook '/home/sunny/ros2_ws/src/cpp_srvcli/install/cpp_srvcli/share/cpp_srvcli/hook/cmake_prefix_path.ps1'
[1.372s] INFO:colcon.colcon_core.shell:Creating environment descriptor '/home/sunny/ros2_ws/src/cpp_srvcli/install/cpp_srvcli/share/cpp_srvcli/hook/cmake_prefix_path.dsv'
[1.372s] INFO:colcon.colcon_core.shell:Creating environment hook '/home/sunny/ros2_ws/src/cpp_srvcli/install/cpp_srvcli/share/cpp_srvcli/hook/cmake_prefix_path.sh'
[1.373s] Level 1:colcon.colcon_core.environment:checking '/home/sunny/ros2_ws/src/cpp_srvcli/install/cpp_srvcli/lib'
[1.373s] Level 1:colcon.colcon_core.environment:checking '/home/sunny/ros2_ws/src/cpp_srvcli/install/cpp_srvcli/bin'
[1.373s] Level 1:colcon.colcon_core.environment:checking '/home/sunny/ros2_ws/src/cpp_srvcli/install/cpp_srvcli/lib/pkgconfig/cpp_srvcli.pc'
[1.373s] Level 1:colcon.colcon_core.environment:checking '/home/sunny/ros2_ws/src/cpp_srvcli/install/cpp_srvcli/lib/python3.10/site-packages'
[1.374s] Level 1:colcon.colcon_core.environment:checking '/home/sunny/ros2_ws/src/cpp_srvcli/install/cpp_srvcli/bin'
[1.374s] INFO:colcon.colcon_core.shell:Creating package script '/home/sunny/ros2_ws/src/cpp_srvcli/install/cpp_srvcli/share/cpp_srvcli/package.ps1'
[1.375s] INFO:colcon.colcon_core.shell:Creating package descriptor '/home/sunny/ros2_ws/src/cpp_srvcli/install/cpp_srvcli/share/cpp_srvcli/package.dsv'
[1.375s] INFO:colcon.colcon_core.shell:Creating package script '/home/sunny/ros2_ws/src/cpp_srvcli/install/cpp_srvcli/share/cpp_srvcli/package.sh'
[1.376s] INFO:colcon.colcon_core.shell:Creating package script '/home/sunny/ros2_ws/src/cpp_srvcli/install/cpp_srvcli/share/cpp_srvcli/package.bash'
[1.376s] INFO:colcon.colcon_core.shell:Creating package script '/home/sunny/ros2_ws/src/cpp_srvcli/install/cpp_srvcli/share/cpp_srvcli/package.zsh'
[1.376s] Level 1:colcon.colcon_core.environment:create_file_with_runtime_dependencies(/home/sunny/ros2_ws/src/cpp_srvcli/install/cpp_srvcli/share/colcon-core/packages/cpp_srvcli)
[1.377s] DEBUG:colcon.colcon_parallel_executor.executor.parallel:closing loop
[1.377s] DEBUG:colcon.colcon_parallel_executor.executor.parallel:loop closed
[1.377s] DEBUG:colcon.colcon_parallel_executor.executor.parallel:run_until_complete finished with '0'
[1.377s] DEBUG:colcon.colcon_core.event_reactor:joining thread
[1.382s] INFO:colcon.colcon_core.plugin_system:Skipping extension 'colcon_notification.desktop_notification.terminal_notifier': Not used on non-Darwin systems
[1.382s] INFO:colcon.colcon_core.plugin_system:Skipping extension 'colcon_notification.desktop_notification.win32': Not used on non-Windows systems
[1.382s] INFO:colcon.colcon_notification.desktop_notification:Sending desktop notification using 'notify2'
[1.393s] DEBUG:colcon.colcon_core.event_reactor:joined thread
[1.394s] INFO:colcon.colcon_core.shell:Creating prefix script '/home/sunny/ros2_ws/src/cpp_srvcli/install/local_setup.ps1'
[1.395s] INFO:colcon.colcon_core.shell:Creating prefix util module '/home/sunny/ros2_ws/src/cpp_srvcli/install/_local_setup_util_ps1.py'
[1.396s] INFO:colcon.colcon_core.shell:Creating prefix chain script '/home/sunny/ros2_ws/src/cpp_srvcli/install/setup.ps1'
[1.397s] INFO:colcon.colcon_core.shell:Creating prefix script '/home/sunny/ros2_ws/src/cpp_srvcli/install/local_setup.sh'
[1.398s] INFO:colcon.colcon_core.shell:Creating prefix util module '/home/sunny/ros2_ws/src/cpp_srvcli/install/_local_setup_util_sh.py'
[1.398s] INFO:colcon.colcon_core.shell:Creating prefix chain script '/home/sunny/ros2_ws/src/cpp_srvcli/install/setup.sh'
[1.399s] INFO:colcon.colcon_core.shell:Creating prefix script '/home/sunny/ros2_ws/src/cpp_srvcli/install/local_setup.bash'
[1.400s] INFO:colcon.colcon_core.shell:Creating prefix chain script '/home/sunny/ros2_ws/src/cpp_srvcli/install/setup.bash'
[1.401s] INFO:colcon.colcon_core.shell:Creating prefix script '/home/sunny/ros2_ws/src/cpp_srvcli/install/local_setup.zsh'
[1.401s] INFO:colcon.colcon_core.shell:Creating prefix chain script '/home/sunny/ros2_ws/src/cpp_srvcli/install/setup.zsh'
