[0.008s] Invoking command in '/home/sunny/ros2_ws/src/cpp_srvcli/build/cpp_srvcli': CMAKE_PREFIX_PATH=${CMAKE_PREFIX_PATH}:/opt/ros/humble /usr/bin/cmake /home/sunny/ros2_ws/src/cpp_srvcli -DCMAKE_INSTALL_PREFIX=/home/sunny/ros2_ws/src/cpp_srvcli/install/cpp_srvcli
[0.058s] -- The C compiler identification is GNU 11.4.0
[0.107s] -- The CXX compiler identification is GNU 11.4.0
[0.114s] -- Detecting C compiler ABI info
[0.174s] -- Detecting C compiler ABI info - done
[0.181s] -- Check for working C compiler: /usr/bin/cc - skipped
[0.181s] -- Detecting C compile features
[0.181s] -- Detecting C compile features - done
[0.184s] -- Detecting CXX compiler ABI info
[0.255s] -- Detecting CXX compiler ABI info - done
[0.262s] -- Check for working CXX compiler: /usr/bin/c++ - skipped
[0.263s] -- Detecting CXX compile features
[0.263s] -- Detecting CXX compile features - done
[0.266s] -- Found ament_cmake: 1.3.9 (/opt/ros/humble/share/ament_cmake/cmake)
[0.402s] -- Found Python3: /usr/bin/python3 (found version "3.10.12") found components: Interpreter 
[0.490s] -- Found rclcpp: 16.0.9 (/opt/ros/humble/share/rclcpp/cmake)
[0.534s] -- Found rosidl_generator_c: 3.1.5 (/opt/ros/humble/share/rosidl_generator_c/cmake)
[0.540s] -- Found rosidl_adapter: 3.1.5 (/opt/ros/humble/share/rosidl_adapter/cmake)
[0.551s] -- Found rosidl_generator_cpp: 3.1.5 (/opt/ros/humble/share/rosidl_generator_cpp/cmake)
[0.564s] -- Using all available rosidl_typesupport_c: rosidl_typesupport_fastrtps_c;rosidl_typesupport_introspection_c
[0.583s] -- Using all available rosidl_typesupport_cpp: rosidl_typesupport_fastrtps_cpp;rosidl_typesupport_introspection_cpp
[0.658s] -- Found rmw_implementation_cmake: 6.1.2 (/opt/ros/humble/share/rmw_implementation_cmake/cmake)
[0.661s] -- Found rmw_fastrtps_cpp: 6.2.6 (/opt/ros/humble/share/rmw_fastrtps_cpp/cmake)
[0.749s] -- Found OpenSSL: /usr/lib/x86_64-linux-gnu/libcrypto.so (found version "3.0.2")  
[0.772s] -- Found FastRTPS: /opt/ros/humble/include  
[0.816s] -- Using RMW implementation 'rmw_fastrtps_cpp' as default
[0.826s] -- Looking for pthread.h
[0.889s] -- Looking for pthread.h - found
[0.889s] -- Performing Test CMAKE_HAVE_LIBC_PTHREAD
[0.956s] -- Performing Test CMAKE_HAVE_LIBC_PTHREAD - Success
[0.957s] -- Found Threads: TRUE  
[1.108s] -- Found tutorial_interfaces: 0.0.0 (/home/sunny/ros2_ws/install/tutorial_interfaces/share/tutorial_interfaces/cmake)
[1.218s] -- Found ament_lint_auto: 0.12.11 (/opt/ros/humble/share/ament_lint_auto/cmake)
[1.292s] -- Added test 'cppcheck' to perform static code analysis on C / C++ code
[1.292s] -- Configured cppcheck include dirs: 
[1.292s] -- Configured cppcheck exclude dirs and/or files: 
[1.294s] -- Added test 'lint_cmake' to check CMake code style
[1.299s] -- Added test 'uncrustify' to check C / C++ code style
[1.299s] -- Configured uncrustify additional arguments: 
[1.300s] -- Added test 'xmllint' to check XML markup files
[1.302s] -- Configuring done
[1.314s] -- Generating done
[1.316s] -- Build files have been written to: /home/sunny/ros2_ws/src/cpp_srvcli/build/cpp_srvcli
[1.324s] Invoked command in '/home/sunny/ros2_ws/src/cpp_srvcli/build/cpp_srvcli' returned '0': CMAKE_PREFIX_PATH=${CMAKE_PREFIX_PATH}:/opt/ros/humble /usr/bin/cmake /home/sunny/ros2_ws/src/cpp_srvcli -DCMAKE_INSTALL_PREFIX=/home/sunny/ros2_ws/src/cpp_srvcli/install/cpp_srvcli
[1.326s] Invoking command in '/home/sunny/ros2_ws/src/cpp_srvcli/build/cpp_srvcli': CMAKE_PREFIX_PATH=${CMAKE_PREFIX_PATH}:/opt/ros/humble /usr/bin/cmake --build /home/sunny/ros2_ws/src/cpp_srvcli/build/cpp_srvcli -- -j8 -l8
[1.374s] [ 50%] [32mBuilding CXX object CMakeFiles/server.dir/src/add_two_ints_server.cpp.o[0m
[1.374s] [ 50%] [32mBuilding CXX object CMakeFiles/client.dir/src/add_two_ints_client.cpp.o[0m
[4.381s] [ 75%] [32m[1mLinking CXX executable server[0m
[4.525s] [ 75%] Built target server
[4.557s] [100%] [32m[1mLinking CXX executable client[0m
[4.701s] [100%] Built target client
[4.712s] Invoked command in '/home/sunny/ros2_ws/src/cpp_srvcli/build/cpp_srvcli' returned '0': CMAKE_PREFIX_PATH=${CMAKE_PREFIX_PATH}:/opt/ros/humble /usr/bin/cmake --build /home/sunny/ros2_ws/src/cpp_srvcli/build/cpp_srvcli -- -j8 -l8
[4.750s] Invoking command in '/home/sunny/ros2_ws/src/cpp_srvcli/build/cpp_srvcli': CMAKE_PREFIX_PATH=${CMAKE_PREFIX_PATH}:/opt/ros/humble /usr/bin/cmake --install /home/sunny/ros2_ws/src/cpp_srvcli/build/cpp_srvcli
[4.756s] -- Install configuration: ""
[4.756s] -- Installing: /home/sunny/ros2_ws/src/cpp_srvcli/install/cpp_srvcli/lib/cpp_srvcli/server
[4.757s] -- Set runtime path of "/home/sunny/ros2_ws/src/cpp_srvcli/install/cpp_srvcli/lib/cpp_srvcli/server" to ""
[4.757s] -- Installing: /home/sunny/ros2_ws/src/cpp_srvcli/install/cpp_srvcli/lib/cpp_srvcli/client
[4.758s] -- Set runtime path of "/home/sunny/ros2_ws/src/cpp_srvcli/install/cpp_srvcli/lib/cpp_srvcli/client" to ""
[4.758s] -- Installing: /home/sunny/ros2_ws/src/cpp_srvcli/install/cpp_srvcli/share/ament_index/resource_index/package_run_dependencies/cpp_srvcli
[4.759s] -- Installing: /home/sunny/ros2_ws/src/cpp_srvcli/install/cpp_srvcli/share/ament_index/resource_index/parent_prefix_path/cpp_srvcli
[4.759s] -- Installing: /home/sunny/ros2_ws/src/cpp_srvcli/install/cpp_srvcli/share/cpp_srvcli/environment/ament_prefix_path.sh
[4.759s] -- Installing: /home/sunny/ros2_ws/src/cpp_srvcli/install/cpp_srvcli/share/cpp_srvcli/environment/ament_prefix_path.dsv
[4.759s] -- Installing: /home/sunny/ros2_ws/src/cpp_srvcli/install/cpp_srvcli/share/cpp_srvcli/environment/path.sh
[4.759s] -- Installing: /home/sunny/ros2_ws/src/cpp_srvcli/install/cpp_srvcli/share/cpp_srvcli/environment/path.dsv
[4.760s] -- Installing: /home/sunny/ros2_ws/src/cpp_srvcli/install/cpp_srvcli/share/cpp_srvcli/local_setup.bash
[4.760s] -- Installing: /home/sunny/ros2_ws/src/cpp_srvcli/install/cpp_srvcli/share/cpp_srvcli/local_setup.sh
[4.760s] -- Installing: /home/sunny/ros2_ws/src/cpp_srvcli/install/cpp_srvcli/share/cpp_srvcli/local_setup.zsh
[4.760s] -- Installing: /home/sunny/ros2_ws/src/cpp_srvcli/install/cpp_srvcli/share/cpp_srvcli/local_setup.dsv
[4.760s] -- Installing: /home/sunny/ros2_ws/src/cpp_srvcli/install/cpp_srvcli/share/cpp_srvcli/package.dsv
[4.760s] -- Installing: /home/sunny/ros2_ws/src/cpp_srvcli/install/cpp_srvcli/share/ament_index/resource_index/packages/cpp_srvcli
[4.761s] -- Installing: /home/sunny/ros2_ws/src/cpp_srvcli/install/cpp_srvcli/share/cpp_srvcli/cmake/cpp_srvcliConfig.cmake
[4.761s] -- Installing: /home/sunny/ros2_ws/src/cpp_srvcli/install/cpp_srvcli/share/cpp_srvcli/cmake/cpp_srvcliConfig-version.cmake
[4.761s] -- Installing: /home/sunny/ros2_ws/src/cpp_srvcli/install/cpp_srvcli/share/cpp_srvcli/package.xml
[4.763s] Invoked command in '/home/sunny/ros2_ws/src/cpp_srvcli/build/cpp_srvcli' returned '0': CMAKE_PREFIX_PATH=${CMAKE_PREFIX_PATH}:/opt/ros/humble /usr/bin/cmake --install /home/sunny/ros2_ws/src/cpp_srvcli/build/cpp_srvcli
