[35m[1mConsolidate compiler generated dependencies of target transpose[0m
[ 50%] [32mBuilding CXX object CMakeFiles/transpose.dir/src/proj_coordinate.cpp.o[0m
[01m[K/home/sunny/ros2_ws/src/cpp_proj/src/proj_coordinate.cpp:[m[K In function ‘[01m[Kint main()[m[K’:
[01m[K/home/sunny/ros2_ws/src/cpp_proj/src/proj_coordinate.cpp:73:31:[m[K [01;35m[Kwarning: [m[Kcomparison of integer expressions of different signedness: ‘[01m[Kint[m[K’ and ‘[01m[Kstd::vector<std::__cxx11::basic_string<char> >::size_type[m[K’ {aka ‘[01m[Klong unsigned int[m[K’} [[01;35m[K]8;;https://gcc.gnu.org/onlinedocs/gcc/Warning-Options.html#index-Wsign-compare-Wsign-compare]8;;[m[K]
   73 |             for (int i = 0; [01;35m[Ki < result.size()[m[K; i++) {
      |                             [01;35m[K~~^~~~~~~~~~~~~~~[m[K
[01m[K/home/sunny/ros2_ws/src/cpp_proj/src/proj_coordinate.cpp:60:9:[m[K [01;35m[Kwarning: [m[Kunused variable ‘[01m[Knorm[m[K’ [[01;35m[K]8;;https://gcc.gnu.org/onlinedocs/gcc/Warning-Options.html#index-Wunused-variable-Wunused-variable]8;;[m[K]
   60 |     PJ *[01;35m[Knorm[m[K;
      |         [01;35m[K^~~~[m[K
[100%] [32m[1mLinking CXX executable transpose[0m
[100%] Built target transpose
-- Install configuration: ""
-- Installing: /home/sunny/ros2_ws/install/cpp_proj/lib/cpp_proj/transpose
-- Set runtime path of "/home/sunny/ros2_ws/install/cpp_proj/lib/cpp_proj/transpose" to ""
-- Up-to-date: /home/sunny/ros2_ws/install/cpp_proj/share/ament_index/resource_index/package_run_dependencies/cpp_proj
-- Up-to-date: /home/sunny/ros2_ws/install/cpp_proj/share/ament_index/resource_index/parent_prefix_path/cpp_proj
-- Up-to-date: /home/sunny/ros2_ws/install/cpp_proj/share/cpp_proj/environment/ament_prefix_path.sh
-- Up-to-date: /home/sunny/ros2_ws/install/cpp_proj/share/cpp_proj/environment/ament_prefix_path.dsv
-- Up-to-date: /home/sunny/ros2_ws/install/cpp_proj/share/cpp_proj/environment/path.sh
-- Up-to-date: /home/sunny/ros2_ws/install/cpp_proj/share/cpp_proj/environment/path.dsv
-- Up-to-date: /home/sunny/ros2_ws/install/cpp_proj/share/cpp_proj/local_setup.bash
-- Up-to-date: /home/sunny/ros2_ws/install/cpp_proj/share/cpp_proj/local_setup.sh
-- Up-to-date: /home/sunny/ros2_ws/install/cpp_proj/share/cpp_proj/local_setup.zsh
-- Up-to-date: /home/sunny/ros2_ws/install/cpp_proj/share/cpp_proj/local_setup.dsv
-- Installing: /home/sunny/ros2_ws/install/cpp_proj/share/cpp_proj/package.dsv
-- Up-to-date: /home/sunny/ros2_ws/install/cpp_proj/share/ament_index/resource_index/packages/cpp_proj
-- Up-to-date: /home/sunny/ros2_ws/install/cpp_proj/share/cpp_proj/cmake/cpp_projConfig.cmake
-- Up-to-date: /home/sunny/ros2_ws/install/cpp_proj/share/cpp_proj/cmake/cpp_projConfig-version.cmake
-- Up-to-date: /home/sunny/ros2_ws/install/cpp_proj/share/cpp_proj/package.xml
