[0.048s] Invoking command in '/home/sunny/ros2_ws/build/custom_interfaces': CMAKE_PREFIX_PATH=/opt/ros/humble /usr/bin/cmake --build /home/sunny/ros2_ws/build/custom_interfaces -- -j8 -l8
[0.134s] -- Found ament_cmake: 1.3.9 (/opt/ros/humble/share/ament_cmake/cmake)
[0.330s] -- Found rosidl_default_generators: 1.2.0 (/opt/ros/humble/share/rosidl_default_generators/cmake)
[0.334s] -- Using all available rosidl_typesupport_c: rosidl_typesupport_fastrtps_c;rosidl_typesupport_introspection_c
[0.342s] -- Found rosidl_adapter: 3.1.5 (/opt/ros/humble/share/rosidl_adapter/cmake)
[0.442s] -- Using all available rosidl_typesupport_cpp: rosidl_typesupport_fastrtps_cpp;rosidl_typesupport_introspection_cpp
[1.025s] -- Found ament_cmake_ros: 0.10.0 (/opt/ros/humble/share/ament_cmake_ros/cmake)
[1.286s] -- Using all available rosidl_typesupport_c: rosidl_typesupport_fastrtps_c;rosidl_typesupport_introspection_c
[1.613s] -- Using all available rosidl_typesupport_cpp: rosidl_typesupport_fastrtps_cpp;rosidl_typesupport_introspection_cpp
[1.647s] -- Found python_cmake_module: 0.10.0 (/opt/ros/humble/share/python_cmake_module/cmake)
[1.679s] -- Using PYTHON_EXECUTABLE: /usr/bin/python3
[1.679s] -- Using PYTHON_INCLUDE_DIRS: /usr/include/python3.10
[1.679s] -- Using PYTHON_LIBRARIES: /usr/lib/x86_64-linux-gnu/libpython3.10.so
[1.699s] -- Configuring done
[1.738s] -- Generating done
[1.742s] -- Build files have been written to: /home/sunny/ros2_ws/build/custom_interfaces
[1.774s] [35m[1mConsolidate compiler generated dependencies of target custom_interfaces__rosidl_generator_c[0m
[1.786s] [  3%] Built target custom_interfaces__cpp
[1.792s] [ 12%] Built target custom_interfaces__rosidl_generator_c
[1.799s] [ 12%] Built target ament_cmake_python_copy_custom_interfaces
[1.800s] [35m[1mConsolidate compiler generated dependencies of target custom_interfaces__rosidl_typesupport_fastrtps_cpp[0m
[1.803s] [35m[1mConsolidate compiler generated dependencies of target custom_interfaces__rosidl_typesupport_cpp[0m
[1.806s] [35m[1mConsolidate compiler generated dependencies of target custom_interfaces__rosidl_typesupport_fastrtps_c[0m
[1.812s] [35m[1mConsolidate compiler generated dependencies of target custom_interfaces__rosidl_typesupport_c[0m
[1.821s] [35m[1mConsolidate compiler generated dependencies of target custom_interfaces__rosidl_typesupport_introspection_cpp[0m
[1.823s] [35m[1mConsolidate compiler generated dependencies of target custom_interfaces__rosidl_typesupport_introspection_c[0m
[1.842s] [ 22%] Built target custom_interfaces__rosidl_typesupport_fastrtps_cpp
[1.842s] [ 32%] Built target custom_interfaces__rosidl_typesupport_cpp
[1.848s] [ 41%] Built target custom_interfaces__rosidl_typesupport_c
[1.857s] [ 51%] Built target custom_interfaces__rosidl_typesupport_fastrtps_c
[1.869s] [ 61%] Built target custom_interfaces__rosidl_typesupport_introspection_c
[1.874s] [ 70%] Built target custom_interfaces__rosidl_typesupport_introspection_cpp
[1.901s] [ 70%] Built target custom_interfaces
[1.927s] [ 74%] Built target custom_interfaces__py
[1.941s] [35m[1mConsolidate compiler generated dependencies of target custom_interfaces__rosidl_generator_py[0m
[1.959s] [ 80%] Built target custom_interfaces__rosidl_generator_py
[1.973s] [35m[1mConsolidate compiler generated dependencies of target custom_interfaces__rosidl_typesupport_introspection_c__pyext[0m
[1.973s] [35m[1mConsolidate compiler generated dependencies of target custom_interfaces__rosidl_typesupport_fastrtps_c__pyext[0m
[1.973s] [35m[1mConsolidate compiler generated dependencies of target custom_interfaces__rosidl_typesupport_c__pyext[0m
[1.992s] [ 87%] Built target custom_interfaces__rosidl_typesupport_fastrtps_c__pyext
[1.993s] [ 93%] Built target custom_interfaces__rosidl_typesupport_c__pyext
[1.993s] [100%] Built target custom_interfaces__rosidl_typesupport_introspection_c__pyext
[2.160s] running egg_info
[2.160s] writing custom_interfaces.egg-info/PKG-INFO
[2.161s] writing dependency_links to custom_interfaces.egg-info/dependency_links.txt
[2.161s] writing top-level names to custom_interfaces.egg-info/top_level.txt
[2.163s] reading manifest file 'custom_interfaces.egg-info/SOURCES.txt'
[2.164s] writing manifest file 'custom_interfaces.egg-info/SOURCES.txt'
[2.198s] [100%] Built target ament_cmake_python_build_custom_interfaces_egg
[2.211s] Invoked command in '/home/sunny/ros2_ws/build/custom_interfaces' returned '0': CMAKE_PREFIX_PATH=/opt/ros/humble /usr/bin/cmake --build /home/sunny/ros2_ws/build/custom_interfaces -- -j8 -l8
[2.272s] Invoking command in '/home/sunny/ros2_ws/build/custom_interfaces': CMAKE_PREFIX_PATH=/opt/ros/humble /usr/bin/cmake --install /home/sunny/ros2_ws/build/custom_interfaces
[2.280s] -- Install configuration: ""
[2.280s] -- Up-to-date: /home/sunny/ros2_ws/install/custom_interfaces/share/ament_index/resource_index/rosidl_interfaces/custom_interfaces
[2.281s] -- Up-to-date: /home/sunny/ros2_ws/install/custom_interfaces/include/custom_interfaces/custom_interfaces
[2.281s] -- Up-to-date: /home/sunny/ros2_ws/install/custom_interfaces/include/custom_interfaces/custom_interfaces/msg
[2.281s] -- Up-to-date: /home/sunny/ros2_ws/install/custom_interfaces/include/custom_interfaces/custom_interfaces/msg/detail
[2.281s] -- Up-to-date: /home/sunny/ros2_ws/install/custom_interfaces/include/custom_interfaces/custom_interfaces/msg/detail/utm__functions.c
[2.281s] -- Up-to-date: /home/sunny/ros2_ws/install/custom_interfaces/include/custom_interfaces/custom_interfaces/msg/detail/utm__struct.h
[2.281s] -- Up-to-date: /home/sunny/ros2_ws/install/custom_interfaces/include/custom_interfaces/custom_interfaces/msg/detail/utm__functions.h
[2.281s] -- Up-to-date: /home/sunny/ros2_ws/install/custom_interfaces/include/custom_interfaces/custom_interfaces/msg/detail/utm__type_support.h
[2.282s] -- Up-to-date: /home/sunny/ros2_ws/install/custom_interfaces/include/custom_interfaces/custom_interfaces/msg/rosidl_generator_c__visibility_control.h
[2.282s] -- Up-to-date: /home/sunny/ros2_ws/install/custom_interfaces/include/custom_interfaces/custom_interfaces/msg/utm.h
[2.282s] -- Up-to-date: /home/sunny/ros2_ws/install/custom_interfaces/share/custom_interfaces/environment/library_path.sh
[2.282s] -- Installing: /home/sunny/ros2_ws/install/custom_interfaces/share/custom_interfaces/environment/library_path.dsv
[2.282s] -- Up-to-date: /home/sunny/ros2_ws/install/custom_interfaces/lib/libcustom_interfaces__rosidl_generator_c.so
[2.282s] -- Up-to-date: /home/sunny/ros2_ws/install/custom_interfaces/include/custom_interfaces/custom_interfaces
[2.283s] -- Up-to-date: /home/sunny/ros2_ws/install/custom_interfaces/include/custom_interfaces/custom_interfaces/msg
[2.283s] -- Up-to-date: /home/sunny/ros2_ws/install/custom_interfaces/include/custom_interfaces/custom_interfaces/msg/rosidl_typesupport_fastrtps_c__visibility_control.h
[2.283s] -- Up-to-date: /home/sunny/ros2_ws/install/custom_interfaces/include/custom_interfaces/custom_interfaces/msg/detail
[2.283s] -- Up-to-date: /home/sunny/ros2_ws/install/custom_interfaces/include/custom_interfaces/custom_interfaces/msg/detail/utm__rosidl_typesupport_fastrtps_c.h
[2.283s] -- Up-to-date: /home/sunny/ros2_ws/install/custom_interfaces/lib/libcustom_interfaces__rosidl_typesupport_fastrtps_c.so
[2.283s] -- Up-to-date: /home/sunny/ros2_ws/install/custom_interfaces/include/custom_interfaces/custom_interfaces
[2.283s] -- Up-to-date: /home/sunny/ros2_ws/install/custom_interfaces/include/custom_interfaces/custom_interfaces/msg
[2.284s] -- Up-to-date: /home/sunny/ros2_ws/install/custom_interfaces/include/custom_interfaces/custom_interfaces/msg/rosidl_typesupport_introspection_c__visibility_control.h
[2.284s] -- Up-to-date: /home/sunny/ros2_ws/install/custom_interfaces/include/custom_interfaces/custom_interfaces/msg/detail
[2.284s] -- Up-to-date: /home/sunny/ros2_ws/install/custom_interfaces/include/custom_interfaces/custom_interfaces/msg/detail/utm__rosidl_typesupport_introspection_c.h
[2.284s] -- Up-to-date: /home/sunny/ros2_ws/install/custom_interfaces/include/custom_interfaces/custom_interfaces/msg/detail/utm__type_support.c
[2.284s] -- Up-to-date: /home/sunny/ros2_ws/install/custom_interfaces/lib/libcustom_interfaces__rosidl_typesupport_introspection_c.so
[2.284s] -- Up-to-date: /home/sunny/ros2_ws/install/custom_interfaces/lib/libcustom_interfaces__rosidl_typesupport_c.so
[2.284s] -- Up-to-date: /home/sunny/ros2_ws/install/custom_interfaces/include/custom_interfaces/custom_interfaces
[2.285s] -- Up-to-date: /home/sunny/ros2_ws/install/custom_interfaces/include/custom_interfaces/custom_interfaces/msg
[2.285s] -- Up-to-date: /home/sunny/ros2_ws/install/custom_interfaces/include/custom_interfaces/custom_interfaces/msg/utm.hpp
[2.285s] -- Up-to-date: /home/sunny/ros2_ws/install/custom_interfaces/include/custom_interfaces/custom_interfaces/msg/detail
[2.285s] -- Up-to-date: /home/sunny/ros2_ws/install/custom_interfaces/include/custom_interfaces/custom_interfaces/msg/detail/utm__traits.hpp
[2.285s] -- Up-to-date: /home/sunny/ros2_ws/install/custom_interfaces/include/custom_interfaces/custom_interfaces/msg/detail/utm__struct.hpp
[2.285s] -- Up-to-date: /home/sunny/ros2_ws/install/custom_interfaces/include/custom_interfaces/custom_interfaces/msg/detail/utm__builder.hpp
[2.285s] -- Up-to-date: /home/sunny/ros2_ws/install/custom_interfaces/include/custom_interfaces/custom_interfaces
[2.286s] -- Up-to-date: /home/sunny/ros2_ws/install/custom_interfaces/include/custom_interfaces/custom_interfaces/msg
[2.286s] -- Up-to-date: /home/sunny/ros2_ws/install/custom_interfaces/include/custom_interfaces/custom_interfaces/msg/rosidl_typesupport_fastrtps_cpp__visibility_control.h
[2.286s] -- Up-to-date: /home/sunny/ros2_ws/install/custom_interfaces/include/custom_interfaces/custom_interfaces/msg/detail
[2.286s] -- Up-to-date: /home/sunny/ros2_ws/install/custom_interfaces/include/custom_interfaces/custom_interfaces/msg/detail/utm__rosidl_typesupport_fastrtps_cpp.hpp
[2.286s] -- Up-to-date: /home/sunny/ros2_ws/install/custom_interfaces/include/custom_interfaces/custom_interfaces/msg/detail/dds_fastrtps
[2.286s] -- Up-to-date: /home/sunny/ros2_ws/install/custom_interfaces/lib/libcustom_interfaces__rosidl_typesupport_fastrtps_cpp.so
[2.286s] -- Up-to-date: /home/sunny/ros2_ws/install/custom_interfaces/include/custom_interfaces/custom_interfaces
[2.287s] -- Up-to-date: /home/sunny/ros2_ws/install/custom_interfaces/include/custom_interfaces/custom_interfaces/msg
[2.287s] -- Up-to-date: /home/sunny/ros2_ws/install/custom_interfaces/include/custom_interfaces/custom_interfaces/msg/detail
[2.287s] -- Up-to-date: /home/sunny/ros2_ws/install/custom_interfaces/include/custom_interfaces/custom_interfaces/msg/detail/utm__type_support.cpp
[2.287s] -- Up-to-date: /home/sunny/ros2_ws/install/custom_interfaces/include/custom_interfaces/custom_interfaces/msg/detail/utm__rosidl_typesupport_introspection_cpp.hpp
[2.287s] -- Up-to-date: /home/sunny/ros2_ws/install/custom_interfaces/lib/libcustom_interfaces__rosidl_typesupport_introspection_cpp.so
[2.287s] -- Up-to-date: /home/sunny/ros2_ws/install/custom_interfaces/lib/libcustom_interfaces__rosidl_typesupport_cpp.so
[2.287s] -- Up-to-date: /home/sunny/ros2_ws/install/custom_interfaces/share/custom_interfaces/environment/pythonpath.sh
[2.288s] -- Installing: /home/sunny/ros2_ws/install/custom_interfaces/share/custom_interfaces/environment/pythonpath.dsv
[2.288s] -- Up-to-date: /home/sunny/ros2_ws/install/custom_interfaces/local/lib/python3.10/dist-packages/custom_interfaces-0.0.0-py3.10.egg-info
[2.288s] -- Installing: /home/sunny/ros2_ws/install/custom_interfaces/local/lib/python3.10/dist-packages/custom_interfaces-0.0.0-py3.10.egg-info/dependency_links.txt
[2.288s] -- Installing: /home/sunny/ros2_ws/install/custom_interfaces/local/lib/python3.10/dist-packages/custom_interfaces-0.0.0-py3.10.egg-info/top_level.txt
[2.288s] -- Installing: /home/sunny/ros2_ws/install/custom_interfaces/local/lib/python3.10/dist-packages/custom_interfaces-0.0.0-py3.10.egg-info/SOURCES.txt
[2.288s] -- Installing: /home/sunny/ros2_ws/install/custom_interfaces/local/lib/python3.10/dist-packages/custom_interfaces-0.0.0-py3.10.egg-info/PKG-INFO
[2.288s] -- Up-to-date: /home/sunny/ros2_ws/install/custom_interfaces/local/lib/python3.10/dist-packages/custom_interfaces
[2.288s] -- Up-to-date: /home/sunny/ros2_ws/install/custom_interfaces/local/lib/python3.10/dist-packages/custom_interfaces/_custom_interfaces_s.ep.rosidl_typesupport_c.c
[2.289s] -- Up-to-date: /home/sunny/ros2_ws/install/custom_interfaces/local/lib/python3.10/dist-packages/custom_interfaces/msg
[2.289s] -- Up-to-date: /home/sunny/ros2_ws/install/custom_interfaces/local/lib/python3.10/dist-packages/custom_interfaces/msg/_utm.py
[2.289s] -- Up-to-date: /home/sunny/ros2_ws/install/custom_interfaces/local/lib/python3.10/dist-packages/custom_interfaces/msg/_utm_s.c
[2.289s] -- Up-to-date: /home/sunny/ros2_ws/install/custom_interfaces/local/lib/python3.10/dist-packages/custom_interfaces/msg/__init__.py
[2.289s] -- Up-to-date: /home/sunny/ros2_ws/install/custom_interfaces/local/lib/python3.10/dist-packages/custom_interfaces/_custom_interfaces_s.ep.rosidl_typesupport_introspection_c.c
[2.289s] -- Up-to-date: /home/sunny/ros2_ws/install/custom_interfaces/local/lib/python3.10/dist-packages/custom_interfaces/_custom_interfaces_s.ep.rosidl_typesupport_fastrtps_c.c
[2.289s] -- Up-to-date: /home/sunny/ros2_ws/install/custom_interfaces/local/lib/python3.10/dist-packages/custom_interfaces/custom_interfaces_s__rosidl_typesupport_c.cpython-310-x86_64-linux-gnu.so
[2.289s] -- Up-to-date: /home/sunny/ros2_ws/install/custom_interfaces/local/lib/python3.10/dist-packages/custom_interfaces/custom_interfaces_s__rosidl_typesupport_introspection_c.cpython-310-x86_64-linux-gnu.so
[2.290s] -- Up-to-date: /home/sunny/ros2_ws/install/custom_interfaces/local/lib/python3.10/dist-packages/custom_interfaces/custom_interfaces_s__rosidl_typesupport_fastrtps_c.cpython-310-x86_64-linux-gnu.so
[2.290s] -- Installing: /home/sunny/ros2_ws/install/custom_interfaces/local/lib/python3.10/dist-packages/custom_interfaces/__init__.py
[2.290s] -- Up-to-date: /home/sunny/ros2_ws/install/custom_interfaces/local/lib/python3.10/dist-packages/custom_interfaces/libcustom_interfaces__rosidl_generator_py.so
[2.316s] Listing '/home/sunny/ros2_ws/install/custom_interfaces/local/lib/python3.10/dist-packages/custom_interfaces'...
[2.316s] Compiling '/home/sunny/ros2_ws/install/custom_interfaces/local/lib/python3.10/dist-packages/custom_interfaces/__init__.py'...
[2.316s] Listing '/home/sunny/ros2_ws/install/custom_interfaces/local/lib/python3.10/dist-packages/custom_interfaces/msg'...
[2.322s] -- Up-to-date: /home/sunny/ros2_ws/install/custom_interfaces/local/lib/python3.10/dist-packages/custom_interfaces/custom_interfaces_s__rosidl_typesupport_fastrtps_c.cpython-310-x86_64-linux-gnu.so
[2.322s] -- Up-to-date: /home/sunny/ros2_ws/install/custom_interfaces/local/lib/python3.10/dist-packages/custom_interfaces/custom_interfaces_s__rosidl_typesupport_introspection_c.cpython-310-x86_64-linux-gnu.so
[2.323s] -- Up-to-date: /home/sunny/ros2_ws/install/custom_interfaces/local/lib/python3.10/dist-packages/custom_interfaces/custom_interfaces_s__rosidl_typesupport_c.cpython-310-x86_64-linux-gnu.so
[2.323s] -- Up-to-date: /home/sunny/ros2_ws/install/custom_interfaces/lib/libcustom_interfaces__rosidl_generator_py.so
[2.323s] -- Up-to-date: /home/sunny/ros2_ws/install/custom_interfaces/share/custom_interfaces/msg/Utm.idl
[2.323s] -- Up-to-date: /home/sunny/ros2_ws/install/custom_interfaces/share/custom_interfaces/msg/Utm.msg
[2.323s] -- Up-to-date: /home/sunny/ros2_ws/install/custom_interfaces/share/ament_index/resource_index/package_run_dependencies/custom_interfaces
[2.324s] -- Up-to-date: /home/sunny/ros2_ws/install/custom_interfaces/share/ament_index/resource_index/parent_prefix_path/custom_interfaces
[2.324s] -- Up-to-date: /home/sunny/ros2_ws/install/custom_interfaces/share/custom_interfaces/environment/ament_prefix_path.sh
[2.324s] -- Installing: /home/sunny/ros2_ws/install/custom_interfaces/share/custom_interfaces/environment/ament_prefix_path.dsv
[2.324s] -- Up-to-date: /home/sunny/ros2_ws/install/custom_interfaces/share/custom_interfaces/environment/path.sh
[2.326s] -- Installing: /home/sunny/ros2_ws/install/custom_interfaces/share/custom_interfaces/environment/path.dsv
[2.326s] -- Up-to-date: /home/sunny/ros2_ws/install/custom_interfaces/share/custom_interfaces/local_setup.bash
[2.327s] -- Up-to-date: /home/sunny/ros2_ws/install/custom_interfaces/share/custom_interfaces/local_setup.sh
[2.327s] -- Up-to-date: /home/sunny/ros2_ws/install/custom_interfaces/share/custom_interfaces/local_setup.zsh
[2.327s] -- Installing: /home/sunny/ros2_ws/install/custom_interfaces/share/custom_interfaces/local_setup.dsv
[2.327s] -- Installing: /home/sunny/ros2_ws/install/custom_interfaces/share/custom_interfaces/package.dsv
[2.327s] -- Up-to-date: /home/sunny/ros2_ws/install/custom_interfaces/share/ament_index/resource_index/packages/custom_interfaces
[2.327s] -- Up-to-date: /home/sunny/ros2_ws/install/custom_interfaces/share/custom_interfaces/cmake/export_custom_interfaces__rosidl_generator_cExport.cmake
[2.328s] -- Up-to-date: /home/sunny/ros2_ws/install/custom_interfaces/share/custom_interfaces/cmake/export_custom_interfaces__rosidl_generator_cExport-noconfig.cmake
[2.328s] -- Up-to-date: /home/sunny/ros2_ws/install/custom_interfaces/share/custom_interfaces/cmake/export_custom_interfaces__rosidl_typesupport_fastrtps_cExport.cmake
[2.328s] -- Up-to-date: /home/sunny/ros2_ws/install/custom_interfaces/share/custom_interfaces/cmake/export_custom_interfaces__rosidl_typesupport_fastrtps_cExport-noconfig.cmake
[2.328s] -- Up-to-date: /home/sunny/ros2_ws/install/custom_interfaces/share/custom_interfaces/cmake/custom_interfaces__rosidl_typesupport_introspection_cExport.cmake
[2.328s] -- Up-to-date: /home/sunny/ros2_ws/install/custom_interfaces/share/custom_interfaces/cmake/custom_interfaces__rosidl_typesupport_introspection_cExport-noconfig.cmake
[2.328s] -- Up-to-date: /home/sunny/ros2_ws/install/custom_interfaces/share/custom_interfaces/cmake/custom_interfaces__rosidl_typesupport_cExport.cmake
[2.328s] -- Up-to-date: /home/sunny/ros2_ws/install/custom_interfaces/share/custom_interfaces/cmake/custom_interfaces__rosidl_typesupport_cExport-noconfig.cmake
[2.328s] -- Up-to-date: /home/sunny/ros2_ws/install/custom_interfaces/share/custom_interfaces/cmake/export_custom_interfaces__rosidl_generator_cppExport.cmake
[2.329s] -- Up-to-date: /home/sunny/ros2_ws/install/custom_interfaces/share/custom_interfaces/cmake/export_custom_interfaces__rosidl_typesupport_fastrtps_cppExport.cmake
[2.329s] -- Up-to-date: /home/sunny/ros2_ws/install/custom_interfaces/share/custom_interfaces/cmake/export_custom_interfaces__rosidl_typesupport_fastrtps_cppExport-noconfig.cmake
[2.329s] -- Up-to-date: /home/sunny/ros2_ws/install/custom_interfaces/share/custom_interfaces/cmake/custom_interfaces__rosidl_typesupport_introspection_cppExport.cmake
[2.329s] -- Up-to-date: /home/sunny/ros2_ws/install/custom_interfaces/share/custom_interfaces/cmake/custom_interfaces__rosidl_typesupport_introspection_cppExport-noconfig.cmake
[2.329s] -- Up-to-date: /home/sunny/ros2_ws/install/custom_interfaces/share/custom_interfaces/cmake/custom_interfaces__rosidl_typesupport_cppExport.cmake
[2.329s] -- Up-to-date: /home/sunny/ros2_ws/install/custom_interfaces/share/custom_interfaces/cmake/custom_interfaces__rosidl_typesupport_cppExport-noconfig.cmake
[2.329s] -- Up-to-date: /home/sunny/ros2_ws/install/custom_interfaces/share/custom_interfaces/cmake/export_custom_interfaces__rosidl_generator_pyExport.cmake
[2.329s] -- Up-to-date: /home/sunny/ros2_ws/install/custom_interfaces/share/custom_interfaces/cmake/export_custom_interfaces__rosidl_generator_pyExport-noconfig.cmake
[2.330s] -- Up-to-date: /home/sunny/ros2_ws/install/custom_interfaces/share/custom_interfaces/cmake/rosidl_cmake-extras.cmake
[2.330s] -- Up-to-date: /home/sunny/ros2_ws/install/custom_interfaces/share/custom_interfaces/cmake/ament_cmake_export_include_directories-extras.cmake
[2.335s] -- Up-to-date: /home/sunny/ros2_ws/install/custom_interfaces/share/custom_interfaces/cmake/ament_cmake_export_libraries-extras.cmake
[2.335s] -- Up-to-date: /home/sunny/ros2_ws/install/custom_interfaces/share/custom_interfaces/cmake/ament_cmake_export_targets-extras.cmake
[2.335s] -- Up-to-date: /home/sunny/ros2_ws/install/custom_interfaces/share/custom_interfaces/cmake/rosidl_cmake_export_typesupport_targets-extras.cmake
[2.336s] -- Up-to-date: /home/sunny/ros2_ws/install/custom_interfaces/share/custom_interfaces/cmake/ament_cmake_export_dependencies-extras.cmake
[2.336s] -- Up-to-date: /home/sunny/ros2_ws/install/custom_interfaces/share/custom_interfaces/cmake/rosidl_cmake_export_typesupport_libraries-extras.cmake
[2.336s] -- Up-to-date: /home/sunny/ros2_ws/install/custom_interfaces/share/custom_interfaces/cmake/custom_interfacesConfig.cmake
[2.337s] -- Up-to-date: /home/sunny/ros2_ws/install/custom_interfaces/share/custom_interfaces/cmake/custom_interfacesConfig-version.cmake
[2.337s] -- Installing: /home/sunny/ros2_ws/install/custom_interfaces/share/custom_interfaces/package.xml
[2.338s] Invoked command in '/home/sunny/ros2_ws/build/custom_interfaces' returned '0': CMAKE_PREFIX_PATH=/opt/ros/humble /usr/bin/cmake --install /home/sunny/ros2_ws/build/custom_interfaces
