[01m[K/home/sunny/ros2_ws/src/cpp_parsing/src/nmea_reader.cpp:[m[K In constructor ‘[01m[KNmeaReader::NmeaReader()[m[K’:
[01m[K/home/sunny/ros2_ws/src/cpp_parsing/src/nmea_reader.cpp:22:9:[m[K [01;31m[Kerror: [m[K‘[01m[Kio_thread[m[K’ was not declared in this scope
   22 |         [01;31m[Kio_thread[m[K = thread([this]() {context.run(); });
      |         [01;31m[K^~~~~~~~~[m[K
[01m[K/home/sunny/ros2_ws/src/cpp_parsing/src/nmea_reader.cpp:[m[K In destructor ‘[01m[Kvirtual NmeaReader::~NmeaReader()[m[K’:
[01m[K/home/sunny/ros2_ws/src/cpp_parsing/src/nmea_reader.cpp:26:13:[m[K [01;31m[Kerror: [m[K‘[01m[Kio_thread[m[K’ was not declared in this scope
   26 |         if ([01;31m[Kio_thread[m[K.joinable()) {
      |             [01;31m[K^~~~~~~~~[m[K
[01m[K/home/sunny/ros2_ws/src/cpp_parsing/src/nmea_reader.cpp:[m[K In member function ‘[01m[Kvoid NmeaReader::handle_read(const boost::system::error_code&, size_t)[m[K’:
[01m[K/home/sunny/ros2_ws/src/cpp_parsing/src/nmea_reader.cpp:48:31:[m[K [01;31m[Kerror: [m[Kno matching function for call to ‘[01m[Kstd::basic_istream<char>::basic_istream(<unresolved overloaded function type>)[m[K’
   48 |             istream is(&buffer[01;31m[K)[m[K;
      |                               [01;31m[K^[m[K
In file included from [01m[K/usr/include/c++/11/iostream:40[m[K,
                 from [01m[K/home/sunny/ros2_ws/src/cpp_parsing/src/nmea_reader.cpp:3[m[K:
[01m[K/usr/include/c++/11/istream:613:7:[m[K [01;36m[Knote: [m[Kcandidate: ‘[01m[Kstd::basic_istream<_CharT, _Traits>::basic_istream(std::basic_istream<_CharT, _Traits>&&) [with _CharT = char; _Traits = std::char_traits<char>][m[K’
  613 |       [01;36m[Kbasic_istream[m[K(basic_istream&& __rhs)
      |       [01;36m[K^~~~~~~~~~~~~[m[K
[01m[K/usr/include/c++/11/istream:613:37:[m[K [01;36m[Knote: [m[K  no known conversion for argument 1 from ‘[01m[K<unresolved overloaded function type>[m[K’ to ‘[01m[Kstd::basic_istream<char>&&[m[K’
  613 |       basic_istream([01;36m[Kbasic_istream&& __rhs[m[K)
      |                     [01;36m[K~~~~~~~~~~~~~~~~^~~~~[m[K
[01m[K/usr/include/c++/11/istream:606:7:[m[K [01;36m[Knote: [m[Kcandidate: ‘[01m[Kstd::basic_istream<_CharT, _Traits>::basic_istream() [with _CharT = char; _Traits = std::char_traits<char>][m[K’
  606 |       [01;36m[Kbasic_istream[m[K()
      |       [01;36m[K^~~~~~~~~~~~~[m[K
[01m[K/usr/include/c++/11/istream:606:7:[m[K [01;36m[Knote: [m[K  candidate expects 0 arguments, 1 provided
[01m[K/usr/include/c++/11/istream:93:7:[m[K [01;36m[Knote: [m[Kcandidate: ‘[01m[Kstd::basic_istream<_CharT, _Traits>::basic_istream(std::basic_istream<_CharT, _Traits>::__streambuf_type*) [with _CharT = char; _Traits = std::char_traits<char>; std::basic_istream<_CharT, _Traits>::__streambuf_type = std::basic_streambuf<char>][m[K’
   93 |       [01;36m[Kbasic_istream[m[K(__streambuf_type* __sb)
      |       [01;36m[K^~~~~~~~~~~~~[m[K
[01m[K/usr/include/c++/11/istream:93:39:[m[K [01;36m[Knote: [m[K  no known conversion for argument 1 from ‘[01m[K<unresolved overloaded function type>[m[K’ to ‘[01m[Kstd::basic_istream<char>::__streambuf_type*[m[K’ {aka ‘[01m[Kstd::basic_streambuf<char>*[m[K’}
   93 |       basic_istream([01;36m[K__streambuf_type* __sb[m[K)
      |                     [01;36m[K~~~~~~~~~~~~~~~~~~^~~~[m[K
[01m[K/home/sunny/ros2_ws/src/cpp_parsing/src/nmea_reader.cpp:44:69:[m[K [01;35m[Kwarning: [m[Kunused parameter ‘[01m[Kbytes_transferred[m[K’ [[01;35m[K]8;;https://gcc.gnu.org/onlinedocs/gcc/Warning-Options.html#index-Wunused-parameter-Wunused-parameter]8;;[m[K]
   44 |  void handle_read(const boost::system::error_code &error, [01;35m[Ksize_t bytes_transferred[m[K)
      |                                                           [01;35m[K~~~~~~~^~~~~~~~~~~~~~~~~[m[K

[01m[K/home/sunny/ros2_ws/src/cpp_parsing/src/nmea_reader.cpp:[m[K In member function ‘[01m[Kvoid NmeaReader::publish_data(const string&)[m[K’:
[01m[K/home/sunny/ros2_ws/src/cpp_parsing/src/nmea_reader.cpp:56:37:[m[K [01;35m[Kwarning: [m[Kunused parameter ‘[01m[Kdata[m[K’ [[01;35m[K]8;;https://gcc.gnu.org/onlinedocs/gcc/Warning-Options.html#index-Wunused-parameter-Wunused-parameter]8;;[m[K]
   56 |     void publish_data([01;35m[Kconst string &data[m[K)
      |                       [01;35m[K~~~~~~~~~~~~~~^~~~[m[K
gmake[2]: *** [CMakeFiles/reader.dir/build.make:76: CMakeFiles/reader.dir/src/nmea_reader.cpp.o] Error 1
gmake[1]: *** [CMakeFiles/Makefile2:139: CMakeFiles/reader.dir/all] Error 2
gmake: *** [Makefile:146: all] Error 2
