[0.009s] Invoking command in '/home/sunny/ros2_ws/build/cpp_parameters': CMAKE_PREFIX_PATH=/opt/ros/humble /usr/bin/cmake /home/sunny/ros2_ws/src/cpp_parameters -DCMAKE_INSTALL_PREFIX=/home/sunny/ros2_ws/install/cpp_parameters
[0.058s] -- The C compiler identification is GNU 11.4.0
[0.108s] -- The CXX compiler identification is GNU 11.4.0
[0.115s] -- Detecting C compiler ABI info
[0.173s] -- Detecting C compiler ABI info - done
[0.180s] -- Check for working C compiler: /usr/bin/cc - skipped
[0.180s] -- Detecting C compile features
[0.180s] -- Detecting C compile features - done
[0.183s] -- Detecting CXX compiler ABI info
[0.251s] -- Detecting CXX compiler ABI info - done
[0.261s] -- Check for working CXX compiler: /usr/bin/c++ - skipped
[0.261s] -- Detecting CXX compile features
[0.262s] -- Detecting CXX compile features - done
[0.265s] -- Found ament_cmake: 1.3.9 (/opt/ros/humble/share/ament_cmake/cmake)
[0.399s] -- Found Python3: /usr/bin/python3 (found version "3.10.12") found components: Interpreter 
[0.475s] -- Found rclcpp: 16.0.9 (/opt/ros/humble/share/rclcpp/cmake)
[0.512s] -- Found rosidl_generator_c: 3.1.5 (/opt/ros/humble/share/rosidl_generator_c/cmake)
[0.517s] -- Found rosidl_adapter: 3.1.5 (/opt/ros/humble/share/rosidl_adapter/cmake)
[0.524s] -- Found rosidl_generator_cpp: 3.1.5 (/opt/ros/humble/share/rosidl_generator_cpp/cmake)
[0.538s] -- Using all available rosidl_typesupport_c: rosidl_typesupport_fastrtps_c;rosidl_typesupport_introspection_c
[0.555s] -- Using all available rosidl_typesupport_cpp: rosidl_typesupport_fastrtps_cpp;rosidl_typesupport_introspection_cpp
[0.619s] -- Found rmw_implementation_cmake: 6.1.2 (/opt/ros/humble/share/rmw_implementation_cmake/cmake)
[0.621s] -- Found rmw_fastrtps_cpp: 6.2.6 (/opt/ros/humble/share/rmw_fastrtps_cpp/cmake)
[0.703s] -- Found OpenSSL: /usr/lib/x86_64-linux-gnu/libcrypto.so (found version "3.0.2")  
[0.727s] -- Found FastRTPS: /opt/ros/humble/include  
[0.768s] -- Using RMW implementation 'rmw_fastrtps_cpp' as default
[0.776s] -- Looking for pthread.h
[0.839s] -- Looking for pthread.h - found
[0.840s] -- Performing Test CMAKE_HAVE_LIBC_PTHREAD
[0.901s] -- Performing Test CMAKE_HAVE_LIBC_PTHREAD - Success
[0.903s] -- Found Threads: TRUE  
[1.084s] [31mCMake Error at /opt/ros/humble/share/ament_cmake_target_dependencies/cmake/ament_target_dependencies.cmake:42 (message):
[1.084s]   ament_target_dependencies() the first argument must be a valid target name
[1.084s] Call Stack (most recent call first):
[1.084s]   CMakeLists.txt:13 (ament_target_dependencies)
[1.084s] 
[1.084s] [0m
[1.084s] -- Configuring incomplete, errors occurred!
[1.084s] See also "/home/sunny/ros2_ws/build/cpp_parameters/CMakeFiles/CMakeOutput.log".
[1.091s] Invoked command in '/home/sunny/ros2_ws/build/cpp_parameters' returned '1': CMAKE_PREFIX_PATH=/opt/ros/humble /usr/bin/cmake /home/sunny/ros2_ws/src/cpp_parameters -DCMAKE_INSTALL_PREFIX=/home/sunny/ros2_ws/install/cpp_parameters
