[0.021s] Invoking command in '/home/sunny/ros2_ws/build/cpp_proj': CMAKE_PREFIX_PATH=/opt/ros/humble /usr/bin/cmake /home/sunny/ros2_ws/src/cpp_proj -DCMAKE_INSTALL_PREFIX=/home/sunny/ros2_ws/install/cpp_proj
[0.104s] -- The C compiler identification is GNU 11.4.0
[0.177s] -- The CXX compiler identification is GNU 11.4.0
[0.185s] -- Detecting C compiler ABI info
[0.247s] -- Detecting C compiler ABI info - done
[0.254s] -- Check for working C compiler: /usr/bin/cc - skipped
[0.254s] -- Detecting C compile features
[0.255s] -- Detecting C compile features - done
[0.258s] -- Detecting CXX compiler ABI info
[0.332s] -- Detecting CXX compiler ABI info - done
[0.341s] -- Check for working CXX compiler: /usr/bin/c++ - skipped
[0.342s] -- Detecting CXX compile features
[0.342s] -- Detecting CXX compile features - done
[0.347s] -- Found ament_cmake: 1.3.9 (/opt/ros/humble/share/ament_cmake/cmake)
[0.490s] -- Found Python3: /usr/bin/python3 (found version "3.10.12") found components: Interpreter 
[0.583s] -- Found ament_lint_auto: 0.12.11 (/opt/ros/humble/share/ament_lint_auto/cmake)
[0.653s] -- Added test 'cppcheck' to perform static code analysis on C / C++ code
[0.653s] -- Configured cppcheck include dirs: 
[0.653s] -- Configured cppcheck exclude dirs and/or files: 
[0.653s] -- Added test 'lint_cmake' to check CMake code style
[0.654s] -- Added test 'uncrustify' to check C / C++ code style
[0.654s] -- Configured uncrustify additional arguments: 
[0.655s] -- Added test 'xmllint' to check XML markup files
[0.656s] -- Configuring done
[0.659s] -- Generating done
[0.659s] -- Build files have been written to: /home/sunny/ros2_ws/build/cpp_proj
[0.663s] Invoked command in '/home/sunny/ros2_ws/build/cpp_proj' returned '0': CMAKE_PREFIX_PATH=/opt/ros/humble /usr/bin/cmake /home/sunny/ros2_ws/src/cpp_proj -DCMAKE_INSTALL_PREFIX=/home/sunny/ros2_ws/install/cpp_proj
[0.665s] Invoking command in '/home/sunny/ros2_ws/build/cpp_proj': CMAKE_PREFIX_PATH=/opt/ros/humble /usr/bin/cmake --build /home/sunny/ros2_ws/build/cpp_proj -- -j8 -l8
[0.697s] Invoked command in '/home/sunny/ros2_ws/build/cpp_proj' returned '0': CMAKE_PREFIX_PATH=/opt/ros/humble /usr/bin/cmake --build /home/sunny/ros2_ws/build/cpp_proj -- -j8 -l8
[0.726s] Invoking command in '/home/sunny/ros2_ws/build/cpp_proj': CMAKE_PREFIX_PATH=/opt/ros/humble /usr/bin/cmake --install /home/sunny/ros2_ws/build/cpp_proj
[0.732s] -- Install configuration: ""
[0.732s] -- Installing: /home/sunny/ros2_ws/install/cpp_proj/share/ament_index/resource_index/package_run_dependencies/cpp_proj
[0.733s] -- Installing: /home/sunny/ros2_ws/install/cpp_proj/share/ament_index/resource_index/parent_prefix_path/cpp_proj
[0.733s] -- Installing: /home/sunny/ros2_ws/install/cpp_proj/share/cpp_proj/environment/ament_prefix_path.sh
[0.733s] -- Installing: /home/sunny/ros2_ws/install/cpp_proj/share/cpp_proj/environment/ament_prefix_path.dsv
[0.733s] -- Installing: /home/sunny/ros2_ws/install/cpp_proj/share/cpp_proj/environment/path.sh
[0.734s] -- Installing: /home/sunny/ros2_ws/install/cpp_proj/share/cpp_proj/environment/path.dsv
[0.734s] -- Installing: /home/sunny/ros2_ws/install/cpp_proj/share/cpp_proj/local_setup.bash
[0.734s] -- Installing: /home/sunny/ros2_ws/install/cpp_proj/share/cpp_proj/local_setup.sh
[0.734s] -- Installing: /home/sunny/ros2_ws/install/cpp_proj/share/cpp_proj/local_setup.zsh
[0.734s] -- Installing: /home/sunny/ros2_ws/install/cpp_proj/share/cpp_proj/local_setup.dsv
[0.734s] -- Installing: /home/sunny/ros2_ws/install/cpp_proj/share/cpp_proj/package.dsv
[0.735s] -- Installing: /home/sunny/ros2_ws/install/cpp_proj/share/ament_index/resource_index/packages/cpp_proj
[0.735s] -- Installing: /home/sunny/ros2_ws/install/cpp_proj/share/cpp_proj/cmake/cpp_projConfig.cmake
[0.735s] -- Installing: /home/sunny/ros2_ws/install/cpp_proj/share/cpp_proj/cmake/cpp_projConfig-version.cmake
[0.735s] -- Installing: /home/sunny/ros2_ws/install/cpp_proj/share/cpp_proj/package.xml
[0.737s] Invoked command in '/home/sunny/ros2_ws/build/cpp_proj' returned '0': CMAKE_PREFIX_PATH=/opt/ros/humble /usr/bin/cmake --install /home/sunny/ros2_ws/build/cpp_proj
