[0.025s] Invoking command in '/home/sunny/ros2_ws/build/polygon_base': CMAKE_PREFIX_PATH=${CMAKE_PREFIX_PATH}:/home/sunny/ros2_ws/install/py_proj:/opt/ros/humble /usr/bin/cmake --build /home/sunny/ros2_ws/build/polygon_base -- -j12 -l12
[0.072s] -- Found ament_cmake: 1.3.9 (/opt/ros/humble/share/ament_cmake/cmake)
[0.204s] -- Found pluginlib: 5.1.0 (/opt/ros/humble/share/pluginlib/cmake)
[0.241s] -- Found ament_lint_auto: 0.12.11 (/opt/ros/humble/share/ament_lint_auto/cmake)
[0.298s] -- Added test 'cppcheck' to perform static code analysis on C / C++ code
[0.298s] -- Configured cppcheck include dirs: $<BUILD_INTERFACE:/home/sunny/ros2_ws/src/polygon_base/include>
[0.298s] -- Configured cppcheck exclude dirs and/or files: 
[0.298s] -- Added test 'lint_cmake' to check CMake code style
[0.299s] -- Added test 'uncrustify' to check C / C++ code style
[0.299s] -- Configured uncrustify additional arguments: 
[0.299s] -- Added test 'xmllint' to check XML markup files
[0.300s] -- Configuring done
[0.305s] -- Generating done
[0.306s] -- Build files have been written to: /home/sunny/ros2_ws/build/polygon_base
[0.333s] [35m[1mConsolidate compiler generated dependencies of target area_node[0m
[0.353s] [ 50%] [32mBuilding CXX object CMakeFiles/area_node.dir/src/area_node.cpp.o[0m
[3.612s] [100%] [32m[1mLinking CXX executable area_node[0m
[3.741s] [100%] Built target area_node
[3.753s] Invoked command in '/home/sunny/ros2_ws/build/polygon_base' returned '0': CMAKE_PREFIX_PATH=${CMAKE_PREFIX_PATH}:/home/sunny/ros2_ws/install/py_proj:/opt/ros/humble /usr/bin/cmake --build /home/sunny/ros2_ws/build/polygon_base -- -j12 -l12
[3.782s] Invoking command in '/home/sunny/ros2_ws/build/polygon_base': CMAKE_PREFIX_PATH=${CMAKE_PREFIX_PATH}:/home/sunny/ros2_ws/install/py_proj:/opt/ros/humble /usr/bin/cmake --install /home/sunny/ros2_ws/build/polygon_base
[3.790s] -- Install configuration: ""
[3.790s] -- Installing: /home/sunny/ros2_ws/install/polygon_base/lib/polygon_base/area_node
[3.791s] -- Set runtime path of "/home/sunny/ros2_ws/install/polygon_base/lib/polygon_base/area_node" to ""
[3.792s] -- Up-to-date: /home/sunny/ros2_ws/install/polygon_base/include
[3.792s] -- Up-to-date: /home/sunny/ros2_ws/install/polygon_base/include/polygon_base
[3.792s] -- Up-to-date: /home/sunny/ros2_ws/install/polygon_base/include/polygon_base/regular_polygon.hpp
[3.792s] -- Up-to-date: /home/sunny/ros2_ws/install/polygon_base/share/ament_index/resource_index/package_run_dependencies/polygon_base
[3.792s] -- Installing: /home/sunny/ros2_ws/install/polygon_base/share/ament_index/resource_index/parent_prefix_path/polygon_base
[3.792s] -- Installing: /home/sunny/ros2_ws/install/polygon_base/share/polygon_base/environment/ament_prefix_path.sh
[3.792s] -- Installing: /home/sunny/ros2_ws/install/polygon_base/share/polygon_base/environment/ament_prefix_path.dsv
[3.792s] -- Installing: /home/sunny/ros2_ws/install/polygon_base/share/polygon_base/environment/path.sh
[3.793s] -- Installing: /home/sunny/ros2_ws/install/polygon_base/share/polygon_base/environment/path.dsv
[3.793s] -- Up-to-date: /home/sunny/ros2_ws/install/polygon_base/share/polygon_base/local_setup.bash
[3.793s] -- Up-to-date: /home/sunny/ros2_ws/install/polygon_base/share/polygon_base/local_setup.sh
[3.793s] -- Up-to-date: /home/sunny/ros2_ws/install/polygon_base/share/polygon_base/local_setup.zsh
[3.793s] -- Installing: /home/sunny/ros2_ws/install/polygon_base/share/polygon_base/local_setup.dsv
[3.793s] -- Installing: /home/sunny/ros2_ws/install/polygon_base/share/polygon_base/package.dsv
[3.793s] -- Up-to-date: /home/sunny/ros2_ws/install/polygon_base/share/ament_index/resource_index/packages/polygon_base
[3.793s] -- Up-to-date: /home/sunny/ros2_ws/install/polygon_base/share/polygon_base/cmake/ament_cmake_export_include_directories-extras.cmake
[3.793s] -- Up-to-date: /home/sunny/ros2_ws/install/polygon_base/share/polygon_base/cmake/polygon_baseConfig.cmake
[3.793s] -- Up-to-date: /home/sunny/ros2_ws/install/polygon_base/share/polygon_base/cmake/polygon_baseConfig-version.cmake
[3.794s] -- Up-to-date: /home/sunny/ros2_ws/install/polygon_base/share/polygon_base/package.xml
[3.795s] Invoked command in '/home/sunny/ros2_ws/build/polygon_base' returned '0': CMAKE_PREFIX_PATH=${CMAKE_PREFIX_PATH}:/home/sunny/ros2_ws/install/py_proj:/opt/ros/humble /usr/bin/cmake --install /home/sunny/ros2_ws/build/polygon_base
