[0.024s] Invoking command in '/home/sunny/ros2_ws/build/cpp_parameters': CMAKE_PREFIX_PATH=${CMAKE_PREFIX_PATH}:/home/sunny/ros2_ws/install/py_proj:/opt/ros/humble /usr/bin/cmake --build /home/sunny/ros2_ws/build/cpp_parameters -- -j12 -l12
[0.068s] -- Found ament_cmake: 1.3.9 (/opt/ros/humble/share/ament_cmake/cmake)
[0.201s] -- Found rclcpp: 16.0.9 (/opt/ros/humble/share/rclcpp/cmake)
[0.235s] -- Found rosidl_generator_c: 3.1.5 (/opt/ros/humble/share/rosidl_generator_c/cmake)
[0.238s] -- Found rosidl_adapter: 3.1.5 (/opt/ros/humble/share/rosidl_adapter/cmake)
[0.246s] -- Found rosidl_generator_cpp: 3.1.5 (/opt/ros/humble/share/rosidl_generator_cpp/cmake)
[0.261s] -- Using all available rosidl_typesupport_c: rosidl_typesupport_fastrtps_c;rosidl_typesupport_introspection_c
[0.281s] -- Using all available rosidl_typesupport_cpp: rosidl_typesupport_fastrtps_cpp;rosidl_typesupport_introspection_cpp
[0.342s] -- Found rmw_implementation_cmake: 6.1.2 (/opt/ros/humble/share/rmw_implementation_cmake/cmake)
[0.344s] -- Found rmw_fastrtps_cpp: 6.2.6 (/opt/ros/humble/share/rmw_fastrtps_cpp/cmake)
[0.472s] -- Using RMW implementation 'rmw_fastrtps_cpp' as default
[0.686s] -- Found ament_lint_auto: 0.12.11 (/opt/ros/humble/share/ament_lint_auto/cmake)
[0.750s] -- Added test 'cppcheck' to perform static code analysis on C / C++ code
[0.750s] -- Configured cppcheck include dirs: 
[0.750s] -- Configured cppcheck exclude dirs and/or files: 
[0.751s] -- Added test 'flake8' to check Python code syntax and style conventions
[0.751s] -- Added test 'lint_cmake' to check CMake code style
[0.752s] -- Added test 'pep257' to check Python code against some of the docstring style conventions in PEP 257
[0.753s] -- Added test 'uncrustify' to check C / C++ code style
[0.753s] -- Configured uncrustify additional arguments: 
[0.753s] -- Added test 'xmllint' to check XML markup files
[0.754s] -- Configuring done
[0.768s] -- Generating done
[0.770s] -- Build files have been written to: /home/sunny/ros2_ws/build/cpp_parameters
[0.804s] [35m[1mConsolidate compiler generated dependencies of target minimal_param_node[0m
[0.832s] [ 50%] [32mBuilding CXX object CMakeFiles/minimal_param_node.dir/src/cpp_parameters_node.cpp.o[0m
[4.821s] [100%] [32m[1mLinking CXX executable minimal_param_node[0m
[4.955s] [100%] Built target minimal_param_node
[4.969s] Invoked command in '/home/sunny/ros2_ws/build/cpp_parameters' returned '0': CMAKE_PREFIX_PATH=${CMAKE_PREFIX_PATH}:/home/sunny/ros2_ws/install/py_proj:/opt/ros/humble /usr/bin/cmake --build /home/sunny/ros2_ws/build/cpp_parameters -- -j12 -l12
[4.998s] Invoking command in '/home/sunny/ros2_ws/build/cpp_parameters': CMAKE_PREFIX_PATH=${CMAKE_PREFIX_PATH}:/home/sunny/ros2_ws/install/py_proj:/opt/ros/humble /usr/bin/cmake --install /home/sunny/ros2_ws/build/cpp_parameters
[5.007s] -- Install configuration: ""
[5.007s] -- Installing: /home/sunny/ros2_ws/install/cpp_parameters/lib/cpp_parameters/minimal_param_node
[5.008s] -- Set runtime path of "/home/sunny/ros2_ws/install/cpp_parameters/lib/cpp_parameters/minimal_param_node" to ""
[5.008s] -- Up-to-date: /home/sunny/ros2_ws/install/cpp_parameters/share/cpp_parameters/launch
[5.008s] -- Up-to-date: /home/sunny/ros2_ws/install/cpp_parameters/share/cpp_parameters/launch/cpp_parameters_launch.py
[5.008s] -- Up-to-date: /home/sunny/ros2_ws/install/cpp_parameters/share/ament_index/resource_index/package_run_dependencies/cpp_parameters
[5.008s] -- Installing: /home/sunny/ros2_ws/install/cpp_parameters/share/ament_index/resource_index/parent_prefix_path/cpp_parameters
[5.009s] -- Installing: /home/sunny/ros2_ws/install/cpp_parameters/share/cpp_parameters/environment/ament_prefix_path.sh
[5.009s] -- Installing: /home/sunny/ros2_ws/install/cpp_parameters/share/cpp_parameters/environment/ament_prefix_path.dsv
[5.009s] -- Installing: /home/sunny/ros2_ws/install/cpp_parameters/share/cpp_parameters/environment/path.sh
[5.009s] -- Installing: /home/sunny/ros2_ws/install/cpp_parameters/share/cpp_parameters/environment/path.dsv
[5.009s] -- Up-to-date: /home/sunny/ros2_ws/install/cpp_parameters/share/cpp_parameters/local_setup.bash
[5.009s] -- Up-to-date: /home/sunny/ros2_ws/install/cpp_parameters/share/cpp_parameters/local_setup.sh
[5.009s] -- Up-to-date: /home/sunny/ros2_ws/install/cpp_parameters/share/cpp_parameters/local_setup.zsh
[5.010s] -- Installing: /home/sunny/ros2_ws/install/cpp_parameters/share/cpp_parameters/local_setup.dsv
[5.010s] -- Installing: /home/sunny/ros2_ws/install/cpp_parameters/share/cpp_parameters/package.dsv
[5.010s] -- Up-to-date: /home/sunny/ros2_ws/install/cpp_parameters/share/ament_index/resource_index/packages/cpp_parameters
[5.010s] -- Up-to-date: /home/sunny/ros2_ws/install/cpp_parameters/share/cpp_parameters/cmake/cpp_parametersConfig.cmake
[5.010s] -- Up-to-date: /home/sunny/ros2_ws/install/cpp_parameters/share/cpp_parameters/cmake/cpp_parametersConfig-version.cmake
[5.010s] -- Up-to-date: /home/sunny/ros2_ws/install/cpp_parameters/share/cpp_parameters/package.xml
[5.012s] Invoked command in '/home/sunny/ros2_ws/build/cpp_parameters' returned '0': CMAKE_PREFIX_PATH=${CMAKE_PREFIX_PATH}:/home/sunny/ros2_ws/install/py_proj:/opt/ros/humble /usr/bin/cmake --install /home/sunny/ros2_ws/build/cpp_parameters
