[0.015s] Invoking command in '/home/sunny/ros2_ws/build/cpp_parsing': CMAKE_PREFIX_PATH=/home/sunny/ros2_ws/install/custom_interfaces:/home/sunny/ros2_ws/install/cpp_srvcli:/home/sunny/ros2_ws/install/cpp_pubsub:/home/sunny/ros2_ws/install/tutorial_interfaces:/home/sunny/ros2_ws/install/turtlesim:/home/sunny/ros2_ws/install/polygon_plugins:/home/sunny/ros2_ws/install/polygon_base:/home/sunny/ros2_ws/install/my_package:/home/sunny/ros2_ws/install/more_interfaces:/home/sunny/ros2_ws/install/cpp_proj:/home/sunny/ros2_ws/install/cpp_parameters:/home/sunny/ros2_ws/install/py_proj:/opt/ros/humble LD_LIBRARY_PATH=/home/sunny/ros2_ws/install/custom_interfaces/lib:/home/sunny/ros2_ws/install/tutorial_interfaces/lib:/home/sunny/ros2_ws/install/turtlesim/lib:/home/sunny/ros2_ws/install/polygon_plugins/lib:/home/sunny/ros2_ws/install/more_interfaces/lib:/opt/ros/humble/opt/rviz_ogre_vendor/lib:/opt/ros/humble/lib/x86_64-linux-gnu:/opt/ros/humble/lib /usr/bin/cmake --build /home/sunny/ros2_ws/build/cpp_parsing -- -j12 -l12
[0.068s] [35m[1mConsolidate compiler generated dependencies of target parser[0m
[0.082s] [ 50%] Built target reader
[0.088s] [ 75%] [32mBuilding CXX object CMakeFiles/parser.dir/src/utm_parser.cpp.o[0m
[0.306s] [01m[K/home/sunny/ros2_ws/src/cpp_parsing/src/utm_parser.cpp:27:56:[m[K [01;35m[Kwarning: [m[Kcharacter constant too long for its type
[0.306s]    27 |     NmeaSubscriber(): Node("nmea_subscriber"), parser_([01;35m[K'utm_parser'[m[K)
[0.306s]       |                                                        [01;35m[K^~~~~~~~~~~~[m[K
[2.302s] [01m[K/home/sunny/ros2_ws/src/cpp_parsing/src/utm_parser.cpp:[m[K In constructor ‘[01m[KNmeaSubscriber::NmeaSubscriber()[m[K’:
[2.303s] [01m[K/home/sunny/ros2_ws/src/cpp_parsing/src/utm_parser.cpp:27:48:[m[K [01;31m[Kerror: [m[Kno matching function for call to ‘[01m[KUtmParser::UtmParser(int)[m[K’
[2.303s]    27 |     NmeaSubscriber(): Node("nmea_subscriber"), [01;31m[Kparser_('utm_parser')[m[K
[2.303s]       |                                                [01;31m[K^~~~~~~~~~~~~~~~~~~~~[m[K
[2.303s] [01m[K/home/sunny/ros2_ws/src/cpp_parsing/src/utm_parser.cpp:12:5:[m[K [01;36m[Knote: [m[Kcandidate: ‘[01m[KUtmParser::UtmParser()[m[K’
[2.303s]    12 |     [01;36m[KUtmParser[m[K(): Node("utm_parser")
[2.303s]       |     [01;36m[K^~~~~~~~~[m[K
[2.303s] [01m[K/home/sunny/ros2_ws/src/cpp_parsing/src/utm_parser.cpp:12:5:[m[K [01;36m[Knote: [m[K  candidate expects 0 arguments, 1 provided
[2.309s] [01m[K/home/sunny/ros2_ws/src/cpp_parsing/src/utm_parser.cpp:[m[K In member function ‘[01m[Kvoid NmeaSubscriber::nmea_data_transformer(std_msgs::msg::String_<std::allocator<void> >::SharedPtr)[m[K’:
[2.309s] [01m[K/home/sunny/ros2_ws/src/cpp_parsing/src/utm_parser.cpp:36:71:[m[K [01;35m[Kwarning: [m[Kunused parameter ‘[01m[Kmsg[m[K’ [[01;35m[K]8;;https://gcc.gnu.org/onlinedocs/gcc/Warning-Options.html#index-Wunused-parameter-Wunused-parameter]8;;[m[K]
[2.309s]    36 |     void nmea_data_transformer([01;35m[Kconst std_msgs::msg::String::SharedPtr msg[m[K)
[2.309s]       |                                [01;35m[K~~~~~~~~~~~~~~~~~~~~~~~~~~~~~~~~~~~~~~~^~~[m[K
[4.371s] gmake[2]: *** [CMakeFiles/parser.dir/build.make:76: CMakeFiles/parser.dir/src/utm_parser.cpp.o] Error 1
[4.371s] gmake[1]: *** [CMakeFiles/Makefile2:165: CMakeFiles/parser.dir/all] Error 2
[4.372s] gmake: *** [Makefile:146: all] Error 2
[4.374s] Invoked command in '/home/sunny/ros2_ws/build/cpp_parsing' returned '2': CMAKE_PREFIX_PATH=/home/sunny/ros2_ws/install/custom_interfaces:/home/sunny/ros2_ws/install/cpp_srvcli:/home/sunny/ros2_ws/install/cpp_pubsub:/home/sunny/ros2_ws/install/tutorial_interfaces:/home/sunny/ros2_ws/install/turtlesim:/home/sunny/ros2_ws/install/polygon_plugins:/home/sunny/ros2_ws/install/polygon_base:/home/sunny/ros2_ws/install/my_package:/home/sunny/ros2_ws/install/more_interfaces:/home/sunny/ros2_ws/install/cpp_proj:/home/sunny/ros2_ws/install/cpp_parameters:/home/sunny/ros2_ws/install/py_proj:/opt/ros/humble LD_LIBRARY_PATH=/home/sunny/ros2_ws/install/custom_interfaces/lib:/home/sunny/ros2_ws/install/tutorial_interfaces/lib:/home/sunny/ros2_ws/install/turtlesim/lib:/home/sunny/ros2_ws/install/polygon_plugins/lib:/home/sunny/ros2_ws/install/more_interfaces/lib:/opt/ros/humble/opt/rviz_ogre_vendor/lib:/opt/ros/humble/lib/x86_64-linux-gnu:/opt/ros/humble/lib /usr/bin/cmake --build /home/sunny/ros2_ws/build/cpp_parsing -- -j12 -l12
