[0.047s] Invoking command in '/home/sunny/ros2_ws/build/cpp_srvcli': CMAKE_PREFIX_PATH=/home/sunny/ros2_ws/install/tutorial_interfaces:/home/sunny/ros2_ws/install/cpp_srvcli:/home/sunny/ros2_ws/install/cpp_pubsub:/home/sunny/ros2_ws/install/turtlesim:/home/sunny/ros2_ws/install/polygon_plugins:/home/sunny/ros2_ws/install/polygon_base:/home/sunny/ros2_ws/install/my_package:/home/sunny/ros2_ws/install/more_interfaces:/home/sunny/ros2_ws/install/custom_interfaces:/home/sunny/ros2_ws/install/cpp_proj:/home/sunny/ros2_ws/install/cpp_parameters:/home/sunny/ros2_ws/install/py_proj:/opt/ros/humble /usr/bin/cmake --build /home/sunny/ros2_ws/build/cpp_srvcli -- -j8 -l8
[0.141s] [ 50%] Built target client
[0.141s] [100%] Built target server
[0.159s] Invoked command in '/home/sunny/ros2_ws/build/cpp_srvcli' returned '0': CMAKE_PREFIX_PATH=/home/sunny/ros2_ws/install/tutorial_interfaces:/home/sunny/ros2_ws/install/cpp_srvcli:/home/sunny/ros2_ws/install/cpp_pubsub:/home/sunny/ros2_ws/install/turtlesim:/home/sunny/ros2_ws/install/polygon_plugins:/home/sunny/ros2_ws/install/polygon_base:/home/sunny/ros2_ws/install/my_package:/home/sunny/ros2_ws/install/more_interfaces:/home/sunny/ros2_ws/install/custom_interfaces:/home/sunny/ros2_ws/install/cpp_proj:/home/sunny/ros2_ws/install/cpp_parameters:/home/sunny/ros2_ws/install/py_proj:/opt/ros/humble /usr/bin/cmake --build /home/sunny/ros2_ws/build/cpp_srvcli -- -j8 -l8
[0.200s] Invoking command in '/home/sunny/ros2_ws/build/cpp_srvcli': CMAKE_PREFIX_PATH=/home/sunny/ros2_ws/install/tutorial_interfaces:/home/sunny/ros2_ws/install/cpp_srvcli:/home/sunny/ros2_ws/install/cpp_pubsub:/home/sunny/ros2_ws/install/turtlesim:/home/sunny/ros2_ws/install/polygon_plugins:/home/sunny/ros2_ws/install/polygon_base:/home/sunny/ros2_ws/install/my_package:/home/sunny/ros2_ws/install/more_interfaces:/home/sunny/ros2_ws/install/custom_interfaces:/home/sunny/ros2_ws/install/cpp_proj:/home/sunny/ros2_ws/install/cpp_parameters:/home/sunny/ros2_ws/install/py_proj:/opt/ros/humble /usr/bin/cmake --install /home/sunny/ros2_ws/build/cpp_srvcli
[0.213s] -- Install configuration: ""
[0.213s] -- Up-to-date: /home/sunny/ros2_ws/install/cpp_srvcli/lib/cpp_srvcli/server
[0.215s] -- Up-to-date: /home/sunny/ros2_ws/install/cpp_srvcli/lib/cpp_srvcli/client
[0.217s] -- Up-to-date: /home/sunny/ros2_ws/install/cpp_srvcli/share/ament_index/resource_index/package_run_dependencies/cpp_srvcli
[0.217s] -- Up-to-date: /home/sunny/ros2_ws/install/cpp_srvcli/share/ament_index/resource_index/parent_prefix_path/cpp_srvcli
[0.218s] -- Up-to-date: /home/sunny/ros2_ws/install/cpp_srvcli/share/cpp_srvcli/environment/ament_prefix_path.sh
[0.221s] -- Up-to-date: /home/sunny/ros2_ws/install/cpp_srvcli/share/cpp_srvcli/environment/ament_prefix_path.dsv
[0.221s] -- Up-to-date: /home/sunny/ros2_ws/install/cpp_srvcli/share/cpp_srvcli/environment/path.sh
[0.221s] -- Up-to-date: /home/sunny/ros2_ws/install/cpp_srvcli/share/cpp_srvcli/environment/path.dsv
[0.221s] -- Up-to-date: /home/sunny/ros2_ws/install/cpp_srvcli/share/cpp_srvcli/local_setup.bash
[0.221s] -- Up-to-date: /home/sunny/ros2_ws/install/cpp_srvcli/share/cpp_srvcli/local_setup.sh
[0.221s] -- Up-to-date: /home/sunny/ros2_ws/install/cpp_srvcli/share/cpp_srvcli/local_setup.zsh
[0.221s] -- Up-to-date: /home/sunny/ros2_ws/install/cpp_srvcli/share/cpp_srvcli/local_setup.dsv
[0.221s] -- Installing: /home/sunny/ros2_ws/install/cpp_srvcli/share/cpp_srvcli/package.dsv
[0.222s] -- Up-to-date: /home/sunny/ros2_ws/install/cpp_srvcli/share/ament_index/resource_index/packages/cpp_srvcli
[0.222s] -- Up-to-date: /home/sunny/ros2_ws/install/cpp_srvcli/share/cpp_srvcli/cmake/cpp_srvcliConfig.cmake
[0.223s] -- Up-to-date: /home/sunny/ros2_ws/install/cpp_srvcli/share/cpp_srvcli/cmake/cpp_srvcliConfig-version.cmake
[0.223s] -- Up-to-date: /home/sunny/ros2_ws/install/cpp_srvcli/share/cpp_srvcli/package.xml
[0.223s] Invoked command in '/home/sunny/ros2_ws/build/cpp_srvcli' returned '0': CMAKE_PREFIX_PATH=/home/sunny/ros2_ws/install/tutorial_interfaces:/home/sunny/ros2_ws/install/cpp_srvcli:/home/sunny/ros2_ws/install/cpp_pubsub:/home/sunny/ros2_ws/install/turtlesim:/home/sunny/ros2_ws/install/polygon_plugins:/home/sunny/ros2_ws/install/polygon_base:/home/sunny/ros2_ws/install/my_package:/home/sunny/ros2_ws/install/more_interfaces:/home/sunny/ros2_ws/install/custom_interfaces:/home/sunny/ros2_ws/install/cpp_proj:/home/sunny/ros2_ws/install/cpp_parameters:/home/sunny/ros2_ws/install/py_proj:/opt/ros/humble /usr/bin/cmake --install /home/sunny/ros2_ws/build/cpp_srvcli
