[0.779s] Invoking command in '/home/sunny/ros2_ws/src/py_proj': PYTHONPATH=/home/sunny/ros2_ws/build/py_proj/prefix_override:/usr/lib/python3/dist-packages/colcon_core/task/python/colcon_distutils_commands:/home/sunny/ros2_ws/install/py_proj/lib/python3.10/site-packages:${PYTHONPATH} /usr/bin/python3 -W ignore:setup.py install is deprecated setup.py egg_info --egg-base ../../build/py_proj build --build-base /home/sunny/ros2_ws/build/py_proj/build install --record /home/sunny/ros2_ws/build/py_proj/install.log --single-version-externally-managed install_data
[1.090s] running egg_info
[1.090s] writing ../../build/py_proj/py_proj.egg-info/PKG-INFO
[1.091s] writing dependency_links to ../../build/py_proj/py_proj.egg-info/dependency_links.txt
[1.091s] writing entry points to ../../build/py_proj/py_proj.egg-info/entry_points.txt
[1.091s] writing requirements to ../../build/py_proj/py_proj.egg-info/requires.txt
[1.091s] writing top-level names to ../../build/py_proj/py_proj.egg-info/top_level.txt
[1.093s] reading manifest file '../../build/py_proj/py_proj.egg-info/SOURCES.txt'
[1.093s] writing manifest file '../../build/py_proj/py_proj.egg-info/SOURCES.txt'
[1.093s] running build
[1.094s] running build_py
[1.094s] copying py_proj/proj_coordinate.py -> /home/sunny/ros2_ws/build/py_proj/build/lib/py_proj
[1.094s] running install
[1.094s] running install_lib
[1.095s] copying /home/sunny/ros2_ws/build/py_proj/build/lib/py_proj/proj_coordinate.py -> /home/sunny/ros2_ws/install/py_proj/lib/python3.10/site-packages/py_proj
[1.095s] byte-compiling /home/sunny/ros2_ws/install/py_proj/lib/python3.10/site-packages/py_proj/proj_coordinate.py to proj_coordinate.cpython-310.pyc
[1.096s]   File "/home/sunny/ros2_ws/install/py_proj/lib/python3.10/site-packages/py_proj/proj_coordinate.py", line 60
[1.097s]     print(len(self.raw_data)
[1.097s]          ^
[1.097s] SyntaxError: '(' was never closed
[1.097s] 
[1.097s] running install_data
[1.097s] running install_egg_info
[1.098s] removing '/home/sunny/ros2_ws/install/py_proj/lib/python3.10/site-packages/py_proj-0.0.0-py3.10.egg-info' (and everything under it)
[1.099s] Copying ../../build/py_proj/py_proj.egg-info to /home/sunny/ros2_ws/install/py_proj/lib/python3.10/site-packages/py_proj-0.0.0-py3.10.egg-info
[1.100s] running install_scripts
[1.131s] Installing publisher script to /home/sunny/ros2_ws/install/py_proj/lib/py_proj
[1.131s] writing list of installed files to '/home/sunny/ros2_ws/build/py_proj/install.log'
[1.166s] Invoked command in '/home/sunny/ros2_ws/src/py_proj' returned '0': PYTHONPATH=/home/sunny/ros2_ws/build/py_proj/prefix_override:/usr/lib/python3/dist-packages/colcon_core/task/python/colcon_distutils_commands:/home/sunny/ros2_ws/install/py_proj/lib/python3.10/site-packages:${PYTHONPATH} /usr/bin/python3 -W ignore:setup.py install is deprecated setup.py egg_info --egg-base ../../build/py_proj build --build-base /home/sunny/ros2_ws/build/py_proj/build install --record /home/sunny/ros2_ws/build/py_proj/install.log --single-version-externally-managed install_data
