[0.035s] Invoking command in '/home/sunny/ros2_ws/build/cpp_parsing': CMAKE_PREFIX_PATH=${CMAKE_PREFIX_PATH}:/home/sunny/ros2_ws/install/py_proj:/opt/ros/humble /usr/bin/cmake --build /home/sunny/ros2_ws/build/cpp_parsing -- -j12 -l12
[0.066s] -- Found ament_cmake: 1.3.9 (/opt/ros/humble/share/ament_cmake/cmake)
[0.265s] -- Found rclcpp: 16.0.9 (/opt/ros/humble/share/rclcpp/cmake)
[0.304s] -- Found rosidl_generator_c: 3.1.5 (/opt/ros/humble/share/rosidl_generator_c/cmake)
[0.309s] -- Found rosidl_adapter: 3.1.5 (/opt/ros/humble/share/rosidl_adapter/cmake)
[0.321s] -- Found rosidl_generator_cpp: 3.1.5 (/opt/ros/humble/share/rosidl_generator_cpp/cmake)
[0.341s] -- Using all available rosidl_typesupport_c: rosidl_typesupport_fastrtps_c;rosidl_typesupport_introspection_c
[0.356s] -- Using all available rosidl_typesupport_cpp: rosidl_typesupport_fastrtps_cpp;rosidl_typesupport_introspection_cpp
[0.408s] -- Found rmw_implementation_cmake: 6.1.2 (/opt/ros/humble/share/rmw_implementation_cmake/cmake)
[0.410s] -- Found rmw_fastrtps_cpp: 6.2.6 (/opt/ros/humble/share/rmw_fastrtps_cpp/cmake)
[0.564s] -- Using RMW implementation 'rmw_fastrtps_cpp' as default
[0.743s] [31mCMake Error at /opt/ros/humble/share/ament_cmake_target_dependencies/cmake/ament_target_dependencies.cmake:77 (message):
[0.743s]   ament_target_dependencies() the passed package name 'custom_interfaces' was
[0.743s]   not found before
[0.744s] Call Stack (most recent call first):
[0.744s]   CMakeLists.txt:20 (ament_target_dependencies)
[0.744s] 
[0.744s] [0m
[0.744s] -- Configuring incomplete, errors occurred!
[0.744s] See also "/home/sunny/ros2_ws/build/cpp_parsing/CMakeFiles/CMakeOutput.log".
[0.752s] gmake: *** [Makefile:308: cmake_check_build_system] Error 1
[0.754s] Invoked command in '/home/sunny/ros2_ws/build/cpp_parsing' returned '2': CMAKE_PREFIX_PATH=${CMAKE_PREFIX_PATH}:/home/sunny/ros2_ws/install/py_proj:/opt/ros/humble /usr/bin/cmake --build /home/sunny/ros2_ws/build/cpp_parsing -- -j12 -l12
