[0.010s] Invoking command in '/home/sunny/ros2_ws/build/more_interfaces': CMAKE_PREFIX_PATH=/opt/ros/humble /usr/bin/cmake /home/sunny/ros2_ws/src/more_interfaces -DCMAKE_INSTALL_PREFIX=/home/sunny/ros2_ws/install/more_interfaces
[0.021s] -- Found ament_cmake: 1.3.9 (/opt/ros/humble/share/ament_cmake/cmake)
[0.128s] -- Found rosidl_default_generators: 1.2.0 (/opt/ros/humble/share/rosidl_default_generators/cmake)
[0.130s] -- Using all available rosidl_typesupport_c: rosidl_typesupport_fastrtps_c;rosidl_typesupport_introspection_c
[0.132s] -- Found rosidl_adapter: 3.1.5 (/opt/ros/humble/share/rosidl_adapter/cmake)
[0.159s] -- Using all available rosidl_typesupport_cpp: rosidl_typesupport_fastrtps_cpp;rosidl_typesupport_introspection_cpp
[0.325s] [31mCMake Error at /opt/ros/humble/share/rosidl_adapter/cmake/rosidl_adapt_interfaces.cmake:59 (message):
[0.325s]   execute_process(/usr/bin/python3 -m rosidl_adapter --package-name
[0.325s]   more_interfaces --arguments-file
[0.325s]   /home/sunny/ros2_ws/build/more_interfaces/rosidl_adapter__arguments__more_interfaces.json
[0.325s]   --output-dir
[0.326s]   /home/sunny/ros2_ws/build/more_interfaces/rosidl_adapter/more_interfaces
[0.326s]   --output-file
[0.326s]   /home/sunny/ros2_ws/build/more_interfaces/rosidl_adapter/more_interfaces.idls)
[0.326s]   returned error code 1:
[0.326s] 
[0.326s]   Error with: more_interfaces AddressBook
[0.326s]   rosidl_default_generators(${PROJECT_NAME}
[0.327s] 
[0.327s]   Traceback (most recent call last):
[0.327s] 
[0.327s]     File "/usr/lib/python3.10/runpy.py", line 196, in _run_module_as_main
[0.327s]       return _run_code(code, main_globals, None,
[0.327s]     File "/usr/lib/python3.10/runpy.py", line 86, in _run_code
[0.327s]       exec(code, run_globals)
[0.327s]     File "/opt/ros/humble/local/lib/python3.10/dist-packages/rosidl_adapter/__main__.py", line 19, in <module>
[0.327s]       sys.exit(main())
[0.327s]     File "/opt/ros/humble/local/lib/python3.10/dist-packages/rosidl_adapter/main.py", line 53, in main
[0.328s]       abs_idl_file = convert_to_idl(
[0.328s]     File "/opt/ros/humble/local/lib/python3.10/dist-packages/rosidl_adapter/__init__.py", line 19, in convert_to_idl
[0.328s]       return convert_msg_to_idl(
[0.328s]     File "/opt/ros/humble/local/lib/python3.10/dist-packages/rosidl_adapter/msg/__init__.py", line 28, in convert_msg_to_idl
[0.328s]       msg = parse_message_string(package_name, input_file.stem, content)
[0.328s]     File "/opt/ros/humble/local/lib/python3.10/dist-packages/rosidl_adapter/parser.py", line 510, in parse_message_string
[0.328s]       raise InvalidFieldDefinition(line)
[0.328s] 
[0.328s]   rosidl_adapter.parser.InvalidFieldDefinition:
[0.328s]   rosidl_default_generators(${PROJECT_NAME}
[0.328s] 
[0.329s] Call Stack (most recent call first):
[0.329s]   /opt/ros/humble/share/rosidl_cmake/cmake/rosidl_generate_interfaces.cmake:130 (rosidl_adapt_interfaces)
[0.329s]   CMakeLists.txt:17 (rosidl_generate_interfaces)
[0.329s] 
[0.329s] [0m
[0.330s] -- Configuring incomplete, errors occurred!
[0.330s] See also "/home/sunny/ros2_ws/build/more_interfaces/CMakeFiles/CMakeOutput.log".
[0.330s] Invoked command in '/home/sunny/ros2_ws/build/more_interfaces' returned '1': CMAKE_PREFIX_PATH=/opt/ros/humble /usr/bin/cmake /home/sunny/ros2_ws/src/more_interfaces -DCMAKE_INSTALL_PREFIX=/home/sunny/ros2_ws/install/more_interfaces
