[0.861s] Invoking command in '/home/sunny/ros2_ws/src/py_proj': PYTHONPATH=/home/sunny/ros2_ws/build/py_proj/prefix_override:/usr/lib/python3/dist-packages/colcon_core/task/python/colcon_distutils_commands:/home/sunny/ros2_ws/install/py_proj/lib/python3.10/site-packages:${PYTHONPATH} /usr/bin/python3 -W ignore:setup.py install is deprecated setup.py egg_info --egg-base ../../build/py_proj build --build-base /home/sunny/ros2_ws/build/py_proj/build install --record /home/sunny/ros2_ws/build/py_proj/install.log --single-version-externally-managed install_data
[1.162s] running egg_info
[1.163s] writing ../../build/py_proj/py_proj.egg-info/PKG-INFO
[1.163s] writing dependency_links to ../../build/py_proj/py_proj.egg-info/dependency_links.txt
[1.163s] writing entry points to ../../build/py_proj/py_proj.egg-info/entry_points.txt
[1.163s] writing requirements to ../../build/py_proj/py_proj.egg-info/requires.txt
[1.163s] writing top-level names to ../../build/py_proj/py_proj.egg-info/top_level.txt
[1.166s] reading manifest file '../../build/py_proj/py_proj.egg-info/SOURCES.txt'
[1.166s] writing manifest file '../../build/py_proj/py_proj.egg-info/SOURCES.txt'
[1.167s] running build
[1.167s] running build_py
[1.167s] copying py_proj/proj_coordinate.py -> /home/sunny/ros2_ws/build/py_proj/build/lib/py_proj
[1.167s] running install
[1.168s] running install_lib
[1.169s] copying /home/sunny/ros2_ws/build/py_proj/build/lib/py_proj/proj_coordinate.py -> /home/sunny/ros2_ws/install/py_proj/lib/python3.10/site-packages/py_proj
[1.169s] byte-compiling /home/sunny/ros2_ws/install/py_proj/lib/python3.10/site-packages/py_proj/proj_coordinate.py to proj_coordinate.cpython-310.pyc
[1.170s]   File "/home/sunny/ros2_ws/install/py_proj/lib/python3.10/site-packages/py_proj/proj_coordinate.py", line 57
[1.170s]     print(f"GGA.raw_data : {",".join(self.raw_data)}\n"
[1.170s]                              ^
[1.171s] SyntaxError: f-string: expecting '}'
[1.171s] 
[1.171s] running install_data
[1.171s] running install_egg_info
[1.173s] removing '/home/sunny/ros2_ws/install/py_proj/lib/python3.10/site-packages/py_proj-0.0.0-py3.10.egg-info' (and everything under it)
[1.173s] Copying ../../build/py_proj/py_proj.egg-info to /home/sunny/ros2_ws/install/py_proj/lib/python3.10/site-packages/py_proj-0.0.0-py3.10.egg-info
[1.175s] running install_scripts
[1.202s] Installing publisher script to /home/sunny/ros2_ws/install/py_proj/lib/py_proj
[1.203s] writing list of installed files to '/home/sunny/ros2_ws/build/py_proj/install.log'
[1.238s] Invoked command in '/home/sunny/ros2_ws/src/py_proj' returned '0': PYTHONPATH=/home/sunny/ros2_ws/build/py_proj/prefix_override:/usr/lib/python3/dist-packages/colcon_core/task/python/colcon_distutils_commands:/home/sunny/ros2_ws/install/py_proj/lib/python3.10/site-packages:${PYTHONPATH} /usr/bin/python3 -W ignore:setup.py install is deprecated setup.py egg_info --egg-base ../../build/py_proj build --build-base /home/sunny/ros2_ws/build/py_proj/build install --record /home/sunny/ros2_ws/build/py_proj/install.log --single-version-externally-managed install_data
