[0.015s] Invoking command in '/home/sunny/ros2_ws/build/cpp_parsing': CMAKE_PREFIX_PATH=/home/sunny/ros2_ws/install/custom_interfaces:/home/sunny/ros2_ws/install/cpp_srvcli:/home/sunny/ros2_ws/install/cpp_pubsub:/home/sunny/ros2_ws/install/tutorial_interfaces:/home/sunny/ros2_ws/install/turtlesim:/home/sunny/ros2_ws/install/polygon_plugins:/home/sunny/ros2_ws/install/polygon_base:/home/sunny/ros2_ws/install/my_package:/home/sunny/ros2_ws/install/more_interfaces:/home/sunny/ros2_ws/install/cpp_proj:/home/sunny/ros2_ws/install/cpp_parameters:/home/sunny/ros2_ws/install/py_proj:/opt/ros/humble LD_LIBRARY_PATH=/home/sunny/ros2_ws/install/custom_interfaces/lib:/home/sunny/ros2_ws/install/tutorial_interfaces/lib:/home/sunny/ros2_ws/install/turtlesim/lib:/home/sunny/ros2_ws/install/polygon_plugins/lib:/home/sunny/ros2_ws/install/more_interfaces/lib:/opt/ros/humble/opt/rviz_ogre_vendor/lib:/opt/ros/humble/lib/x86_64-linux-gnu:/opt/ros/humble/lib /usr/bin/cmake --build /home/sunny/ros2_ws/build/cpp_parsing -- -j12 -l12
[0.069s] [35m[1mConsolidate compiler generated dependencies of target parser[0m
[0.082s] [ 50%] Built target reader
[0.089s] [ 75%] [32mBuilding CXX object CMakeFiles/parser.dir/src/utm_parser.cpp.o[0m
[2.283s] [01m[K/home/sunny/ros2_ws/src/cpp_parsing/src/utm_parser.cpp:59:40:[m[K [01;31m[Kerror: [m[Kexpected ‘[01m[K;[m[K’ at end of member declaration
[2.283s]    59 |     void _calculate_latitude_longitude([01;31m[K)[m[K
[2.284s]       |                                        [01;31m[K^[m[K
[2.284s]       |                                         [32m[K;[m[K
[2.290s] [01m[K/home/sunny/ros2_ws/src/cpp_parsing/src/utm_parser.cpp:[m[K In member function ‘[01m[Kvoid NmeaSubscriber::nmea_data_transformer(std_msgs::msg::String_<std::allocator<void> >::SharedPtr)[m[K’:
[2.290s] [01m[K/home/sunny/ros2_ws/src/cpp_parsing/src/utm_parser.cpp:55:41:[m[K [01;31m[Kerror: [m[Kcould not convert ‘[01m[Kmsg[m[K’ from ‘[01m[Kconst SharedPtr[m[K’ {aka ‘[01m[Kconst std::shared_ptr<std_msgs::msg::String_<std::allocator<void> > >[m[K’} to ‘[01m[Kstd::string[m[K’ {aka ‘[01m[Kstd::__cxx11::basic_string<char>[m[K’}
[2.290s]    55 |         vector<string> raw_data = split([01;31m[Kmsg[m[K, ',');
[2.290s]       |                                         [01;31m[K^~~[m[K
[2.290s]       |                                         [01;31m[K|[m[K
[2.290s]       |                                         [01;31m[Kconst SharedPtr {aka const std::shared_ptr<std_msgs::msg::String_<std::allocator<void> > >}[m[K
[2.290s] [01m[K/home/sunny/ros2_ws/src/cpp_parsing/src/utm_parser.cpp:56:17:[m[K [01;31m[Kerror: [m[K‘[01m[Kclass UtmParser[m[K’ has no member named ‘[01m[Kpublish_utm_data[m[K’; did you mean ‘[01m[Kpubish_utm_data[m[K’?
[2.291s]    56 |         parser_.[01;31m[Kpublish_utm_data[m[K(utm_data);
[2.291s]       |                 [01;31m[K^~~~~~~~~~~~~~~~[m[K
[2.291s]       |                 [32m[Kpubish_utm_data[m[K
[4.354s] gmake[2]: *** [CMakeFiles/parser.dir/build.make:76: CMakeFiles/parser.dir/src/utm_parser.cpp.o] Error 1
[4.354s] gmake[1]: *** [CMakeFiles/Makefile2:165: CMakeFiles/parser.dir/all] Error 2
[4.354s] gmake: *** [Makefile:146: all] Error 2
[4.357s] Invoked command in '/home/sunny/ros2_ws/build/cpp_parsing' returned '2': CMAKE_PREFIX_PATH=/home/sunny/ros2_ws/install/custom_interfaces:/home/sunny/ros2_ws/install/cpp_srvcli:/home/sunny/ros2_ws/install/cpp_pubsub:/home/sunny/ros2_ws/install/tutorial_interfaces:/home/sunny/ros2_ws/install/turtlesim:/home/sunny/ros2_ws/install/polygon_plugins:/home/sunny/ros2_ws/install/polygon_base:/home/sunny/ros2_ws/install/my_package:/home/sunny/ros2_ws/install/more_interfaces:/home/sunny/ros2_ws/install/cpp_proj:/home/sunny/ros2_ws/install/cpp_parameters:/home/sunny/ros2_ws/install/py_proj:/opt/ros/humble LD_LIBRARY_PATH=/home/sunny/ros2_ws/install/custom_interfaces/lib:/home/sunny/ros2_ws/install/tutorial_interfaces/lib:/home/sunny/ros2_ws/install/turtlesim/lib:/home/sunny/ros2_ws/install/polygon_plugins/lib:/home/sunny/ros2_ws/install/more_interfaces/lib:/opt/ros/humble/opt/rviz_ogre_vendor/lib:/opt/ros/humble/lib/x86_64-linux-gnu:/opt/ros/humble/lib /usr/bin/cmake --build /home/sunny/ros2_ws/build/cpp_parsing -- -j12 -l12
