[0.011s] Invoking command in '/home/sunny/ros2_ws/build/cpp_proj': CMAKE_PREFIX_PATH=/opt/ros/humble /usr/bin/cmake --build /home/sunny/ros2_ws/build/cpp_proj -- -j8 -l8
[0.046s] [35m[1mConsolidate compiler generated dependencies of target transpose[0m
[0.057s] [ 50%] [32mBuilding CXX object CMakeFiles/transpose.dir/src/proj_coordinate.cpp.o[0m
[0.350s] [100%] [32m[1mLinking CXX executable transpose[0m
[0.451s] [100%] Built target transpose
[0.461s] Invoked command in '/home/sunny/ros2_ws/build/cpp_proj' returned '0': CMAKE_PREFIX_PATH=/opt/ros/humble /usr/bin/cmake --build /home/sunny/ros2_ws/build/cpp_proj -- -j8 -l8
[0.494s] Invoking command in '/home/sunny/ros2_ws/build/cpp_proj': CMAKE_PREFIX_PATH=/opt/ros/humble /usr/bin/cmake --install /home/sunny/ros2_ws/build/cpp_proj
[0.500s] -- Install configuration: ""
[0.500s] -- Installing: /home/sunny/ros2_ws/install/cpp_proj/lib/cpp_proj/transpose
[0.501s] -- Set runtime path of "/home/sunny/ros2_ws/install/cpp_proj/lib/cpp_proj/transpose" to ""
[0.501s] -- Up-to-date: /home/sunny/ros2_ws/install/cpp_proj/share/ament_index/resource_index/package_run_dependencies/cpp_proj
[0.501s] -- Up-to-date: /home/sunny/ros2_ws/install/cpp_proj/share/ament_index/resource_index/parent_prefix_path/cpp_proj
[0.502s] -- Up-to-date: /home/sunny/ros2_ws/install/cpp_proj/share/cpp_proj/environment/ament_prefix_path.sh
[0.502s] -- Up-to-date: /home/sunny/ros2_ws/install/cpp_proj/share/cpp_proj/environment/ament_prefix_path.dsv
[0.502s] -- Up-to-date: /home/sunny/ros2_ws/install/cpp_proj/share/cpp_proj/environment/path.sh
[0.502s] -- Up-to-date: /home/sunny/ros2_ws/install/cpp_proj/share/cpp_proj/environment/path.dsv
[0.502s] -- Up-to-date: /home/sunny/ros2_ws/install/cpp_proj/share/cpp_proj/local_setup.bash
[0.502s] -- Up-to-date: /home/sunny/ros2_ws/install/cpp_proj/share/cpp_proj/local_setup.sh
[0.502s] -- Up-to-date: /home/sunny/ros2_ws/install/cpp_proj/share/cpp_proj/local_setup.zsh
[0.502s] -- Up-to-date: /home/sunny/ros2_ws/install/cpp_proj/share/cpp_proj/local_setup.dsv
[0.502s] -- Installing: /home/sunny/ros2_ws/install/cpp_proj/share/cpp_proj/package.dsv
[0.502s] -- Up-to-date: /home/sunny/ros2_ws/install/cpp_proj/share/ament_index/resource_index/packages/cpp_proj
[0.502s] -- Up-to-date: /home/sunny/ros2_ws/install/cpp_proj/share/cpp_proj/cmake/cpp_projConfig.cmake
[0.503s] -- Up-to-date: /home/sunny/ros2_ws/install/cpp_proj/share/cpp_proj/cmake/cpp_projConfig-version.cmake
[0.503s] -- Up-to-date: /home/sunny/ros2_ws/install/cpp_proj/share/cpp_proj/package.xml
[0.504s] Invoked command in '/home/sunny/ros2_ws/build/cpp_proj' returned '0': CMAKE_PREFIX_PATH=/opt/ros/humble /usr/bin/cmake --install /home/sunny/ros2_ws/build/cpp_proj
