[0.012s] Invoking command in '/home/sunny/ros2_ws/build/cpp_parsing': CMAKE_PREFIX_PATH=/home/sunny/ros2_ws/install/custom_interfaces:/home/sunny/ros2_ws/install/cpp_srvcli:/home/sunny/ros2_ws/install/cpp_pubsub:/home/sunny/ros2_ws/install/tutorial_interfaces:/home/sunny/ros2_ws/install/turtlesim:/home/sunny/ros2_ws/install/polygon_plugins:/home/sunny/ros2_ws/install/polygon_base:/home/sunny/ros2_ws/install/my_package:/home/sunny/ros2_ws/install/more_interfaces:/home/sunny/ros2_ws/install/cpp_parsing:/home/sunny/ros2_ws/install/cpp_proj:/home/sunny/ros2_ws/install/cpp_parameters:/home/sunny/ros2_ws/install/py_proj:/opt/ros/humble LD_LIBRARY_PATH=/home/sunny/ros2_ws/install/custom_interfaces/lib:/home/sunny/ros2_ws/install/tutorial_interfaces/lib:/home/sunny/ros2_ws/install/turtlesim/lib:/home/sunny/ros2_ws/install/polygon_plugins/lib:/home/sunny/ros2_ws/install/more_interfaces/lib:/opt/ros/humble/opt/rviz_ogre_vendor/lib:/opt/ros/humble/lib/x86_64-linux-gnu:/opt/ros/humble/lib /usr/bin/cmake --build /home/sunny/ros2_ws/build/cpp_parsing -- -j12 -l12
[0.059s] [35m[1mConsolidate compiler generated dependencies of target parser[0m
[0.072s] [ 50%] Built target reader
[0.080s] [ 75%] [32mBuilding CXX object CMakeFiles/parser.dir/src/utm_parser.cpp.o[0m
[2.174s] [01m[K/home/sunny/ros2_ws/src/cpp_parsing/src/utm_parser.cpp:[m[K In member function ‘[01m[Kvoid NmeaSubscriber::nmea_data_transformer(const String&)[m[K’:
[2.174s] [01m[K/home/sunny/ros2_ws/src/cpp_parsing/src/utm_parser.cpp:105:97:[m[K [01;31m[Kerror: [m[Kno match for ‘[01m[Koperator=[m[K’ (operand types are ‘[01m[Kcustom_interfaces::msg::Utm[m[K’ {aka ‘[01m[Kcustom_interfaces::msg::Utm_<std::allocator<void> >[m[K’} and ‘[01m[Kvoid[m[K’)
[2.174s]   105 |             utm_data = utm_data_maker(utm_data, raw_data, latitude, longitude, easting, northing[01;31m[K)[m[K;
[2.174s]       |                                                                                                 [01;31m[K^[m[K
[2.174s] In file included from [01m[K/home/sunny/ros2_ws/install/custom_interfaces/include/custom_interfaces/custom_interfaces/msg/utm.hpp:7[m[K,
[2.174s]                  from [01m[K/home/sunny/ros2_ws/src/cpp_parsing/src/utm_parser.cpp:10[m[K:
[2.174s] [01m[K/home/sunny/ros2_ws/install/custom_interfaces/include/custom_interfaces/custom_interfaces/msg/detail/utm__struct.hpp:32:8:[m[K [01;36m[Knote: [m[Kcandidate: ‘[01m[Kcustom_interfaces::msg::Utm_<std::allocator<void> >& custom_interfaces::msg::Utm_<std::allocator<void> >::operator=(const custom_interfaces::msg::Utm_<std::allocator<void> >&)[m[K’
[2.175s]    32 | struct [01;36m[KUtm_[m[K
[2.175s]       |        [01;36m[K^~~~[m[K
[2.175s] [01m[K/home/sunny/ros2_ws/install/custom_interfaces/include/custom_interfaces/custom_interfaces/msg/detail/utm__struct.hpp:32:8:[m[K [01;36m[Knote: [m[K  no known conversion for argument 1 from ‘[01m[Kvoid[m[K’ to ‘[01m[Kconst custom_interfaces::msg::Utm_<std::allocator<void> >&[m[K’
[2.175s] [01m[K/home/sunny/ros2_ws/install/custom_interfaces/include/custom_interfaces/custom_interfaces/msg/detail/utm__struct.hpp:32:8:[m[K [01;36m[Knote: [m[Kcandidate: ‘[01m[Kcustom_interfaces::msg::Utm_<std::allocator<void> >& custom_interfaces::msg::Utm_<std::allocator<void> >::operator=(custom_interfaces::msg::Utm_<std::allocator<void> >&&)[m[K’
[2.175s] [01m[K/home/sunny/ros2_ws/install/custom_interfaces/include/custom_interfaces/custom_interfaces/msg/detail/utm__struct.hpp:32:8:[m[K [01;36m[Knote: [m[K  no known conversion for argument 1 from ‘[01m[Kvoid[m[K’ to ‘[01m[Kcustom_interfaces::msg::Utm_<std::allocator<void> >&&[m[K’
[4.600s] gmake[2]: *** [CMakeFiles/parser.dir/build.make:76: CMakeFiles/parser.dir/src/utm_parser.cpp.o] Error 1
[4.602s] gmake[1]: *** [CMakeFiles/Makefile2:165: CMakeFiles/parser.dir/all] Error 2
[4.603s] gmake: *** [Makefile:146: all] Error 2
[4.609s] Invoked command in '/home/sunny/ros2_ws/build/cpp_parsing' returned '2': CMAKE_PREFIX_PATH=/home/sunny/ros2_ws/install/custom_interfaces:/home/sunny/ros2_ws/install/cpp_srvcli:/home/sunny/ros2_ws/install/cpp_pubsub:/home/sunny/ros2_ws/install/tutorial_interfaces:/home/sunny/ros2_ws/install/turtlesim:/home/sunny/ros2_ws/install/polygon_plugins:/home/sunny/ros2_ws/install/polygon_base:/home/sunny/ros2_ws/install/my_package:/home/sunny/ros2_ws/install/more_interfaces:/home/sunny/ros2_ws/install/cpp_parsing:/home/sunny/ros2_ws/install/cpp_proj:/home/sunny/ros2_ws/install/cpp_parameters:/home/sunny/ros2_ws/install/py_proj:/opt/ros/humble LD_LIBRARY_PATH=/home/sunny/ros2_ws/install/custom_interfaces/lib:/home/sunny/ros2_ws/install/tutorial_interfaces/lib:/home/sunny/ros2_ws/install/turtlesim/lib:/home/sunny/ros2_ws/install/polygon_plugins/lib:/home/sunny/ros2_ws/install/more_interfaces/lib:/opt/ros/humble/opt/rviz_ogre_vendor/lib:/opt/ros/humble/lib/x86_64-linux-gnu:/opt/ros/humble/lib /usr/bin/cmake --build /home/sunny/ros2_ws/build/cpp_parsing -- -j12 -l12
