[0.023s] Invoking command in '/home/sunny/ros2_ws/src/build/cpp_parameters': CMAKE_PREFIX_PATH=/opt/ros/humble /usr/bin/cmake /home/sunny/ros2_ws/src/cpp_parameters -DCMAKE_INSTALL_PREFIX=/home/sunny/ros2_ws/src/install/cpp_parameters
[0.049s] -- Found ament_cmake: 1.3.9 (/opt/ros/humble/share/ament_cmake/cmake)
[0.187s] -- Found rclcpp: 16.0.9 (/opt/ros/humble/share/rclcpp/cmake)
[0.238s] -- Found rosidl_generator_c: 3.1.5 (/opt/ros/humble/share/rosidl_generator_c/cmake)
[0.241s] -- Found rosidl_adapter: 3.1.5 (/opt/ros/humble/share/rosidl_adapter/cmake)
[0.250s] -- Found rosidl_generator_cpp: 3.1.5 (/opt/ros/humble/share/rosidl_generator_cpp/cmake)
[0.270s] -- Using all available rosidl_typesupport_c: rosidl_typesupport_fastrtps_c;rosidl_typesupport_introspection_c
[0.297s] -- Using all available rosidl_typesupport_cpp: rosidl_typesupport_fastrtps_cpp;rosidl_typesupport_introspection_cpp
[0.387s] -- Found rmw_implementation_cmake: 6.1.2 (/opt/ros/humble/share/rmw_implementation_cmake/cmake)
[0.391s] -- Found rmw_fastrtps_cpp: 6.2.6 (/opt/ros/humble/share/rmw_fastrtps_cpp/cmake)
[0.576s] -- Using RMW implementation 'rmw_fastrtps_cpp' as default
[0.779s] -- Found ament_lint_auto: 0.12.11 (/opt/ros/humble/share/ament_lint_auto/cmake)
[0.853s] -- Added test 'cppcheck' to perform static code analysis on C / C++ code
[0.854s] -- Configured cppcheck include dirs: 
[0.854s] -- Configured cppcheck exclude dirs and/or files: 
[0.854s] -- Added test 'flake8' to check Python code syntax and style conventions
[0.854s] -- Added test 'lint_cmake' to check CMake code style
[0.855s] -- Added test 'pep257' to check Python code against some of the docstring style conventions in PEP 257
[0.856s] -- Added test 'uncrustify' to check C / C++ code style
[0.856s] -- Configured uncrustify additional arguments: 
[0.856s] -- Added test 'xmllint' to check XML markup files
[0.858s] -- Configuring done
[0.872s] -- Generating done
[0.873s] -- Build files have been written to: /home/sunny/ros2_ws/src/build/cpp_parameters
[0.884s] Invoked command in '/home/sunny/ros2_ws/src/build/cpp_parameters' returned '0': CMAKE_PREFIX_PATH=/opt/ros/humble /usr/bin/cmake /home/sunny/ros2_ws/src/cpp_parameters -DCMAKE_INSTALL_PREFIX=/home/sunny/ros2_ws/src/install/cpp_parameters
[0.886s] Invoking command in '/home/sunny/ros2_ws/src/build/cpp_parameters': CMAKE_PREFIX_PATH=/opt/ros/humble /usr/bin/cmake --build /home/sunny/ros2_ws/src/build/cpp_parameters -- -j12 -l12
[0.945s] [ 50%] [32mBuilding CXX object CMakeFiles/minimal_param_node.dir/src/cpp_parameters_node.cpp.o[0m
[5.378s] [100%] [32m[1mLinking CXX executable minimal_param_node[0m
[5.511s] [100%] Built target minimal_param_node
[5.523s] Invoked command in '/home/sunny/ros2_ws/src/build/cpp_parameters' returned '0': CMAKE_PREFIX_PATH=/opt/ros/humble /usr/bin/cmake --build /home/sunny/ros2_ws/src/build/cpp_parameters -- -j12 -l12
[5.551s] Invoking command in '/home/sunny/ros2_ws/src/build/cpp_parameters': CMAKE_PREFIX_PATH=/opt/ros/humble /usr/bin/cmake --install /home/sunny/ros2_ws/src/build/cpp_parameters
[5.556s] -- Install configuration: ""
[5.556s] -- Installing: /home/sunny/ros2_ws/src/install/cpp_parameters/lib/cpp_parameters/minimal_param_node
[5.557s] -- Set runtime path of "/home/sunny/ros2_ws/src/install/cpp_parameters/lib/cpp_parameters/minimal_param_node" to ""
[5.557s] -- Installing: /home/sunny/ros2_ws/src/install/cpp_parameters/share/cpp_parameters/launch
[5.557s] -- Installing: /home/sunny/ros2_ws/src/install/cpp_parameters/share/cpp_parameters/launch/cpp_parameters_launch.py
[5.557s] -- Installing: /home/sunny/ros2_ws/src/install/cpp_parameters/share/ament_index/resource_index/package_run_dependencies/cpp_parameters
[5.558s] -- Installing: /home/sunny/ros2_ws/src/install/cpp_parameters/share/ament_index/resource_index/parent_prefix_path/cpp_parameters
[5.558s] -- Installing: /home/sunny/ros2_ws/src/install/cpp_parameters/share/cpp_parameters/environment/ament_prefix_path.sh
[5.558s] -- Installing: /home/sunny/ros2_ws/src/install/cpp_parameters/share/cpp_parameters/environment/ament_prefix_path.dsv
[5.558s] -- Installing: /home/sunny/ros2_ws/src/install/cpp_parameters/share/cpp_parameters/environment/path.sh
[5.558s] -- Installing: /home/sunny/ros2_ws/src/install/cpp_parameters/share/cpp_parameters/environment/path.dsv
[5.558s] -- Installing: /home/sunny/ros2_ws/src/install/cpp_parameters/share/cpp_parameters/local_setup.bash
[5.558s] -- Installing: /home/sunny/ros2_ws/src/install/cpp_parameters/share/cpp_parameters/local_setup.sh
[5.558s] -- Installing: /home/sunny/ros2_ws/src/install/cpp_parameters/share/cpp_parameters/local_setup.zsh
[5.558s] -- Installing: /home/sunny/ros2_ws/src/install/cpp_parameters/share/cpp_parameters/local_setup.dsv
[5.558s] -- Installing: /home/sunny/ros2_ws/src/install/cpp_parameters/share/cpp_parameters/package.dsv
[5.559s] -- Installing: /home/sunny/ros2_ws/src/install/cpp_parameters/share/ament_index/resource_index/packages/cpp_parameters
[5.559s] -- Installing: /home/sunny/ros2_ws/src/install/cpp_parameters/share/cpp_parameters/cmake/cpp_parametersConfig.cmake
[5.559s] -- Installing: /home/sunny/ros2_ws/src/install/cpp_parameters/share/cpp_parameters/cmake/cpp_parametersConfig-version.cmake
[5.559s] -- Installing: /home/sunny/ros2_ws/src/install/cpp_parameters/share/cpp_parameters/package.xml
[5.561s] Invoked command in '/home/sunny/ros2_ws/src/build/cpp_parameters' returned '0': CMAKE_PREFIX_PATH=/opt/ros/humble /usr/bin/cmake --install /home/sunny/ros2_ws/src/build/cpp_parameters
