[0.099s] DEBUG:colcon:Command line arguments: ['/usr/bin/colcon', 'build', '--packages-select', 'polygon_base', 'polygon_plugins']
[0.099s] DEBUG:colcon:Parsed command line arguments: Namespace(log_base=None, log_level=None, verb_name='build', build_base='build', install_base='install', merge_install=False, symlink_install=False, test_result_base=None, continue_on_error=False, executor='parallel', parallel_workers=8, event_handlers=None, ignore_user_meta=False, metas=['./colcon.meta'], base_paths=['.'], packages_ignore=None, packages_ignore_regex=None, paths=None, packages_up_to=None, packages_up_to_regex=None, packages_above=None, packages_above_and_dependencies=None, packages_above_depth=None, packages_select_by_dep=None, packages_skip_by_dep=None, packages_skip_up_to=None, packages_select_build_failed=False, packages_skip_build_finished=False, packages_select_test_failures=False, packages_skip_test_passed=False, packages_select=['polygon_base', 'polygon_plugins'], packages_skip=None, packages_select_regex=None, packages_skip_regex=None, packages_start=None, packages_end=None, allow_overriding=[], cmake_args=None, cmake_target=None, cmake_target_skip_unavailable=False, cmake_clean_cache=False, cmake_clean_first=False, cmake_force_configure=False, ament_cmake_args=None, catkin_cmake_args=None, catkin_skip_building_tests=False, mixin_files=None, mixin=None, verb_parser=<colcon_mixin.mixin.mixin_argument.MixinArgumentDecorator object at 0x70f9f9a22110>, verb_extension=<colcon_core.verb.build.BuildVerb object at 0x70f9f9a21c60>, main=<bound method BuildVerb.main of <colcon_core.verb.build.BuildVerb object at 0x70f9f9a21c60>>, mixin_verb=('build',))
[0.245s] Level 1:colcon.colcon_core.package_discovery:discover_packages(colcon_meta) check parameters
[0.245s] Level 1:colcon.colcon_core.package_discovery:discover_packages(recursive) check parameters
[0.245s] Level 1:colcon.colcon_core.package_discovery:discover_packages(ignore) check parameters
[0.245s] Level 1:colcon.colcon_core.package_discovery:discover_packages(path) check parameters
[0.245s] Level 1:colcon.colcon_core.package_discovery:discover_packages(colcon_meta) discover
[0.245s] Level 1:colcon.colcon_core.package_discovery:discover_packages(recursive) discover
[0.245s] INFO:colcon.colcon_core.package_discovery:Crawling recursively for packages in '/home/sunny/ros2_ws'
[0.245s] Level 1:colcon.colcon_core.package_identification:_identify(.) by extensions ['ignore', 'ignore_ament_install']
[0.245s] Level 1:colcon.colcon_core.package_identification:_identify(.) by extension 'ignore'
[0.245s] Level 1:colcon.colcon_core.package_identification:_identify(.) by extension 'ignore_ament_install'
[0.245s] Level 1:colcon.colcon_core.package_identification:_identify(.) by extensions ['colcon_pkg']
[0.245s] Level 1:colcon.colcon_core.package_identification:_identify(.) by extension 'colcon_pkg'
[0.245s] Level 1:colcon.colcon_core.package_identification:_identify(.) by extensions ['colcon_meta']
[0.245s] Level 1:colcon.colcon_core.package_identification:_identify(.) by extension 'colcon_meta'
[0.245s] Level 1:colcon.colcon_core.package_identification:_identify(.) by extensions ['ros']
[0.245s] Level 1:colcon.colcon_core.package_identification:_identify(.) by extension 'ros'
[0.255s] Level 1:colcon.colcon_core.package_identification:_identify(.) by extensions ['cmake', 'python']
[0.255s] Level 1:colcon.colcon_core.package_identification:_identify(.) by extension 'cmake'
[0.255s] Level 1:colcon.colcon_core.package_identification:_identify(.) by extension 'python'
[0.255s] Level 1:colcon.colcon_core.package_identification:_identify(.) by extensions ['python_setup_py']
[0.255s] Level 1:colcon.colcon_core.package_identification:_identify(.) by extension 'python_setup_py'
[0.255s] Level 1:colcon.colcon_core.package_identification:_identify(build) by extensions ['ignore', 'ignore_ament_install']
[0.256s] Level 1:colcon.colcon_core.package_identification:_identify(build) by extension 'ignore'
[0.256s] Level 1:colcon.colcon_core.package_identification:_identify(build) ignored
[0.256s] Level 1:colcon.colcon_core.package_identification:_identify(install) by extensions ['ignore', 'ignore_ament_install']
[0.256s] Level 1:colcon.colcon_core.package_identification:_identify(install) by extension 'ignore'
[0.256s] Level 1:colcon.colcon_core.package_identification:_identify(install) ignored
[0.256s] Level 1:colcon.colcon_core.package_identification:_identify(log) by extensions ['ignore', 'ignore_ament_install']
[0.256s] Level 1:colcon.colcon_core.package_identification:_identify(log) by extension 'ignore'
[0.256s] Level 1:colcon.colcon_core.package_identification:_identify(log) ignored
[0.256s] Level 1:colcon.colcon_core.package_identification:_identify(src) by extensions ['ignore', 'ignore_ament_install']
[0.256s] Level 1:colcon.colcon_core.package_identification:_identify(src) by extension 'ignore'
[0.256s] Level 1:colcon.colcon_core.package_identification:_identify(src) by extension 'ignore_ament_install'
[0.256s] Level 1:colcon.colcon_core.package_identification:_identify(src) by extensions ['colcon_pkg']
[0.256s] Level 1:colcon.colcon_core.package_identification:_identify(src) by extension 'colcon_pkg'
[0.256s] Level 1:colcon.colcon_core.package_identification:_identify(src) by extensions ['colcon_meta']
[0.256s] Level 1:colcon.colcon_core.package_identification:_identify(src) by extension 'colcon_meta'
[0.256s] Level 1:colcon.colcon_core.package_identification:_identify(src) by extensions ['ros']
[0.257s] Level 1:colcon.colcon_core.package_identification:_identify(src) by extension 'ros'
[0.257s] Level 1:colcon.colcon_core.package_identification:_identify(src) by extensions ['cmake', 'python']
[0.257s] Level 1:colcon.colcon_core.package_identification:_identify(src) by extension 'cmake'
[0.257s] Level 1:colcon.colcon_core.package_identification:_identify(src) by extension 'python'
[0.257s] Level 1:colcon.colcon_core.package_identification:_identify(src) by extensions ['python_setup_py']
[0.257s] Level 1:colcon.colcon_core.package_identification:_identify(src) by extension 'python_setup_py'
[0.257s] Level 1:colcon.colcon_core.package_identification:_identify(src/build) by extensions ['ignore', 'ignore_ament_install']
[0.257s] Level 1:colcon.colcon_core.package_identification:_identify(src/build) by extension 'ignore'
[0.257s] Level 1:colcon.colcon_core.package_identification:_identify(src/build) ignored
[0.257s] Level 1:colcon.colcon_core.package_identification:_identify(src/cpp_parameters) by extensions ['ignore', 'ignore_ament_install']
[0.257s] Level 1:colcon.colcon_core.package_identification:_identify(src/cpp_parameters) by extension 'ignore'
[0.257s] Level 1:colcon.colcon_core.package_identification:_identify(src/cpp_parameters) by extension 'ignore_ament_install'
[0.257s] Level 1:colcon.colcon_core.package_identification:_identify(src/cpp_parameters) by extensions ['colcon_pkg']
[0.257s] Level 1:colcon.colcon_core.package_identification:_identify(src/cpp_parameters) by extension 'colcon_pkg'
[0.257s] Level 1:colcon.colcon_core.package_identification:_identify(src/cpp_parameters) by extensions ['colcon_meta']
[0.257s] Level 1:colcon.colcon_core.package_identification:_identify(src/cpp_parameters) by extension 'colcon_meta'
[0.257s] Level 1:colcon.colcon_core.package_identification:_identify(src/cpp_parameters) by extensions ['ros']
[0.257s] Level 1:colcon.colcon_core.package_identification:_identify(src/cpp_parameters) by extension 'ros'
[0.259s] DEBUG:colcon.colcon_core.package_identification:Package 'src/cpp_parameters' with type 'ros.ament_cmake' and name 'cpp_parameters'
[0.260s] Level 1:colcon.colcon_core.package_identification:_identify(src/cpp_pubsub) by extensions ['ignore', 'ignore_ament_install']
[0.260s] Level 1:colcon.colcon_core.package_identification:_identify(src/cpp_pubsub) by extension 'ignore'
[0.260s] Level 1:colcon.colcon_core.package_identification:_identify(src/cpp_pubsub) by extension 'ignore_ament_install'
[0.260s] Level 1:colcon.colcon_core.package_identification:_identify(src/cpp_pubsub) by extensions ['colcon_pkg']
[0.260s] Level 1:colcon.colcon_core.package_identification:_identify(src/cpp_pubsub) by extension 'colcon_pkg'
[0.260s] Level 1:colcon.colcon_core.package_identification:_identify(src/cpp_pubsub) by extensions ['colcon_meta']
[0.260s] Level 1:colcon.colcon_core.package_identification:_identify(src/cpp_pubsub) by extension 'colcon_meta'
[0.260s] Level 1:colcon.colcon_core.package_identification:_identify(src/cpp_pubsub) by extensions ['ros']
[0.260s] Level 1:colcon.colcon_core.package_identification:_identify(src/cpp_pubsub) by extension 'ros'
[0.260s] DEBUG:colcon.colcon_core.package_identification:Package 'src/cpp_pubsub' with type 'ros.ament_cmake' and name 'cpp_pubsub'
[0.261s] Level 1:colcon.colcon_core.package_identification:_identify(src/cpp_srvcli) by extensions ['ignore', 'ignore_ament_install']
[0.261s] Level 1:colcon.colcon_core.package_identification:_identify(src/cpp_srvcli) by extension 'ignore'
[0.261s] Level 1:colcon.colcon_core.package_identification:_identify(src/cpp_srvcli) by extension 'ignore_ament_install'
[0.261s] Level 1:colcon.colcon_core.package_identification:_identify(src/cpp_srvcli) by extensions ['colcon_pkg']
[0.261s] Level 1:colcon.colcon_core.package_identification:_identify(src/cpp_srvcli) by extension 'colcon_pkg'
[0.261s] Level 1:colcon.colcon_core.package_identification:_identify(src/cpp_srvcli) by extensions ['colcon_meta']
[0.261s] Level 1:colcon.colcon_core.package_identification:_identify(src/cpp_srvcli) by extension 'colcon_meta'
[0.261s] Level 1:colcon.colcon_core.package_identification:_identify(src/cpp_srvcli) by extensions ['ros']
[0.261s] Level 1:colcon.colcon_core.package_identification:_identify(src/cpp_srvcli) by extension 'ros'
[0.262s] DEBUG:colcon.colcon_core.package_identification:Package 'src/cpp_srvcli' with type 'ros.ament_cmake' and name 'cpp_srvcli'
[0.262s] Level 1:colcon.colcon_core.package_identification:_identify(src/install) by extensions ['ignore', 'ignore_ament_install']
[0.262s] Level 1:colcon.colcon_core.package_identification:_identify(src/install) by extension 'ignore'
[0.262s] Level 1:colcon.colcon_core.package_identification:_identify(src/install) ignored
[0.262s] Level 1:colcon.colcon_core.package_identification:_identify(src/log) by extensions ['ignore', 'ignore_ament_install']
[0.262s] Level 1:colcon.colcon_core.package_identification:_identify(src/log) by extension 'ignore'
[0.262s] Level 1:colcon.colcon_core.package_identification:_identify(src/log) ignored
[0.262s] Level 1:colcon.colcon_core.package_identification:_identify(src/more_interfaces) by extensions ['ignore', 'ignore_ament_install']
[0.262s] Level 1:colcon.colcon_core.package_identification:_identify(src/more_interfaces) by extension 'ignore'
[0.262s] Level 1:colcon.colcon_core.package_identification:_identify(src/more_interfaces) by extension 'ignore_ament_install'
[0.262s] Level 1:colcon.colcon_core.package_identification:_identify(src/more_interfaces) by extensions ['colcon_pkg']
[0.262s] Level 1:colcon.colcon_core.package_identification:_identify(src/more_interfaces) by extension 'colcon_pkg'
[0.262s] Level 1:colcon.colcon_core.package_identification:_identify(src/more_interfaces) by extensions ['colcon_meta']
[0.262s] Level 1:colcon.colcon_core.package_identification:_identify(src/more_interfaces) by extension 'colcon_meta'
[0.262s] Level 1:colcon.colcon_core.package_identification:_identify(src/more_interfaces) by extensions ['ros']
[0.262s] Level 1:colcon.colcon_core.package_identification:_identify(src/more_interfaces) by extension 'ros'
[0.263s] DEBUG:colcon.colcon_core.package_identification:Package 'src/more_interfaces' with type 'ros.ament_cmake' and name 'more_interfaces'
[0.263s] Level 1:colcon.colcon_core.package_identification:_identify(src/my_package) by extensions ['ignore', 'ignore_ament_install']
[0.263s] Level 1:colcon.colcon_core.package_identification:_identify(src/my_package) by extension 'ignore'
[0.263s] Level 1:colcon.colcon_core.package_identification:_identify(src/my_package) by extension 'ignore_ament_install'
[0.263s] Level 1:colcon.colcon_core.package_identification:_identify(src/my_package) by extensions ['colcon_pkg']
[0.263s] Level 1:colcon.colcon_core.package_identification:_identify(src/my_package) by extension 'colcon_pkg'
[0.263s] Level 1:colcon.colcon_core.package_identification:_identify(src/my_package) by extensions ['colcon_meta']
[0.263s] Level 1:colcon.colcon_core.package_identification:_identify(src/my_package) by extension 'colcon_meta'
[0.263s] Level 1:colcon.colcon_core.package_identification:_identify(src/my_package) by extensions ['ros']
[0.263s] Level 1:colcon.colcon_core.package_identification:_identify(src/my_package) by extension 'ros'
[0.264s] DEBUG:colcon.colcon_core.package_identification:Package 'src/my_package' with type 'ros.ament_cmake' and name 'my_package'
[0.264s] Level 1:colcon.colcon_core.package_identification:_identify(src/polygon_base) by extensions ['ignore', 'ignore_ament_install']
[0.264s] Level 1:colcon.colcon_core.package_identification:_identify(src/polygon_base) by extension 'ignore'
[0.264s] Level 1:colcon.colcon_core.package_identification:_identify(src/polygon_base) by extension 'ignore_ament_install'
[0.264s] Level 1:colcon.colcon_core.package_identification:_identify(src/polygon_base) by extensions ['colcon_pkg']
[0.264s] Level 1:colcon.colcon_core.package_identification:_identify(src/polygon_base) by extension 'colcon_pkg'
[0.264s] Level 1:colcon.colcon_core.package_identification:_identify(src/polygon_base) by extensions ['colcon_meta']
[0.264s] Level 1:colcon.colcon_core.package_identification:_identify(src/polygon_base) by extension 'colcon_meta'
[0.264s] Level 1:colcon.colcon_core.package_identification:_identify(src/polygon_base) by extensions ['ros']
[0.264s] Level 1:colcon.colcon_core.package_identification:_identify(src/polygon_base) by extension 'ros'
[0.265s] DEBUG:colcon.colcon_core.package_identification:Package 'src/polygon_base' with type 'ros.ament_cmake' and name 'polygon_base'
[0.265s] Level 1:colcon.colcon_core.package_identification:_identify(src/polygon_plugins) by extensions ['ignore', 'ignore_ament_install']
[0.265s] Level 1:colcon.colcon_core.package_identification:_identify(src/polygon_plugins) by extension 'ignore'
[0.265s] Level 1:colcon.colcon_core.package_identification:_identify(src/polygon_plugins) by extension 'ignore_ament_install'
[0.265s] Level 1:colcon.colcon_core.package_identification:_identify(src/polygon_plugins) by extensions ['colcon_pkg']
[0.265s] Level 1:colcon.colcon_core.package_identification:_identify(src/polygon_plugins) by extension 'colcon_pkg'
[0.265s] Level 1:colcon.colcon_core.package_identification:_identify(src/polygon_plugins) by extensions ['colcon_meta']
[0.265s] Level 1:colcon.colcon_core.package_identification:_identify(src/polygon_plugins) by extension 'colcon_meta'
[0.265s] Level 1:colcon.colcon_core.package_identification:_identify(src/polygon_plugins) by extensions ['ros']
[0.265s] Level 1:colcon.colcon_core.package_identification:_identify(src/polygon_plugins) by extension 'ros'
[0.266s] DEBUG:colcon.colcon_core.package_identification:Package 'src/polygon_plugins' with type 'ros.ament_cmake' and name 'polygon_plugins'
[0.266s] Level 1:colcon.colcon_core.package_identification:_identify(src/ros_tutorials) by extensions ['ignore', 'ignore_ament_install']
[0.266s] Level 1:colcon.colcon_core.package_identification:_identify(src/ros_tutorials) by extension 'ignore'
[0.266s] Level 1:colcon.colcon_core.package_identification:_identify(src/ros_tutorials) by extension 'ignore_ament_install'
[0.266s] Level 1:colcon.colcon_core.package_identification:_identify(src/ros_tutorials) by extensions ['colcon_pkg']
[0.266s] Level 1:colcon.colcon_core.package_identification:_identify(src/ros_tutorials) by extension 'colcon_pkg'
[0.266s] Level 1:colcon.colcon_core.package_identification:_identify(src/ros_tutorials) by extensions ['colcon_meta']
[0.266s] Level 1:colcon.colcon_core.package_identification:_identify(src/ros_tutorials) by extension 'colcon_meta'
[0.266s] Level 1:colcon.colcon_core.package_identification:_identify(src/ros_tutorials) by extensions ['ros']
[0.266s] Level 1:colcon.colcon_core.package_identification:_identify(src/ros_tutorials) by extension 'ros'
[0.266s] Level 1:colcon.colcon_core.package_identification:_identify(src/ros_tutorials) by extensions ['cmake', 'python']
[0.266s] Level 1:colcon.colcon_core.package_identification:_identify(src/ros_tutorials) by extension 'cmake'
[0.266s] Level 1:colcon.colcon_core.package_identification:_identify(src/ros_tutorials) by extension 'python'
[0.266s] Level 1:colcon.colcon_core.package_identification:_identify(src/ros_tutorials) by extensions ['python_setup_py']
[0.266s] Level 1:colcon.colcon_core.package_identification:_identify(src/ros_tutorials) by extension 'python_setup_py'
[0.267s] Level 1:colcon.colcon_core.package_identification:_identify(src/ros_tutorials/ros_tutorials) by extensions ['ignore', 'ignore_ament_install']
[0.267s] Level 1:colcon.colcon_core.package_identification:_identify(src/ros_tutorials/ros_tutorials) by extension 'ignore'
[0.267s] Level 1:colcon.colcon_core.package_identification:_identify(src/ros_tutorials/ros_tutorials) ignored
[0.267s] Level 1:colcon.colcon_core.package_identification:_identify(src/ros_tutorials/roscpp_tutorials) by extensions ['ignore', 'ignore_ament_install']
[0.267s] Level 1:colcon.colcon_core.package_identification:_identify(src/ros_tutorials/roscpp_tutorials) by extension 'ignore'
[0.267s] Level 1:colcon.colcon_core.package_identification:_identify(src/ros_tutorials/roscpp_tutorials) ignored
[0.267s] Level 1:colcon.colcon_core.package_identification:_identify(src/ros_tutorials/rospy_tutorials) by extensions ['ignore', 'ignore_ament_install']
[0.267s] Level 1:colcon.colcon_core.package_identification:_identify(src/ros_tutorials/rospy_tutorials) by extension 'ignore'
[0.267s] Level 1:colcon.colcon_core.package_identification:_identify(src/ros_tutorials/rospy_tutorials) ignored
[0.267s] Level 1:colcon.colcon_core.package_identification:_identify(src/ros_tutorials/turtlesim) by extensions ['ignore', 'ignore_ament_install']
[0.267s] Level 1:colcon.colcon_core.package_identification:_identify(src/ros_tutorials/turtlesim) by extension 'ignore'
[0.267s] Level 1:colcon.colcon_core.package_identification:_identify(src/ros_tutorials/turtlesim) by extension 'ignore_ament_install'
[0.267s] Level 1:colcon.colcon_core.package_identification:_identify(src/ros_tutorials/turtlesim) by extensions ['colcon_pkg']
[0.267s] Level 1:colcon.colcon_core.package_identification:_identify(src/ros_tutorials/turtlesim) by extension 'colcon_pkg'
[0.267s] Level 1:colcon.colcon_core.package_identification:_identify(src/ros_tutorials/turtlesim) by extensions ['colcon_meta']
[0.267s] Level 1:colcon.colcon_core.package_identification:_identify(src/ros_tutorials/turtlesim) by extension 'colcon_meta'
[0.267s] Level 1:colcon.colcon_core.package_identification:_identify(src/ros_tutorials/turtlesim) by extensions ['ros']
[0.267s] Level 1:colcon.colcon_core.package_identification:_identify(src/ros_tutorials/turtlesim) by extension 'ros'
[0.268s] DEBUG:colcon.colcon_core.package_identification:Package 'src/ros_tutorials/turtlesim' with type 'ros.ament_cmake' and name 'turtlesim'
[0.268s] Level 1:colcon.colcon_core.package_identification:_identify(src/tutorial_interfaces) by extensions ['ignore', 'ignore_ament_install']
[0.269s] Level 1:colcon.colcon_core.package_identification:_identify(src/tutorial_interfaces) by extension 'ignore'
[0.269s] Level 1:colcon.colcon_core.package_identification:_identify(src/tutorial_interfaces) by extension 'ignore_ament_install'
[0.269s] Level 1:colcon.colcon_core.package_identification:_identify(src/tutorial_interfaces) by extensions ['colcon_pkg']
[0.269s] Level 1:colcon.colcon_core.package_identification:_identify(src/tutorial_interfaces) by extension 'colcon_pkg'
[0.269s] Level 1:colcon.colcon_core.package_identification:_identify(src/tutorial_interfaces) by extensions ['colcon_meta']
[0.269s] Level 1:colcon.colcon_core.package_identification:_identify(src/tutorial_interfaces) by extension 'colcon_meta'
[0.269s] Level 1:colcon.colcon_core.package_identification:_identify(src/tutorial_interfaces) by extensions ['ros']
[0.269s] Level 1:colcon.colcon_core.package_identification:_identify(src/tutorial_interfaces) by extension 'ros'
[0.269s] DEBUG:colcon.colcon_core.package_identification:Package 'src/tutorial_interfaces' with type 'ros.ament_cmake' and name 'tutorial_interfaces'
[0.269s] Level 1:colcon.colcon_core.package_discovery:discover_packages(recursive) using defaults
[0.269s] Level 1:colcon.colcon_core.package_discovery:discover_packages(ignore) discover
[0.270s] Level 1:colcon.colcon_core.package_discovery:discover_packages(ignore) using defaults
[0.270s] Level 1:colcon.colcon_core.package_discovery:discover_packages(path) discover
[0.270s] Level 1:colcon.colcon_core.package_discovery:discover_packages(path) using defaults
[0.292s] INFO:colcon.colcon_core.package_selection:Skipping not selected package 'cpp_parameters' in 'src/cpp_parameters'
[0.292s] INFO:colcon.colcon_core.package_selection:Skipping not selected package 'more_interfaces' in 'src/more_interfaces'
[0.292s] INFO:colcon.colcon_core.package_selection:Skipping not selected package 'my_package' in 'src/my_package'
[0.292s] INFO:colcon.colcon_core.package_selection:Skipping not selected package 'turtlesim' in 'src/ros_tutorials/turtlesim'
[0.292s] INFO:colcon.colcon_core.package_selection:Skipping not selected package 'tutorial_interfaces' in 'src/tutorial_interfaces'
[0.292s] INFO:colcon.colcon_core.package_selection:Skipping not selected package 'cpp_pubsub' in 'src/cpp_pubsub'
[0.292s] INFO:colcon.colcon_core.package_selection:Skipping not selected package 'cpp_srvcli' in 'src/cpp_srvcli'
[0.292s] Level 1:colcon.colcon_core.package_discovery:discover_packages(prefix_path) check parameters
[0.292s] Level 1:colcon.colcon_core.package_discovery:discover_packages(prefix_path) discover
[0.294s] DEBUG:colcon.colcon_installed_package_information.package_discovery:Found 9 installed packages in /home/sunny/ros2_ws/install
[0.295s] DEBUG:colcon.colcon_installed_package_information.package_discovery:Found 294 installed packages in /opt/ros/humble
[0.305s] Level 1:colcon.colcon_core.package_discovery:discover_packages(prefix_path) using defaults
[0.347s] Level 5:colcon.colcon_core.verb:set package 'polygon_base' build argument 'cmake_args' from command line to 'None'
[0.347s] Level 5:colcon.colcon_core.verb:set package 'polygon_base' build argument 'cmake_target' from command line to 'None'
[0.347s] Level 5:colcon.colcon_core.verb:set package 'polygon_base' build argument 'cmake_target_skip_unavailable' from command line to 'False'
[0.347s] Level 5:colcon.colcon_core.verb:set package 'polygon_base' build argument 'cmake_clean_cache' from command line to 'False'
[0.347s] Level 5:colcon.colcon_core.verb:set package 'polygon_base' build argument 'cmake_clean_first' from command line to 'False'
[0.347s] Level 5:colcon.colcon_core.verb:set package 'polygon_base' build argument 'cmake_force_configure' from command line to 'False'
[0.348s] Level 5:colcon.colcon_core.verb:set package 'polygon_base' build argument 'ament_cmake_args' from command line to 'None'
[0.348s] Level 5:colcon.colcon_core.verb:set package 'polygon_base' build argument 'catkin_cmake_args' from command line to 'None'
[0.348s] Level 5:colcon.colcon_core.verb:set package 'polygon_base' build argument 'catkin_skip_building_tests' from command line to 'False'
[0.348s] DEBUG:colcon.colcon_core.verb:Building package 'polygon_base' with the following arguments: {'ament_cmake_args': None, 'build_base': '/home/sunny/ros2_ws/build/polygon_base', 'catkin_cmake_args': None, 'catkin_skip_building_tests': False, 'cmake_args': None, 'cmake_clean_cache': False, 'cmake_clean_first': False, 'cmake_force_configure': False, 'cmake_target': None, 'cmake_target_skip_unavailable': False, 'install_base': '/home/sunny/ros2_ws/install/polygon_base', 'merge_install': False, 'path': '/home/sunny/ros2_ws/src/polygon_base', 'symlink_install': False, 'test_result_base': None}
[0.348s] Level 5:colcon.colcon_core.verb:set package 'polygon_plugins' build argument 'cmake_args' from command line to 'None'
[0.348s] Level 5:colcon.colcon_core.verb:set package 'polygon_plugins' build argument 'cmake_target' from command line to 'None'
[0.348s] Level 5:colcon.colcon_core.verb:set package 'polygon_plugins' build argument 'cmake_target_skip_unavailable' from command line to 'False'
[0.348s] Level 5:colcon.colcon_core.verb:set package 'polygon_plugins' build argument 'cmake_clean_cache' from command line to 'False'
[0.348s] Level 5:colcon.colcon_core.verb:set package 'polygon_plugins' build argument 'cmake_clean_first' from command line to 'False'
[0.348s] Level 5:colcon.colcon_core.verb:set package 'polygon_plugins' build argument 'cmake_force_configure' from command line to 'False'
[0.348s] Level 5:colcon.colcon_core.verb:set package 'polygon_plugins' build argument 'ament_cmake_args' from command line to 'None'
[0.348s] Level 5:colcon.colcon_core.verb:set package 'polygon_plugins' build argument 'catkin_cmake_args' from command line to 'None'
[0.348s] Level 5:colcon.colcon_core.verb:set package 'polygon_plugins' build argument 'catkin_skip_building_tests' from command line to 'False'
[0.348s] DEBUG:colcon.colcon_core.verb:Building package 'polygon_plugins' with the following arguments: {'ament_cmake_args': None, 'build_base': '/home/sunny/ros2_ws/build/polygon_plugins', 'catkin_cmake_args': None, 'catkin_skip_building_tests': False, 'cmake_args': None, 'cmake_clean_cache': False, 'cmake_clean_first': False, 'cmake_force_configure': False, 'cmake_target': None, 'cmake_target_skip_unavailable': False, 'install_base': '/home/sunny/ros2_ws/install/polygon_plugins', 'merge_install': False, 'path': '/home/sunny/ros2_ws/src/polygon_plugins', 'symlink_install': False, 'test_result_base': None}
[0.348s] INFO:colcon.colcon_core.executor:Executing jobs using 'parallel' executor
[0.349s] DEBUG:colcon.colcon_parallel_executor.executor.parallel:run_until_complete
[0.350s] INFO:colcon.colcon_ros.task.ament_cmake.build:Building ROS package in '/home/sunny/ros2_ws/src/polygon_base' with build type 'ament_cmake'
[0.350s] INFO:colcon.colcon_cmake.task.cmake.build:Building CMake package in '/home/sunny/ros2_ws/src/polygon_base'
[0.352s] INFO:colcon.colcon_core.plugin_system:Skipping extension 'colcon_core.shell.bat': Not used on non-Windows systems
[0.352s] INFO:colcon.colcon_core.shell:Skip shell extension 'powershell' for command environment: Not usable outside of PowerShell
[0.352s] DEBUG:colcon.colcon_core.shell:Skip shell extension 'dsv' for command environment
[0.361s] DEBUG:colcon.colcon_core.event_handler.log_command:Invoking command in '/home/sunny/ros2_ws/build/polygon_base': CMAKE_PREFIX_PATH=${CMAKE_PREFIX_PATH}:/opt/ros/humble /usr/bin/cmake --build /home/sunny/ros2_ws/build/polygon_base -- -j8 -l8
[3.051s] DEBUG:colcon.colcon_core.event_handler.log_command:Invoked command in '/home/sunny/ros2_ws/build/polygon_base' returned '0': CMAKE_PREFIX_PATH=${CMAKE_PREFIX_PATH}:/opt/ros/humble /usr/bin/cmake --build /home/sunny/ros2_ws/build/polygon_base -- -j8 -l8
[3.085s] DEBUG:colcon.colcon_core.event_handler.log_command:Invoking command in '/home/sunny/ros2_ws/build/polygon_base': CMAKE_PREFIX_PATH=${CMAKE_PREFIX_PATH}:/opt/ros/humble /usr/bin/cmake --install /home/sunny/ros2_ws/build/polygon_base
[3.096s] Level 1:colcon.colcon_core.environment:create_environment_scripts_only(polygon_base)
[3.096s] DEBUG:colcon.colcon_core.event_handler.log_command:Invoked command in '/home/sunny/ros2_ws/build/polygon_base' returned '0': CMAKE_PREFIX_PATH=${CMAKE_PREFIX_PATH}:/opt/ros/humble /usr/bin/cmake --install /home/sunny/ros2_ws/build/polygon_base
[3.099s] Level 1:colcon.colcon_core.environment:checking '/home/sunny/ros2_ws/install/polygon_base' for CMake module files
[3.099s] Level 1:colcon.colcon_core.environment:checking '/home/sunny/ros2_ws/install/polygon_base' for CMake config files
[3.100s] Level 1:colcon.colcon_core.shell:create_environment_hook('polygon_base', 'cmake_prefix_path')
[3.100s] INFO:colcon.colcon_core.shell:Creating environment hook '/home/sunny/ros2_ws/install/polygon_base/share/polygon_base/hook/cmake_prefix_path.ps1'
[3.101s] INFO:colcon.colcon_core.shell:Creating environment descriptor '/home/sunny/ros2_ws/install/polygon_base/share/polygon_base/hook/cmake_prefix_path.dsv'
[3.101s] INFO:colcon.colcon_core.shell:Creating environment hook '/home/sunny/ros2_ws/install/polygon_base/share/polygon_base/hook/cmake_prefix_path.sh'
[3.102s] Level 1:colcon.colcon_core.environment:checking '/home/sunny/ros2_ws/install/polygon_base/lib'
[3.102s] Level 1:colcon.colcon_core.environment:checking '/home/sunny/ros2_ws/install/polygon_base/bin'
[3.102s] Level 1:colcon.colcon_core.environment:checking '/home/sunny/ros2_ws/install/polygon_base/lib/pkgconfig/polygon_base.pc'
[3.103s] Level 1:colcon.colcon_core.environment:checking '/home/sunny/ros2_ws/install/polygon_base/lib/python3.10/site-packages'
[3.103s] Level 1:colcon.colcon_core.environment:checking '/home/sunny/ros2_ws/install/polygon_base/bin'
[3.103s] INFO:colcon.colcon_core.shell:Creating package script '/home/sunny/ros2_ws/install/polygon_base/share/polygon_base/package.ps1'
[3.104s] INFO:colcon.colcon_core.shell:Creating package descriptor '/home/sunny/ros2_ws/install/polygon_base/share/polygon_base/package.dsv'
[3.104s] INFO:colcon.colcon_core.shell:Creating package script '/home/sunny/ros2_ws/install/polygon_base/share/polygon_base/package.sh'
[3.105s] INFO:colcon.colcon_core.shell:Creating package script '/home/sunny/ros2_ws/install/polygon_base/share/polygon_base/package.bash'
[3.106s] INFO:colcon.colcon_core.shell:Creating package script '/home/sunny/ros2_ws/install/polygon_base/share/polygon_base/package.zsh'
[3.106s] Level 1:colcon.colcon_core.environment:create_file_with_runtime_dependencies(/home/sunny/ros2_ws/install/polygon_base/share/colcon-core/packages/polygon_base)
[3.130s] Level 1:colcon.colcon_core.environment:create_environment_scripts_only(polygon_base)
[3.131s] Level 1:colcon.colcon_core.environment:checking '/home/sunny/ros2_ws/install/polygon_base' for CMake module files
[3.131s] Level 1:colcon.colcon_core.environment:checking '/home/sunny/ros2_ws/install/polygon_base' for CMake config files
[3.131s] Level 1:colcon.colcon_core.shell:create_environment_hook('polygon_base', 'cmake_prefix_path')
[3.132s] INFO:colcon.colcon_core.shell:Creating environment hook '/home/sunny/ros2_ws/install/polygon_base/share/polygon_base/hook/cmake_prefix_path.ps1'
[3.132s] INFO:colcon.colcon_core.shell:Creating environment descriptor '/home/sunny/ros2_ws/install/polygon_base/share/polygon_base/hook/cmake_prefix_path.dsv'
[3.132s] INFO:colcon.colcon_core.shell:Creating environment hook '/home/sunny/ros2_ws/install/polygon_base/share/polygon_base/hook/cmake_prefix_path.sh'
[3.133s] Level 1:colcon.colcon_core.environment:checking '/home/sunny/ros2_ws/install/polygon_base/lib'
[3.133s] Level 1:colcon.colcon_core.environment:checking '/home/sunny/ros2_ws/install/polygon_base/bin'
[3.133s] Level 1:colcon.colcon_core.environment:checking '/home/sunny/ros2_ws/install/polygon_base/lib/pkgconfig/polygon_base.pc'
[3.133s] Level 1:colcon.colcon_core.environment:checking '/home/sunny/ros2_ws/install/polygon_base/lib/python3.10/site-packages'
[3.133s] Level 1:colcon.colcon_core.environment:checking '/home/sunny/ros2_ws/install/polygon_base/bin'
[3.133s] INFO:colcon.colcon_core.shell:Creating package script '/home/sunny/ros2_ws/install/polygon_base/share/polygon_base/package.ps1'
[3.134s] INFO:colcon.colcon_core.shell:Creating package descriptor '/home/sunny/ros2_ws/install/polygon_base/share/polygon_base/package.dsv'
[3.134s] INFO:colcon.colcon_core.shell:Creating package script '/home/sunny/ros2_ws/install/polygon_base/share/polygon_base/package.sh'
[3.134s] INFO:colcon.colcon_core.shell:Creating package script '/home/sunny/ros2_ws/install/polygon_base/share/polygon_base/package.bash'
[3.135s] INFO:colcon.colcon_core.shell:Creating package script '/home/sunny/ros2_ws/install/polygon_base/share/polygon_base/package.zsh'
[3.135s] Level 1:colcon.colcon_core.environment:create_file_with_runtime_dependencies(/home/sunny/ros2_ws/install/polygon_base/share/colcon-core/packages/polygon_base)
[3.135s] INFO:colcon.colcon_ros.task.ament_cmake.build:Building ROS package in '/home/sunny/ros2_ws/src/polygon_plugins' with build type 'ament_cmake'
[3.135s] INFO:colcon.colcon_cmake.task.cmake.build:Building CMake package in '/home/sunny/ros2_ws/src/polygon_plugins'
[3.136s] INFO:colcon.colcon_core.shell:Skip shell extension 'powershell' for command environment: Not usable outside of PowerShell
[3.136s] DEBUG:colcon.colcon_core.shell:Skip shell extension 'dsv' for command environment
[3.146s] DEBUG:colcon.colcon_core.event_handler.log_command:Invoking command in '/home/sunny/ros2_ws/build/polygon_plugins': CMAKE_PREFIX_PATH=/home/sunny/ros2_ws/install/polygon_base:/home/sunny/ros2_ws/install/tutorial_interfaces:/home/sunny/ros2_ws/install/turtlesim:/home/sunny/ros2_ws/install/polygon_plugins:/home/sunny/ros2_ws/install/my_package:/home/sunny/ros2_ws/install/more_interfaces:/home/sunny/ros2_ws/install/cpp_srvcli:/home/sunny/ros2_ws/install/cpp_pubsub:/home/sunny/ros2_ws/install/cpp_parameters:/opt/ros/humble /usr/bin/cmake --build /home/sunny/ros2_ws/build/polygon_plugins -- -j8 -l8
[3.206s] DEBUG:colcon.colcon_core.event_handler.log_command:Invoked command in '/home/sunny/ros2_ws/build/polygon_plugins' returned '0': CMAKE_PREFIX_PATH=/home/sunny/ros2_ws/install/polygon_base:/home/sunny/ros2_ws/install/tutorial_interfaces:/home/sunny/ros2_ws/install/turtlesim:/home/sunny/ros2_ws/install/polygon_plugins:/home/sunny/ros2_ws/install/my_package:/home/sunny/ros2_ws/install/more_interfaces:/home/sunny/ros2_ws/install/cpp_srvcli:/home/sunny/ros2_ws/install/cpp_pubsub:/home/sunny/ros2_ws/install/cpp_parameters:/opt/ros/humble /usr/bin/cmake --build /home/sunny/ros2_ws/build/polygon_plugins -- -j8 -l8
[3.231s] DEBUG:colcon.colcon_core.event_handler.log_command:Invoking command in '/home/sunny/ros2_ws/build/polygon_plugins': CMAKE_PREFIX_PATH=/home/sunny/ros2_ws/install/polygon_base:/home/sunny/ros2_ws/install/tutorial_interfaces:/home/sunny/ros2_ws/install/turtlesim:/home/sunny/ros2_ws/install/polygon_plugins:/home/sunny/ros2_ws/install/my_package:/home/sunny/ros2_ws/install/more_interfaces:/home/sunny/ros2_ws/install/cpp_srvcli:/home/sunny/ros2_ws/install/cpp_pubsub:/home/sunny/ros2_ws/install/cpp_parameters:/opt/ros/humble /usr/bin/cmake --install /home/sunny/ros2_ws/build/polygon_plugins
[3.240s] Level 1:colcon.colcon_core.environment:create_environment_scripts_only(polygon_plugins)
[3.241s] Level 1:colcon.colcon_core.environment:checking '/home/sunny/ros2_ws/install/polygon_plugins' for CMake module files
[3.241s] DEBUG:colcon.colcon_core.event_handler.log_command:Invoked command in '/home/sunny/ros2_ws/build/polygon_plugins' returned '0': CMAKE_PREFIX_PATH=/home/sunny/ros2_ws/install/polygon_base:/home/sunny/ros2_ws/install/tutorial_interfaces:/home/sunny/ros2_ws/install/turtlesim:/home/sunny/ros2_ws/install/polygon_plugins:/home/sunny/ros2_ws/install/my_package:/home/sunny/ros2_ws/install/more_interfaces:/home/sunny/ros2_ws/install/cpp_srvcli:/home/sunny/ros2_ws/install/cpp_pubsub:/home/sunny/ros2_ws/install/cpp_parameters:/opt/ros/humble /usr/bin/cmake --install /home/sunny/ros2_ws/build/polygon_plugins
[3.242s] Level 1:colcon.colcon_core.environment:checking '/home/sunny/ros2_ws/install/polygon_plugins' for CMake config files
[3.242s] Level 1:colcon.colcon_core.shell:create_environment_hook('polygon_plugins', 'cmake_prefix_path')
[3.242s] INFO:colcon.colcon_core.shell:Creating environment hook '/home/sunny/ros2_ws/install/polygon_plugins/share/polygon_plugins/hook/cmake_prefix_path.ps1'
[3.243s] INFO:colcon.colcon_core.shell:Creating environment descriptor '/home/sunny/ros2_ws/install/polygon_plugins/share/polygon_plugins/hook/cmake_prefix_path.dsv'
[3.243s] INFO:colcon.colcon_core.shell:Creating environment hook '/home/sunny/ros2_ws/install/polygon_plugins/share/polygon_plugins/hook/cmake_prefix_path.sh'
[3.244s] Level 1:colcon.colcon_core.environment:checking '/home/sunny/ros2_ws/install/polygon_plugins/lib'
[3.244s] Level 1:colcon.colcon_core.shell:create_environment_hook('polygon_plugins', 'ld_library_path_lib')
[3.244s] INFO:colcon.colcon_core.shell:Creating environment hook '/home/sunny/ros2_ws/install/polygon_plugins/share/polygon_plugins/hook/ld_library_path_lib.ps1'
[3.244s] INFO:colcon.colcon_core.shell:Creating environment descriptor '/home/sunny/ros2_ws/install/polygon_plugins/share/polygon_plugins/hook/ld_library_path_lib.dsv'
[3.245s] INFO:colcon.colcon_core.shell:Creating environment hook '/home/sunny/ros2_ws/install/polygon_plugins/share/polygon_plugins/hook/ld_library_path_lib.sh'
[3.245s] Level 1:colcon.colcon_core.environment:checking '/home/sunny/ros2_ws/install/polygon_plugins/bin'
[3.245s] Level 1:colcon.colcon_core.environment:checking '/home/sunny/ros2_ws/install/polygon_plugins/lib/pkgconfig/polygon_plugins.pc'
[3.245s] Level 1:colcon.colcon_core.environment:checking '/home/sunny/ros2_ws/install/polygon_plugins/lib/python3.10/site-packages'
[3.246s] Level 1:colcon.colcon_core.environment:checking '/home/sunny/ros2_ws/install/polygon_plugins/bin'
[3.246s] INFO:colcon.colcon_core.shell:Creating package script '/home/sunny/ros2_ws/install/polygon_plugins/share/polygon_plugins/package.ps1'
[3.246s] INFO:colcon.colcon_core.shell:Creating package descriptor '/home/sunny/ros2_ws/install/polygon_plugins/share/polygon_plugins/package.dsv'
[3.247s] INFO:colcon.colcon_core.shell:Creating package script '/home/sunny/ros2_ws/install/polygon_plugins/share/polygon_plugins/package.sh'
[3.247s] INFO:colcon.colcon_core.shell:Creating package script '/home/sunny/ros2_ws/install/polygon_plugins/share/polygon_plugins/package.bash'
[3.248s] INFO:colcon.colcon_core.shell:Creating package script '/home/sunny/ros2_ws/install/polygon_plugins/share/polygon_plugins/package.zsh'
[3.248s] Level 1:colcon.colcon_core.environment:create_file_with_runtime_dependencies(/home/sunny/ros2_ws/install/polygon_plugins/share/colcon-core/packages/polygon_plugins)
[3.272s] Level 1:colcon.colcon_core.environment:create_environment_scripts_only(polygon_plugins)
[3.272s] Level 1:colcon.colcon_core.environment:checking '/home/sunny/ros2_ws/install/polygon_plugins' for CMake module files
[3.273s] Level 1:colcon.colcon_core.environment:checking '/home/sunny/ros2_ws/install/polygon_plugins' for CMake config files
[3.273s] Level 1:colcon.colcon_core.shell:create_environment_hook('polygon_plugins', 'cmake_prefix_path')
[3.273s] INFO:colcon.colcon_core.shell:Creating environment hook '/home/sunny/ros2_ws/install/polygon_plugins/share/polygon_plugins/hook/cmake_prefix_path.ps1'
[3.274s] INFO:colcon.colcon_core.shell:Creating environment descriptor '/home/sunny/ros2_ws/install/polygon_plugins/share/polygon_plugins/hook/cmake_prefix_path.dsv'
[3.274s] INFO:colcon.colcon_core.shell:Creating environment hook '/home/sunny/ros2_ws/install/polygon_plugins/share/polygon_plugins/hook/cmake_prefix_path.sh'
[3.274s] Level 1:colcon.colcon_core.environment:checking '/home/sunny/ros2_ws/install/polygon_plugins/lib'
[3.274s] Level 1:colcon.colcon_core.shell:create_environment_hook('polygon_plugins', 'ld_library_path_lib')
[3.275s] INFO:colcon.colcon_core.shell:Creating environment hook '/home/sunny/ros2_ws/install/polygon_plugins/share/polygon_plugins/hook/ld_library_path_lib.ps1'
[3.275s] INFO:colcon.colcon_core.shell:Creating environment descriptor '/home/sunny/ros2_ws/install/polygon_plugins/share/polygon_plugins/hook/ld_library_path_lib.dsv'
[3.275s] INFO:colcon.colcon_core.shell:Creating environment hook '/home/sunny/ros2_ws/install/polygon_plugins/share/polygon_plugins/hook/ld_library_path_lib.sh'
[3.275s] Level 1:colcon.colcon_core.environment:checking '/home/sunny/ros2_ws/install/polygon_plugins/bin'
[3.275s] Level 1:colcon.colcon_core.environment:checking '/home/sunny/ros2_ws/install/polygon_plugins/lib/pkgconfig/polygon_plugins.pc'
[3.276s] Level 1:colcon.colcon_core.environment:checking '/home/sunny/ros2_ws/install/polygon_plugins/lib/python3.10/site-packages'
[3.276s] Level 1:colcon.colcon_core.environment:checking '/home/sunny/ros2_ws/install/polygon_plugins/bin'
[3.276s] INFO:colcon.colcon_core.shell:Creating package script '/home/sunny/ros2_ws/install/polygon_plugins/share/polygon_plugins/package.ps1'
[3.276s] INFO:colcon.colcon_core.shell:Creating package descriptor '/home/sunny/ros2_ws/install/polygon_plugins/share/polygon_plugins/package.dsv'
[3.277s] INFO:colcon.colcon_core.shell:Creating package script '/home/sunny/ros2_ws/install/polygon_plugins/share/polygon_plugins/package.sh'
[3.277s] INFO:colcon.colcon_core.shell:Creating package script '/home/sunny/ros2_ws/install/polygon_plugins/share/polygon_plugins/package.bash'
[3.278s] INFO:colcon.colcon_core.shell:Creating package script '/home/sunny/ros2_ws/install/polygon_plugins/share/polygon_plugins/package.zsh'
[3.278s] Level 1:colcon.colcon_core.environment:create_file_with_runtime_dependencies(/home/sunny/ros2_ws/install/polygon_plugins/share/colcon-core/packages/polygon_plugins)
[3.278s] DEBUG:colcon.colcon_parallel_executor.executor.parallel:closing loop
[3.278s] DEBUG:colcon.colcon_parallel_executor.executor.parallel:loop closed
[3.278s] DEBUG:colcon.colcon_parallel_executor.executor.parallel:run_until_complete finished with '0'
[3.279s] DEBUG:colcon.colcon_core.event_reactor:joining thread
[3.285s] INFO:colcon.colcon_core.plugin_system:Skipping extension 'colcon_notification.desktop_notification.terminal_notifier': Not used on non-Darwin systems
[3.285s] INFO:colcon.colcon_core.plugin_system:Skipping extension 'colcon_notification.desktop_notification.win32': Not used on non-Windows systems
[3.285s] INFO:colcon.colcon_notification.desktop_notification:Sending desktop notification using 'notify2'
[3.295s] DEBUG:colcon.colcon_core.event_reactor:joined thread
[3.295s] INFO:colcon.colcon_core.shell:Creating prefix script '/home/sunny/ros2_ws/install/local_setup.ps1'
[3.297s] INFO:colcon.colcon_core.shell:Creating prefix util module '/home/sunny/ros2_ws/install/_local_setup_util_ps1.py'
[3.299s] INFO:colcon.colcon_core.shell:Creating prefix chain script '/home/sunny/ros2_ws/install/setup.ps1'
[3.300s] INFO:colcon.colcon_core.shell:Creating prefix script '/home/sunny/ros2_ws/install/local_setup.sh'
[3.300s] INFO:colcon.colcon_core.shell:Creating prefix util module '/home/sunny/ros2_ws/install/_local_setup_util_sh.py'
[3.301s] INFO:colcon.colcon_core.shell:Creating prefix chain script '/home/sunny/ros2_ws/install/setup.sh'
[3.303s] INFO:colcon.colcon_core.shell:Creating prefix script '/home/sunny/ros2_ws/install/local_setup.bash'
[3.304s] INFO:colcon.colcon_core.shell:Creating prefix chain script '/home/sunny/ros2_ws/install/setup.bash'
[3.307s] INFO:colcon.colcon_core.shell:Creating prefix script '/home/sunny/ros2_ws/install/local_setup.zsh'
[3.307s] INFO:colcon.colcon_core.shell:Creating prefix chain script '/home/sunny/ros2_ws/install/setup.zsh'
