[0.009s] Invoking command in '/home/sunny/ros2_ws/build/cpp_srvcli': CMAKE_PREFIX_PATH=/opt/ros/humble /usr/bin/cmake /home/sunny/ros2_ws/src/cpp_srvcli -DCMAKE_INSTALL_PREFIX=/home/sunny/ros2_ws/install/cpp_srvcli
[0.021s] -- Found ament_cmake: 1.3.9 (/opt/ros/humble/share/ament_cmake/cmake)
[0.152s] -- Found Python3: /usr/bin/python3 (found version "3.10.12") found components: Interpreter 
[0.226s] -- Found rclcpp: 16.0.9 (/opt/ros/humble/share/rclcpp/cmake)
[0.261s] -- Found rosidl_generator_c: 3.1.5 (/opt/ros/humble/share/rosidl_generator_c/cmake)
[0.265s] -- Found rosidl_adapter: 3.1.5 (/opt/ros/humble/share/rosidl_adapter/cmake)
[0.272s] -- Found rosidl_generator_cpp: 3.1.5 (/opt/ros/humble/share/rosidl_generator_cpp/cmake)
[0.284s] -- Using all available rosidl_typesupport_c: rosidl_typesupport_fastrtps_c;rosidl_typesupport_introspection_c
[0.301s] -- Using all available rosidl_typesupport_cpp: rosidl_typesupport_fastrtps_cpp;rosidl_typesupport_introspection_cpp
[0.370s] -- Found rmw_implementation_cmake: 6.1.2 (/opt/ros/humble/share/rmw_implementation_cmake/cmake)
[0.372s] -- Found rmw_fastrtps_cpp: 6.2.6 (/opt/ros/humble/share/rmw_fastrtps_cpp/cmake)
[0.465s] -- Found OpenSSL: /usr/lib/x86_64-linux-gnu/libcrypto.so (found version "3.0.2")  
[0.493s] -- Found FastRTPS: /opt/ros/humble/include  
[0.545s] -- Using RMW implementation 'rmw_fastrtps_cpp' as default
[0.553s] -- Looking for pthread.h
[0.617s] -- Looking for pthread.h - found
[0.617s] -- Performing Test CMAKE_HAVE_LIBC_PTHREAD
[0.685s] -- Performing Test CMAKE_HAVE_LIBC_PTHREAD - Success
[0.687s] -- Found Threads: TRUE  
[0.840s] -- Found example_interfaces: 0.9.3 (/opt/ros/humble/share/example_interfaces/cmake)
[0.975s] -- Found ament_lint_auto: 0.12.11 (/opt/ros/humble/share/ament_lint_auto/cmake)
[1.042s] -- Added test 'cppcheck' to perform static code analysis on C / C++ code
[1.043s] -- Configured cppcheck include dirs: 
[1.043s] -- Configured cppcheck exclude dirs and/or files: 
[1.044s] -- Added test 'lint_cmake' to check CMake code style
[1.045s] -- Added test 'uncrustify' to check C / C++ code style
[1.045s] -- Configured uncrustify additional arguments: 
[1.045s] -- Added test 'xmllint' to check XML markup files
[1.047s] -- Configuring done
[1.058s] -- Generating done
[1.060s] -- Build files have been written to: /home/sunny/ros2_ws/build/cpp_srvcli
[1.066s] Invoked command in '/home/sunny/ros2_ws/build/cpp_srvcli' returned '0': CMAKE_PREFIX_PATH=/opt/ros/humble /usr/bin/cmake /home/sunny/ros2_ws/src/cpp_srvcli -DCMAKE_INSTALL_PREFIX=/home/sunny/ros2_ws/install/cpp_srvcli
[1.068s] Invoking command in '/home/sunny/ros2_ws/build/cpp_srvcli': CMAKE_PREFIX_PATH=/opt/ros/humble /usr/bin/cmake --build /home/sunny/ros2_ws/build/cpp_srvcli -- -j8 -l8
[1.113s] [ 50%] [32mBuilding CXX object CMakeFiles/client.dir/src/add_two_ints_client.cpp.o[0m
[1.113s] [ 50%] [32mBuilding CXX object CMakeFiles/server.dir/src/add_two_ints_server.cpp.o[0m
[4.223s] [ 75%] [32m[1mLinking CXX executable server[0m
[4.372s] [ 75%] Built target server
[4.389s] [100%] [32m[1mLinking CXX executable client[0m
[4.537s] [100%] Built target client
[4.548s] Invoked command in '/home/sunny/ros2_ws/build/cpp_srvcli' returned '0': CMAKE_PREFIX_PATH=/opt/ros/humble /usr/bin/cmake --build /home/sunny/ros2_ws/build/cpp_srvcli -- -j8 -l8
[4.581s] Invoking command in '/home/sunny/ros2_ws/build/cpp_srvcli': CMAKE_PREFIX_PATH=/opt/ros/humble /usr/bin/cmake --install /home/sunny/ros2_ws/build/cpp_srvcli
[4.587s] -- Install configuration: ""
[4.587s] -- Installing: /home/sunny/ros2_ws/install/cpp_srvcli/lib/cpp_srvcli/server
[4.589s] -- Set runtime path of "/home/sunny/ros2_ws/install/cpp_srvcli/lib/cpp_srvcli/server" to ""
[4.589s] -- Installing: /home/sunny/ros2_ws/install/cpp_srvcli/lib/cpp_srvcli/client
[4.590s] -- Set runtime path of "/home/sunny/ros2_ws/install/cpp_srvcli/lib/cpp_srvcli/client" to ""
[4.590s] -- Installing: /home/sunny/ros2_ws/install/cpp_srvcli/share/ament_index/resource_index/package_run_dependencies/cpp_srvcli
[4.590s] -- Installing: /home/sunny/ros2_ws/install/cpp_srvcli/share/ament_index/resource_index/parent_prefix_path/cpp_srvcli
[4.590s] -- Installing: /home/sunny/ros2_ws/install/cpp_srvcli/share/cpp_srvcli/environment/ament_prefix_path.sh
[4.591s] -- Installing: /home/sunny/ros2_ws/install/cpp_srvcli/share/cpp_srvcli/environment/ament_prefix_path.dsv
[4.591s] -- Installing: /home/sunny/ros2_ws/install/cpp_srvcli/share/cpp_srvcli/environment/path.sh
[4.591s] -- Installing: /home/sunny/ros2_ws/install/cpp_srvcli/share/cpp_srvcli/environment/path.dsv
[4.591s] -- Installing: /home/sunny/ros2_ws/install/cpp_srvcli/share/cpp_srvcli/local_setup.bash
[4.591s] -- Installing: /home/sunny/ros2_ws/install/cpp_srvcli/share/cpp_srvcli/local_setup.sh
[4.591s] -- Installing: /home/sunny/ros2_ws/install/cpp_srvcli/share/cpp_srvcli/local_setup.zsh
[4.592s] -- Installing: /home/sunny/ros2_ws/install/cpp_srvcli/share/cpp_srvcli/local_setup.dsv
[4.592s] -- Installing: /home/sunny/ros2_ws/install/cpp_srvcli/share/cpp_srvcli/package.dsv
[4.592s] -- Installing: /home/sunny/ros2_ws/install/cpp_srvcli/share/ament_index/resource_index/packages/cpp_srvcli
[4.592s] -- Installing: /home/sunny/ros2_ws/install/cpp_srvcli/share/cpp_srvcli/cmake/cpp_srvcliConfig.cmake
[4.592s] -- Installing: /home/sunny/ros2_ws/install/cpp_srvcli/share/cpp_srvcli/cmake/cpp_srvcliConfig-version.cmake
[4.593s] -- Installing: /home/sunny/ros2_ws/install/cpp_srvcli/share/cpp_srvcli/package.xml
[4.595s] Invoked command in '/home/sunny/ros2_ws/build/cpp_srvcli' returned '0': CMAKE_PREFIX_PATH=/opt/ros/humble /usr/bin/cmake --install /home/sunny/ros2_ws/build/cpp_srvcli
