[0.009s] Invoking command in '/home/sunny/ros2_ws/build/cpp_srvcli': CMAKE_PREFIX_PATH=/opt/ros/humble /usr/bin/cmake /home/sunny/ros2_ws/src/cpp_srvcli -DCMAKE_INSTALL_PREFIX=/home/sunny/ros2_ws/install/cpp_srvcli
[0.057s] -- The C compiler identification is GNU 11.4.0
[0.107s] -- The CXX compiler identification is GNU 11.4.0
[0.114s] -- Detecting C compiler ABI info
[0.175s] -- Detecting C compiler ABI info - done
[0.182s] -- Check for working C compiler: /usr/bin/cc - skipped
[0.182s] -- Detecting C compile features
[0.183s] -- Detecting C compile features - done
[0.185s] -- Detecting CXX compiler ABI info
[0.256s] -- Detecting CXX compiler ABI info - done
[0.263s] -- Check for working CXX compiler: /usr/bin/c++ - skipped
[0.263s] -- Detecting CXX compile features
[0.264s] -- Detecting CXX compile features - done
[0.264s] [31mCMake Error at CMakeLists.txt:9 (ament_target_dependencies):
[0.265s]   Unknown CMake command "ament_target_dependencies".
[0.265s] 
[0.265s] [0m
[0.265s] -- Configuring incomplete, errors occurred!
[0.265s] See also "/home/sunny/ros2_ws/build/cpp_srvcli/CMakeFiles/CMakeOutput.log".
[0.268s] Invoked command in '/home/sunny/ros2_ws/build/cpp_srvcli' returned '1': CMAKE_PREFIX_PATH=/opt/ros/humble /usr/bin/cmake /home/sunny/ros2_ws/src/cpp_srvcli -DCMAKE_INSTALL_PREFIX=/home/sunny/ros2_ws/install/cpp_srvcli
