[0.604s] Invoking command in '/home/sunny/ros2_ws/src/py_proj': PYTHONPATH=/home/sunny/ros2_ws/build/py_proj/prefix_override:/usr/lib/python3/dist-packages/colcon_core/task/python/colcon_distutils_commands:/home/sunny/ros2_ws/install/py_proj/lib/python3.10/site-packages:${PYTHONPATH} /usr/bin/python3 -W ignore:setup.py install is deprecated setup.py egg_info --egg-base ../../build/py_proj build --build-base /home/sunny/ros2_ws/build/py_proj/build install --record /home/sunny/ros2_ws/build/py_proj/install.log --single-version-externally-managed install_data
[0.845s] running egg_info
[0.846s] writing ../../build/py_proj/py_proj.egg-info/PKG-INFO
[0.847s] writing dependency_links to ../../build/py_proj/py_proj.egg-info/dependency_links.txt
[0.847s] writing entry points to ../../build/py_proj/py_proj.egg-info/entry_points.txt
[0.847s] writing requirements to ../../build/py_proj/py_proj.egg-info/requires.txt
[0.847s] writing top-level names to ../../build/py_proj/py_proj.egg-info/top_level.txt
[0.850s] reading manifest file '../../build/py_proj/py_proj.egg-info/SOURCES.txt'
[0.851s] writing manifest file '../../build/py_proj/py_proj.egg-info/SOURCES.txt'
[0.851s] running build
[0.851s] running build_py
[0.852s] copying py_proj/proj_coordinate.py -> /home/sunny/ros2_ws/build/py_proj/build/lib/py_proj
[0.852s] running install
[0.852s] running install_lib
[0.854s] copying /home/sunny/ros2_ws/build/py_proj/build/lib/py_proj/proj_coordinate.py -> /home/sunny/ros2_ws/install/py_proj/lib/python3.10/site-packages/py_proj
[0.855s] byte-compiling /home/sunny/ros2_ws/install/py_proj/lib/python3.10/site-packages/py_proj/proj_coordinate.py to proj_coordinate.cpython-310.pyc
[0.856s] running install_data
[0.856s] running install_egg_info
[0.859s] removing '/home/sunny/ros2_ws/install/py_proj/lib/python3.10/site-packages/py_proj-0.0.0-py3.10.egg-info' (and everything under it)
[0.859s] Copying ../../build/py_proj/py_proj.egg-info to /home/sunny/ros2_ws/install/py_proj/lib/python3.10/site-packages/py_proj-0.0.0-py3.10.egg-info
[0.861s] running install_scripts
[0.897s] Installing publisher script to /home/sunny/ros2_ws/install/py_proj/lib/py_proj
[0.898s] writing list of installed files to '/home/sunny/ros2_ws/build/py_proj/install.log'
[0.932s] Invoked command in '/home/sunny/ros2_ws/src/py_proj' returned '0': PYTHONPATH=/home/sunny/ros2_ws/build/py_proj/prefix_override:/usr/lib/python3/dist-packages/colcon_core/task/python/colcon_distutils_commands:/home/sunny/ros2_ws/install/py_proj/lib/python3.10/site-packages:${PYTHONPATH} /usr/bin/python3 -W ignore:setup.py install is deprecated setup.py egg_info --egg-base ../../build/py_proj build --build-base /home/sunny/ros2_ws/build/py_proj/build install --record /home/sunny/ros2_ws/build/py_proj/install.log --single-version-externally-managed install_data
