[0.026s] Invoking command in '/home/sunny/ros2_ws/src/build/custom_interfaces': CMAKE_PREFIX_PATH=/opt/ros/humble /usr/bin/cmake /home/sunny/ros2_ws/src/custom_interfaces -DCMAKE_INSTALL_PREFIX=/home/sunny/ros2_ws/src/install/custom_interfaces
[0.139s] -- The C compiler identification is GNU 11.4.0
[0.221s] -- The CXX compiler identification is GNU 11.4.0
[0.229s] -- Detecting C compiler ABI info
[0.305s] -- Detecting C compiler ABI info - done
[0.313s] -- Check for working C compiler: /usr/bin/cc - skipped
[0.314s] -- Detecting C compile features
[0.314s] -- Detecting C compile features - done
[0.318s] -- Detecting CXX compiler ABI info
[0.399s] -- Detecting CXX compiler ABI info - done
[0.405s] -- Check for working CXX compiler: /usr/bin/c++ - skipped
[0.405s] -- Detecting CXX compile features
[0.406s] -- Detecting CXX compile features - done
[0.408s] -- Found ament_cmake: 1.3.9 (/opt/ros/humble/share/ament_cmake/cmake)
[0.551s] -- Found Python3: /usr/bin/python3 (found version "3.10.12") found components: Interpreter 
[0.638s] -- Found rosidl_default_generators: 1.2.0 (/opt/ros/humble/share/rosidl_default_generators/cmake)
[0.642s] -- Using all available rosidl_typesupport_c: rosidl_typesupport_fastrtps_c;rosidl_typesupport_introspection_c
[0.649s] -- Found rosidl_adapter: 3.1.5 (/opt/ros/humble/share/rosidl_adapter/cmake)
[0.687s] -- Using all available rosidl_typesupport_cpp: rosidl_typesupport_fastrtps_cpp;rosidl_typesupport_introspection_cpp
[0.972s] -- Found ament_cmake_ros: 0.10.0 (/opt/ros/humble/share/ament_cmake_ros/cmake)
[1.145s] -- Using all available rosidl_typesupport_c: rosidl_typesupport_fastrtps_c;rosidl_typesupport_introspection_c
[1.358s] -- Using all available rosidl_typesupport_cpp: rosidl_typesupport_fastrtps_cpp;rosidl_typesupport_introspection_cpp
[1.381s] -- Found PythonInterp: /usr/bin/python3 (found suitable version "3.10.12", minimum required is "3.6") 
[1.384s] -- Found python_cmake_module: 0.10.0 (/opt/ros/humble/share/python_cmake_module/cmake)
[1.410s] -- Found PythonLibs: /usr/lib/x86_64-linux-gnu/libpython3.10.so (found suitable version "3.10.12", minimum required is "3.5") 
[1.410s] -- Using PYTHON_EXECUTABLE: /usr/bin/python3
[1.410s] -- Using PYTHON_INCLUDE_DIRS: /usr/include/python3.10
[1.410s] -- Using PYTHON_LIBRARIES: /usr/lib/x86_64-linux-gnu/libpython3.10.so
[1.429s] -- Found PythonExtra: .so  
[1.474s] -- Configuring done
[1.514s] -- Generating done
[1.519s] -- Build files have been written to: /home/sunny/ros2_ws/src/build/custom_interfaces
[1.529s] Invoked command in '/home/sunny/ros2_ws/src/build/custom_interfaces' returned '0': CMAKE_PREFIX_PATH=/opt/ros/humble /usr/bin/cmake /home/sunny/ros2_ws/src/custom_interfaces -DCMAKE_INSTALL_PREFIX=/home/sunny/ros2_ws/src/install/custom_interfaces
[1.531s] Invoking command in '/home/sunny/ros2_ws/src/build/custom_interfaces': CMAKE_PREFIX_PATH=/opt/ros/humble /usr/bin/cmake --build /home/sunny/ros2_ws/src/build/custom_interfaces -- -j12 -l12
[1.572s] [  3%] [34m[1mGenerating C code for ROS interfaces[0m
[1.582s] [  6%] [34m[1mGenerating C++ code for ROS interfaces[0m
[1.591s] [  6%] Built target ament_cmake_python_copy_custom_interfaces
[1.824s] running egg_info
[1.825s] creating custom_interfaces.egg-info
[1.825s] writing custom_interfaces.egg-info/PKG-INFO
[1.826s] writing dependency_links to custom_interfaces.egg-info/dependency_links.txt
[1.826s] writing top-level names to custom_interfaces.egg-info/top_level.txt
[1.826s] writing manifest file 'custom_interfaces.egg-info/SOURCES.txt'
[1.828s] reading manifest file 'custom_interfaces.egg-info/SOURCES.txt'
[1.829s] writing manifest file 'custom_interfaces.egg-info/SOURCES.txt'
[1.842s] [  9%] [32mBuilding C object CMakeFiles/custom_interfaces__rosidl_generator_c.dir/rosidl_generator_c/custom_interfaces/msg/detail/utm__functions.c.o[0m
[1.875s] [  9%] Built target ament_cmake_python_build_custom_interfaces_egg
[1.894s] [ 12%] [32m[1mLinking C shared library libcustom_interfaces__rosidl_generator_c.so[0m
[1.911s] [ 12%] Built target custom_interfaces__cpp
[1.921s] [ 16%] [34m[1mGenerating C++ type support for eProsima Fast-RTPS[0m
[1.922s] [ 19%] [34m[1mGenerating C++ introspection for ROS interfaces[0m
[1.922s] [ 22%] [34m[1mGenerating C++ type support dispatch for ROS interfaces[0m
[1.933s] [ 22%] Built target custom_interfaces__rosidl_generator_c
[1.946s] [ 25%] [34m[1mGenerating C type support dispatch for ROS interfaces[0m
[1.948s] [ 32%] [34m[1mGenerating C introspection for ROS interfaces[0m
[1.948s] [ 32%] [34m[1mGenerating C type support for eProsima Fast-RTPS[0m
[2.239s] [ 35%] [32mBuilding CXX object CMakeFiles/custom_interfaces__rosidl_typesupport_cpp.dir/rosidl_typesupport_cpp/custom_interfaces/msg/utm__type_support.cpp.o[0m
[2.301s] [ 41%] [32mBuilding CXX object CMakeFiles/custom_interfaces__rosidl_typesupport_fastrtps_cpp.dir/rosidl_typesupport_fastrtps_cpp/custom_interfaces/msg/detail/dds_fastrtps/utm__type_support.cpp.o[0m
[2.301s] [ 41%] [32mBuilding CXX object CMakeFiles/custom_interfaces__rosidl_typesupport_c.dir/rosidl_typesupport_c/custom_interfaces/msg/utm__type_support.cpp.o[0m
[2.306s] [ 45%] [32mBuilding CXX object CMakeFiles/custom_interfaces__rosidl_typesupport_introspection_cpp.dir/rosidl_typesupport_introspection_cpp/custom_interfaces/msg/detail/utm__type_support.cpp.o[0m
[2.335s] [ 48%] [32mBuilding C object CMakeFiles/custom_interfaces__rosidl_typesupport_introspection_c.dir/rosidl_typesupport_introspection_c/custom_interfaces/msg/detail/utm__type_support.c.o[0m
[2.346s] [ 51%] [32m[1mLinking CXX shared library libcustom_interfaces__rosidl_typesupport_c.so[0m
[2.348s] [ 54%] [32mBuilding CXX object CMakeFiles/custom_interfaces__rosidl_typesupport_fastrtps_c.dir/rosidl_typesupport_fastrtps_c/custom_interfaces/msg/detail/utm__type_support_c.cpp.o[0m
[2.400s] [ 58%] [32m[1mLinking C shared library libcustom_interfaces__rosidl_typesupport_introspection_c.so[0m
[2.411s] [ 58%] Built target custom_interfaces__rosidl_typesupport_c
[2.479s] [ 58%] Built target custom_interfaces__rosidl_typesupport_introspection_c
[2.597s] [ 61%] [32m[1mLinking CXX shared library libcustom_interfaces__rosidl_typesupport_cpp.so[0m
[2.679s] [ 61%] Built target custom_interfaces__rosidl_typesupport_cpp
[2.827s] [ 64%] [32m[1mLinking CXX shared library libcustom_interfaces__rosidl_typesupport_introspection_cpp.so[0m
[2.851s] [ 67%] [32m[1mLinking CXX shared library libcustom_interfaces__rosidl_typesupport_fastrtps_c.so[0m
[2.860s] [ 70%] [32m[1mLinking CXX shared library libcustom_interfaces__rosidl_typesupport_fastrtps_cpp.so[0m
[2.953s] [ 70%] Built target custom_interfaces__rosidl_typesupport_introspection_cpp
[3.011s] [ 70%] Built target custom_interfaces__rosidl_typesupport_fastrtps_c
[3.047s] [ 70%] Built target custom_interfaces__rosidl_typesupport_fastrtps_cpp
[3.139s] [ 70%] Built target custom_interfaces
[3.269s] [ 74%] [34m[1mGenerating Python code for ROS interfaces[0m
[4.257s] [ 74%] Built target custom_interfaces__py
[4.282s] [ 77%] [32mBuilding C object CMakeFiles/custom_interfaces__rosidl_generator_py.dir/rosidl_generator_py/custom_interfaces/msg/_utm_s.c.o[0m
[4.431s] [ 80%] [32m[1mLinking C shared library rosidl_generator_py/custom_interfaces/libcustom_interfaces__rosidl_generator_py.so[0m
[4.481s] [ 80%] Built target custom_interfaces__rosidl_generator_py
[4.501s] [ 83%] [32mBuilding C object CMakeFiles/custom_interfaces__rosidl_typesupport_fastrtps_c__pyext.dir/rosidl_generator_py/custom_interfaces/_custom_interfaces_s.ep.rosidl_typesupport_fastrtps_c.c.o[0m
[4.502s] [ 87%] [32mBuilding C object CMakeFiles/custom_interfaces__rosidl_typesupport_introspection_c__pyext.dir/rosidl_generator_py/custom_interfaces/_custom_interfaces_s.ep.rosidl_typesupport_introspection_c.c.o[0m
[4.507s] [ 90%] [32mBuilding C object CMakeFiles/custom_interfaces__rosidl_typesupport_c__pyext.dir/rosidl_generator_py/custom_interfaces/_custom_interfaces_s.ep.rosidl_typesupport_c.c.o[0m
[4.582s] [ 93%] [32m[1mLinking C shared library rosidl_generator_py/custom_interfaces/custom_interfaces_s__rosidl_typesupport_introspection_c.cpython-310-x86_64-linux-gnu.so[0m
[4.617s] [ 96%] [32m[1mLinking C shared library rosidl_generator_py/custom_interfaces/custom_interfaces_s__rosidl_typesupport_fastrtps_c.cpython-310-x86_64-linux-gnu.so[0m
[4.619s] [ 96%] Built target custom_interfaces__rosidl_typesupport_introspection_c__pyext
[4.632s] [100%] [32m[1mLinking C shared library rosidl_generator_py/custom_interfaces/custom_interfaces_s__rosidl_typesupport_c.cpython-310-x86_64-linux-gnu.so[0m
[4.660s] [100%] Built target custom_interfaces__rosidl_typesupport_fastrtps_c__pyext
[4.676s] [100%] Built target custom_interfaces__rosidl_typesupport_c__pyext
[4.689s] Invoked command in '/home/sunny/ros2_ws/src/build/custom_interfaces' returned '0': CMAKE_PREFIX_PATH=/opt/ros/humble /usr/bin/cmake --build /home/sunny/ros2_ws/src/build/custom_interfaces -- -j12 -l12
[4.743s] Invoking command in '/home/sunny/ros2_ws/src/build/custom_interfaces': CMAKE_PREFIX_PATH=/opt/ros/humble /usr/bin/cmake --install /home/sunny/ros2_ws/src/build/custom_interfaces
[4.750s] -- Install configuration: ""
[4.751s] -- Installing: /home/sunny/ros2_ws/src/install/custom_interfaces/share/ament_index/resource_index/rosidl_interfaces/custom_interfaces
[4.751s] -- Installing: /home/sunny/ros2_ws/src/install/custom_interfaces/include/custom_interfaces/custom_interfaces
[4.751s] -- Installing: /home/sunny/ros2_ws/src/install/custom_interfaces/include/custom_interfaces/custom_interfaces/msg
[4.751s] -- Installing: /home/sunny/ros2_ws/src/install/custom_interfaces/include/custom_interfaces/custom_interfaces/msg/rosidl_generator_c__visibility_control.h
[4.752s] -- Installing: /home/sunny/ros2_ws/src/install/custom_interfaces/include/custom_interfaces/custom_interfaces/msg/detail
[4.752s] -- Installing: /home/sunny/ros2_ws/src/install/custom_interfaces/include/custom_interfaces/custom_interfaces/msg/detail/utm__functions.h
[4.752s] -- Installing: /home/sunny/ros2_ws/src/install/custom_interfaces/include/custom_interfaces/custom_interfaces/msg/detail/utm__functions.c
[4.752s] -- Installing: /home/sunny/ros2_ws/src/install/custom_interfaces/include/custom_interfaces/custom_interfaces/msg/detail/utm__struct.h
[4.753s] -- Installing: /home/sunny/ros2_ws/src/install/custom_interfaces/include/custom_interfaces/custom_interfaces/msg/detail/utm__type_support.h
[4.753s] -- Installing: /home/sunny/ros2_ws/src/install/custom_interfaces/include/custom_interfaces/custom_interfaces/msg/utm.h
[4.753s] -- Installing: /home/sunny/ros2_ws/src/install/custom_interfaces/share/custom_interfaces/environment/library_path.sh
[4.753s] -- Installing: /home/sunny/ros2_ws/src/install/custom_interfaces/share/custom_interfaces/environment/library_path.dsv
[4.753s] -- Installing: /home/sunny/ros2_ws/src/install/custom_interfaces/lib/libcustom_interfaces__rosidl_generator_c.so
[4.754s] -- Set runtime path of "/home/sunny/ros2_ws/src/install/custom_interfaces/lib/libcustom_interfaces__rosidl_generator_c.so" to ""
[4.754s] -- Up-to-date: /home/sunny/ros2_ws/src/install/custom_interfaces/include/custom_interfaces/custom_interfaces
[4.754s] -- Up-to-date: /home/sunny/ros2_ws/src/install/custom_interfaces/include/custom_interfaces/custom_interfaces/msg
[4.754s] -- Up-to-date: /home/sunny/ros2_ws/src/install/custom_interfaces/include/custom_interfaces/custom_interfaces/msg/detail
[4.754s] -- Installing: /home/sunny/ros2_ws/src/install/custom_interfaces/include/custom_interfaces/custom_interfaces/msg/detail/utm__rosidl_typesupport_fastrtps_c.h
[4.755s] -- Installing: /home/sunny/ros2_ws/src/install/custom_interfaces/include/custom_interfaces/custom_interfaces/msg/rosidl_typesupport_fastrtps_c__visibility_control.h
[4.756s] -- Installing: /home/sunny/ros2_ws/src/install/custom_interfaces/lib/libcustom_interfaces__rosidl_typesupport_fastrtps_c.so
[4.756s] -- Set runtime path of "/home/sunny/ros2_ws/src/install/custom_interfaces/lib/libcustom_interfaces__rosidl_typesupport_fastrtps_c.so" to ""
[4.757s] -- Up-to-date: /home/sunny/ros2_ws/src/install/custom_interfaces/include/custom_interfaces/custom_interfaces
[4.757s] -- Up-to-date: /home/sunny/ros2_ws/src/install/custom_interfaces/include/custom_interfaces/custom_interfaces/msg
[4.757s] -- Up-to-date: /home/sunny/ros2_ws/src/install/custom_interfaces/include/custom_interfaces/custom_interfaces/msg/detail
[4.757s] -- Installing: /home/sunny/ros2_ws/src/install/custom_interfaces/include/custom_interfaces/custom_interfaces/msg/detail/utm__type_support.c
[4.757s] -- Installing: /home/sunny/ros2_ws/src/install/custom_interfaces/include/custom_interfaces/custom_interfaces/msg/detail/utm__rosidl_typesupport_introspection_c.h
[4.757s] -- Installing: /home/sunny/ros2_ws/src/install/custom_interfaces/include/custom_interfaces/custom_interfaces/msg/rosidl_typesupport_introspection_c__visibility_control.h
[4.757s] -- Installing: /home/sunny/ros2_ws/src/install/custom_interfaces/lib/libcustom_interfaces__rosidl_typesupport_introspection_c.so
[4.757s] -- Set runtime path of "/home/sunny/ros2_ws/src/install/custom_interfaces/lib/libcustom_interfaces__rosidl_typesupport_introspection_c.so" to ""
[4.757s] -- Installing: /home/sunny/ros2_ws/src/install/custom_interfaces/lib/libcustom_interfaces__rosidl_typesupport_c.so
[4.757s] -- Set runtime path of "/home/sunny/ros2_ws/src/install/custom_interfaces/lib/libcustom_interfaces__rosidl_typesupport_c.so" to ""
[4.758s] -- Up-to-date: /home/sunny/ros2_ws/src/install/custom_interfaces/include/custom_interfaces/custom_interfaces
[4.758s] -- Up-to-date: /home/sunny/ros2_ws/src/install/custom_interfaces/include/custom_interfaces/custom_interfaces/msg
[4.758s] -- Up-to-date: /home/sunny/ros2_ws/src/install/custom_interfaces/include/custom_interfaces/custom_interfaces/msg/detail
[4.758s] -- Installing: /home/sunny/ros2_ws/src/install/custom_interfaces/include/custom_interfaces/custom_interfaces/msg/detail/utm__builder.hpp
[4.758s] -- Installing: /home/sunny/ros2_ws/src/install/custom_interfaces/include/custom_interfaces/custom_interfaces/msg/detail/utm__struct.hpp
[4.758s] -- Installing: /home/sunny/ros2_ws/src/install/custom_interfaces/include/custom_interfaces/custom_interfaces/msg/detail/utm__traits.hpp
[4.758s] -- Installing: /home/sunny/ros2_ws/src/install/custom_interfaces/include/custom_interfaces/custom_interfaces/msg/utm.hpp
[4.758s] -- Up-to-date: /home/sunny/ros2_ws/src/install/custom_interfaces/include/custom_interfaces/custom_interfaces
[4.758s] -- Up-to-date: /home/sunny/ros2_ws/src/install/custom_interfaces/include/custom_interfaces/custom_interfaces/msg
[4.758s] -- Up-to-date: /home/sunny/ros2_ws/src/install/custom_interfaces/include/custom_interfaces/custom_interfaces/msg/detail
[4.759s] -- Installing: /home/sunny/ros2_ws/src/install/custom_interfaces/include/custom_interfaces/custom_interfaces/msg/detail/dds_fastrtps
[4.759s] -- Installing: /home/sunny/ros2_ws/src/install/custom_interfaces/include/custom_interfaces/custom_interfaces/msg/detail/utm__rosidl_typesupport_fastrtps_cpp.hpp
[4.759s] -- Installing: /home/sunny/ros2_ws/src/install/custom_interfaces/include/custom_interfaces/custom_interfaces/msg/rosidl_typesupport_fastrtps_cpp__visibility_control.h
[4.759s] -- Installing: /home/sunny/ros2_ws/src/install/custom_interfaces/lib/libcustom_interfaces__rosidl_typesupport_fastrtps_cpp.so
[4.759s] -- Set runtime path of "/home/sunny/ros2_ws/src/install/custom_interfaces/lib/libcustom_interfaces__rosidl_typesupport_fastrtps_cpp.so" to ""
[4.759s] -- Up-to-date: /home/sunny/ros2_ws/src/install/custom_interfaces/include/custom_interfaces/custom_interfaces
[4.759s] -- Up-to-date: /home/sunny/ros2_ws/src/install/custom_interfaces/include/custom_interfaces/custom_interfaces/msg
[4.759s] -- Up-to-date: /home/sunny/ros2_ws/src/install/custom_interfaces/include/custom_interfaces/custom_interfaces/msg/detail
[4.760s] -- Installing: /home/sunny/ros2_ws/src/install/custom_interfaces/include/custom_interfaces/custom_interfaces/msg/detail/utm__type_support.cpp
[4.760s] -- Installing: /home/sunny/ros2_ws/src/install/custom_interfaces/include/custom_interfaces/custom_interfaces/msg/detail/utm__rosidl_typesupport_introspection_cpp.hpp
[4.760s] -- Installing: /home/sunny/ros2_ws/src/install/custom_interfaces/lib/libcustom_interfaces__rosidl_typesupport_introspection_cpp.so
[4.760s] -- Set runtime path of "/home/sunny/ros2_ws/src/install/custom_interfaces/lib/libcustom_interfaces__rosidl_typesupport_introspection_cpp.so" to ""
[4.760s] -- Installing: /home/sunny/ros2_ws/src/install/custom_interfaces/lib/libcustom_interfaces__rosidl_typesupport_cpp.so
[4.760s] -- Set runtime path of "/home/sunny/ros2_ws/src/install/custom_interfaces/lib/libcustom_interfaces__rosidl_typesupport_cpp.so" to ""
[4.760s] -- Installing: /home/sunny/ros2_ws/src/install/custom_interfaces/share/custom_interfaces/environment/pythonpath.sh
[4.760s] -- Installing: /home/sunny/ros2_ws/src/install/custom_interfaces/share/custom_interfaces/environment/pythonpath.dsv
[4.760s] -- Installing: /home/sunny/ros2_ws/src/install/custom_interfaces/local/lib/python3.10/dist-packages/custom_interfaces-0.0.0-py3.10.egg-info
[4.760s] -- Installing: /home/sunny/ros2_ws/src/install/custom_interfaces/local/lib/python3.10/dist-packages/custom_interfaces-0.0.0-py3.10.egg-info/top_level.txt
[4.760s] -- Installing: /home/sunny/ros2_ws/src/install/custom_interfaces/local/lib/python3.10/dist-packages/custom_interfaces-0.0.0-py3.10.egg-info/SOURCES.txt
[4.760s] -- Installing: /home/sunny/ros2_ws/src/install/custom_interfaces/local/lib/python3.10/dist-packages/custom_interfaces-0.0.0-py3.10.egg-info/PKG-INFO
[4.760s] -- Installing: /home/sunny/ros2_ws/src/install/custom_interfaces/local/lib/python3.10/dist-packages/custom_interfaces-0.0.0-py3.10.egg-info/dependency_links.txt
[4.761s] -- Installing: /home/sunny/ros2_ws/src/install/custom_interfaces/local/lib/python3.10/dist-packages/custom_interfaces
[4.761s] -- Installing: /home/sunny/ros2_ws/src/install/custom_interfaces/local/lib/python3.10/dist-packages/custom_interfaces/custom_interfaces_s__rosidl_typesupport_c.cpython-310-x86_64-linux-gnu.so
[4.761s] -- Installing: /home/sunny/ros2_ws/src/install/custom_interfaces/local/lib/python3.10/dist-packages/custom_interfaces/msg
[4.761s] -- Installing: /home/sunny/ros2_ws/src/install/custom_interfaces/local/lib/python3.10/dist-packages/custom_interfaces/msg/_utm_s.c
[4.761s] -- Installing: /home/sunny/ros2_ws/src/install/custom_interfaces/local/lib/python3.10/dist-packages/custom_interfaces/msg/_utm.py
[4.761s] -- Installing: /home/sunny/ros2_ws/src/install/custom_interfaces/local/lib/python3.10/dist-packages/custom_interfaces/msg/__init__.py
[4.761s] -- Installing: /home/sunny/ros2_ws/src/install/custom_interfaces/local/lib/python3.10/dist-packages/custom_interfaces/libcustom_interfaces__rosidl_generator_py.so
[4.761s] -- Installing: /home/sunny/ros2_ws/src/install/custom_interfaces/local/lib/python3.10/dist-packages/custom_interfaces/__init__.py
[4.761s] -- Installing: /home/sunny/ros2_ws/src/install/custom_interfaces/local/lib/python3.10/dist-packages/custom_interfaces/custom_interfaces_s__rosidl_typesupport_fastrtps_c.cpython-310-x86_64-linux-gnu.so
[4.761s] -- Installing: /home/sunny/ros2_ws/src/install/custom_interfaces/local/lib/python3.10/dist-packages/custom_interfaces/_custom_interfaces_s.ep.rosidl_typesupport_fastrtps_c.c
[4.761s] -- Installing: /home/sunny/ros2_ws/src/install/custom_interfaces/local/lib/python3.10/dist-packages/custom_interfaces/custom_interfaces_s__rosidl_typesupport_introspection_c.cpython-310-x86_64-linux-gnu.so
[4.761s] -- Installing: /home/sunny/ros2_ws/src/install/custom_interfaces/local/lib/python3.10/dist-packages/custom_interfaces/_custom_interfaces_s.ep.rosidl_typesupport_introspection_c.c
[4.762s] -- Installing: /home/sunny/ros2_ws/src/install/custom_interfaces/local/lib/python3.10/dist-packages/custom_interfaces/_custom_interfaces_s.ep.rosidl_typesupport_c.c
[4.788s] Listing '/home/sunny/ros2_ws/src/install/custom_interfaces/local/lib/python3.10/dist-packages/custom_interfaces'...
[4.789s] Compiling '/home/sunny/ros2_ws/src/install/custom_interfaces/local/lib/python3.10/dist-packages/custom_interfaces/__init__.py'...
[4.789s] Listing '/home/sunny/ros2_ws/src/install/custom_interfaces/local/lib/python3.10/dist-packages/custom_interfaces/msg'...
[4.789s] Compiling '/home/sunny/ros2_ws/src/install/custom_interfaces/local/lib/python3.10/dist-packages/custom_interfaces/msg/__init__.py'...
[4.789s] Compiling '/home/sunny/ros2_ws/src/install/custom_interfaces/local/lib/python3.10/dist-packages/custom_interfaces/msg/_utm.py'...
[4.793s] -- Installing: /home/sunny/ros2_ws/src/install/custom_interfaces/local/lib/python3.10/dist-packages/custom_interfaces/custom_interfaces_s__rosidl_typesupport_fastrtps_c.cpython-310-x86_64-linux-gnu.so
[4.793s] -- Set runtime path of "/home/sunny/ros2_ws/src/install/custom_interfaces/local/lib/python3.10/dist-packages/custom_interfaces/custom_interfaces_s__rosidl_typesupport_fastrtps_c.cpython-310-x86_64-linux-gnu.so" to ""
[4.794s] -- Installing: /home/sunny/ros2_ws/src/install/custom_interfaces/local/lib/python3.10/dist-packages/custom_interfaces/custom_interfaces_s__rosidl_typesupport_introspection_c.cpython-310-x86_64-linux-gnu.so
[4.796s] -- Set runtime path of "/home/sunny/ros2_ws/src/install/custom_interfaces/local/lib/python3.10/dist-packages/custom_interfaces/custom_interfaces_s__rosidl_typesupport_introspection_c.cpython-310-x86_64-linux-gnu.so" to ""
[4.796s] -- Installing: /home/sunny/ros2_ws/src/install/custom_interfaces/local/lib/python3.10/dist-packages/custom_interfaces/custom_interfaces_s__rosidl_typesupport_c.cpython-310-x86_64-linux-gnu.so
[4.796s] -- Set runtime path of "/home/sunny/ros2_ws/src/install/custom_interfaces/local/lib/python3.10/dist-packages/custom_interfaces/custom_interfaces_s__rosidl_typesupport_c.cpython-310-x86_64-linux-gnu.so" to ""
[4.796s] -- Installing: /home/sunny/ros2_ws/src/install/custom_interfaces/lib/libcustom_interfaces__rosidl_generator_py.so
[4.796s] -- Set runtime path of "/home/sunny/ros2_ws/src/install/custom_interfaces/lib/libcustom_interfaces__rosidl_generator_py.so" to ""
[4.796s] -- Installing: /home/sunny/ros2_ws/src/install/custom_interfaces/share/custom_interfaces/msg/Utm.idl
[4.796s] -- Installing: /home/sunny/ros2_ws/src/install/custom_interfaces/share/custom_interfaces/msg/Utm.msg
[4.796s] -- Installing: /home/sunny/ros2_ws/src/install/custom_interfaces/share/ament_index/resource_index/package_run_dependencies/custom_interfaces
[4.796s] -- Installing: /home/sunny/ros2_ws/src/install/custom_interfaces/share/ament_index/resource_index/parent_prefix_path/custom_interfaces
[4.797s] -- Installing: /home/sunny/ros2_ws/src/install/custom_interfaces/share/custom_interfaces/environment/ament_prefix_path.sh
[4.797s] -- Installing: /home/sunny/ros2_ws/src/install/custom_interfaces/share/custom_interfaces/environment/ament_prefix_path.dsv
[4.797s] -- Installing: /home/sunny/ros2_ws/src/install/custom_interfaces/share/custom_interfaces/environment/path.sh
[4.797s] -- Installing: /home/sunny/ros2_ws/src/install/custom_interfaces/share/custom_interfaces/environment/path.dsv
[4.797s] -- Installing: /home/sunny/ros2_ws/src/install/custom_interfaces/share/custom_interfaces/local_setup.bash
[4.797s] -- Installing: /home/sunny/ros2_ws/src/install/custom_interfaces/share/custom_interfaces/local_setup.sh
[4.797s] -- Installing: /home/sunny/ros2_ws/src/install/custom_interfaces/share/custom_interfaces/local_setup.zsh
[4.797s] -- Installing: /home/sunny/ros2_ws/src/install/custom_interfaces/share/custom_interfaces/local_setup.dsv
[4.797s] -- Installing: /home/sunny/ros2_ws/src/install/custom_interfaces/share/custom_interfaces/package.dsv
[4.798s] -- Installing: /home/sunny/ros2_ws/src/install/custom_interfaces/share/ament_index/resource_index/packages/custom_interfaces
[4.798s] -- Installing: /home/sunny/ros2_ws/src/install/custom_interfaces/share/custom_interfaces/cmake/export_custom_interfaces__rosidl_generator_cExport.cmake
[4.798s] -- Installing: /home/sunny/ros2_ws/src/install/custom_interfaces/share/custom_interfaces/cmake/export_custom_interfaces__rosidl_generator_cExport-noconfig.cmake
[4.798s] -- Installing: /home/sunny/ros2_ws/src/install/custom_interfaces/share/custom_interfaces/cmake/export_custom_interfaces__rosidl_typesupport_fastrtps_cExport.cmake
[4.798s] -- Installing: /home/sunny/ros2_ws/src/install/custom_interfaces/share/custom_interfaces/cmake/export_custom_interfaces__rosidl_typesupport_fastrtps_cExport-noconfig.cmake
[4.799s] -- Installing: /home/sunny/ros2_ws/src/install/custom_interfaces/share/custom_interfaces/cmake/custom_interfaces__rosidl_typesupport_introspection_cExport.cmake
[4.799s] -- Installing: /home/sunny/ros2_ws/src/install/custom_interfaces/share/custom_interfaces/cmake/custom_interfaces__rosidl_typesupport_introspection_cExport-noconfig.cmake
[4.799s] -- Installing: /home/sunny/ros2_ws/src/install/custom_interfaces/share/custom_interfaces/cmake/custom_interfaces__rosidl_typesupport_cExport.cmake
[4.799s] -- Installing: /home/sunny/ros2_ws/src/install/custom_interfaces/share/custom_interfaces/cmake/custom_interfaces__rosidl_typesupport_cExport-noconfig.cmake
[4.799s] -- Installing: /home/sunny/ros2_ws/src/install/custom_interfaces/share/custom_interfaces/cmake/export_custom_interfaces__rosidl_generator_cppExport.cmake
[4.800s] -- Installing: /home/sunny/ros2_ws/src/install/custom_interfaces/share/custom_interfaces/cmake/export_custom_interfaces__rosidl_typesupport_fastrtps_cppExport.cmake
[4.800s] -- Installing: /home/sunny/ros2_ws/src/install/custom_interfaces/share/custom_interfaces/cmake/export_custom_interfaces__rosidl_typesupport_fastrtps_cppExport-noconfig.cmake
[4.800s] -- Installing: /home/sunny/ros2_ws/src/install/custom_interfaces/share/custom_interfaces/cmake/custom_interfaces__rosidl_typesupport_introspection_cppExport.cmake
[4.800s] -- Installing: /home/sunny/ros2_ws/src/install/custom_interfaces/share/custom_interfaces/cmake/custom_interfaces__rosidl_typesupport_introspection_cppExport-noconfig.cmake
[4.800s] -- Installing: /home/sunny/ros2_ws/src/install/custom_interfaces/share/custom_interfaces/cmake/custom_interfaces__rosidl_typesupport_cppExport.cmake
[4.800s] -- Installing: /home/sunny/ros2_ws/src/install/custom_interfaces/share/custom_interfaces/cmake/custom_interfaces__rosidl_typesupport_cppExport-noconfig.cmake
[4.801s] -- Installing: /home/sunny/ros2_ws/src/install/custom_interfaces/share/custom_interfaces/cmake/export_custom_interfaces__rosidl_generator_pyExport.cmake
[4.801s] -- Installing: /home/sunny/ros2_ws/src/install/custom_interfaces/share/custom_interfaces/cmake/export_custom_interfaces__rosidl_generator_pyExport-noconfig.cmake
[4.802s] -- Installing: /home/sunny/ros2_ws/src/install/custom_interfaces/share/custom_interfaces/cmake/rosidl_cmake-extras.cmake
[4.802s] -- Installing: /home/sunny/ros2_ws/src/install/custom_interfaces/share/custom_interfaces/cmake/ament_cmake_export_include_directories-extras.cmake
[4.802s] -- Installing: /home/sunny/ros2_ws/src/install/custom_interfaces/share/custom_interfaces/cmake/ament_cmake_export_libraries-extras.cmake
[4.802s] -- Installing: /home/sunny/ros2_ws/src/install/custom_interfaces/share/custom_interfaces/cmake/ament_cmake_export_targets-extras.cmake
[4.802s] -- Installing: /home/sunny/ros2_ws/src/install/custom_interfaces/share/custom_interfaces/cmake/rosidl_cmake_export_typesupport_targets-extras.cmake
[4.802s] -- Installing: /home/sunny/ros2_ws/src/install/custom_interfaces/share/custom_interfaces/cmake/ament_cmake_export_dependencies-extras.cmake
[4.802s] -- Installing: /home/sunny/ros2_ws/src/install/custom_interfaces/share/custom_interfaces/cmake/rosidl_cmake_export_typesupport_libraries-extras.cmake
[4.802s] -- Installing: /home/sunny/ros2_ws/src/install/custom_interfaces/share/custom_interfaces/cmake/custom_interfacesConfig.cmake
[4.802s] -- Installing: /home/sunny/ros2_ws/src/install/custom_interfaces/share/custom_interfaces/cmake/custom_interfacesConfig-version.cmake
[4.803s] -- Installing: /home/sunny/ros2_ws/src/install/custom_interfaces/share/custom_interfaces/package.xml
[4.806s] Invoked command in '/home/sunny/ros2_ws/src/build/custom_interfaces' returned '0': CMAKE_PREFIX_PATH=/opt/ros/humble /usr/bin/cmake --install /home/sunny/ros2_ws/src/build/custom_interfaces
