[0.011s] Invoking command in '/home/sunny/ros2_ws/build/my_package': CMAKE_PREFIX_PATH=/opt/ros/humble /usr/bin/cmake /home/sunny/ros2_ws/src/my_package -DCMAKE_INSTALL_PREFIX=/home/sunny/ros2_ws/install/my_package
[0.073s] -- The C compiler identification is GNU 11.4.0
[0.156s] -- The CXX compiler identification is GNU 11.4.0
[0.163s] -- Detecting C compiler ABI info
[0.234s] -- Detecting C compiler ABI info - done
[0.241s] -- Check for working C compiler: /usr/bin/cc - skipped
[0.241s] -- Detecting C compile features
[0.242s] -- Detecting C compile features - done
[0.245s] -- Detecting CXX compiler ABI info
[0.316s] -- Detecting CXX compiler ABI info - done
[0.323s] -- Check for working CXX compiler: /usr/bin/c++ - skipped
[0.323s] -- Detecting CXX compile features
[0.324s] -- Detecting CXX compile features - done
[0.326s] -- Found ament_cmake: 1.3.9 (/opt/ros/humble/share/ament_cmake/cmake)
[0.464s] -- Found Python3: /usr/bin/python3 (found version "3.10.12") found components: Interpreter 
[0.549s] -- Found ament_lint_auto: 0.12.11 (/opt/ros/humble/share/ament_lint_auto/cmake)
[0.629s] -- Added test 'cppcheck' to perform static code analysis on C / C++ code
[0.629s] -- Configured cppcheck include dirs: $<BUILD_INTERFACE:/home/sunny/ros2_ws/src/my_package/include>
[0.630s] -- Configured cppcheck exclude dirs and/or files: 
[0.630s] -- Added test 'lint_cmake' to check CMake code style
[0.630s] -- Added test 'uncrustify' to check C / C++ code style
[0.630s] -- Configured uncrustify additional arguments: 
[0.630s] -- Added test 'xmllint' to check XML markup files
[0.630s] -- Configuring done
[0.631s] -- Generating done
[0.633s] -- Build files have been written to: /home/sunny/ros2_ws/build/my_package
[0.637s] Invoked command in '/home/sunny/ros2_ws/build/my_package' returned '0': CMAKE_PREFIX_PATH=/opt/ros/humble /usr/bin/cmake /home/sunny/ros2_ws/src/my_package -DCMAKE_INSTALL_PREFIX=/home/sunny/ros2_ws/install/my_package
[0.638s] Invoking command in '/home/sunny/ros2_ws/build/my_package': CMAKE_PREFIX_PATH=/opt/ros/humble /usr/bin/cmake --build /home/sunny/ros2_ws/build/my_package -- -j8 -l8
[0.683s] [ 50%] [32mBuilding CXX object CMakeFiles/my_node.dir/src/my_node.cpp.o[0m
[0.709s] [100%] [32m[1mLinking CXX executable my_node[0m
[0.754s] [100%] Built target my_node
[0.764s] Invoked command in '/home/sunny/ros2_ws/build/my_package' returned '0': CMAKE_PREFIX_PATH=/opt/ros/humble /usr/bin/cmake --build /home/sunny/ros2_ws/build/my_package -- -j8 -l8
[0.789s] Invoking command in '/home/sunny/ros2_ws/build/my_package': CMAKE_PREFIX_PATH=/opt/ros/humble /usr/bin/cmake --install /home/sunny/ros2_ws/build/my_package
[0.796s] -- Install configuration: ""
[0.796s] -- Installing: /home/sunny/ros2_ws/install/my_package/lib/my_package/my_node
[0.796s] -- Installing: /home/sunny/ros2_ws/install/my_package/share/ament_index/resource_index/package_run_dependencies/my_package
[0.797s] -- Installing: /home/sunny/ros2_ws/install/my_package/share/ament_index/resource_index/parent_prefix_path/my_package
[0.797s] -- Installing: /home/sunny/ros2_ws/install/my_package/share/my_package/environment/ament_prefix_path.sh
[0.797s] -- Installing: /home/sunny/ros2_ws/install/my_package/share/my_package/environment/ament_prefix_path.dsv
[0.797s] -- Installing: /home/sunny/ros2_ws/install/my_package/share/my_package/environment/path.sh
[0.797s] -- Installing: /home/sunny/ros2_ws/install/my_package/share/my_package/environment/path.dsv
[0.797s] -- Installing: /home/sunny/ros2_ws/install/my_package/share/my_package/local_setup.bash
[0.798s] -- Installing: /home/sunny/ros2_ws/install/my_package/share/my_package/local_setup.sh
[0.798s] -- Installing: /home/sunny/ros2_ws/install/my_package/share/my_package/local_setup.zsh
[0.798s] -- Installing: /home/sunny/ros2_ws/install/my_package/share/my_package/local_setup.dsv
[0.798s] -- Installing: /home/sunny/ros2_ws/install/my_package/share/my_package/package.dsv
[0.798s] -- Installing: /home/sunny/ros2_ws/install/my_package/share/ament_index/resource_index/packages/my_package
[0.798s] -- Installing: /home/sunny/ros2_ws/install/my_package/share/my_package/cmake/my_packageConfig.cmake
[0.798s] -- Installing: /home/sunny/ros2_ws/install/my_package/share/my_package/cmake/my_packageConfig-version.cmake
[0.799s] -- Installing: /home/sunny/ros2_ws/install/my_package/share/my_package/package.xml
[0.801s] Invoked command in '/home/sunny/ros2_ws/build/my_package' returned '0': CMAKE_PREFIX_PATH=/opt/ros/humble /usr/bin/cmake --install /home/sunny/ros2_ws/build/my_package
