[0.033s] Invoking command in '/home/sunny/ros2_ws/build/cpp_proj': CMAKE_PREFIX_PATH=${CMAKE_PREFIX_PATH}:/home/sunny/ros2_ws/install/py_proj:/opt/ros/humble /usr/bin/cmake --build /home/sunny/ros2_ws/build/cpp_proj -- -j12 -l12
[0.125s] [100%] Built target transpose
[0.161s] Invoked command in '/home/sunny/ros2_ws/build/cpp_proj' returned '0': CMAKE_PREFIX_PATH=${CMAKE_PREFIX_PATH}:/home/sunny/ros2_ws/install/py_proj:/opt/ros/humble /usr/bin/cmake --build /home/sunny/ros2_ws/build/cpp_proj -- -j12 -l12
[0.225s] Invoking command in '/home/sunny/ros2_ws/build/cpp_proj': CMAKE_PREFIX_PATH=${CMAKE_PREFIX_PATH}:/home/sunny/ros2_ws/install/py_proj:/opt/ros/humble /usr/bin/cmake --install /home/sunny/ros2_ws/build/cpp_proj
[0.243s] -- Install configuration: ""
[0.244s] -- Up-to-date: /home/sunny/ros2_ws/install/cpp_proj/lib/cpp_proj/transpose
[0.244s] -- Up-to-date: /home/sunny/ros2_ws/install/cpp_proj/share/ament_index/resource_index/package_run_dependencies/cpp_proj
[0.244s] -- Up-to-date: /home/sunny/ros2_ws/install/cpp_proj/share/ament_index/resource_index/parent_prefix_path/cpp_proj
[0.244s] -- Up-to-date: /home/sunny/ros2_ws/install/cpp_proj/share/cpp_proj/environment/ament_prefix_path.sh
[0.244s] -- Up-to-date: /home/sunny/ros2_ws/install/cpp_proj/share/cpp_proj/environment/ament_prefix_path.dsv
[0.244s] -- Up-to-date: /home/sunny/ros2_ws/install/cpp_proj/share/cpp_proj/environment/path.sh
[0.245s] -- Up-to-date: /home/sunny/ros2_ws/install/cpp_proj/share/cpp_proj/environment/path.dsv
[0.245s] -- Up-to-date: /home/sunny/ros2_ws/install/cpp_proj/share/cpp_proj/local_setup.bash
[0.245s] -- Up-to-date: /home/sunny/ros2_ws/install/cpp_proj/share/cpp_proj/local_setup.sh
[0.245s] -- Up-to-date: /home/sunny/ros2_ws/install/cpp_proj/share/cpp_proj/local_setup.zsh
[0.245s] -- Up-to-date: /home/sunny/ros2_ws/install/cpp_proj/share/cpp_proj/local_setup.dsv
[0.245s] -- Installing: /home/sunny/ros2_ws/install/cpp_proj/share/cpp_proj/package.dsv
[0.245s] -- Up-to-date: /home/sunny/ros2_ws/install/cpp_proj/share/ament_index/resource_index/packages/cpp_proj
[0.245s] -- Up-to-date: /home/sunny/ros2_ws/install/cpp_proj/share/cpp_proj/cmake/cpp_projConfig.cmake
[0.245s] -- Up-to-date: /home/sunny/ros2_ws/install/cpp_proj/share/cpp_proj/cmake/cpp_projConfig-version.cmake
[0.245s] -- Up-to-date: /home/sunny/ros2_ws/install/cpp_proj/share/cpp_proj/package.xml
[0.266s] Invoked command in '/home/sunny/ros2_ws/build/cpp_proj' returned '0': CMAKE_PREFIX_PATH=${CMAKE_PREFIX_PATH}:/home/sunny/ros2_ws/install/py_proj:/opt/ros/humble /usr/bin/cmake --install /home/sunny/ros2_ws/build/cpp_proj
