[0.052s] Invoking command in '/home/sunny/ros2_ws/build/more_interfaces': CMAKE_PREFIX_PATH=/opt/ros/humble /usr/bin/cmake --build /home/sunny/ros2_ws/build/more_interfaces -- -j8 -l8
[0.215s] [  9%] Built target more_interfaces__rosidl_generator_c
[0.268s] [ 12%] Built target more_interfaces__cpp
[0.327s] [ 12%] Built target ament_cmake_python_copy_more_interfaces
[0.381s] [ 21%] Built target more_interfaces__rosidl_typesupport_fastrtps_c
[0.398s] [ 30%] Built target more_interfaces__rosidl_typesupport_cpp
[0.423s] [ 39%] Built target more_interfaces__rosidl_typesupport_introspection_c
[0.430s] [ 48%] Built target more_interfaces__rosidl_typesupport_fastrtps_cpp
[0.463s] [ 57%] Built target more_interfaces__rosidl_typesupport_c
[0.621s] [ 66%] Built target more_interfaces__rosidl_typesupport_introspection_cpp
[0.627s] [ 72%] Built target publish_address_book
[0.705s] [ 72%] Built target more_interfaces
[0.767s] [ 75%] Built target more_interfaces__py
[0.869s] [ 81%] Built target more_interfaces__rosidl_generator_py
[0.968s] [ 87%] Built target more_interfaces__rosidl_typesupport_fastrtps_c__pyext
[0.981s] [ 93%] Built target more_interfaces__rosidl_typesupport_c__pyext
[1.021s] [100%] Built target more_interfaces__rosidl_typesupport_introspection_c__pyext
[1.158s] running egg_info
[1.161s] writing more_interfaces.egg-info/PKG-INFO
[1.162s] writing dependency_links to more_interfaces.egg-info/dependency_links.txt
[1.165s] writing top-level names to more_interfaces.egg-info/top_level.txt
[1.168s] reading manifest file 'more_interfaces.egg-info/SOURCES.txt'
[1.175s] writing manifest file 'more_interfaces.egg-info/SOURCES.txt'
[1.216s] [100%] Built target ament_cmake_python_build_more_interfaces_egg
[1.233s] Invoked command in '/home/sunny/ros2_ws/build/more_interfaces' returned '0': CMAKE_PREFIX_PATH=/opt/ros/humble /usr/bin/cmake --build /home/sunny/ros2_ws/build/more_interfaces -- -j8 -l8
[1.320s] Invoking command in '/home/sunny/ros2_ws/build/more_interfaces': CMAKE_PREFIX_PATH=/opt/ros/humble /usr/bin/cmake --install /home/sunny/ros2_ws/build/more_interfaces
[1.333s] -- Install configuration: ""
[1.333s] -- Up-to-date: /home/sunny/ros2_ws/install/more_interfaces/share/ament_index/resource_index/rosidl_interfaces/more_interfaces
[1.333s] -- Up-to-date: /home/sunny/ros2_ws/install/more_interfaces/include/more_interfaces/more_interfaces
[1.334s] -- Up-to-date: /home/sunny/ros2_ws/install/more_interfaces/include/more_interfaces/more_interfaces/msg
[1.334s] -- Up-to-date: /home/sunny/ros2_ws/install/more_interfaces/include/more_interfaces/more_interfaces/msg/address_book.h
[1.334s] -- Up-to-date: /home/sunny/ros2_ws/install/more_interfaces/include/more_interfaces/more_interfaces/msg/detail
[1.334s] -- Up-to-date: /home/sunny/ros2_ws/install/more_interfaces/include/more_interfaces/more_interfaces/msg/detail/address_book__struct.h
[1.335s] -- Up-to-date: /home/sunny/ros2_ws/install/more_interfaces/include/more_interfaces/more_interfaces/msg/detail/address_book__functions.h
[1.335s] -- Up-to-date: /home/sunny/ros2_ws/install/more_interfaces/include/more_interfaces/more_interfaces/msg/detail/address_book__functions.c
[1.335s] -- Up-to-date: /home/sunny/ros2_ws/install/more_interfaces/include/more_interfaces/more_interfaces/msg/detail/address_book__type_support.h
[1.335s] -- Up-to-date: /home/sunny/ros2_ws/install/more_interfaces/include/more_interfaces/more_interfaces/msg/rosidl_generator_c__visibility_control.h
[1.335s] -- Up-to-date: /home/sunny/ros2_ws/install/more_interfaces/share/more_interfaces/environment/library_path.sh
[1.345s] -- Up-to-date: /home/sunny/ros2_ws/install/more_interfaces/share/more_interfaces/environment/library_path.dsv
[1.345s] -- Up-to-date: /home/sunny/ros2_ws/install/more_interfaces/lib/libmore_interfaces__rosidl_generator_c.so
[1.345s] -- Up-to-date: /home/sunny/ros2_ws/install/more_interfaces/include/more_interfaces/more_interfaces
[1.345s] -- Up-to-date: /home/sunny/ros2_ws/install/more_interfaces/include/more_interfaces/more_interfaces/msg
[1.345s] -- Up-to-date: /home/sunny/ros2_ws/install/more_interfaces/include/more_interfaces/more_interfaces/msg/rosidl_typesupport_fastrtps_c__visibility_control.h
[1.345s] -- Up-to-date: /home/sunny/ros2_ws/install/more_interfaces/include/more_interfaces/more_interfaces/msg/detail
[1.345s] -- Up-to-date: /home/sunny/ros2_ws/install/more_interfaces/include/more_interfaces/more_interfaces/msg/detail/address_book__rosidl_typesupport_fastrtps_c.h
[1.345s] -- Up-to-date: /home/sunny/ros2_ws/install/more_interfaces/lib/libmore_interfaces__rosidl_typesupport_fastrtps_c.so
[1.345s] -- Up-to-date: /home/sunny/ros2_ws/install/more_interfaces/include/more_interfaces/more_interfaces
[1.345s] -- Up-to-date: /home/sunny/ros2_ws/install/more_interfaces/include/more_interfaces/more_interfaces/msg
[1.346s] -- Up-to-date: /home/sunny/ros2_ws/install/more_interfaces/include/more_interfaces/more_interfaces/msg/rosidl_typesupport_introspection_c__visibility_control.h
[1.346s] -- Up-to-date: /home/sunny/ros2_ws/install/more_interfaces/include/more_interfaces/more_interfaces/msg/detail
[1.346s] -- Up-to-date: /home/sunny/ros2_ws/install/more_interfaces/include/more_interfaces/more_interfaces/msg/detail/address_book__rosidl_typesupport_introspection_c.h
[1.346s] -- Up-to-date: /home/sunny/ros2_ws/install/more_interfaces/include/more_interfaces/more_interfaces/msg/detail/address_book__type_support.c
[1.346s] -- Up-to-date: /home/sunny/ros2_ws/install/more_interfaces/lib/libmore_interfaces__rosidl_typesupport_introspection_c.so
[1.346s] -- Up-to-date: /home/sunny/ros2_ws/install/more_interfaces/lib/libmore_interfaces__rosidl_typesupport_c.so
[1.346s] -- Up-to-date: /home/sunny/ros2_ws/install/more_interfaces/include/more_interfaces/more_interfaces
[1.346s] -- Up-to-date: /home/sunny/ros2_ws/install/more_interfaces/include/more_interfaces/more_interfaces/msg
[1.346s] -- Up-to-date: /home/sunny/ros2_ws/install/more_interfaces/include/more_interfaces/more_interfaces/msg/address_book.hpp
[1.346s] -- Up-to-date: /home/sunny/ros2_ws/install/more_interfaces/include/more_interfaces/more_interfaces/msg/detail
[1.346s] -- Up-to-date: /home/sunny/ros2_ws/install/more_interfaces/include/more_interfaces/more_interfaces/msg/detail/address_book__struct.hpp
[1.346s] -- Up-to-date: /home/sunny/ros2_ws/install/more_interfaces/include/more_interfaces/more_interfaces/msg/detail/address_book__builder.hpp
[1.347s] -- Up-to-date: /home/sunny/ros2_ws/install/more_interfaces/include/more_interfaces/more_interfaces/msg/detail/address_book__traits.hpp
[1.347s] -- Up-to-date: /home/sunny/ros2_ws/install/more_interfaces/include/more_interfaces/more_interfaces
[1.347s] -- Up-to-date: /home/sunny/ros2_ws/install/more_interfaces/include/more_interfaces/more_interfaces/msg
[1.347s] -- Up-to-date: /home/sunny/ros2_ws/install/more_interfaces/include/more_interfaces/more_interfaces/msg/rosidl_typesupport_fastrtps_cpp__visibility_control.h
[1.347s] -- Up-to-date: /home/sunny/ros2_ws/install/more_interfaces/include/more_interfaces/more_interfaces/msg/detail
[1.347s] -- Up-to-date: /home/sunny/ros2_ws/install/more_interfaces/include/more_interfaces/more_interfaces/msg/detail/address_book__rosidl_typesupport_fastrtps_cpp.hpp
[1.347s] -- Up-to-date: /home/sunny/ros2_ws/install/more_interfaces/include/more_interfaces/more_interfaces/msg/detail/dds_fastrtps
[1.347s] -- Up-to-date: /home/sunny/ros2_ws/install/more_interfaces/lib/libmore_interfaces__rosidl_typesupport_fastrtps_cpp.so
[1.347s] -- Up-to-date: /home/sunny/ros2_ws/install/more_interfaces/include/more_interfaces/more_interfaces
[1.347s] -- Up-to-date: /home/sunny/ros2_ws/install/more_interfaces/include/more_interfaces/more_interfaces/msg
[1.347s] -- Up-to-date: /home/sunny/ros2_ws/install/more_interfaces/include/more_interfaces/more_interfaces/msg/detail
[1.347s] -- Up-to-date: /home/sunny/ros2_ws/install/more_interfaces/include/more_interfaces/more_interfaces/msg/detail/address_book__type_support.cpp
[1.348s] -- Up-to-date: /home/sunny/ros2_ws/install/more_interfaces/include/more_interfaces/more_interfaces/msg/detail/address_book__rosidl_typesupport_introspection_cpp.hpp
[1.348s] -- Up-to-date: /home/sunny/ros2_ws/install/more_interfaces/lib/libmore_interfaces__rosidl_typesupport_introspection_cpp.so
[1.348s] -- Up-to-date: /home/sunny/ros2_ws/install/more_interfaces/lib/libmore_interfaces__rosidl_typesupport_cpp.so
[1.348s] -- Up-to-date: /home/sunny/ros2_ws/install/more_interfaces/share/more_interfaces/environment/pythonpath.sh
[1.348s] -- Up-to-date: /home/sunny/ros2_ws/install/more_interfaces/share/more_interfaces/environment/pythonpath.dsv
[1.348s] -- Up-to-date: /home/sunny/ros2_ws/install/more_interfaces/local/lib/python3.10/dist-packages/more_interfaces-0.0.0-py3.10.egg-info
[1.348s] -- Installing: /home/sunny/ros2_ws/install/more_interfaces/local/lib/python3.10/dist-packages/more_interfaces-0.0.0-py3.10.egg-info/dependency_links.txt
[1.348s] -- Installing: /home/sunny/ros2_ws/install/more_interfaces/local/lib/python3.10/dist-packages/more_interfaces-0.0.0-py3.10.egg-info/top_level.txt
[1.348s] -- Installing: /home/sunny/ros2_ws/install/more_interfaces/local/lib/python3.10/dist-packages/more_interfaces-0.0.0-py3.10.egg-info/SOURCES.txt
[1.348s] -- Installing: /home/sunny/ros2_ws/install/more_interfaces/local/lib/python3.10/dist-packages/more_interfaces-0.0.0-py3.10.egg-info/PKG-INFO
[1.349s] -- Up-to-date: /home/sunny/ros2_ws/install/more_interfaces/local/lib/python3.10/dist-packages/more_interfaces
[1.349s] -- Up-to-date: /home/sunny/ros2_ws/install/more_interfaces/local/lib/python3.10/dist-packages/more_interfaces/msg
[1.350s] -- Up-to-date: /home/sunny/ros2_ws/install/more_interfaces/local/lib/python3.10/dist-packages/more_interfaces/msg/__init__.py
[1.350s] -- Up-to-date: /home/sunny/ros2_ws/install/more_interfaces/local/lib/python3.10/dist-packages/more_interfaces/msg/_address_book_s.c
[1.351s] -- Up-to-date: /home/sunny/ros2_ws/install/more_interfaces/local/lib/python3.10/dist-packages/more_interfaces/msg/_address_book.py
[1.351s] -- Up-to-date: /home/sunny/ros2_ws/install/more_interfaces/local/lib/python3.10/dist-packages/more_interfaces/more_interfaces_s__rosidl_typesupport_c.cpython-310-x86_64-linux-gnu.so
[1.351s] -- Up-to-date: /home/sunny/ros2_ws/install/more_interfaces/local/lib/python3.10/dist-packages/more_interfaces/more_interfaces_s__rosidl_typesupport_fastrtps_c.cpython-310-x86_64-linux-gnu.so
[1.351s] -- Up-to-date: /home/sunny/ros2_ws/install/more_interfaces/local/lib/python3.10/dist-packages/more_interfaces/_more_interfaces_s.ep.rosidl_typesupport_introspection_c.c
[1.351s] -- Up-to-date: /home/sunny/ros2_ws/install/more_interfaces/local/lib/python3.10/dist-packages/more_interfaces/more_interfaces_s__rosidl_typesupport_introspection_c.cpython-310-x86_64-linux-gnu.so
[1.351s] -- Up-to-date: /home/sunny/ros2_ws/install/more_interfaces/local/lib/python3.10/dist-packages/more_interfaces/libmore_interfaces__rosidl_generator_py.so
[1.351s] -- Up-to-date: /home/sunny/ros2_ws/install/more_interfaces/local/lib/python3.10/dist-packages/more_interfaces/__init__.py
[1.352s] -- Up-to-date: /home/sunny/ros2_ws/install/more_interfaces/local/lib/python3.10/dist-packages/more_interfaces/_more_interfaces_s.ep.rosidl_typesupport_fastrtps_c.c
[1.352s] -- Up-to-date: /home/sunny/ros2_ws/install/more_interfaces/local/lib/python3.10/dist-packages/more_interfaces/_more_interfaces_s.ep.rosidl_typesupport_c.c
[1.375s] Listing '/home/sunny/ros2_ws/install/more_interfaces/local/lib/python3.10/dist-packages/more_interfaces'...
[1.375s] Listing '/home/sunny/ros2_ws/install/more_interfaces/local/lib/python3.10/dist-packages/more_interfaces/msg'...
[1.383s] -- Up-to-date: /home/sunny/ros2_ws/install/more_interfaces/local/lib/python3.10/dist-packages/more_interfaces/more_interfaces_s__rosidl_typesupport_fastrtps_c.cpython-310-x86_64-linux-gnu.so
[1.383s] -- Up-to-date: /home/sunny/ros2_ws/install/more_interfaces/local/lib/python3.10/dist-packages/more_interfaces/more_interfaces_s__rosidl_typesupport_introspection_c.cpython-310-x86_64-linux-gnu.so
[1.384s] -- Up-to-date: /home/sunny/ros2_ws/install/more_interfaces/local/lib/python3.10/dist-packages/more_interfaces/more_interfaces_s__rosidl_typesupport_c.cpython-310-x86_64-linux-gnu.so
[1.384s] -- Up-to-date: /home/sunny/ros2_ws/install/more_interfaces/lib/libmore_interfaces__rosidl_generator_py.so
[1.385s] -- Up-to-date: /home/sunny/ros2_ws/install/more_interfaces/share/more_interfaces/msg/AddressBook.idl
[1.385s] -- Up-to-date: /home/sunny/ros2_ws/install/more_interfaces/share/more_interfaces/msg/AddressBook.msg
[1.385s] -- Up-to-date: /home/sunny/ros2_ws/install/more_interfaces/lib/more_interfaces/publish_address_book
[1.385s] -- Up-to-date: /home/sunny/ros2_ws/install/more_interfaces/share/ament_index/resource_index/package_run_dependencies/more_interfaces
[1.386s] -- Up-to-date: /home/sunny/ros2_ws/install/more_interfaces/share/ament_index/resource_index/parent_prefix_path/more_interfaces
[1.386s] -- Up-to-date: /home/sunny/ros2_ws/install/more_interfaces/share/more_interfaces/environment/ament_prefix_path.sh
[1.386s] -- Up-to-date: /home/sunny/ros2_ws/install/more_interfaces/share/more_interfaces/environment/ament_prefix_path.dsv
[1.386s] -- Up-to-date: /home/sunny/ros2_ws/install/more_interfaces/share/more_interfaces/environment/path.sh
[1.386s] -- Up-to-date: /home/sunny/ros2_ws/install/more_interfaces/share/more_interfaces/environment/path.dsv
[1.386s] -- Up-to-date: /home/sunny/ros2_ws/install/more_interfaces/share/more_interfaces/local_setup.bash
[1.387s] -- Up-to-date: /home/sunny/ros2_ws/install/more_interfaces/share/more_interfaces/local_setup.sh
[1.387s] -- Up-to-date: /home/sunny/ros2_ws/install/more_interfaces/share/more_interfaces/local_setup.zsh
[1.387s] -- Up-to-date: /home/sunny/ros2_ws/install/more_interfaces/share/more_interfaces/local_setup.dsv
[1.387s] -- Installing: /home/sunny/ros2_ws/install/more_interfaces/share/more_interfaces/package.dsv
[1.387s] -- Up-to-date: /home/sunny/ros2_ws/install/more_interfaces/share/ament_index/resource_index/packages/more_interfaces
[1.388s] -- Up-to-date: /home/sunny/ros2_ws/install/more_interfaces/share/more_interfaces/cmake/export_more_interfaces__rosidl_generator_cExport.cmake
[1.388s] -- Up-to-date: /home/sunny/ros2_ws/install/more_interfaces/share/more_interfaces/cmake/export_more_interfaces__rosidl_generator_cExport-noconfig.cmake
[1.388s] -- Up-to-date: /home/sunny/ros2_ws/install/more_interfaces/share/more_interfaces/cmake/export_more_interfaces__rosidl_typesupport_fastrtps_cExport.cmake
[1.388s] -- Up-to-date: /home/sunny/ros2_ws/install/more_interfaces/share/more_interfaces/cmake/export_more_interfaces__rosidl_typesupport_fastrtps_cExport-noconfig.cmake
[1.388s] -- Up-to-date: /home/sunny/ros2_ws/install/more_interfaces/share/more_interfaces/cmake/more_interfaces__rosidl_typesupport_introspection_cExport.cmake
[1.388s] -- Up-to-date: /home/sunny/ros2_ws/install/more_interfaces/share/more_interfaces/cmake/more_interfaces__rosidl_typesupport_introspection_cExport-noconfig.cmake
[1.389s] -- Up-to-date: /home/sunny/ros2_ws/install/more_interfaces/share/more_interfaces/cmake/more_interfaces__rosidl_typesupport_cExport.cmake
[1.389s] -- Up-to-date: /home/sunny/ros2_ws/install/more_interfaces/share/more_interfaces/cmake/more_interfaces__rosidl_typesupport_cExport-noconfig.cmake
[1.389s] -- Up-to-date: /home/sunny/ros2_ws/install/more_interfaces/share/more_interfaces/cmake/export_more_interfaces__rosidl_generator_cppExport.cmake
[1.389s] -- Up-to-date: /home/sunny/ros2_ws/install/more_interfaces/share/more_interfaces/cmake/export_more_interfaces__rosidl_typesupport_fastrtps_cppExport.cmake
[1.389s] -- Up-to-date: /home/sunny/ros2_ws/install/more_interfaces/share/more_interfaces/cmake/export_more_interfaces__rosidl_typesupport_fastrtps_cppExport-noconfig.cmake
[1.390s] -- Up-to-date: /home/sunny/ros2_ws/install/more_interfaces/share/more_interfaces/cmake/more_interfaces__rosidl_typesupport_introspection_cppExport.cmake
[1.390s] -- Up-to-date: /home/sunny/ros2_ws/install/more_interfaces/share/more_interfaces/cmake/more_interfaces__rosidl_typesupport_introspection_cppExport-noconfig.cmake
[1.390s] -- Up-to-date: /home/sunny/ros2_ws/install/more_interfaces/share/more_interfaces/cmake/more_interfaces__rosidl_typesupport_cppExport.cmake
[1.390s] -- Up-to-date: /home/sunny/ros2_ws/install/more_interfaces/share/more_interfaces/cmake/more_interfaces__rosidl_typesupport_cppExport-noconfig.cmake
[1.390s] -- Up-to-date: /home/sunny/ros2_ws/install/more_interfaces/share/more_interfaces/cmake/export_more_interfaces__rosidl_generator_pyExport.cmake
[1.391s] -- Up-to-date: /home/sunny/ros2_ws/install/more_interfaces/share/more_interfaces/cmake/export_more_interfaces__rosidl_generator_pyExport-noconfig.cmake
[1.391s] -- Up-to-date: /home/sunny/ros2_ws/install/more_interfaces/share/more_interfaces/cmake/rosidl_cmake-extras.cmake
[1.392s] -- Up-to-date: /home/sunny/ros2_ws/install/more_interfaces/share/more_interfaces/cmake/ament_cmake_export_include_directories-extras.cmake
[1.393s] -- Up-to-date: /home/sunny/ros2_ws/install/more_interfaces/share/more_interfaces/cmake/ament_cmake_export_libraries-extras.cmake
[1.393s] -- Up-to-date: /home/sunny/ros2_ws/install/more_interfaces/share/more_interfaces/cmake/ament_cmake_export_targets-extras.cmake
[1.393s] -- Up-to-date: /home/sunny/ros2_ws/install/more_interfaces/share/more_interfaces/cmake/rosidl_cmake_export_typesupport_targets-extras.cmake
[1.394s] -- Up-to-date: /home/sunny/ros2_ws/install/more_interfaces/share/more_interfaces/cmake/ament_cmake_export_dependencies-extras.cmake
[1.394s] -- Up-to-date: /home/sunny/ros2_ws/install/more_interfaces/share/more_interfaces/cmake/rosidl_cmake_export_typesupport_libraries-extras.cmake
[1.394s] -- Up-to-date: /home/sunny/ros2_ws/install/more_interfaces/share/more_interfaces/cmake/more_interfacesConfig.cmake
[1.394s] -- Up-to-date: /home/sunny/ros2_ws/install/more_interfaces/share/more_interfaces/cmake/more_interfacesConfig-version.cmake
[1.394s] -- Up-to-date: /home/sunny/ros2_ws/install/more_interfaces/share/more_interfaces/package.xml
[1.413s] Invoked command in '/home/sunny/ros2_ws/build/more_interfaces' returned '0': CMAKE_PREFIX_PATH=/opt/ros/humble /usr/bin/cmake --install /home/sunny/ros2_ws/build/more_interfaces
