[0.017s] Invoking command in '/home/sunny/ros2_ws/build/cpp_parsing': CMAKE_PREFIX_PATH=/home/sunny/ros2_ws/install/custom_interfaces:/home/sunny/ros2_ws/install/cpp_srvcli:/home/sunny/ros2_ws/install/cpp_pubsub:/home/sunny/ros2_ws/install/tutorial_interfaces:/home/sunny/ros2_ws/install/turtlesim:/home/sunny/ros2_ws/install/polygon_plugins:/home/sunny/ros2_ws/install/polygon_base:/home/sunny/ros2_ws/install/my_package:/home/sunny/ros2_ws/install/more_interfaces:/home/sunny/ros2_ws/install/cpp_parsing:/home/sunny/ros2_ws/install/cpp_proj:/home/sunny/ros2_ws/install/cpp_parameters:/home/sunny/ros2_ws/install/py_proj:/opt/ros/humble LD_LIBRARY_PATH=/home/sunny/ros2_ws/install/custom_interfaces/lib:/home/sunny/ros2_ws/install/tutorial_interfaces/lib:/home/sunny/ros2_ws/install/turtlesim/lib:/home/sunny/ros2_ws/install/polygon_plugins/lib:/home/sunny/ros2_ws/install/more_interfaces/lib:/opt/ros/humble/opt/rviz_ogre_vendor/lib:/opt/ros/humble/lib/x86_64-linux-gnu:/opt/ros/humble/lib /usr/bin/cmake --build /home/sunny/ros2_ws/build/cpp_parsing -- -j12 -l12
[0.059s] [35m[1mConsolidate compiler generated dependencies of target reader[0m
[0.072s] [ 50%] Built target parser
[0.104s] [ 75%] [32mBuilding CXX object CMakeFiles/reader.dir/src/nmea_reader.cpp.o[0m
[3.465s] [01m[K/home/sunny/ros2_ws/src/cpp_parsing/src/nmea_reader.cpp:[m[K In constructor ‘[01m[KNmeaReader::NmeaReader()[m[K’:
[3.466s] [01m[K/home/sunny/ros2_ws/src/cpp_parsing/src/nmea_reader.cpp:16:108:[m[K [01;31m[Kerror: [m[K‘[01m[Kstd::basic_streambuf<_CharT, _Traits>::basic_streambuf() [with _CharT = char; _Traits = std::char_traits<char>][m[K’ is protected within this context
[3.466s]    16 | der"), port("/dev/ttyACM0"), brate(115200), context(), serial(context, port[01;31m[K)[m[K
[3.466s]       |                                                                            [01;31m[K^[m[K
[3.466s] 
[3.466s] In file included from [01m[K/usr/include/c++/11/ios:43[m[K,
[3.466s]                  from [01m[K/usr/include/c++/11/ostream:38[m[K,
[3.466s]                  from [01m[K/usr/include/c++/11/iostream:39[m[K,
[3.466s]                  from [01m[K/home/sunny/ros2_ws/src/cpp_parsing/src/nmea_reader.cpp:3[m[K:
[3.466s] [01m[K/usr/include/c++/11/streambuf:468:7:[m[K [01;36m[Knote: [m[Kdeclared protected here
[3.466s]   468 |       [01;36m[Kbasic_streambuf[m[K()
[3.466s]       |       [01;36m[K^~~~~~~~~~~~~~~[m[K
[3.475s] [01m[K/home/sunny/ros2_ws/src/cpp_parsing/src/nmea_reader.cpp:[m[K In member function ‘[01m[Kvoid NmeaReader::start_reading()[m[K’:
[3.475s] [01m[K/home/sunny/ros2_ws/src/cpp_parsing/src/nmea_reader.cpp:43:25:[m[K [01;31m[Kerror: [m[Kno matching function for call to ‘[01m[Kasync_read_until(boost::asio::serial_port&, std::streambuf&, const char [2], std::_Bind_helper<false, void (NmeaReader::*)(const boost::system::error_code&, long unsigned int), NmeaReader*, const std::_Placeholder<1>&, const std::_Placeholder<2>&>::type)[m[K’
[3.475s]    43 |         [01;31m[Kasync_read_until(serial, buffer, "\n", bind(&NmeaReader::handle_read, this, std::placeholders::_1, std::placeholders::_2))[m[K;
[3.475s]       |         [01;31m[K~~~~~~~~~~~~~~~~^~~~~~~~~~~~~~~~~~~~~~~~~~~~~~~~~~~~~~~~~~~~~~~~~~~~~~~~~~~~~~~~~~~~~~~~~~~~~~~~~~~~~~~~~~~~~~~~~~~~~~~~~~[m[K
[3.475s] In file included from [01m[K/usr/include/boost/asio/read_until.hpp:2863[m[K,
[3.475s]                  from [01m[K/usr/include/boost/asio.hpp:146[m[K,
[3.476s]                  from [01m[K/home/sunny/ros2_ws/src/cpp_parsing/src/nmea_reader.cpp:5[m[K:
[3.476s] [01m[K/usr/include/boost/asio/impl/read_until.hpp:1062:1:[m[K [01;36m[Knote: [m[Kcandidate: ‘[01m[Ktemplate<class AsyncReadStream, class DynamicBuffer_v1, class ReadHandler> auto boost::asio::async_read_until(AsyncReadStream&, DynamicBuffer_v1&&, char, ReadHandler&&, typename std::enable_if<(boost::asio::is_dynamic_buffer_v1<typename std::decay<_Tp2>::type>::value && (! boost::asio::is_dynamic_buffer_v2<typename std::decay<_Tp2>::type>::value))>::type*)[m[K’
[3.476s]  1062 | [01;36m[Kasync_read_until[m[K(AsyncReadStream& s,
[3.476s]       | [01;36m[K^~~~~~~~~~~~~~~~[m[K
[3.476s] [01m[K/usr/include/boost/asio/impl/read_until.hpp:1062:1:[m[K [01;36m[Knote: [m[K  template argument deduction/substitution failed:
[3.476s] [01m[K/home/sunny/ros2_ws/src/cpp_parsing/src/nmea_reader.cpp:43:42:[m[K [01;36m[Knote: [m[K  cannot convert ‘[01m[K"\012"[m[K’ (type ‘[01m[Kconst char [2][m[K’) to type ‘[01m[Kchar[m[K’
[3.476s]    43 |         async_read_until(serial, buffer, [01;36m[K"\n"[m[K, bind(&NmeaReader::handle_read, this, std::placeholders::_1, std::placeholders::_2));
[3.476s]       |                                          [01;36m[K^~~~[m[K
[3.476s] In file included from [01m[K/usr/include/boost/asio/read_until.hpp:2863[m[K,
[3.476s]                  from [01m[K/usr/include/boost/asio.hpp:146[m[K,
[3.476s]                  from [01m[K/home/sunny/ros2_ws/src/cpp_parsing/src/nmea_reader.cpp:5[m[K:
[3.476s] [01m[K/usr/include/boost/asio/impl/read_until.hpp:1369:1:[m[K [01;36m[Knote: [m[Kcandidate: ‘[01m[Ktemplate<class AsyncReadStream, class DynamicBuffer_v1, class ReadHandler> auto boost::asio::async_read_until(AsyncReadStream&, DynamicBuffer_v1&&, std::string_view, ReadHandler&&, typename std::enable_if<(boost::asio::is_dynamic_buffer_v1<typename std::decay<_Tp2>::type>::value && (! boost::asio::is_dynamic_buffer_v2<typename std::decay<_Tp2>::type>::value))>::type*)[m[K’
[3.476s]  1369 | [01;36m[Kasync_read_until[m[K(AsyncReadStream& s,
[3.476s]       | [01;36m[K^~~~~~~~~~~~~~~~[m[K
[3.476s] [01m[K/usr/include/boost/asio/impl/read_until.hpp:1369:1:[m[K [01;36m[Knote: [m[K  template argument deduction/substitution failed:
[3.476s] /usr/include/boost/asio/impl/read_until.hpp: In substitution of ‘[01m[Ktemplate<class AsyncReadStream, class DynamicBuffer_v1, class ReadHandler> auto boost::asio::async_read_until(AsyncReadStream&, DynamicBuffer_v1&&, std::string_view, ReadHandler&&, typename std::enable_if<(boost::asio::is_dynamic_buffer_v1<typename std::decay<_Tp2>::type>::value && (! boost::asio::is_dynamic_buffer_v2<typename std::decay<_Tp2>::type>::value))>::type*) [with AsyncReadStream = boost::asio::basic_serial_port<>; DynamicBuffer_v1 = std::basic_streambuf<char>&; ReadHandler = std::_Bind<void (NmeaReader::*(NmeaReader*, std::_Placeholder<1>, std::_Placeholder<2>))(const boost::system::error_code&, long unsigned int)>][m[K’:
[3.476s] [01m[K/home/sunny/ros2_ws/src/cpp_parsing/src/nmea_reader.cpp:43:25:[m[K   required from here
[3.477s] [01m[K/usr/include/boost/asio/impl/read_until.hpp:1369:1:[m[K [01;31m[Kerror: [m[Kno type named ‘[01m[Ktype[m[K’ in ‘[01m[Kstruct std::enable_if<false, void>[m[K’
[3.477s] [01m[K/usr/include/boost/asio/impl/read_until.hpp:1683:1:[m[K [01;36m[Knote: [m[Kcandidate: ‘[01m[Ktemplate<class AsyncReadStream, class DynamicBuffer_v1, class ReadHandler> auto boost::asio::async_read_until(AsyncReadStream&, DynamicBuffer_v1&&, const regex&, ReadHandler&&, typename std::enable_if<(boost::asio::is_dynamic_buffer_v1<typename std::decay<_Tp2>::type>::value && (! boost::asio::is_dynamic_buffer_v2<typename std::decay<_Tp2>::type>::value))>::type*)[m[K’
[3.477s]  1683 | [01;36m[Kasync_read_until[m[K(AsyncReadStream& s,
[3.477s]       | [01;36m[K^~~~~~~~~~~~~~~~[m[K
[3.477s] [01m[K/usr/include/boost/asio/impl/read_until.hpp:1683:1:[m[K [01;36m[Knote: [m[K  template argument deduction/substitution failed:
[3.477s] [01m[K/home/sunny/ros2_ws/src/cpp_parsing/src/nmea_reader.cpp:43:42:[m[K [01;36m[Knote: [m[K  cannot convert ‘[01m[K"\012"[m[K’ (type ‘[01m[Kconst char [2][m[K’) to type ‘[01m[Kconst regex&[m[K’ {aka ‘[01m[Kconst boost::basic_regex<char, boost::regex_traits<char> >&[m[K’}
[3.477s]    43 |         async_read_until(serial, buffer, [01;36m[K"\n"[m[K, bind(&NmeaReader::handle_read, this, std::placeholders::_1, std::placeholders::_2));
[3.477s]       |                                          [01;36m[K^~~~[m[K
[3.477s] In file included from [01m[K/usr/include/boost/asio/read_until.hpp:2863[m[K,
[3.477s]                  from [01m[K/usr/include/boost/asio.hpp:146[m[K,
[3.477s]                  from [01m[K/home/sunny/ros2_ws/src/cpp_parsing/src/nmea_reader.cpp:5[m[K:
[3.477s] [01m[K/usr/include/boost/asio/impl/read_until.hpp:1996:1:[m[K [01;36m[Knote: [m[Kcandidate: ‘[01m[Ktemplate<class AsyncReadStream, class DynamicBuffer_v1, class MatchCondition, class ReadHandler> auto boost::asio::async_read_until(AsyncReadStream&, DynamicBuffer_v1&&, MatchCondition, ReadHandler&&, typename std::enable_if<((boost::asio::is_match_condition<MatchCondition>::value && boost::asio::is_dynamic_buffer_v1<typename std::decay<_Tp2>::type>::value) && (! boost::asio::is_dynamic_buffer_v2<typename std::decay<_Tp2>::type>::value))>::type*)[m[K’
[3.477s]  1996 | [01;36m[Kasync_read_until[m[K(AsyncReadStream& s,
[3.477s]       | [01;36m[K^~~~~~~~~~~~~~~~[m[K
[3.477s] [01m[K/usr/include/boost/asio/impl/read_until.hpp:1996:1:[m[K [01;36m[Knote: [m[K  template argument deduction/substitution failed:
[3.477s] /usr/include/boost/asio/impl/read_until.hpp: In substitution of ‘[01m[Ktemplate<class AsyncReadStream, class DynamicBuffer_v1, class MatchCondition, class ReadHandler> auto boost::asio::async_read_until(AsyncReadStream&, DynamicBuffer_v1&&, MatchCondition, ReadHandler&&, typename std::enable_if<((boost::asio::is_match_condition<MatchCondition>::value && boost::asio::is_dynamic_buffer_v1<typename std::decay<_Tp2>::type>::value) && (! boost::asio::is_dynamic_buffer_v2<typename std::decay<_Tp2>::type>::value))>::type*) [with AsyncReadStream = boost::asio::basic_serial_port<>; DynamicBuffer_v1 = std::basic_streambuf<char>&; MatchCondition = const char*; ReadHandler = std::_Bind<void (NmeaReader::*(NmeaReader*, std::_Placeholder<1>, std::_Placeholder<2>))(const boost::system::error_code&, long unsigned int)>][m[K’:
[3.477s] [01m[K/home/sunny/ros2_ws/src/cpp_parsing/src/nmea_reader.cpp:43:25:[m[K   required from here
[3.477s] [01m[K/usr/include/boost/asio/impl/read_until.hpp:1996:1:[m[K [01;31m[Kerror: [m[Kno type named ‘[01m[Ktype[m[K’ in ‘[01m[Kstruct std::enable_if<false, void>[m[K’
[3.477s] [01m[K/usr/include/boost/asio/impl/read_until.hpp:2018:1:[m[K [01;36m[Knote: [m[Kcandidate: ‘[01m[Ktemplate<class AsyncReadStream, class Allocator, class ReadHandler> auto boost::asio::async_read_until(AsyncReadStream&, boost::asio::basic_streambuf<Allocator>&, char, ReadHandler&&)[m[K’
[3.478s]  2018 | [01;36m[Kasync_read_until[m[K(AsyncReadStream& s,
[3.478s]       | [01;36m[K^~~~~~~~~~~~~~~~[m[K
[3.478s] [01m[K/usr/include/boost/asio/impl/read_until.hpp:2018:1:[m[K [01;36m[Knote: [m[K  template argument deduction/substitution failed:
[3.478s] [01m[K/home/sunny/ros2_ws/src/cpp_parsing/src/nmea_reader.cpp:43:25:[m[K [01;36m[Knote: [m[K  ‘[01m[Kstd::streambuf[m[K’ {aka ‘[01m[Kstd::basic_streambuf<char>[m[K’} is not derived from ‘[01m[Kboost::asio::basic_streambuf<Allocator>[m[K’
[3.478s]    43 |         [01;36m[Kasync_read_until(serial, buffer, "\n", bind(&NmeaReader::handle_read, this, std::placeholders::_1, std::placeholders::_2))[m[K;
[3.478s]       |         [01;36m[K~~~~~~~~~~~~~~~~^~~~~~~~~~~~~~~~~~~~~~~~~~~~~~~~~~~~~~~~~~~~~~~~~~~~~~~~~~~~~~~~~~~~~~~~~~~~~~~~~~~~~~~~~~~~~~~~~~~~~~~~~~[m[K
[3.478s] In file included from [01m[K/usr/include/boost/asio/read_until.hpp:2863[m[K,
[3.478s]                  from [01m[K/usr/include/boost/asio.hpp:146[m[K,
[3.478s]                  from [01m[K/home/sunny/ros2_ws/src/cpp_parsing/src/nmea_reader.cpp:5[m[K:
[3.478s] [01m[K/usr/include/boost/asio/impl/read_until.hpp:2031:1:[m[K [01;36m[Knote: [m[Kcandidate: ‘[01m[Ktemplate<class AsyncReadStream, class Allocator, class ReadHandler> auto boost::asio::async_read_until(AsyncReadStream&, boost::asio::basic_streambuf<Allocator>&, std::string_view, ReadHandler&&)[m[K’
[3.478s]  2031 | [01;36m[Kasync_read_until[m[K(AsyncReadStream& s,
[3.478s]       | [01;36m[K^~~~~~~~~~~~~~~~[m[K
[3.478s] [01m[K/usr/include/boost/asio/impl/read_until.hpp:2031:1:[m[K [01;36m[Knote: [m[K  template argument deduction/substitution failed:
[3.478s] [01m[K/home/sunny/ros2_ws/src/cpp_parsing/src/nmea_reader.cpp:43:25:[m[K [01;36m[Knote: [m[K  ‘[01m[Kstd::streambuf[m[K’ {aka ‘[01m[Kstd::basic_streambuf<char>[m[K’} is not derived from ‘[01m[Kboost::asio::basic_streambuf<Allocator>[m[K’
[3.478s]    43 |         [01;36m[Kasync_read_until(serial, buffer, "\n", bind(&NmeaReader::handle_read, this, std::placeholders::_1, std::placeholders::_2))[m[K;
[3.478s]       |         [01;36m[K~~~~~~~~~~~~~~~~^~~~~~~~~~~~~~~~~~~~~~~~~~~~~~~~~~~~~~~~~~~~~~~~~~~~~~~~~~~~~~~~~~~~~~~~~~~~~~~~~~~~~~~~~~~~~~~~~~~~~~~~~~[m[K
[3.478s] In file included from [01m[K/usr/include/boost/asio/read_until.hpp:2863[m[K,
[3.478s]                  from [01m[K/usr/include/boost/asio.hpp:146[m[K,
[3.478s]                  from [01m[K/home/sunny/ros2_ws/src/cpp_parsing/src/nmea_reader.cpp:5[m[K:
[3.478s] [01m[K/usr/include/boost/asio/impl/read_until.hpp:2047:1:[m[K [01;36m[Knote: [m[Kcandidate: ‘[01m[Ktemplate<class AsyncReadStream, class Allocator, class ReadHandler> auto boost::asio::async_read_until(AsyncReadStream&, boost::asio::basic_streambuf<Allocator>&, const regex&, ReadHandler&&)[m[K’
[3.479s]  2047 | [01;36m[Kasync_read_until[m[K(AsyncReadStream& s,
[3.479s]       | [01;36m[K^~~~~~~~~~~~~~~~[m[K
[3.479s] [01m[K/usr/include/boost/asio/impl/read_until.hpp:2047:1:[m[K [01;36m[Knote: [m[K  template argument deduction/substitution failed:
[3.479s] [01m[K/home/sunny/ros2_ws/src/cpp_parsing/src/nmea_reader.cpp:43:25:[m[K [01;36m[Knote: [m[K  ‘[01m[Kstd::streambuf[m[K’ {aka ‘[01m[Kstd::basic_streambuf<char>[m[K’} is not derived from ‘[01m[Kboost::asio::basic_streambuf<Allocator>[m[K’
[3.479s]    43 |         [01;36m[Kasync_read_until(serial, buffer, "\n", bind(&NmeaReader::handle_read, this, std::placeholders::_1, std::placeholders::_2))[m[K;
[3.479s]       |         [01;36m[K~~~~~~~~~~~~~~~~^~~~~~~~~~~~~~~~~~~~~~~~~~~~~~~~~~~~~~~~~~~~~~~~~~~~~~~~~~~~~~~~~~~~~~~~~~~~~~~~~~~~~~~~~~~~~~~~~~~~~~~~~~[m[K
[3.479s] In file included from [01m[K/usr/include/boost/asio/read_until.hpp:2863[m[K,
[3.479s]                  from [01m[K/usr/include/boost/asio.hpp:146[m[K,
[3.479s]                  from [01m[K/home/sunny/ros2_ws/src/cpp_parsing/src/nmea_reader.cpp:5[m[K:
[3.479s] [01m[K/usr/include/boost/asio/impl/read_until.hpp:2062:1:[m[K [01;36m[Knote: [m[Kcandidate: ‘[01m[Ktemplate<class AsyncReadStream, class Allocator, class MatchCondition, class ReadHandler> auto boost::asio::async_read_until(AsyncReadStream&, boost::asio::basic_streambuf<Allocator>&, MatchCondition, ReadHandler&&, typename std::enable_if<boost::asio::is_match_condition<MatchCondition>::value>::type*)[m[K’
[3.479s]  2062 | [01;36m[Kasync_read_until[m[K(AsyncReadStream& s,
[3.479s]       | [01;36m[K^~~~~~~~~~~~~~~~[m[K
[3.479s] [01m[K/usr/include/boost/asio/impl/read_until.hpp:2062:1:[m[K [01;36m[Knote: [m[K  template argument deduction/substitution failed:
[3.479s] [01m[K/home/sunny/ros2_ws/src/cpp_parsing/src/nmea_reader.cpp:43:25:[m[K [01;36m[Knote: [m[K  ‘[01m[Kstd::streambuf[m[K’ {aka ‘[01m[Kstd::basic_streambuf<char>[m[K’} is not derived from ‘[01m[Kboost::asio::basic_streambuf<Allocator>[m[K’
[3.479s]    43 |         [01;36m[Kasync_read_until(serial, buffer, "\n", bind(&NmeaReader::handle_read, this, std::placeholders::_1, std::placeholders::_2))[m[K;
[3.479s]       |         [01;36m[K~~~~~~~~~~~~~~~~^~~~~~~~~~~~~~~~~~~~~~~~~~~~~~~~~~~~~~~~~~~~~~~~~~~~~~~~~~~~~~~~~~~~~~~~~~~~~~~~~~~~~~~~~~~~~~~~~~~~~~~~~~[m[K
[3.479s] In file included from [01m[K/usr/include/boost/asio/read_until.hpp:2863[m[K,
[3.479s]                  from [01m[K/usr/include/boost/asio.hpp:146[m[K,
[3.479s]                  from [01m[K/home/sunny/ros2_ws/src/cpp_parsing/src/nmea_reader.cpp:5[m[K:
[3.480s] [01m[K/usr/include/boost/asio/impl/read_until.hpp:2364:1:[m[K [01;36m[Knote: [m[Kcandidate: ‘[01m[Ktemplate<class AsyncReadStream, class DynamicBuffer_v2, class ReadHandler> auto boost::asio::async_read_until(AsyncReadStream&, DynamicBuffer_v2, char, ReadHandler&&, typename std::enable_if<boost::asio::is_dynamic_buffer_v2<DynamicBuffer_v2>::value>::type*)[m[K’
[3.480s]  2364 | [01;36m[Kasync_read_until[m[K(AsyncReadStream& s, DynamicBuffer_v2 buffers,
[3.480s]       | [01;36m[K^~~~~~~~~~~~~~~~[m[K
[3.480s] [01m[K/usr/include/boost/asio/impl/read_until.hpp:2364:1:[m[K [01;36m[Knote: [m[K  template argument deduction/substitution failed:
[3.480s] [01m[K/home/sunny/ros2_ws/src/cpp_parsing/src/nmea_reader.cpp:43:42:[m[K [01;36m[Knote: [m[K  cannot convert ‘[01m[K"\012"[m[K’ (type ‘[01m[Kconst char [2][m[K’) to type ‘[01m[Kchar[m[K’
[3.480s]    43 |         async_read_until(serial, buffer, [01;36m[K"\n"[m[K, bind(&NmeaReader::handle_read, this, std::placeholders::_1, std::placeholders::_2));
[3.480s]       |                                          [01;36m[K^~~~[m[K
[3.480s] In file included from [01m[K/usr/include/boost/asio/read_until.hpp:2863[m[K,
[3.480s]                  from [01m[K/usr/include/boost/asio.hpp:146[m[K,
[3.480s]                  from [01m[K/home/sunny/ros2_ws/src/cpp_parsing/src/nmea_reader.cpp:5[m[K:
[3.480s] [01m[K/usr/include/boost/asio/impl/read_until.hpp:2678:1:[m[K [01;36m[Knote: [m[Kcandidate: ‘[01m[Ktemplate<class AsyncReadStream, class DynamicBuffer_v2, class ReadHandler> auto boost::asio::async_read_until(AsyncReadStream&, DynamicBuffer_v2, std::string_view, ReadHandler&&, typename std::enable_if<boost::asio::is_dynamic_buffer_v2<DynamicBuffer_v2>::value>::type*)[m[K’
[3.480s]  2678 | [01;36m[Kasync_read_until[m[K(AsyncReadStream& s,
[3.480s]       | [01;36m[K^~~~~~~~~~~~~~~~[m[K
[3.480s] [01m[K/usr/include/boost/asio/impl/read_until.hpp:2678:1:[m[K [01;36m[Knote: [m[K  template argument deduction/substitution failed:
[3.480s] /usr/include/boost/asio/impl/read_until.hpp: In substitution of ‘[01m[Ktemplate<class AsyncReadStream, class DynamicBuffer_v2, class ReadHandler> auto boost::asio::async_read_until(AsyncReadStream&, DynamicBuffer_v2, std::string_view, ReadHandler&&, typename std::enable_if<boost::asio::is_dynamic_buffer_v2<DynamicBuffer_v2>::value>::type*) [with AsyncReadStream = boost::asio::basic_serial_port<>; DynamicBuffer_v2 = std::basic_streambuf<char>; ReadHandler = std::_Bind<void (NmeaReader::*(NmeaReader*, std::_Placeholder<1>, std::_Placeholder<2>))(const boost::system::error_code&, long unsigned int)>][m[K’:
[3.480s] [01m[K/home/sunny/ros2_ws/src/cpp_parsing/src/nmea_reader.cpp:43:25:[m[K   required from here
[3.480s] [01m[K/usr/include/boost/asio/impl/read_until.hpp:2678:1:[m[K [01;31m[Kerror: [m[Kno type named ‘[01m[Ktype[m[K’ in ‘[01m[Kstruct std::enable_if<false, void>[m[K’
[3.480s] [01m[K/usr/include/boost/asio/impl/read_until.hpp:2999:1:[m[K [01;36m[Knote: [m[Kcandidate: ‘[01m[Ktemplate<class AsyncReadStream, class DynamicBuffer_v2, class ReadHandler> auto boost::asio::async_read_until(AsyncReadStream&, DynamicBuffer_v2, const regex&, ReadHandler&&, typename std::enable_if<boost::asio::is_dynamic_buffer_v2<DynamicBuffer_v2>::value>::type*)[m[K’
[3.480s]  2999 | [01;36m[Kasync_read_until[m[K(AsyncReadStream& s, DynamicBuffer_v2 buffers,
[3.480s]       | [01;36m[K^~~~~~~~~~~~~~~~[m[K
[3.481s] [01m[K/usr/include/boost/asio/impl/read_until.hpp:2999:1:[m[K [01;36m[Knote: [m[K  template argument deduction/substitution failed:
[3.481s] [01m[K/home/sunny/ros2_ws/src/cpp_parsing/src/nmea_reader.cpp:43:42:[m[K [01;36m[Knote: [m[K  cannot convert ‘[01m[K"\012"[m[K’ (type ‘[01m[Kconst char [2][m[K’) to type ‘[01m[Kconst regex&[m[K’ {aka ‘[01m[Kconst boost::basic_regex<char, boost::regex_traits<char> >&[m[K’}
[3.481s]    43 |         async_read_until(serial, buffer, [01;36m[K"\n"[m[K, bind(&NmeaReader::handle_read, this, std::placeholders::_1, std::placeholders::_2));
[3.481s]       |                                          [01;36m[K^~~~[m[K
[3.481s] In file included from [01m[K/usr/include/boost/asio/read_until.hpp:2863[m[K,
[3.481s]                  from [01m[K/usr/include/boost/asio.hpp:146[m[K,
[3.481s]                  from [01m[K/home/sunny/ros2_ws/src/cpp_parsing/src/nmea_reader.cpp:5[m[K:
[3.481s] [01m[K/usr/include/boost/asio/impl/read_until.hpp:3317:1:[m[K [01;36m[Knote: [m[Kcandidate: ‘[01m[Ktemplate<class AsyncReadStream, class DynamicBuffer_v2, class MatchCondition, class ReadHandler> auto boost::asio::async_read_until(AsyncReadStream&, DynamicBuffer_v2, MatchCondition, ReadHandler&&, typename std::enable_if<(boost::asio::is_match_condition<MatchCondition>::value && boost::asio::is_dynamic_buffer_v2<DynamicBuffer_v2>::value)>::type*)[m[K’
[3.481s]  3317 | [01;36m[Kasync_read_until[m[K(AsyncReadStream& s, DynamicBuffer_v2 buffers,
[3.481s]       | [01;36m[K^~~~~~~~~~~~~~~~[m[K
[3.481s] [01m[K/usr/include/boost/asio/impl/read_until.hpp:3317:1:[m[K [01;36m[Knote: [m[K  template argument deduction/substitution failed:
[3.481s] /usr/include/boost/asio/impl/read_until.hpp: In substitution of ‘[01m[Ktemplate<class AsyncReadStream, class DynamicBuffer_v2, class MatchCondition, class ReadHandler> auto boost::asio::async_read_until(AsyncReadStream&, DynamicBuffer_v2, MatchCondition, ReadHandler&&, typename std::enable_if<(boost::asio::is_match_condition<MatchCondition>::value && boost::asio::is_dynamic_buffer_v2<DynamicBuffer_v2>::value)>::type*) [with AsyncReadStream = boost::asio::basic_serial_port<>; DynamicBuffer_v2 = std::basic_streambuf<char>; MatchCondition = const char*; ReadHandler = std::_Bind<void (NmeaReader::*(NmeaReader*, std::_Placeholder<1>, std::_Placeholder<2>))(const boost::system::error_code&, long unsigned int)>][m[K’:
[3.481s] [01m[K/home/sunny/ros2_ws/src/cpp_parsing/src/nmea_reader.cpp:43:25:[m[K   required from here
[3.481s] [01m[K/usr/include/boost/asio/impl/read_until.hpp:3317:1:[m[K [01;31m[Kerror: [m[Kno type named ‘[01m[Ktype[m[K’ in ‘[01m[Kstruct std::enable_if<false, void>[m[K’
[3.481s] [01m[K/home/sunny/ros2_ws/src/cpp_parsing/src/nmea_reader.cpp:[m[K In member function ‘[01m[Kvoid NmeaReader::handle_read(const boost::system::error_code&, size_t)[m[K’:
[3.481s] [01m[K/home/sunny/ros2_ws/src/cpp_parsing/src/nmea_reader.cpp:46:69:[m[K [01;35m[Kwarning: [m[Kunused parameter ‘[01m[Kbytes_transferred[m[K’ [[01;35m[K]8;;https://gcc.gnu.org/onlinedocs/gcc/Warning-Options.html#index-Wunused-parameter-Wunused-parameter]8;;[m[K]
[3.481s]    46 |  void handle_read(const boost::system::error_code &error, [01;35m[Ksize_t bytes_transferred[m[K)
[3.481s]       |                                                           [01;35m[K~~~~~~~^~~~~~~~~~~~~~~~~[m[K
[3.481s] 
[3.482s] [01m[K/home/sunny/ros2_ws/src/cpp_parsing/src/nmea_reader.cpp:[m[K In member function ‘[01m[Kvoid NmeaReader::publish_data(const string&)[m[K’:
[3.482s] [01m[K/home/sunny/ros2_ws/src/cpp_parsing/src/nmea_reader.cpp:58:37:[m[K [01;35m[Kwarning: [m[Kunused parameter ‘[01m[Kdata[m[K’ [[01;35m[K]8;;https://gcc.gnu.org/onlinedocs/gcc/Warning-Options.html#index-Wunused-parameter-Wunused-parameter]8;;[m[K]
[3.482s]    58 |     void publish_data([01;35m[Kconst string &data[m[K)
[3.482s]       |                       [01;35m[K~~~~~~~~~~~~~~^~~~[m[K
[4.954s] gmake[2]: *** [CMakeFiles/reader.dir/build.make:76: CMakeFiles/reader.dir/src/nmea_reader.cpp.o] Error 1
[4.954s] gmake[1]: *** [CMakeFiles/Makefile2:139: CMakeFiles/reader.dir/all] Error 2
[4.954s] gmake: *** [Makefile:146: all] Error 2
[4.957s] Invoked command in '/home/sunny/ros2_ws/build/cpp_parsing' returned '2': CMAKE_PREFIX_PATH=/home/sunny/ros2_ws/install/custom_interfaces:/home/sunny/ros2_ws/install/cpp_srvcli:/home/sunny/ros2_ws/install/cpp_pubsub:/home/sunny/ros2_ws/install/tutorial_interfaces:/home/sunny/ros2_ws/install/turtlesim:/home/sunny/ros2_ws/install/polygon_plugins:/home/sunny/ros2_ws/install/polygon_base:/home/sunny/ros2_ws/install/my_package:/home/sunny/ros2_ws/install/more_interfaces:/home/sunny/ros2_ws/install/cpp_parsing:/home/sunny/ros2_ws/install/cpp_proj:/home/sunny/ros2_ws/install/cpp_parameters:/home/sunny/ros2_ws/install/py_proj:/opt/ros/humble LD_LIBRARY_PATH=/home/sunny/ros2_ws/install/custom_interfaces/lib:/home/sunny/ros2_ws/install/tutorial_interfaces/lib:/home/sunny/ros2_ws/install/turtlesim/lib:/home/sunny/ros2_ws/install/polygon_plugins/lib:/home/sunny/ros2_ws/install/more_interfaces/lib:/opt/ros/humble/opt/rviz_ogre_vendor/lib:/opt/ros/humble/lib/x86_64-linux-gnu:/opt/ros/humble/lib /usr/bin/cmake --build /home/sunny/ros2_ws/build/cpp_parsing -- -j12 -l12
