[35m[1mConsolidate compiler generated dependencies of target reader[0m
[ 25%] [32mBuilding CXX object CMakeFiles/parser.dir/src/utm_parser.cpp.o[0m
[ 75%] Built target reader
[01m[K/home/sunny/ros2_ws/src/cpp_parsing/src/utm_parser.cpp:90:103:[m[K [01;31m[Kerror: [m[Kempty character constant
   90 |         if (raw_data[0].substr(3).compare("GGA") == 0 && raw_data.size() == 15 && raw_data[2].compare([01;31m[K''[m[K) != 0) {
      |                                                                                                       [01;31m[K^~[m[K
[01m[K/home/sunny/ros2_ws/src/cpp_parsing/src/utm_parser.cpp:[m[K In member function ‘[01m[Kvoid NmeaSubscriber::nmeaDataTransformer(const String&)[m[K’:
[01m[K/home/sunny/ros2_ws/src/cpp_parsing/src/utm_parser.cpp:90:102:[m[K [01;31m[Kerror: [m[Kno matching function for call to ‘[01m[Kstd::__cxx11::basic_string<char>::compare(char)[m[K’
   90 |         if (raw_data[0].substr(3).compare("GGA") == 0 && raw_data.size() == 15 && [01;31m[Kraw_data[2].compare('')[m[K != 0) {
      |                                                                                   [01;31m[K~~~~~~~~~~~~~~~~~~~^~~~[m[K
In file included from [01m[K/usr/include/c++/11/string:55[m[K,
                 from [01m[K/usr/include/c++/11/bits/locale_classes.h:40[m[K,
                 from [01m[K/usr/include/c++/11/bits/ios_base.h:41[m[K,
                 from [01m[K/usr/include/c++/11/ios:42[m[K,
                 from [01m[K/usr/include/c++/11/ostream:38[m[K,
                 from [01m[K/usr/include/c++/11/iostream:39[m[K,
                 from [01m[K/home/sunny/ros2_ws/src/cpp_parsing/src/utm_parser.cpp:2[m[K:
[01m[K/usr/include/c++/11/bits/basic_string.h:2893:9:[m[K [01;36m[Knote: [m[Kcandidate: ‘[01m[Ktemplate<class _Tp> std::__cxx11::basic_string<_CharT, _Traits, _Alloc>::_If_sv<_Tp, int> std::__cxx11::basic_string<_CharT, _Traits, _Alloc>::compare(const _Tp&) const [with _Tp = _Tp; _CharT = char; _Traits = std::char_traits<char>; _Alloc = std::allocator<char>][m[K’
 2893 |         [01;36m[Kcompare[m[K(const _Tp& __svt) const
      |         [01;36m[K^~~~~~~[m[K
[01m[K/usr/include/c++/11/bits/basic_string.h:2893:9:[m[K [01;36m[Knote: [m[K  template argument deduction/substitution failed:
In file included from [01m[K/usr/include/c++/11/bits/move.h:57[m[K,
                 from [01m[K/usr/include/c++/11/bits/stl_pair.h:59[m[K,
                 from [01m[K/usr/include/c++/11/bits/stl_algobase.h:64[m[K,
                 from [01m[K/usr/include/c++/11/bits/specfun.h:45[m[K,
                 from [01m[K/usr/include/c++/11/cmath:1935[m[K,
                 from [01m[K/home/sunny/ros2_ws/src/cpp_parsing/src/utm_parser.cpp:1[m[K:
/usr/include/c++/11/type_traits: In substitution of ‘[01m[Ktemplate<bool _Cond, class _Tp> using enable_if_t = typename std::enable_if::type [with bool _Cond = false; _Tp = int][m[K’:
[01m[K/usr/include/c++/11/bits/basic_string.h:125:8:[m[K   required by substitution of ‘[01m[Ktemplate<class _CharT, class _Traits, class _Alloc> template<class _Tp, class _Res> using _If_sv = std::enable_if_t<std::__and_<std::is_convertible<const _Tp&, std::basic_string_view<_CharT, _Traits> >, std::__not_<std::is_convertible<const _Tp*, const std::__cxx11::basic_string<_CharT, _Traits, _Alloc>*> >, std::__not_<std::is_convertible<const _Tp&, const _CharT*> > >::value, _Res> [with _Tp = char; _Res = int; _CharT = char; _Traits = std::char_traits<char>; _Alloc = std::allocator<char>][m[K’
[01m[K/usr/include/c++/11/bits/basic_string.h:2893:2:[m[K   required by substitution of ‘[01m[Ktemplate<class _Tp> std::__cxx11::basic_string<char>::_If_sv<_Tp, int> std::__cxx11::basic_string<char>::compare<_Tp>(const _Tp&) const [with _Tp = char][m[K’
[01m[K/home/sunny/ros2_ws/src/cpp_parsing/src/utm_parser.cpp:90:102:[m[K   required from here
[01m[K/usr/include/c++/11/type_traits:2579:11:[m[K [01;31m[Kerror: [m[Kno type named ‘[01m[Ktype[m[K’ in ‘[01m[Kstruct std::enable_if<false, int>[m[K’
 2579 |     using [01;31m[Kenable_if_t[m[K = typename enable_if<_Cond, _Tp>::type;
      |           [01;31m[K^~~~~~~~~~~[m[K
In file included from [01m[K/usr/include/c++/11/string:55[m[K,
                 from [01m[K/usr/include/c++/11/bits/locale_classes.h:40[m[K,
                 from [01m[K/usr/include/c++/11/bits/ios_base.h:41[m[K,
                 from [01m[K/usr/include/c++/11/ios:42[m[K,
                 from [01m[K/usr/include/c++/11/ostream:38[m[K,
                 from [01m[K/usr/include/c++/11/iostream:39[m[K,
                 from [01m[K/home/sunny/ros2_ws/src/cpp_parsing/src/utm_parser.cpp:2[m[K:
[01m[K/usr/include/c++/11/bits/basic_string.h:2917:9:[m[K [01;36m[Knote: [m[Kcandidate: ‘[01m[Ktemplate<class _Tp> std::__cxx11::basic_string<_CharT, _Traits, _Alloc>::_If_sv<_Tp, int> std::__cxx11::basic_string<_CharT, _Traits, _Alloc>::compare(std::__cxx11::basic_string<_CharT, _Traits, _Alloc>::size_type, std::__cxx11::basic_string<_CharT, _Traits, _Alloc>::size_type, const _Tp&) const [with _Tp = _Tp; _CharT = char; _Traits = std::char_traits<char>; _Alloc = std::allocator<char>][m[K’
 2917 |         [01;36m[Kcompare[m[K(size_type __pos, size_type __n, const _Tp& __svt) const
      |         [01;36m[K^~~~~~~[m[K
[01m[K/usr/include/c++/11/bits/basic_string.h:2917:9:[m[K [01;36m[Knote: [m[K  template argument deduction/substitution failed:
[01m[K/home/sunny/ros2_ws/src/cpp_parsing/src/utm_parser.cpp:90:102:[m[K [01;36m[Knote: [m[K  candidate expects 3 arguments, 1 provided
   90 |         if (raw_data[0].substr(3).compare("GGA") == 0 && raw_data.size() == 15 && [01;36m[Kraw_data[2].compare('')[m[K != 0) {
      |                                                                                   [01;36m[K~~~~~~~~~~~~~~~~~~~^~~~[m[K
In file included from [01m[K/usr/include/c++/11/string:55[m[K,
                 from [01m[K/usr/include/c++/11/bits/locale_classes.h:40[m[K,
                 from [01m[K/usr/include/c++/11/bits/ios_base.h:41[m[K,
                 from [01m[K/usr/include/c++/11/ios:42[m[K,
                 from [01m[K/usr/include/c++/11/ostream:38[m[K,
                 from [01m[K/usr/include/c++/11/iostream:39[m[K,
                 from [01m[K/home/sunny/ros2_ws/src/cpp_parsing/src/utm_parser.cpp:2[m[K:
[01m[K/usr/include/c++/11/bits/basic_string.h:2936:9:[m[K [01;36m[Knote: [m[Kcandidate: ‘[01m[Ktemplate<class _Tp> std::__cxx11::basic_string<_CharT, _Traits, _Alloc>::_If_sv<_Tp, int> std::__cxx11::basic_string<_CharT, _Traits, _Alloc>::compare(std::__cxx11::basic_string<_CharT, _Traits, _Alloc>::size_type, std::__cxx11::basic_string<_CharT, _Traits, _Alloc>::size_type, const _Tp&, std::__cxx11::basic_string<_CharT, _Traits, _Alloc>::size_type, std::__cxx11::basic_string<_CharT, _Traits, _Alloc>::size_type) const [with _Tp = _Tp; _CharT = char; _Traits = std::char_traits<char>; _Alloc = std::allocator<char>][m[K’
 2936 |         [01;36m[Kcompare[m[K(size_type __pos1, size_type __n1, const _Tp& __svt,
      |         [01;36m[K^~~~~~~[m[K
[01m[K/usr/include/c++/11/bits/basic_string.h:2936:9:[m[K [01;36m[Knote: [m[K  template argument deduction/substitution failed:
[01m[K/home/sunny/ros2_ws/src/cpp_parsing/src/utm_parser.cpp:90:102:[m[K [01;36m[Knote: [m[K  candidate expects 5 arguments, 1 provided
   90 |         if (raw_data[0].substr(3).compare("GGA") == 0 && raw_data.size() == 15 && [01;36m[Kraw_data[2].compare('')[m[K != 0) {
      |                                                                                   [01;36m[K~~~~~~~~~~~~~~~~~~~^~~~[m[K
In file included from [01m[K/usr/include/c++/11/string:55[m[K,
                 from [01m[K/usr/include/c++/11/bits/locale_classes.h:40[m[K,
                 from [01m[K/usr/include/c++/11/bits/ios_base.h:41[m[K,
                 from [01m[K/usr/include/c++/11/ios:42[m[K,
                 from [01m[K/usr/include/c++/11/ostream:38[m[K,
                 from [01m[K/usr/include/c++/11/iostream:39[m[K,
                 from [01m[K/home/sunny/ros2_ws/src/cpp_parsing/src/utm_parser.cpp:2[m[K:
[01m[K/usr/include/c++/11/bits/basic_string.h:2873:7:[m[K [01;36m[Knote: [m[Kcandidate: ‘[01m[Kint std::__cxx11::basic_string<_CharT, _Traits, _Alloc>::compare(const std::__cxx11::basic_string<_CharT, _Traits, _Alloc>&) const [with _CharT = char; _Traits = std::char_traits<char>; _Alloc = std::allocator<char>][m[K’
 2873 |       [01;36m[Kcompare[m[K(const basic_string& __str) const
      |       [01;36m[K^~~~~~~[m[K
[01m[K/usr/include/c++/11/bits/basic_string.h:2873:35:[m[K [01;36m[Knote: [m[K  no known conversion for argument 1 from ‘[01m[Kchar[m[K’ to ‘[01m[Kconst std::__cxx11::basic_string<char>&[m[K’
 2873 |       compare([01;36m[Kconst basic_string& __str[m[K) const
      |               [01;36m[K~~~~~~~~~~~~~~~~~~~~^~~~~[m[K
[01m[K/usr/include/c++/11/bits/basic_string.h:2966:7:[m[K [01;36m[Knote: [m[Kcandidate: ‘[01m[Kint std::__cxx11::basic_string<_CharT, _Traits, _Alloc>::compare(std::__cxx11::basic_string<_CharT, _Traits, _Alloc>::size_type, std::__cxx11::basic_string<_CharT, _Traits, _Alloc>::size_type, const std::__cxx11::basic_string<_CharT, _Traits, _Alloc>&) const [with _CharT = char; _Traits = std::char_traits<char>; _Alloc = std::allocator<char>; std::__cxx11::basic_string<_CharT, _Traits, _Alloc>::size_type = long unsigned int][m[K’
 2966 |       [01;36m[Kcompare[m[K(size_type __pos, size_type __n, const basic_string& __str) const;
      |       [01;36m[K^~~~~~~[m[K
[01m[K/usr/include/c++/11/bits/basic_string.h:2966:7:[m[K [01;36m[Knote: [m[K  candidate expects 3 arguments, 1 provided
[01m[K/usr/include/c++/11/bits/basic_string.h:2992:7:[m[K [01;36m[Knote: [m[Kcandidate: ‘[01m[Kint std::__cxx11::basic_string<_CharT, _Traits, _Alloc>::compare(std::__cxx11::basic_string<_CharT, _Traits, _Alloc>::size_type, std::__cxx11::basic_string<_CharT, _Traits, _Alloc>::size_type, const std::__cxx11::basic_string<_CharT, _Traits, _Alloc>&, std::__cxx11::basic_string<_CharT, _Traits, _Alloc>::size_type, std::__cxx11::basic_string<_CharT, _Traits, _Alloc>::size_type) const [with _CharT = char; _Traits = std::char_traits<char>; _Alloc = std::allocator<char>; std::__cxx11::basic_string<_CharT, _Traits, _Alloc>::size_type = long unsigned int][m[K’
 2992 |       [01;36m[Kcompare[m[K(size_type __pos1, size_type __n1, const basic_string& __str,
      |       [01;36m[K^~~~~~~[m[K
[01m[K/usr/include/c++/11/bits/basic_string.h:2992:7:[m[K [01;36m[Knote: [m[K  candidate expects 5 arguments, 1 provided
[01m[K/usr/include/c++/11/bits/basic_string.h:3010:7:[m[K [01;36m[Knote: [m[Kcandidate: ‘[01m[Kint std::__cxx11::basic_string<_CharT, _Traits, _Alloc>::compare(const _CharT*) const [with _CharT = char; _Traits = std::char_traits<char>; _Alloc = std::allocator<char>][m[K’ (near match)
 3010 |       [01;36m[Kcompare[m[K(const _CharT* __s) const _GLIBCXX_NOEXCEPT;
      |       [01;36m[K^~~~~~~[m[K
[01m[K/usr/include/c++/11/bits/basic_string.h:3010:7:[m[K [01;36m[Knote: [m[K  conversion of argument 1 would be ill-formed:
[01m[K/home/sunny/ros2_ws/src/cpp_parsing/src/utm_parser.cpp:90:103:[m[K [01;31m[Kerror: [m[Kinvalid conversion from ‘[01m[Kchar[m[K’ to ‘[01m[Kconst char*[m[K’ [[01;31m[K]8;;https://gcc.gnu.org/onlinedocs/gcc/Warning-Options.html#index-fpermissive-fpermissive]8;;[m[K]
   90 |         if (raw_data[0].substr(3).compare("GGA") == 0 && raw_data.size() == 15 && raw_data[2].compare([01;31m[K''[m[K) != 0) {
      |                                                                                                       [01;31m[K^~[m[K
      |                                                                                                       [01;31m[K|[m[K
      |                                                                                                       [01;31m[Kchar[m[K
In file included from [01m[K/usr/include/c++/11/string:55[m[K,
                 from [01m[K/usr/include/c++/11/bits/locale_classes.h:40[m[K,
                 from [01m[K/usr/include/c++/11/bits/ios_base.h:41[m[K,
                 from [01m[K/usr/include/c++/11/ios:42[m[K,
                 from [01m[K/usr/include/c++/11/ostream:38[m[K,
                 from [01m[K/usr/include/c++/11/iostream:39[m[K,
                 from [01m[K/home/sunny/ros2_ws/src/cpp_parsing/src/utm_parser.cpp:2[m[K:
[01m[K/usr/include/c++/11/bits/basic_string.h:3034:7:[m[K [01;36m[Knote: [m[Kcandidate: ‘[01m[Kint std::__cxx11::basic_string<_CharT, _Traits, _Alloc>::compare(std::__cxx11::basic_string<_CharT, _Traits, _Alloc>::size_type, std::__cxx11::basic_string<_CharT, _Traits, _Alloc>::size_type, const _CharT*) const [with _CharT = char; _Traits = std::char_traits<char>; _Alloc = std::allocator<char>; std::__cxx11::basic_string<_CharT, _Traits, _Alloc>::size_type = long unsigned int][m[K’
 3034 |       [01;36m[Kcompare[m[K(size_type __pos, size_type __n1, const _CharT* __s) const;
      |       [01;36m[K^~~~~~~[m[K
[01m[K/usr/include/c++/11/bits/basic_string.h:3034:7:[m[K [01;36m[Knote: [m[K  candidate expects 3 arguments, 1 provided
[01m[K/usr/include/c++/11/bits/basic_string.h:3061:7:[m[K [01;36m[Knote: [m[Kcandidate: ‘[01m[Kint std::__cxx11::basic_string<_CharT, _Traits, _Alloc>::compare(std::__cxx11::basic_string<_CharT, _Traits, _Alloc>::size_type, std::__cxx11::basic_string<_CharT, _Traits, _Alloc>::size_type, const _CharT*, std::__cxx11::basic_string<_CharT, _Traits, _Alloc>::size_type) const [with _CharT = char; _Traits = std::char_traits<char>; _Alloc = std::allocator<char>; std::__cxx11::basic_string<_CharT, _Traits, _Alloc>::size_type = long unsigned int][m[K’
 3061 |       [01;36m[Kcompare[m[K(size_type __pos, size_type __n1, const _CharT* __s,
      |       [01;36m[K^~~~~~~[m[K
[01m[K/usr/include/c++/11/bits/basic_string.h:3061:7:[m[K [01;36m[Knote: [m[K  candidate expects 4 arguments, 1 provided
gmake[2]: *** [CMakeFiles/parser.dir/build.make:76: CMakeFiles/parser.dir/src/utm_parser.cpp.o] Error 1
gmake[1]: *** [CMakeFiles/Makefile2:165: CMakeFiles/parser.dir/all] Error 2
gmake: *** [Makefile:146: all] Error 2
