[0.010s] Invoking command in '/home/sunny/ros2_ws/build/cpp_proj': CMAKE_PREFIX_PATH=/opt/ros/humble /usr/bin/cmake --build /home/sunny/ros2_ws/build/cpp_proj -- -j8 -l8
[0.037s] -- Found ament_cmake: 1.3.9 (/opt/ros/humble/share/ament_cmake/cmake)
[0.146s] -- Found rclcpp: 16.0.9 (/opt/ros/humble/share/rclcpp/cmake)
[0.172s] -- Found rosidl_generator_c: 3.1.5 (/opt/ros/humble/share/rosidl_generator_c/cmake)
[0.175s] -- Found rosidl_adapter: 3.1.5 (/opt/ros/humble/share/rosidl_adapter/cmake)
[0.180s] -- Found rosidl_generator_cpp: 3.1.5 (/opt/ros/humble/share/rosidl_generator_cpp/cmake)
[0.190s] -- Using all available rosidl_typesupport_c: rosidl_typesupport_fastrtps_c;rosidl_typesupport_introspection_c
[0.204s] -- Using all available rosidl_typesupport_cpp: rosidl_typesupport_fastrtps_cpp;rosidl_typesupport_introspection_cpp
[0.276s] -- Found rmw_implementation_cmake: 6.1.2 (/opt/ros/humble/share/rmw_implementation_cmake/cmake)
[0.277s] -- Found rmw_fastrtps_cpp: 6.2.6 (/opt/ros/humble/share/rmw_fastrtps_cpp/cmake)
[0.420s] -- Using RMW implementation 'rmw_fastrtps_cpp' as default
[0.675s] [31mCMake Error at CMakeLists.txt:12 (find_package):
[0.675s]   By not providing "FindPROJ.cmake" in CMAKE_MODULE_PATH this project has
[0.676s]   asked CMake to find a package configuration file provided by "PROJ", but
[0.676s]   CMake did not find one.
[0.676s] 
[0.676s]   Could not find a package configuration file provided by "PROJ" with any of
[0.676s]   the following names:
[0.676s] 
[0.676s]     PROJConfig.cmake
[0.676s]     proj-config.cmake
[0.676s] 
[0.676s]   Add the installation prefix of "PROJ" to CMAKE_PREFIX_PATH or set
[0.676s]   "PROJ_DIR" to a directory containing one of the above files.  If "PROJ"
[0.676s]   provides a separate development package or SDK, be sure it has been
[0.676s]   installed.
[0.676s] 
[0.676s] [0m
[0.676s] -- Configuring incomplete, errors occurred!
[0.676s] See also "/home/sunny/ros2_ws/build/cpp_proj/CMakeFiles/CMakeOutput.log".
[0.681s] gmake: *** [Makefile:267: cmake_check_build_system] Error 1
[0.683s] Invoked command in '/home/sunny/ros2_ws/build/cpp_proj' returned '2': CMAKE_PREFIX_PATH=/opt/ros/humble /usr/bin/cmake --build /home/sunny/ros2_ws/build/cpp_proj -- -j8 -l8
