[0.050s] Invoking command in '/home/sunny/ros2_ws/build/polygon_plugins': AMENT_PREFIX_PATH=/home/sunny/ros2_ws/install/polygon_base:${AMENT_PREFIX_PATH} CMAKE_PREFIX_PATH=/home/sunny/ros2_ws/install/polygon_base:/opt/ros/humble /usr/bin/cmake --build /home/sunny/ros2_ws/build/polygon_plugins -- -j8 -l8
[0.239s] [100%] Built target polygon_plugins
[0.256s] Invoked command in '/home/sunny/ros2_ws/build/polygon_plugins' returned '0': AMENT_PREFIX_PATH=/home/sunny/ros2_ws/install/polygon_base:${AMENT_PREFIX_PATH} CMAKE_PREFIX_PATH=/home/sunny/ros2_ws/install/polygon_base:/opt/ros/humble /usr/bin/cmake --build /home/sunny/ros2_ws/build/polygon_plugins -- -j8 -l8
[0.313s] Invoking command in '/home/sunny/ros2_ws/build/polygon_plugins': AMENT_PREFIX_PATH=/home/sunny/ros2_ws/install/polygon_base:${AMENT_PREFIX_PATH} CMAKE_PREFIX_PATH=/home/sunny/ros2_ws/install/polygon_base:/opt/ros/humble /usr/bin/cmake --install /home/sunny/ros2_ws/build/polygon_plugins
[0.326s] -- Install configuration: ""
[0.326s] -- Up-to-date: /home/sunny/ros2_ws/install/polygon_plugins/share/polygon_plugins/plugins.xml
[0.327s] -- Up-to-date: /home/sunny/ros2_ws/install/polygon_plugins/include
[0.327s] -- Up-to-date: /home/sunny/ros2_ws/install/polygon_plugins/include/polygon_plugins
[0.327s] -- Up-to-date: /home/sunny/ros2_ws/install/polygon_plugins/include/polygon_plugins/polygon_plugins.hpp
[0.327s] -- Up-to-date: /home/sunny/ros2_ws/install/polygon_plugins/include/polygon_plugins/visibility_control.h
[0.328s] -- Up-to-date: /home/sunny/ros2_ws/install/polygon_plugins/lib/libpolygon_plugins.so
[0.328s] -- Up-to-date: /home/sunny/ros2_ws/install/polygon_plugins/share/polygon_plugins/environment/library_path.sh
[0.328s] -- Up-to-date: /home/sunny/ros2_ws/install/polygon_plugins/share/polygon_plugins/environment/library_path.dsv
[0.329s] -- Up-to-date: /home/sunny/ros2_ws/install/polygon_plugins/share/ament_index/resource_index/package_run_dependencies/polygon_plugins
[0.329s] -- Up-to-date: /home/sunny/ros2_ws/install/polygon_plugins/share/ament_index/resource_index/parent_prefix_path/polygon_plugins
[0.329s] -- Up-to-date: /home/sunny/ros2_ws/install/polygon_plugins/share/polygon_plugins/environment/ament_prefix_path.sh
[0.329s] -- Up-to-date: /home/sunny/ros2_ws/install/polygon_plugins/share/polygon_plugins/environment/ament_prefix_path.dsv
[0.329s] -- Up-to-date: /home/sunny/ros2_ws/install/polygon_plugins/share/polygon_plugins/environment/path.sh
[0.330s] -- Up-to-date: /home/sunny/ros2_ws/install/polygon_plugins/share/polygon_plugins/environment/path.dsv
[0.330s] -- Up-to-date: /home/sunny/ros2_ws/install/polygon_plugins/share/polygon_plugins/local_setup.bash
[0.330s] -- Up-to-date: /home/sunny/ros2_ws/install/polygon_plugins/share/polygon_plugins/local_setup.sh
[0.330s] -- Up-to-date: /home/sunny/ros2_ws/install/polygon_plugins/share/polygon_plugins/local_setup.zsh
[0.330s] -- Up-to-date: /home/sunny/ros2_ws/install/polygon_plugins/share/polygon_plugins/local_setup.dsv
[0.331s] -- Installing: /home/sunny/ros2_ws/install/polygon_plugins/share/polygon_plugins/package.dsv
[0.331s] -- Up-to-date: /home/sunny/ros2_ws/install/polygon_plugins/share/ament_index/resource_index/packages/polygon_plugins
[0.331s] -- Up-to-date: /home/sunny/ros2_ws/install/polygon_plugins/share/ament_index/resource_index/polygon_base__pluginlib__plugin/polygon_plugins
[0.332s] -- Up-to-date: /home/sunny/ros2_ws/install/polygon_plugins/share/polygon_plugins/cmake/export_polygon_pluginsExport.cmake
[0.332s] -- Up-to-date: /home/sunny/ros2_ws/install/polygon_plugins/share/polygon_plugins/cmake/export_polygon_pluginsExport-noconfig.cmake
[0.332s] -- Up-to-date: /home/sunny/ros2_ws/install/polygon_plugins/share/polygon_plugins/cmake/ament_cmake_export_include_directories-extras.cmake
[0.332s] -- Up-to-date: /home/sunny/ros2_ws/install/polygon_plugins/share/polygon_plugins/cmake/ament_cmake_export_libraries-extras.cmake
[0.332s] -- Up-to-date: /home/sunny/ros2_ws/install/polygon_plugins/share/polygon_plugins/cmake/ament_cmake_export_targets-extras.cmake
[0.333s] -- Up-to-date: /home/sunny/ros2_ws/install/polygon_plugins/share/polygon_plugins/cmake/polygon_pluginsConfig.cmake
[0.333s] -- Up-to-date: /home/sunny/ros2_ws/install/polygon_plugins/share/polygon_plugins/cmake/polygon_pluginsConfig-version.cmake
[0.333s] -- Up-to-date: /home/sunny/ros2_ws/install/polygon_plugins/share/polygon_plugins/package.xml
[0.343s] Invoked command in '/home/sunny/ros2_ws/build/polygon_plugins' returned '0': AMENT_PREFIX_PATH=/home/sunny/ros2_ws/install/polygon_base:${AMENT_PREFIX_PATH} CMAKE_PREFIX_PATH=/home/sunny/ros2_ws/install/polygon_base:/opt/ros/humble /usr/bin/cmake --install /home/sunny/ros2_ws/build/polygon_plugins
