[0.015s] Invoking command in '/home/sunny/ros2_ws/build/cpp_parsing': CMAKE_PREFIX_PATH=/home/sunny/ros2_ws/install/custom_interfaces:/home/sunny/ros2_ws/install/cpp_srvcli:/home/sunny/ros2_ws/install/cpp_pubsub:/home/sunny/ros2_ws/install/tutorial_interfaces:/home/sunny/ros2_ws/install/turtlesim:/home/sunny/ros2_ws/install/polygon_plugins:/home/sunny/ros2_ws/install/polygon_base:/home/sunny/ros2_ws/install/my_package:/home/sunny/ros2_ws/install/more_interfaces:/home/sunny/ros2_ws/install/cpp_proj:/home/sunny/ros2_ws/install/cpp_parameters:/home/sunny/ros2_ws/install/py_proj:/opt/ros/humble LD_LIBRARY_PATH=/home/sunny/ros2_ws/install/custom_interfaces/lib:/home/sunny/ros2_ws/install/tutorial_interfaces/lib:/home/sunny/ros2_ws/install/turtlesim/lib:/home/sunny/ros2_ws/install/polygon_plugins/lib:/home/sunny/ros2_ws/install/more_interfaces/lib:/opt/ros/humble/opt/rviz_ogre_vendor/lib:/opt/ros/humble/lib/x86_64-linux-gnu:/opt/ros/humble/lib /usr/bin/cmake --build /home/sunny/ros2_ws/build/cpp_parsing -- -j12 -l12
[0.066s] [35m[1mConsolidate compiler generated dependencies of target parser[0m
[0.080s] [ 50%] Built target reader
[0.086s] [ 75%] [32mBuilding CXX object CMakeFiles/parser.dir/src/utm_parser.cpp.o[0m
[2.478s] [01m[K/home/sunny/ros2_ws/src/cpp_parsing/src/utm_parser.cpp:32:61:[m[K [01;31m[Kerror: [m[K‘[01m[KShredPtr[m[K’ in ‘[01m[Kusing String = struct std_msgs::msg::String_<std::allocator<void> >[m[K’ {aka ‘[01m[Kstruct std_msgs::msg::String_<std::allocator<void> >[m[K’} does not name a type
[2.478s]    32 |     void nmea_data_transformer(const std_msgs::msg::String::[01;31m[KShredPtr[m[K msg)
[2.478s]       |                                                             [01;31m[K^~~~~~~~[m[K
[2.481s] [01m[K/home/sunny/ros2_ws/src/cpp_parsing/src/utm_parser.cpp:[m[K In lambda function:
[2.481s] [01m[K/home/sunny/ros2_ws/src/cpp_parsing/src/utm_parser.cpp:26:104:[m[K [01;31m[Kerror: [m[Kcannot convert ‘[01m[Kstd_msgs::msg::String_<std::allocator<void> >::SharedPtr[m[K’ {aka ‘[01m[Kstd::shared_ptr<std_msgs::msg::String_<std::allocator<void> > >[m[K’} to ‘[01m[Kint[m[K’
[2.481s]    26 |             "nmea_data", 10, [this](std_msgs::msg::String::SharedPtr msg) {this->nmea_data_transformer([01;31m[Kmsg[m[K);});
[2.481s]       |                                                                                                        [01;31m[K^~~[m[K
[2.481s]       |                                                                                                        [01;31m[K|[m[K
[2.481s]       |                                                                                                        [01;31m[Kstd_msgs::msg::String_<std::allocator<void> >::SharedPtr {aka std::shared_ptr<std_msgs::msg::String_<std::allocator<void> > >}[m[K
[2.481s] [01m[K/home/sunny/ros2_ws/src/cpp_parsing/src/utm_parser.cpp:32:70:[m[K [01;36m[Knote: [m[K  initializing argument 1 of ‘[01m[Kvoid NmeaSubscriber::nmea_data_transformer(int)[m[K’
[2.481s]    32 |     void nmea_data_transformer([01;36m[Kconst std_msgs::msg::String::ShredPtr msg[m[K)
[2.481s]       |                                [01;36m[K~~~~~~~~~~~~~~~~~~~~~~~~~~~~~~~~~~~~~~^~~[m[K
[2.483s] [01m[K/home/sunny/ros2_ws/src/cpp_parsing/src/utm_parser.cpp:[m[K In member function ‘[01m[Kvoid NmeaSubscriber::nmea_data_transformer(int)[m[K’:
[2.483s] [01m[K/home/sunny/ros2_ws/src/cpp_parsing/src/utm_parser.cpp:32:70:[m[K [01;35m[Kwarning: [m[Kunused parameter ‘[01m[Kmsg[m[K’ [[01;35m[K]8;;https://gcc.gnu.org/onlinedocs/gcc/Warning-Options.html#index-Wunused-parameter-Wunused-parameter]8;;[m[K]
[4.585s] gmake[2]: *** [CMakeFiles/parser.dir/build.make:76: CMakeFiles/parser.dir/src/utm_parser.cpp.o] Error 1
[4.585s] gmake[1]: *** [CMakeFiles/Makefile2:165: CMakeFiles/parser.dir/all] Error 2
[4.586s] gmake: *** [Makefile:146: all] Error 2
[4.588s] Invoked command in '/home/sunny/ros2_ws/build/cpp_parsing' returned '2': CMAKE_PREFIX_PATH=/home/sunny/ros2_ws/install/custom_interfaces:/home/sunny/ros2_ws/install/cpp_srvcli:/home/sunny/ros2_ws/install/cpp_pubsub:/home/sunny/ros2_ws/install/tutorial_interfaces:/home/sunny/ros2_ws/install/turtlesim:/home/sunny/ros2_ws/install/polygon_plugins:/home/sunny/ros2_ws/install/polygon_base:/home/sunny/ros2_ws/install/my_package:/home/sunny/ros2_ws/install/more_interfaces:/home/sunny/ros2_ws/install/cpp_proj:/home/sunny/ros2_ws/install/cpp_parameters:/home/sunny/ros2_ws/install/py_proj:/opt/ros/humble LD_LIBRARY_PATH=/home/sunny/ros2_ws/install/custom_interfaces/lib:/home/sunny/ros2_ws/install/tutorial_interfaces/lib:/home/sunny/ros2_ws/install/turtlesim/lib:/home/sunny/ros2_ws/install/polygon_plugins/lib:/home/sunny/ros2_ws/install/more_interfaces/lib:/opt/ros/humble/opt/rviz_ogre_vendor/lib:/opt/ros/humble/lib/x86_64-linux-gnu:/opt/ros/humble/lib /usr/bin/cmake --build /home/sunny/ros2_ws/build/cpp_parsing -- -j12 -l12
