running egg_info
creating ../../build/py_proj/py_proj.egg-info
writing ../../build/py_proj/py_proj.egg-info/PKG-INFO
writing dependency_links to ../../build/py_proj/py_proj.egg-info/dependency_links.txt
writing entry points to ../../build/py_proj/py_proj.egg-info/entry_points.txt
writing requirements to ../../build/py_proj/py_proj.egg-info/requires.txt
writing top-level names to ../../build/py_proj/py_proj.egg-info/top_level.txt
writing manifest file '../../build/py_proj/py_proj.egg-info/SOURCES.txt'
reading manifest file '../../build/py_proj/py_proj.egg-info/SOURCES.txt'
writing manifest file '../../build/py_proj/py_proj.egg-info/SOURCES.txt'
running build
running build_py
creating /home/sunny/ros2_ws/build/py_proj/build
creating /home/sunny/ros2_ws/build/py_proj/build/lib
creating /home/sunny/ros2_ws/build/py_proj/build/lib/py_proj
copying py_proj/__init__.py -> /home/sunny/ros2_ws/build/py_proj/build/lib/py_proj
copying py_proj/proj_coordinate.py -> /home/sunny/ros2_ws/build/py_proj/build/lib/py_proj
running install
running install_lib
creating /home/sunny/ros2_ws/install/py_proj/lib/python3.10/site-packages/py_proj
copying /home/sunny/ros2_ws/build/py_proj/build/lib/py_proj/__init__.py -> /home/sunny/ros2_ws/install/py_proj/lib/python3.10/site-packages/py_proj
copying /home/sunny/ros2_ws/build/py_proj/build/lib/py_proj/proj_coordinate.py -> /home/sunny/ros2_ws/install/py_proj/lib/python3.10/site-packages/py_proj
byte-compiling /home/sunny/ros2_ws/install/py_proj/lib/python3.10/site-packages/py_proj/__init__.py to __init__.cpython-310.pyc
byte-compiling /home/sunny/ros2_ws/install/py_proj/lib/python3.10/site-packages/py_proj/proj_coordinate.py to proj_coordinate.cpython-310.pyc
running install_data
creating /home/sunny/ros2_ws/install/py_proj/share/ament_index
creating /home/sunny/ros2_ws/install/py_proj/share/ament_index/resource_index
creating /home/sunny/ros2_ws/install/py_proj/share/ament_index/resource_index/packages
copying resource/py_proj -> /home/sunny/ros2_ws/install/py_proj/share/ament_index/resource_index/packages
copying package.xml -> /home/sunny/ros2_ws/install/py_proj/share/py_proj
running install_egg_info
Copying ../../build/py_proj/py_proj.egg-info to /home/sunny/ros2_ws/install/py_proj/lib/python3.10/site-packages/py_proj-0.0.0-py3.10.egg-info
running install_scripts
Installing talker script to /home/sunny/ros2_ws/install/py_proj/lib/py_proj
writing list of installed files to '/home/sunny/ros2_ws/build/py_proj/install.log'
