[0.054s] Invoking command in '/home/sunny/ros2_ws/build/custom_interfaces': CMAKE_PREFIX_PATH=${CMAKE_PREFIX_PATH}:/home/sunny/ros2_ws/install/py_proj:/opt/ros/humble /usr/bin/cmake --build /home/sunny/ros2_ws/build/custom_interfaces -- -j8 -l8
[0.151s] -- Found ament_cmake: 1.3.9 (/opt/ros/humble/share/ament_cmake/cmake)
[0.518s] -- Found rosidl_default_generators: 1.2.0 (/opt/ros/humble/share/rosidl_default_generators/cmake)
[0.537s] -- Using all available rosidl_typesupport_c: rosidl_typesupport_fastrtps_c;rosidl_typesupport_introspection_c
[0.537s] -- Found rosidl_adapter: 3.1.5 (/opt/ros/humble/share/rosidl_adapter/cmake)
[0.673s] -- Using all available rosidl_typesupport_cpp: rosidl_typesupport_fastrtps_cpp;rosidl_typesupport_introspection_cpp
[1.381s] -- Found ament_cmake_ros: 0.10.0 (/opt/ros/humble/share/ament_cmake_ros/cmake)
[1.710s] -- Using all available rosidl_typesupport_c: rosidl_typesupport_fastrtps_c;rosidl_typesupport_introspection_c
[2.106s] -- Using all available rosidl_typesupport_cpp: rosidl_typesupport_fastrtps_cpp;rosidl_typesupport_introspection_cpp
[2.138s] -- Found python_cmake_module: 0.10.0 (/opt/ros/humble/share/python_cmake_module/cmake)
[2.165s] -- Using PYTHON_EXECUTABLE: /usr/bin/python3
[2.165s] -- Using PYTHON_INCLUDE_DIRS: /usr/include/python3.10
[2.166s] -- Using PYTHON_LIBRARIES: /usr/lib/x86_64-linux-gnu/libpython3.10.so
[2.192s] -- Configuring done
[2.230s] -- Generating done
[2.235s] -- Build files have been written to: /home/sunny/ros2_ws/build/custom_interfaces
[2.274s] [  3%] [34m[1mGenerating C code for ROS interfaces[0m
[2.291s] [  6%] [34m[1mGenerating C++ code for ROS interfaces[0m
[2.311s] [  6%] Built target ament_cmake_python_copy_custom_interfaces
[2.664s] running egg_info
[2.665s] writing custom_interfaces.egg-info/PKG-INFO
[2.665s] writing dependency_links to custom_interfaces.egg-info/dependency_links.txt
[2.665s] writing top-level names to custom_interfaces.egg-info/top_level.txt
[2.668s] reading manifest file 'custom_interfaces.egg-info/SOURCES.txt'
[2.672s] writing manifest file 'custom_interfaces.egg-info/SOURCES.txt'
[2.696s] [35m[1mConsolidate compiler generated dependencies of target custom_interfaces__rosidl_generator_c[0m
[2.711s] [  9%] [32mBuilding C object CMakeFiles/custom_interfaces__rosidl_generator_c.dir/rosidl_generator_c/custom_interfaces/msg/detail/utm__functions.c.o[0m
[2.718s] [  9%] Built target ament_cmake_python_build_custom_interfaces_egg
[2.775s] [ 12%] [32m[1mLinking C shared library libcustom_interfaces__rosidl_generator_c.so[0m
[2.814s] [ 12%] Built target custom_interfaces__rosidl_generator_c
[2.815s] [ 12%] Built target custom_interfaces__cpp
[2.827s] [ 16%] [34m[1mGenerating C type support dispatch for ROS interfaces[0m
[2.829s] [ 19%] [34m[1mGenerating C type support for eProsima Fast-RTPS[0m
[2.829s] [ 22%] [34m[1mGenerating C introspection for ROS interfaces[0m
[3.100s] [35m[1mConsolidate compiler generated dependencies of target custom_interfaces__rosidl_typesupport_c[0m
[3.113s] [ 25%] [32mBuilding CXX object CMakeFiles/custom_interfaces__rosidl_typesupport_c.dir/rosidl_typesupport_c/custom_interfaces/msg/utm__type_support.cpp.o[0m
[3.136s] [35m[1mConsolidate compiler generated dependencies of target custom_interfaces__rosidl_typesupport_introspection_c[0m
[3.149s] [ 29%] [32m[1mLinking CXX shared library libcustom_interfaces__rosidl_typesupport_c.so[0m
[3.150s] [ 32%] [32mBuilding C object CMakeFiles/custom_interfaces__rosidl_typesupport_introspection_c.dir/rosidl_typesupport_introspection_c/custom_interfaces/msg/detail/utm__type_support.c.o[0m
[3.193s] [ 35%] [32m[1mLinking C shared library libcustom_interfaces__rosidl_typesupport_introspection_c.so[0m
[3.195s] [ 35%] Built target custom_interfaces__rosidl_typesupport_c
[3.208s] [ 38%] [34m[1mGenerating C++ type support for eProsima Fast-RTPS[0m
[3.208s] [35m[1mConsolidate compiler generated dependencies of target custom_interfaces__rosidl_typesupport_fastrtps_c[0m
[3.210s] [ 41%] [34m[1mGenerating C++ type support dispatch for ROS interfaces[0m
[3.210s] [ 45%] [34m[1mGenerating C++ introspection for ROS interfaces[0m
[3.229s] [ 48%] [32mBuilding CXX object CMakeFiles/custom_interfaces__rosidl_typesupport_fastrtps_c.dir/rosidl_typesupport_fastrtps_c/custom_interfaces/msg/detail/utm__type_support_c.cpp.o[0m
[3.274s] [ 48%] Built target custom_interfaces__rosidl_typesupport_introspection_c
[3.603s] [35m[1mConsolidate compiler generated dependencies of target custom_interfaces__rosidl_typesupport_introspection_cpp[0m
[3.634s] [35m[1mConsolidate compiler generated dependencies of target custom_interfaces__rosidl_typesupport_fastrtps_cpp[0m
[3.658s] [ 51%] [32mBuilding CXX object CMakeFiles/custom_interfaces__rosidl_typesupport_introspection_cpp.dir/rosidl_typesupport_introspection_cpp/custom_interfaces/msg/detail/utm__type_support.cpp.o[0m
[3.698s] [ 54%] [32mBuilding CXX object CMakeFiles/custom_interfaces__rosidl_typesupport_fastrtps_cpp.dir/rosidl_typesupport_fastrtps_cpp/custom_interfaces/msg/detail/dds_fastrtps/utm__type_support.cpp.o[0m
[3.717s] [35m[1mConsolidate compiler generated dependencies of target custom_interfaces__rosidl_typesupport_cpp[0m
[3.773s] [ 58%] [32mBuilding CXX object CMakeFiles/custom_interfaces__rosidl_typesupport_cpp.dir/rosidl_typesupport_cpp/custom_interfaces/msg/utm__type_support.cpp.o[0m
[3.824s] [ 61%] [32m[1mLinking CXX shared library libcustom_interfaces__rosidl_typesupport_fastrtps_c.so[0m
[3.964s] [ 61%] Built target custom_interfaces__rosidl_typesupport_fastrtps_c
[4.075s] [ 64%] [32m[1mLinking CXX shared library libcustom_interfaces__rosidl_typesupport_cpp.so[0m
[4.122s] [ 64%] Built target custom_interfaces__rosidl_typesupport_cpp
[4.191s] [ 67%] [32m[1mLinking CXX shared library libcustom_interfaces__rosidl_typesupport_fastrtps_cpp.so[0m
[4.244s] [ 70%] [32m[1mLinking CXX shared library libcustom_interfaces__rosidl_typesupport_introspection_cpp.so[0m
[4.292s] [ 70%] Built target custom_interfaces__rosidl_typesupport_fastrtps_cpp
[4.319s] [ 70%] Built target custom_interfaces__rosidl_typesupport_introspection_cpp
[4.342s] [ 70%] Built target custom_interfaces
[4.364s] [ 74%] [34m[1mGenerating Python code for ROS interfaces[0m
[4.760s] [ 74%] Built target custom_interfaces__py
[4.772s] [35m[1mConsolidate compiler generated dependencies of target custom_interfaces__rosidl_generator_py[0m
[4.788s] [ 77%] [32mBuilding C object CMakeFiles/custom_interfaces__rosidl_generator_py.dir/rosidl_generator_py/custom_interfaces/msg/_utm_s.c.o[0m
[4.906s] [ 80%] [32m[1mLinking C shared library rosidl_generator_py/custom_interfaces/libcustom_interfaces__rosidl_generator_py.so[0m
[4.948s] [ 80%] Built target custom_interfaces__rosidl_generator_py
[4.960s] [35m[1mConsolidate compiler generated dependencies of target custom_interfaces__rosidl_typesupport_fastrtps_c__pyext[0m
[4.960s] [35m[1mConsolidate compiler generated dependencies of target custom_interfaces__rosidl_typesupport_c__pyext[0m
[4.961s] [35m[1mConsolidate compiler generated dependencies of target custom_interfaces__rosidl_typesupport_introspection_c__pyext[0m
[4.976s] [ 83%] [32mBuilding C object CMakeFiles/custom_interfaces__rosidl_typesupport_fastrtps_c__pyext.dir/rosidl_generator_py/custom_interfaces/_custom_interfaces_s.ep.rosidl_typesupport_fastrtps_c.c.o[0m
[4.978s] [ 87%] [32mBuilding C object CMakeFiles/custom_interfaces__rosidl_typesupport_c__pyext.dir/rosidl_generator_py/custom_interfaces/_custom_interfaces_s.ep.rosidl_typesupport_c.c.o[0m
[4.980s] [ 90%] [32mBuilding C object CMakeFiles/custom_interfaces__rosidl_typesupport_introspection_c__pyext.dir/rosidl_generator_py/custom_interfaces/_custom_interfaces_s.ep.rosidl_typesupport_introspection_c.c.o[0m
[5.136s] [ 96%] [32m[1mLinking C shared library rosidl_generator_py/custom_interfaces/custom_interfaces_s__rosidl_typesupport_fastrtps_c.cpython-310-x86_64-linux-gnu.so[0m
[5.136s] [ 96%] [32m[1mLinking C shared library rosidl_generator_py/custom_interfaces/custom_interfaces_s__rosidl_typesupport_c.cpython-310-x86_64-linux-gnu.so[0m
[5.142s] [100%] [32m[1mLinking C shared library rosidl_generator_py/custom_interfaces/custom_interfaces_s__rosidl_typesupport_introspection_c.cpython-310-x86_64-linux-gnu.so[0m
[5.182s] [100%] Built target custom_interfaces__rosidl_typesupport_c__pyext
[5.188s] [100%] Built target custom_interfaces__rosidl_typesupport_fastrtps_c__pyext
[5.195s] [100%] Built target custom_interfaces__rosidl_typesupport_introspection_c__pyext
[5.209s] Invoked command in '/home/sunny/ros2_ws/build/custom_interfaces' returned '0': CMAKE_PREFIX_PATH=${CMAKE_PREFIX_PATH}:/home/sunny/ros2_ws/install/py_proj:/opt/ros/humble /usr/bin/cmake --build /home/sunny/ros2_ws/build/custom_interfaces -- -j8 -l8
[5.288s] Invoking command in '/home/sunny/ros2_ws/build/custom_interfaces': CMAKE_PREFIX_PATH=${CMAKE_PREFIX_PATH}:/home/sunny/ros2_ws/install/py_proj:/opt/ros/humble /usr/bin/cmake --install /home/sunny/ros2_ws/build/custom_interfaces
[5.297s] -- Install configuration: ""
[5.297s] -- Up-to-date: /home/sunny/ros2_ws/install/custom_interfaces/share/ament_index/resource_index/rosidl_interfaces/custom_interfaces
[5.297s] -- Up-to-date: /home/sunny/ros2_ws/install/custom_interfaces/include/custom_interfaces/custom_interfaces
[5.297s] -- Up-to-date: /home/sunny/ros2_ws/install/custom_interfaces/include/custom_interfaces/custom_interfaces/msg
[5.298s] -- Up-to-date: /home/sunny/ros2_ws/install/custom_interfaces/include/custom_interfaces/custom_interfaces/msg/detail
[5.298s] -- Installing: /home/sunny/ros2_ws/install/custom_interfaces/include/custom_interfaces/custom_interfaces/msg/detail/utm__functions.c
[5.298s] -- Installing: /home/sunny/ros2_ws/install/custom_interfaces/include/custom_interfaces/custom_interfaces/msg/detail/utm__struct.h
[5.298s] -- Installing: /home/sunny/ros2_ws/install/custom_interfaces/include/custom_interfaces/custom_interfaces/msg/detail/utm__functions.h
[5.298s] -- Installing: /home/sunny/ros2_ws/install/custom_interfaces/include/custom_interfaces/custom_interfaces/msg/detail/utm__type_support.h
[5.298s] -- Up-to-date: /home/sunny/ros2_ws/install/custom_interfaces/include/custom_interfaces/custom_interfaces/msg/rosidl_generator_c__visibility_control.h
[5.298s] -- Installing: /home/sunny/ros2_ws/install/custom_interfaces/include/custom_interfaces/custom_interfaces/msg/utm.h
[5.298s] -- Up-to-date: /home/sunny/ros2_ws/install/custom_interfaces/share/custom_interfaces/environment/library_path.sh
[5.299s] -- Installing: /home/sunny/ros2_ws/install/custom_interfaces/share/custom_interfaces/environment/library_path.dsv
[5.299s] -- Installing: /home/sunny/ros2_ws/install/custom_interfaces/lib/libcustom_interfaces__rosidl_generator_c.so
[5.299s] -- Set runtime path of "/home/sunny/ros2_ws/install/custom_interfaces/lib/libcustom_interfaces__rosidl_generator_c.so" to ""
[5.299s] -- Up-to-date: /home/sunny/ros2_ws/install/custom_interfaces/include/custom_interfaces/custom_interfaces
[5.299s] -- Up-to-date: /home/sunny/ros2_ws/install/custom_interfaces/include/custom_interfaces/custom_interfaces/msg
[5.299s] -- Up-to-date: /home/sunny/ros2_ws/install/custom_interfaces/include/custom_interfaces/custom_interfaces/msg/rosidl_typesupport_fastrtps_c__visibility_control.h
[5.299s] -- Up-to-date: /home/sunny/ros2_ws/install/custom_interfaces/include/custom_interfaces/custom_interfaces/msg/detail
[5.300s] -- Installing: /home/sunny/ros2_ws/install/custom_interfaces/include/custom_interfaces/custom_interfaces/msg/detail/utm__rosidl_typesupport_fastrtps_c.h
[5.300s] -- Installing: /home/sunny/ros2_ws/install/custom_interfaces/lib/libcustom_interfaces__rosidl_typesupport_fastrtps_c.so
[5.300s] -- Set runtime path of "/home/sunny/ros2_ws/install/custom_interfaces/lib/libcustom_interfaces__rosidl_typesupport_fastrtps_c.so" to ""
[5.300s] -- Up-to-date: /home/sunny/ros2_ws/install/custom_interfaces/include/custom_interfaces/custom_interfaces
[5.300s] -- Up-to-date: /home/sunny/ros2_ws/install/custom_interfaces/include/custom_interfaces/custom_interfaces/msg
[5.301s] -- Up-to-date: /home/sunny/ros2_ws/install/custom_interfaces/include/custom_interfaces/custom_interfaces/msg/rosidl_typesupport_introspection_c__visibility_control.h
[5.301s] -- Up-to-date: /home/sunny/ros2_ws/install/custom_interfaces/include/custom_interfaces/custom_interfaces/msg/detail
[5.301s] -- Installing: /home/sunny/ros2_ws/install/custom_interfaces/include/custom_interfaces/custom_interfaces/msg/detail/utm__rosidl_typesupport_introspection_c.h
[5.301s] -- Installing: /home/sunny/ros2_ws/install/custom_interfaces/include/custom_interfaces/custom_interfaces/msg/detail/utm__type_support.c
[5.301s] -- Installing: /home/sunny/ros2_ws/install/custom_interfaces/lib/libcustom_interfaces__rosidl_typesupport_introspection_c.so
[5.301s] -- Set runtime path of "/home/sunny/ros2_ws/install/custom_interfaces/lib/libcustom_interfaces__rosidl_typesupport_introspection_c.so" to ""
[5.301s] -- Installing: /home/sunny/ros2_ws/install/custom_interfaces/lib/libcustom_interfaces__rosidl_typesupport_c.so
[5.302s] -- Set runtime path of "/home/sunny/ros2_ws/install/custom_interfaces/lib/libcustom_interfaces__rosidl_typesupport_c.so" to ""
[5.302s] -- Up-to-date: /home/sunny/ros2_ws/install/custom_interfaces/include/custom_interfaces/custom_interfaces
[5.302s] -- Up-to-date: /home/sunny/ros2_ws/install/custom_interfaces/include/custom_interfaces/custom_interfaces/msg
[5.302s] -- Installing: /home/sunny/ros2_ws/install/custom_interfaces/include/custom_interfaces/custom_interfaces/msg/utm.hpp
[5.302s] -- Up-to-date: /home/sunny/ros2_ws/install/custom_interfaces/include/custom_interfaces/custom_interfaces/msg/detail
[5.302s] -- Installing: /home/sunny/ros2_ws/install/custom_interfaces/include/custom_interfaces/custom_interfaces/msg/detail/utm__traits.hpp
[5.303s] -- Installing: /home/sunny/ros2_ws/install/custom_interfaces/include/custom_interfaces/custom_interfaces/msg/detail/utm__struct.hpp
[5.303s] -- Installing: /home/sunny/ros2_ws/install/custom_interfaces/include/custom_interfaces/custom_interfaces/msg/detail/utm__builder.hpp
[5.303s] -- Up-to-date: /home/sunny/ros2_ws/install/custom_interfaces/include/custom_interfaces/custom_interfaces
[5.303s] -- Up-to-date: /home/sunny/ros2_ws/install/custom_interfaces/include/custom_interfaces/custom_interfaces/msg
[5.303s] -- Up-to-date: /home/sunny/ros2_ws/install/custom_interfaces/include/custom_interfaces/custom_interfaces/msg/rosidl_typesupport_fastrtps_cpp__visibility_control.h
[5.303s] -- Up-to-date: /home/sunny/ros2_ws/install/custom_interfaces/include/custom_interfaces/custom_interfaces/msg/detail
[5.303s] -- Installing: /home/sunny/ros2_ws/install/custom_interfaces/include/custom_interfaces/custom_interfaces/msg/detail/utm__rosidl_typesupport_fastrtps_cpp.hpp
[5.303s] -- Up-to-date: /home/sunny/ros2_ws/install/custom_interfaces/include/custom_interfaces/custom_interfaces/msg/detail/dds_fastrtps
[5.303s] -- Installing: /home/sunny/ros2_ws/install/custom_interfaces/lib/libcustom_interfaces__rosidl_typesupport_fastrtps_cpp.so
[5.304s] -- Set runtime path of "/home/sunny/ros2_ws/install/custom_interfaces/lib/libcustom_interfaces__rosidl_typesupport_fastrtps_cpp.so" to ""
[5.304s] -- Up-to-date: /home/sunny/ros2_ws/install/custom_interfaces/include/custom_interfaces/custom_interfaces
[5.304s] -- Up-to-date: /home/sunny/ros2_ws/install/custom_interfaces/include/custom_interfaces/custom_interfaces/msg
[5.304s] -- Up-to-date: /home/sunny/ros2_ws/install/custom_interfaces/include/custom_interfaces/custom_interfaces/msg/detail
[5.304s] -- Installing: /home/sunny/ros2_ws/install/custom_interfaces/include/custom_interfaces/custom_interfaces/msg/detail/utm__type_support.cpp
[5.304s] -- Installing: /home/sunny/ros2_ws/install/custom_interfaces/include/custom_interfaces/custom_interfaces/msg/detail/utm__rosidl_typesupport_introspection_cpp.hpp
[5.304s] -- Installing: /home/sunny/ros2_ws/install/custom_interfaces/lib/libcustom_interfaces__rosidl_typesupport_introspection_cpp.so
[5.305s] -- Set runtime path of "/home/sunny/ros2_ws/install/custom_interfaces/lib/libcustom_interfaces__rosidl_typesupport_introspection_cpp.so" to ""
[5.305s] -- Installing: /home/sunny/ros2_ws/install/custom_interfaces/lib/libcustom_interfaces__rosidl_typesupport_cpp.so
[5.306s] -- Set runtime path of "/home/sunny/ros2_ws/install/custom_interfaces/lib/libcustom_interfaces__rosidl_typesupport_cpp.so" to ""
[5.306s] -- Up-to-date: /home/sunny/ros2_ws/install/custom_interfaces/share/custom_interfaces/environment/pythonpath.sh
[5.306s] -- Installing: /home/sunny/ros2_ws/install/custom_interfaces/share/custom_interfaces/environment/pythonpath.dsv
[5.306s] -- Up-to-date: /home/sunny/ros2_ws/install/custom_interfaces/local/lib/python3.10/dist-packages/custom_interfaces-0.0.0-py3.10.egg-info
[5.307s] -- Installing: /home/sunny/ros2_ws/install/custom_interfaces/local/lib/python3.10/dist-packages/custom_interfaces-0.0.0-py3.10.egg-info/dependency_links.txt
[5.307s] -- Installing: /home/sunny/ros2_ws/install/custom_interfaces/local/lib/python3.10/dist-packages/custom_interfaces-0.0.0-py3.10.egg-info/top_level.txt
[5.307s] -- Installing: /home/sunny/ros2_ws/install/custom_interfaces/local/lib/python3.10/dist-packages/custom_interfaces-0.0.0-py3.10.egg-info/SOURCES.txt
[5.308s] -- Installing: /home/sunny/ros2_ws/install/custom_interfaces/local/lib/python3.10/dist-packages/custom_interfaces-0.0.0-py3.10.egg-info/PKG-INFO
[5.308s] -- Up-to-date: /home/sunny/ros2_ws/install/custom_interfaces/local/lib/python3.10/dist-packages/custom_interfaces
[5.308s] -- Installing: /home/sunny/ros2_ws/install/custom_interfaces/local/lib/python3.10/dist-packages/custom_interfaces/_custom_interfaces_s.ep.rosidl_typesupport_c.c
[5.308s] -- Up-to-date: /home/sunny/ros2_ws/install/custom_interfaces/local/lib/python3.10/dist-packages/custom_interfaces/msg
[5.308s] -- Installing: /home/sunny/ros2_ws/install/custom_interfaces/local/lib/python3.10/dist-packages/custom_interfaces/msg/_utm.py
[5.308s] -- Installing: /home/sunny/ros2_ws/install/custom_interfaces/local/lib/python3.10/dist-packages/custom_interfaces/msg/_utm_s.c
[5.308s] -- Installing: /home/sunny/ros2_ws/install/custom_interfaces/local/lib/python3.10/dist-packages/custom_interfaces/msg/__init__.py
[5.308s] -- Installing: /home/sunny/ros2_ws/install/custom_interfaces/local/lib/python3.10/dist-packages/custom_interfaces/_custom_interfaces_s.ep.rosidl_typesupport_introspection_c.c
[5.308s] -- Installing: /home/sunny/ros2_ws/install/custom_interfaces/local/lib/python3.10/dist-packages/custom_interfaces/_custom_interfaces_s.ep.rosidl_typesupport_fastrtps_c.c
[5.309s] -- Installing: /home/sunny/ros2_ws/install/custom_interfaces/local/lib/python3.10/dist-packages/custom_interfaces/custom_interfaces_s__rosidl_typesupport_c.cpython-310-x86_64-linux-gnu.so
[5.309s] -- Installing: /home/sunny/ros2_ws/install/custom_interfaces/local/lib/python3.10/dist-packages/custom_interfaces/custom_interfaces_s__rosidl_typesupport_introspection_c.cpython-310-x86_64-linux-gnu.so
[5.309s] -- Installing: /home/sunny/ros2_ws/install/custom_interfaces/local/lib/python3.10/dist-packages/custom_interfaces/custom_interfaces_s__rosidl_typesupport_fastrtps_c.cpython-310-x86_64-linux-gnu.so
[5.309s] -- Installing: /home/sunny/ros2_ws/install/custom_interfaces/local/lib/python3.10/dist-packages/custom_interfaces/__init__.py
[5.309s] -- Installing: /home/sunny/ros2_ws/install/custom_interfaces/local/lib/python3.10/dist-packages/custom_interfaces/libcustom_interfaces__rosidl_generator_py.so
[5.355s] Listing '/home/sunny/ros2_ws/install/custom_interfaces/local/lib/python3.10/dist-packages/custom_interfaces'...
[5.355s] Compiling '/home/sunny/ros2_ws/install/custom_interfaces/local/lib/python3.10/dist-packages/custom_interfaces/__init__.py'...
[5.355s] Listing '/home/sunny/ros2_ws/install/custom_interfaces/local/lib/python3.10/dist-packages/custom_interfaces/msg'...
[5.356s] Compiling '/home/sunny/ros2_ws/install/custom_interfaces/local/lib/python3.10/dist-packages/custom_interfaces/msg/__init__.py'...
[5.356s] Compiling '/home/sunny/ros2_ws/install/custom_interfaces/local/lib/python3.10/dist-packages/custom_interfaces/msg/_utm.py'...
[5.359s] -- Installing: /home/sunny/ros2_ws/install/custom_interfaces/local/lib/python3.10/dist-packages/custom_interfaces/custom_interfaces_s__rosidl_typesupport_fastrtps_c.cpython-310-x86_64-linux-gnu.so
[5.359s] -- Set runtime path of "/home/sunny/ros2_ws/install/custom_interfaces/local/lib/python3.10/dist-packages/custom_interfaces/custom_interfaces_s__rosidl_typesupport_fastrtps_c.cpython-310-x86_64-linux-gnu.so" to ""
[5.360s] -- Installing: /home/sunny/ros2_ws/install/custom_interfaces/local/lib/python3.10/dist-packages/custom_interfaces/custom_interfaces_s__rosidl_typesupport_introspection_c.cpython-310-x86_64-linux-gnu.so
[5.360s] -- Set runtime path of "/home/sunny/ros2_ws/install/custom_interfaces/local/lib/python3.10/dist-packages/custom_interfaces/custom_interfaces_s__rosidl_typesupport_introspection_c.cpython-310-x86_64-linux-gnu.so" to ""
[5.360s] -- Installing: /home/sunny/ros2_ws/install/custom_interfaces/local/lib/python3.10/dist-packages/custom_interfaces/custom_interfaces_s__rosidl_typesupport_c.cpython-310-x86_64-linux-gnu.so
[5.361s] -- Set runtime path of "/home/sunny/ros2_ws/install/custom_interfaces/local/lib/python3.10/dist-packages/custom_interfaces/custom_interfaces_s__rosidl_typesupport_c.cpython-310-x86_64-linux-gnu.so" to ""
[5.361s] -- Installing: /home/sunny/ros2_ws/install/custom_interfaces/lib/libcustom_interfaces__rosidl_generator_py.so
[5.362s] -- Set runtime path of "/home/sunny/ros2_ws/install/custom_interfaces/lib/libcustom_interfaces__rosidl_generator_py.so" to ""
[5.362s] -- Installing: /home/sunny/ros2_ws/install/custom_interfaces/share/custom_interfaces/msg/Utm.idl
[5.362s] -- Installing: /home/sunny/ros2_ws/install/custom_interfaces/share/custom_interfaces/msg/Utm.msg
[5.362s] -- Up-to-date: /home/sunny/ros2_ws/install/custom_interfaces/share/ament_index/resource_index/package_run_dependencies/custom_interfaces
[5.362s] -- Up-to-date: /home/sunny/ros2_ws/install/custom_interfaces/share/ament_index/resource_index/parent_prefix_path/custom_interfaces
[5.362s] -- Up-to-date: /home/sunny/ros2_ws/install/custom_interfaces/share/custom_interfaces/environment/ament_prefix_path.sh
[5.362s] -- Installing: /home/sunny/ros2_ws/install/custom_interfaces/share/custom_interfaces/environment/ament_prefix_path.dsv
[5.363s] -- Up-to-date: /home/sunny/ros2_ws/install/custom_interfaces/share/custom_interfaces/environment/path.sh
[5.363s] -- Installing: /home/sunny/ros2_ws/install/custom_interfaces/share/custom_interfaces/environment/path.dsv
[5.363s] -- Up-to-date: /home/sunny/ros2_ws/install/custom_interfaces/share/custom_interfaces/local_setup.bash
[5.363s] -- Up-to-date: /home/sunny/ros2_ws/install/custom_interfaces/share/custom_interfaces/local_setup.sh
[5.363s] -- Up-to-date: /home/sunny/ros2_ws/install/custom_interfaces/share/custom_interfaces/local_setup.zsh
[5.363s] -- Installing: /home/sunny/ros2_ws/install/custom_interfaces/share/custom_interfaces/local_setup.dsv
[5.363s] -- Installing: /home/sunny/ros2_ws/install/custom_interfaces/share/custom_interfaces/package.dsv
[5.363s] -- Up-to-date: /home/sunny/ros2_ws/install/custom_interfaces/share/ament_index/resource_index/packages/custom_interfaces
[5.364s] -- Up-to-date: /home/sunny/ros2_ws/install/custom_interfaces/share/custom_interfaces/cmake/export_custom_interfaces__rosidl_generator_cExport.cmake
[5.364s] -- Up-to-date: /home/sunny/ros2_ws/install/custom_interfaces/share/custom_interfaces/cmake/export_custom_interfaces__rosidl_generator_cExport-noconfig.cmake
[5.364s] -- Up-to-date: /home/sunny/ros2_ws/install/custom_interfaces/share/custom_interfaces/cmake/export_custom_interfaces__rosidl_typesupport_fastrtps_cExport.cmake
[5.364s] -- Up-to-date: /home/sunny/ros2_ws/install/custom_interfaces/share/custom_interfaces/cmake/export_custom_interfaces__rosidl_typesupport_fastrtps_cExport-noconfig.cmake
[5.364s] -- Up-to-date: /home/sunny/ros2_ws/install/custom_interfaces/share/custom_interfaces/cmake/custom_interfaces__rosidl_typesupport_introspection_cExport.cmake
[5.364s] -- Up-to-date: /home/sunny/ros2_ws/install/custom_interfaces/share/custom_interfaces/cmake/custom_interfaces__rosidl_typesupport_introspection_cExport-noconfig.cmake
[5.364s] -- Up-to-date: /home/sunny/ros2_ws/install/custom_interfaces/share/custom_interfaces/cmake/custom_interfaces__rosidl_typesupport_cExport.cmake
[5.364s] -- Up-to-date: /home/sunny/ros2_ws/install/custom_interfaces/share/custom_interfaces/cmake/custom_interfaces__rosidl_typesupport_cExport-noconfig.cmake
[5.365s] -- Up-to-date: /home/sunny/ros2_ws/install/custom_interfaces/share/custom_interfaces/cmake/export_custom_interfaces__rosidl_generator_cppExport.cmake
[5.365s] -- Up-to-date: /home/sunny/ros2_ws/install/custom_interfaces/share/custom_interfaces/cmake/export_custom_interfaces__rosidl_typesupport_fastrtps_cppExport.cmake
[5.365s] -- Up-to-date: /home/sunny/ros2_ws/install/custom_interfaces/share/custom_interfaces/cmake/export_custom_interfaces__rosidl_typesupport_fastrtps_cppExport-noconfig.cmake
[5.365s] -- Up-to-date: /home/sunny/ros2_ws/install/custom_interfaces/share/custom_interfaces/cmake/custom_interfaces__rosidl_typesupport_introspection_cppExport.cmake
[5.365s] -- Up-to-date: /home/sunny/ros2_ws/install/custom_interfaces/share/custom_interfaces/cmake/custom_interfaces__rosidl_typesupport_introspection_cppExport-noconfig.cmake
[5.365s] -- Up-to-date: /home/sunny/ros2_ws/install/custom_interfaces/share/custom_interfaces/cmake/custom_interfaces__rosidl_typesupport_cppExport.cmake
[5.365s] -- Up-to-date: /home/sunny/ros2_ws/install/custom_interfaces/share/custom_interfaces/cmake/custom_interfaces__rosidl_typesupport_cppExport-noconfig.cmake
[5.365s] -- Up-to-date: /home/sunny/ros2_ws/install/custom_interfaces/share/custom_interfaces/cmake/export_custom_interfaces__rosidl_generator_pyExport.cmake
[5.365s] -- Up-to-date: /home/sunny/ros2_ws/install/custom_interfaces/share/custom_interfaces/cmake/export_custom_interfaces__rosidl_generator_pyExport-noconfig.cmake
[5.366s] -- Up-to-date: /home/sunny/ros2_ws/install/custom_interfaces/share/custom_interfaces/cmake/rosidl_cmake-extras.cmake
[5.366s] -- Up-to-date: /home/sunny/ros2_ws/install/custom_interfaces/share/custom_interfaces/cmake/ament_cmake_export_include_directories-extras.cmake
[5.366s] -- Up-to-date: /home/sunny/ros2_ws/install/custom_interfaces/share/custom_interfaces/cmake/ament_cmake_export_libraries-extras.cmake
[5.366s] -- Up-to-date: /home/sunny/ros2_ws/install/custom_interfaces/share/custom_interfaces/cmake/ament_cmake_export_targets-extras.cmake
[5.366s] -- Up-to-date: /home/sunny/ros2_ws/install/custom_interfaces/share/custom_interfaces/cmake/rosidl_cmake_export_typesupport_targets-extras.cmake
[5.366s] -- Up-to-date: /home/sunny/ros2_ws/install/custom_interfaces/share/custom_interfaces/cmake/ament_cmake_export_dependencies-extras.cmake
[5.366s] -- Up-to-date: /home/sunny/ros2_ws/install/custom_interfaces/share/custom_interfaces/cmake/rosidl_cmake_export_typesupport_libraries-extras.cmake
[5.366s] -- Up-to-date: /home/sunny/ros2_ws/install/custom_interfaces/share/custom_interfaces/cmake/custom_interfacesConfig.cmake
[5.366s] -- Up-to-date: /home/sunny/ros2_ws/install/custom_interfaces/share/custom_interfaces/cmake/custom_interfacesConfig-version.cmake
[5.367s] -- Up-to-date: /home/sunny/ros2_ws/install/custom_interfaces/share/custom_interfaces/package.xml
[5.368s] Invoked command in '/home/sunny/ros2_ws/build/custom_interfaces' returned '0': CMAKE_PREFIX_PATH=${CMAKE_PREFIX_PATH}:/home/sunny/ros2_ws/install/py_proj:/opt/ros/humble /usr/bin/cmake --install /home/sunny/ros2_ws/build/custom_interfaces
