[0.010s] Invoking command in '/home/sunny/ros2_ws/build/polygon_plugins': CMAKE_PREFIX_PATH=/home/sunny/ros2_ws/install/polygon_base:/home/sunny/ros2_ws/install/tutorial_interfaces:/home/sunny/ros2_ws/install/turtlesim:/home/sunny/ros2_ws/install/polygon_plugins:/home/sunny/ros2_ws/install/my_package:/home/sunny/ros2_ws/install/more_interfaces:/home/sunny/ros2_ws/install/cpp_srvcli:/home/sunny/ros2_ws/install/cpp_pubsub:/home/sunny/ros2_ws/install/cpp_parameters:/opt/ros/humble /usr/bin/cmake --build /home/sunny/ros2_ws/build/polygon_plugins -- -j8 -l8
[0.046s] [35m[1mConsolidate compiler generated dependencies of target polygon_plugins[0m
[0.058s] [100%] Built target polygon_plugins
[0.069s] Invoked command in '/home/sunny/ros2_ws/build/polygon_plugins' returned '0': CMAKE_PREFIX_PATH=/home/sunny/ros2_ws/install/polygon_base:/home/sunny/ros2_ws/install/tutorial_interfaces:/home/sunny/ros2_ws/install/turtlesim:/home/sunny/ros2_ws/install/polygon_plugins:/home/sunny/ros2_ws/install/my_package:/home/sunny/ros2_ws/install/more_interfaces:/home/sunny/ros2_ws/install/cpp_srvcli:/home/sunny/ros2_ws/install/cpp_pubsub:/home/sunny/ros2_ws/install/cpp_parameters:/opt/ros/humble /usr/bin/cmake --build /home/sunny/ros2_ws/build/polygon_plugins -- -j8 -l8
[0.094s] Invoking command in '/home/sunny/ros2_ws/build/polygon_plugins': CMAKE_PREFIX_PATH=/home/sunny/ros2_ws/install/polygon_base:/home/sunny/ros2_ws/install/tutorial_interfaces:/home/sunny/ros2_ws/install/turtlesim:/home/sunny/ros2_ws/install/polygon_plugins:/home/sunny/ros2_ws/install/my_package:/home/sunny/ros2_ws/install/more_interfaces:/home/sunny/ros2_ws/install/cpp_srvcli:/home/sunny/ros2_ws/install/cpp_pubsub:/home/sunny/ros2_ws/install/cpp_parameters:/opt/ros/humble /usr/bin/cmake --install /home/sunny/ros2_ws/build/polygon_plugins
[0.101s] -- Install configuration: ""
[0.101s] -- Up-to-date: /home/sunny/ros2_ws/install/polygon_plugins/include
[0.101s] -- Up-to-date: /home/sunny/ros2_ws/install/polygon_plugins/include/polygon_plugins
[0.101s] -- Up-to-date: /home/sunny/ros2_ws/install/polygon_plugins/include/polygon_plugins/polygon_plugins.hpp
[0.101s] -- Up-to-date: /home/sunny/ros2_ws/install/polygon_plugins/include/polygon_plugins/visibility_control.h
[0.101s] -- Up-to-date: /home/sunny/ros2_ws/install/polygon_plugins/lib/libpolygon_plugins.so
[0.102s] -- Up-to-date: /home/sunny/ros2_ws/install/polygon_plugins/share/polygon_plugins/environment/library_path.sh
[0.102s] -- Up-to-date: /home/sunny/ros2_ws/install/polygon_plugins/share/polygon_plugins/environment/library_path.dsv
[0.102s] -- Up-to-date: /home/sunny/ros2_ws/install/polygon_plugins/share/ament_index/resource_index/package_run_dependencies/polygon_plugins
[0.102s] -- Up-to-date: /home/sunny/ros2_ws/install/polygon_plugins/share/ament_index/resource_index/parent_prefix_path/polygon_plugins
[0.102s] -- Up-to-date: /home/sunny/ros2_ws/install/polygon_plugins/share/polygon_plugins/environment/ament_prefix_path.sh
[0.102s] -- Up-to-date: /home/sunny/ros2_ws/install/polygon_plugins/share/polygon_plugins/environment/ament_prefix_path.dsv
[0.102s] -- Up-to-date: /home/sunny/ros2_ws/install/polygon_plugins/share/polygon_plugins/environment/path.sh
[0.102s] -- Up-to-date: /home/sunny/ros2_ws/install/polygon_plugins/share/polygon_plugins/environment/path.dsv
[0.102s] -- Up-to-date: /home/sunny/ros2_ws/install/polygon_plugins/share/polygon_plugins/local_setup.bash
[0.102s] -- Up-to-date: /home/sunny/ros2_ws/install/polygon_plugins/share/polygon_plugins/local_setup.sh
[0.102s] -- Up-to-date: /home/sunny/ros2_ws/install/polygon_plugins/share/polygon_plugins/local_setup.zsh
[0.102s] -- Up-to-date: /home/sunny/ros2_ws/install/polygon_plugins/share/polygon_plugins/local_setup.dsv
[0.102s] -- Up-to-date: /home/sunny/ros2_ws/install/polygon_plugins/share/polygon_plugins/package.dsv
[0.102s] -- Up-to-date: /home/sunny/ros2_ws/install/polygon_plugins/share/ament_index/resource_index/packages/polygon_plugins
[0.102s] -- Up-to-date: /home/sunny/ros2_ws/install/polygon_plugins/share/polygon_plugins/cmake/export_polygon_pluginsExport.cmake
[0.103s] -- Up-to-date: /home/sunny/ros2_ws/install/polygon_plugins/share/polygon_plugins/cmake/export_polygon_pluginsExport-noconfig.cmake
[0.103s] -- Up-to-date: /home/sunny/ros2_ws/install/polygon_plugins/share/polygon_plugins/cmake/ament_cmake_export_include_directories-extras.cmake
[0.103s] -- Up-to-date: /home/sunny/ros2_ws/install/polygon_plugins/share/polygon_plugins/cmake/ament_cmake_export_libraries-extras.cmake
[0.103s] -- Up-to-date: /home/sunny/ros2_ws/install/polygon_plugins/share/polygon_plugins/cmake/ament_cmake_export_targets-extras.cmake
[0.103s] -- Up-to-date: /home/sunny/ros2_ws/install/polygon_plugins/share/polygon_plugins/cmake/polygon_pluginsConfig.cmake
[0.103s] -- Up-to-date: /home/sunny/ros2_ws/install/polygon_plugins/share/polygon_plugins/cmake/polygon_pluginsConfig-version.cmake
[0.103s] -- Up-to-date: /home/sunny/ros2_ws/install/polygon_plugins/share/polygon_plugins/package.xml
[0.105s] Invoked command in '/home/sunny/ros2_ws/build/polygon_plugins' returned '0': CMAKE_PREFIX_PATH=/home/sunny/ros2_ws/install/polygon_base:/home/sunny/ros2_ws/install/tutorial_interfaces:/home/sunny/ros2_ws/install/turtlesim:/home/sunny/ros2_ws/install/polygon_plugins:/home/sunny/ros2_ws/install/my_package:/home/sunny/ros2_ws/install/more_interfaces:/home/sunny/ros2_ws/install/cpp_srvcli:/home/sunny/ros2_ws/install/cpp_pubsub:/home/sunny/ros2_ws/install/cpp_parameters:/opt/ros/humble /usr/bin/cmake --install /home/sunny/ros2_ws/build/polygon_plugins
