[0.011s] Invoking command in '/home/sunny/ros2_ws/src/build/cpp_pubsub': AMENT_PREFIX_PATH=/home/sunny/ros2_ws/src/install/tutorial_interfaces:${AMENT_PREFIX_PATH} CMAKE_PREFIX_PATH=/home/sunny/ros2_ws/src/install/tutorial_interfaces:/opt/ros/humble LD_LIBRARY_PATH=/home/sunny/ros2_ws/src/install/tutorial_interfaces/lib:${LD_LIBRARY_PATH} PYTHONPATH=/home/sunny/ros2_ws/src/install/tutorial_interfaces/local/lib/python3.10/dist-packages:${PYTHONPATH} /usr/bin/cmake /home/sunny/ros2_ws/src/cpp_pubsub -DCMAKE_INSTALL_PREFIX=/home/sunny/ros2_ws/src/install/cpp_pubsub
[0.068s] -- The C compiler identification is GNU 11.4.0
[0.120s] -- The CXX compiler identification is GNU 11.4.0
[0.127s] -- Detecting C compiler ABI info
[0.189s] -- Detecting C compiler ABI info - done
[0.195s] -- Check for working C compiler: /usr/bin/cc - skipped
[0.195s] -- Detecting C compile features
[0.195s] -- Detecting C compile features - done
[0.197s] -- Detecting CXX compiler ABI info
[0.271s] -- Detecting CXX compiler ABI info - done
[0.278s] -- Check for working CXX compiler: /usr/bin/c++ - skipped
[0.278s] -- Detecting CXX compile features
[0.279s] -- Detecting CXX compile features - done
[0.281s] -- Found ament_cmake: 1.3.9 (/opt/ros/humble/share/ament_cmake/cmake)
[0.410s] -- Found Python3: /usr/bin/python3 (found version "3.10.12") found components: Interpreter 
[0.487s] -- Found rclcpp: 16.0.9 (/opt/ros/humble/share/rclcpp/cmake)
[0.521s] -- Found rosidl_generator_c: 3.1.5 (/opt/ros/humble/share/rosidl_generator_c/cmake)
[0.525s] -- Found rosidl_adapter: 3.1.5 (/opt/ros/humble/share/rosidl_adapter/cmake)
[0.532s] -- Found rosidl_generator_cpp: 3.1.5 (/opt/ros/humble/share/rosidl_generator_cpp/cmake)
[0.544s] -- Using all available rosidl_typesupport_c: rosidl_typesupport_fastrtps_c;rosidl_typesupport_introspection_c
[0.559s] -- Using all available rosidl_typesupport_cpp: rosidl_typesupport_fastrtps_cpp;rosidl_typesupport_introspection_cpp
[0.613s] -- Found rmw_implementation_cmake: 6.1.2 (/opt/ros/humble/share/rmw_implementation_cmake/cmake)
[0.615s] -- Found rmw_fastrtps_cpp: 6.2.6 (/opt/ros/humble/share/rmw_fastrtps_cpp/cmake)
[0.703s] -- Found OpenSSL: /usr/lib/x86_64-linux-gnu/libcrypto.so (found version "3.0.2")  
[0.735s] -- Found FastRTPS: /opt/ros/humble/include  
[0.782s] -- Using RMW implementation 'rmw_fastrtps_cpp' as default
[0.789s] -- Looking for pthread.h
[0.853s] -- Looking for pthread.h - found
[0.853s] -- Performing Test CMAKE_HAVE_LIBC_PTHREAD
[0.920s] -- Performing Test CMAKE_HAVE_LIBC_PTHREAD - Success
[0.922s] -- Found Threads: TRUE  
[1.042s] -- Found tutorial_interfaces: 0.0.0 (/home/sunny/ros2_ws/src/install/tutorial_interfaces/share/tutorial_interfaces/cmake)
[1.183s] -- Configuring done
[1.201s] -- Generating done
[1.204s] -- Build files have been written to: /home/sunny/ros2_ws/src/build/cpp_pubsub
[1.220s] Invoked command in '/home/sunny/ros2_ws/src/build/cpp_pubsub' returned '0': AMENT_PREFIX_PATH=/home/sunny/ros2_ws/src/install/tutorial_interfaces:${AMENT_PREFIX_PATH} CMAKE_PREFIX_PATH=/home/sunny/ros2_ws/src/install/tutorial_interfaces:/opt/ros/humble LD_LIBRARY_PATH=/home/sunny/ros2_ws/src/install/tutorial_interfaces/lib:${LD_LIBRARY_PATH} PYTHONPATH=/home/sunny/ros2_ws/src/install/tutorial_interfaces/local/lib/python3.10/dist-packages:${PYTHONPATH} /usr/bin/cmake /home/sunny/ros2_ws/src/cpp_pubsub -DCMAKE_INSTALL_PREFIX=/home/sunny/ros2_ws/src/install/cpp_pubsub
[1.222s] Invoking command in '/home/sunny/ros2_ws/src/build/cpp_pubsub': AMENT_PREFIX_PATH=/home/sunny/ros2_ws/src/install/tutorial_interfaces:${AMENT_PREFIX_PATH} CMAKE_PREFIX_PATH=/home/sunny/ros2_ws/src/install/tutorial_interfaces:/opt/ros/humble LD_LIBRARY_PATH=/home/sunny/ros2_ws/src/install/tutorial_interfaces/lib:${LD_LIBRARY_PATH} PYTHONPATH=/home/sunny/ros2_ws/src/install/tutorial_interfaces/local/lib/python3.10/dist-packages:${PYTHONPATH} /usr/bin/cmake --build /home/sunny/ros2_ws/src/build/cpp_pubsub -- -j12 -l12
[1.272s] [ 25%] [32mBuilding CXX object CMakeFiles/listener.dir/src/subscriber_member_function.cpp.o[0m
[1.275s] [ 50%] [32mBuilding CXX object CMakeFiles/talker.dir/src/publisher_member_function.cpp.o[0m
[5.166s] [ 75%] [32m[1mLinking CXX executable talker[0m
[5.340s] [ 75%] Built target talker
[8.706s] [100%] [32m[1mLinking CXX executable listener[0m
[8.983s] [100%] Built target listener
[8.993s] Invoked command in '/home/sunny/ros2_ws/src/build/cpp_pubsub' returned '0': AMENT_PREFIX_PATH=/home/sunny/ros2_ws/src/install/tutorial_interfaces:${AMENT_PREFIX_PATH} CMAKE_PREFIX_PATH=/home/sunny/ros2_ws/src/install/tutorial_interfaces:/opt/ros/humble LD_LIBRARY_PATH=/home/sunny/ros2_ws/src/install/tutorial_interfaces/lib:${LD_LIBRARY_PATH} PYTHONPATH=/home/sunny/ros2_ws/src/install/tutorial_interfaces/local/lib/python3.10/dist-packages:${PYTHONPATH} /usr/bin/cmake --build /home/sunny/ros2_ws/src/build/cpp_pubsub -- -j12 -l12
[9.019s] Invoking command in '/home/sunny/ros2_ws/src/build/cpp_pubsub': AMENT_PREFIX_PATH=/home/sunny/ros2_ws/src/install/tutorial_interfaces:${AMENT_PREFIX_PATH} CMAKE_PREFIX_PATH=/home/sunny/ros2_ws/src/install/tutorial_interfaces:/opt/ros/humble LD_LIBRARY_PATH=/home/sunny/ros2_ws/src/install/tutorial_interfaces/lib:${LD_LIBRARY_PATH} PYTHONPATH=/home/sunny/ros2_ws/src/install/tutorial_interfaces/local/lib/python3.10/dist-packages:${PYTHONPATH} /usr/bin/cmake --install /home/sunny/ros2_ws/src/build/cpp_pubsub
[9.025s] -- Install configuration: ""
[9.025s] -- Installing: /home/sunny/ros2_ws/src/install/cpp_pubsub/lib/cpp_pubsub/talker
[9.027s] -- Set runtime path of "/home/sunny/ros2_ws/src/install/cpp_pubsub/lib/cpp_pubsub/talker" to ""
[9.027s] -- Installing: /home/sunny/ros2_ws/src/install/cpp_pubsub/lib/cpp_pubsub/listener
[9.032s] -- Set runtime path of "/home/sunny/ros2_ws/src/install/cpp_pubsub/lib/cpp_pubsub/listener" to ""
[9.032s] -- Installing: /home/sunny/ros2_ws/src/install/cpp_pubsub/share/ament_index/resource_index/package_run_dependencies/cpp_pubsub
[9.032s] -- Installing: /home/sunny/ros2_ws/src/install/cpp_pubsub/share/ament_index/resource_index/parent_prefix_path/cpp_pubsub
[9.032s] -- Installing: /home/sunny/ros2_ws/src/install/cpp_pubsub/share/cpp_pubsub/environment/ament_prefix_path.sh
[9.032s] -- Installing: /home/sunny/ros2_ws/src/install/cpp_pubsub/share/cpp_pubsub/environment/ament_prefix_path.dsv
[9.032s] -- Installing: /home/sunny/ros2_ws/src/install/cpp_pubsub/share/cpp_pubsub/environment/path.sh
[9.032s] -- Installing: /home/sunny/ros2_ws/src/install/cpp_pubsub/share/cpp_pubsub/environment/path.dsv
[9.033s] -- Installing: /home/sunny/ros2_ws/src/install/cpp_pubsub/share/cpp_pubsub/local_setup.bash
[9.033s] -- Installing: /home/sunny/ros2_ws/src/install/cpp_pubsub/share/cpp_pubsub/local_setup.sh
[9.033s] -- Installing: /home/sunny/ros2_ws/src/install/cpp_pubsub/share/cpp_pubsub/local_setup.zsh
[9.033s] -- Installing: /home/sunny/ros2_ws/src/install/cpp_pubsub/share/cpp_pubsub/local_setup.dsv
[9.033s] -- Installing: /home/sunny/ros2_ws/src/install/cpp_pubsub/share/cpp_pubsub/package.dsv
[9.033s] -- Installing: /home/sunny/ros2_ws/src/install/cpp_pubsub/share/ament_index/resource_index/packages/cpp_pubsub
[9.034s] -- Installing: /home/sunny/ros2_ws/src/install/cpp_pubsub/share/cpp_pubsub/cmake/cpp_pubsubConfig.cmake
[9.034s] -- Installing: /home/sunny/ros2_ws/src/install/cpp_pubsub/share/cpp_pubsub/cmake/cpp_pubsubConfig-version.cmake
[9.034s] -- Installing: /home/sunny/ros2_ws/src/install/cpp_pubsub/share/cpp_pubsub/package.xml
[9.036s] Invoked command in '/home/sunny/ros2_ws/src/build/cpp_pubsub' returned '0': AMENT_PREFIX_PATH=/home/sunny/ros2_ws/src/install/tutorial_interfaces:${AMENT_PREFIX_PATH} CMAKE_PREFIX_PATH=/home/sunny/ros2_ws/src/install/tutorial_interfaces:/opt/ros/humble LD_LIBRARY_PATH=/home/sunny/ros2_ws/src/install/tutorial_interfaces/lib:${LD_LIBRARY_PATH} PYTHONPATH=/home/sunny/ros2_ws/src/install/tutorial_interfaces/local/lib/python3.10/dist-packages:${PYTHONPATH} /usr/bin/cmake --install /home/sunny/ros2_ws/src/build/cpp_pubsub
