[01m[K/home/sunny/ros2_ws/src/cpp_parsing/src/nmea_reader.cpp:26:16:[m[K [01;31m[Kerror: [m[Kdeclaration of ‘[01m[Kboost::asio::io_context NmeaReader::io_context[m[K’ changes meaning of ‘[01m[Kio_context[m[K’ [[01;31m[K]8;;https://gcc.gnu.org/onlinedocs/gcc/Warning-Options.html#index-fpermissive-fpermissive]8;;[m[K]
   26 |     io_context [01;31m[Kio_context[m[K;
      |                [01;31m[K^~~~~~~~~~[m[K
In file included from [01m[K/usr/include/boost/asio/detail/io_object_impl.hpp:23[m[K,
                 from [01m[K/usr/include/boost/asio/basic_socket.hpp:22[m[K,
                 from [01m[K/usr/include/boost/asio/basic_datagram_socket.hpp:20[m[K,
                 from [01m[K/usr/include/boost/asio.hpp:24[m[K,
                 from [01m[K/home/sunny/ros2_ws/src/cpp_parsing/src/nmea_reader.cpp:5[m[K:
[01m[K/usr/include/boost/asio/io_context.hpp:212:7:[m[K [01;36m[Knote: [m[K‘[01m[Kio_context[m[K’ declared here as ‘[01m[Kclass boost::asio::io_context[m[K’
  212 | class [01;36m[Kio_context[m[K
      |       [01;36m[K^~~~~~~~~~[m[K
[01m[K/home/sunny/ros2_ws/src/cpp_parsing/src/nmea_reader.cpp:[m[K In constructor ‘[01m[KNmeaReader::NmeaReader()[m[K’:
[01m[K/home/sunny/ros2_ws/src/cpp_parsing/src/nmea_reader.cpp:18:27:[m[K [01;31m[Kerror: [m[K‘[01m[Kserail_port_base[m[K’ has not been declared
   18 |         serial.set_option([01;31m[Kserail_port_base[m[K::baud_rate(brate));
      |                           [01;31m[K^~~~~~~~~~~~~~~~[m[K
[01m[K/home/sunny/ros2_ws/src/cpp_parsing/src/nmea_reader.cpp:[m[K In member function ‘[01m[Kvoid NmeaReader::start_reading()[m[K’:
[01m[K/home/sunny/ros2_ws/src/cpp_parsing/src/nmea_reader.cpp:34:103:[m[K [01;31m[Kerror: [m[Kreference to ‘[01m[Kplaceholders[m[K’ is ambiguous
   34 | mic_buffer(raw_data), "\n", bind(&NmeaReader::handle_read, this, [01;31m[Kplaceholders[m[K::error, placeholders::bytes_transferred));
      |                                                                  [01;31m[K^~~~~~~~~~~~[m[K

In file included from [01m[K/usr/include/boost/asio.hpp:135[m[K,
                 from [01m[K/home/sunny/ros2_ws/src/cpp_parsing/src/nmea_reader.cpp:5[m[K:
[01m[K/usr/include/boost/asio/placeholders.hpp:28:11:[m[K [01;36m[Knote: [m[Kcandidates are: ‘[01m[Knamespace boost::asio::placeholders { }[m[K’
   28 | namespace [01;36m[Kplaceholders[m[K {
      |           [01;36m[K^~~~~~~~~~~~[m[K
In file included from [01m[K/usr/include/boost/system/error_code.hpp:19[m[K,
                 from [01m[K/usr/include/boost/asio/detail/throw_error.hpp:19[m[K,
                 from [01m[K/usr/include/boost/asio/detail/impl/posix_event.ipp:23[m[K,
                 from [01m[K/usr/include/boost/asio/detail/posix_event.hpp:172[m[K,
                 from [01m[K/usr/include/boost/asio/detail/event.hpp:25[m[K,
                 from [01m[K/usr/include/boost/asio/execution/blocking_adaptation.hpp:19[m[K,
                 from [01m[K/usr/include/boost/asio/execution.hpp:22[m[K,
                 from [01m[K/usr/include/boost/asio/system_executor.hpp:20[m[K,
                 from [01m[K/usr/include/boost/asio/associated_executor.hpp:22[m[K,
                 from [01m[K/usr/include/boost/asio.hpp:21[m[K,
                 from [01m[K/home/sunny/ros2_ws/src/cpp_parsing/src/nmea_reader.cpp:5[m[K:
[01m[K/usr/include/c++/11/functional:219:13:[m[K [01;36m[Knote: [m[K                ‘[01m[Knamespace std::placeholders { }[m[K’
  219 |   namespace [01;36m[Kplaceholders[m[K
      |             [01;36m[K^~~~~~~~~~~~[m[K
[01m[K/home/sunny/ros2_ws/src/cpp_parsing/src/nmea_reader.cpp:34:124:[m[K [01;31m[Kerror: [m[Kreference to ‘[01m[Kplaceholders[m[K’ is ambiguous
   34 |  "\n", bind(&NmeaReader::handle_read, this, placeholders::error, [01;31m[Kplaceholders[m[K::bytes_transferred));
      |                                                                  [01;31m[K^~~~~~~~~~~~[m[K

In file included from [01m[K/usr/include/boost/asio.hpp:135[m[K,
                 from [01m[K/home/sunny/ros2_ws/src/cpp_parsing/src/nmea_reader.cpp:5[m[K:
[01m[K/usr/include/boost/asio/placeholders.hpp:28:11:[m[K [01;36m[Knote: [m[Kcandidates are: ‘[01m[Knamespace boost::asio::placeholders { }[m[K’
   28 | namespace [01;36m[Kplaceholders[m[K {
      |           [01;36m[K^~~~~~~~~~~~[m[K
In file included from [01m[K/usr/include/boost/system/error_code.hpp:19[m[K,
                 from [01m[K/usr/include/boost/asio/detail/throw_error.hpp:19[m[K,
                 from [01m[K/usr/include/boost/asio/detail/impl/posix_event.ipp:23[m[K,
                 from [01m[K/usr/include/boost/asio/detail/posix_event.hpp:172[m[K,
                 from [01m[K/usr/include/boost/asio/detail/event.hpp:25[m[K,
                 from [01m[K/usr/include/boost/asio/execution/blocking_adaptation.hpp:19[m[K,
                 from [01m[K/usr/include/boost/asio/execution.hpp:22[m[K,
                 from [01m[K/usr/include/boost/asio/system_executor.hpp:20[m[K,
                 from [01m[K/usr/include/boost/asio/associated_executor.hpp:22[m[K,
                 from [01m[K/usr/include/boost/asio.hpp:21[m[K,
                 from [01m[K/home/sunny/ros2_ws/src/cpp_parsing/src/nmea_reader.cpp:5[m[K:
[01m[K/usr/include/c++/11/functional:219:13:[m[K [01;36m[Knote: [m[K                ‘[01m[Knamespace std::placeholders { }[m[K’
  219 |   namespace [01;36m[Kplaceholders[m[K
      |             [01;36m[K^~~~~~~~~~~~[m[K
gmake[2]: *** [CMakeFiles/reader.dir/build.make:76: CMakeFiles/reader.dir/src/nmea_reader.cpp.o] Error 1
gmake[1]: *** [CMakeFiles/Makefile2:139: CMakeFiles/reader.dir/all] Error 2
gmake: *** [Makefile:146: all] Error 2
