[0.008s] Invoking command in '/home/sunny/ros2_ws/build/custom_interfaces': CMAKE_PREFIX_PATH=/opt/ros/humble /usr/bin/cmake /home/sunny/ros2_ws/src/custom_interfaces -DCMAKE_INSTALL_PREFIX=/home/sunny/ros2_ws/install/custom_interfaces
[0.063s] -- The C compiler identification is GNU 11.4.0
[0.120s] -- The CXX compiler identification is GNU 11.4.0
[0.128s] -- Detecting C compiler ABI info
[0.197s] -- Detecting C compiler ABI info - done
[0.207s] -- Check for working C compiler: /usr/bin/cc - skipped
[0.207s] -- Detecting C compile features
[0.208s] -- Detecting C compile features - done
[0.211s] -- Detecting CXX compiler ABI info
[0.291s] -- Detecting CXX compiler ABI info - done
[0.303s] -- Check for working CXX compiler: /usr/bin/c++ - skipped
[0.304s] -- Detecting CXX compile features
[0.304s] -- Detecting CXX compile features - done
[0.307s] -- Found ament_cmake: 1.3.9 (/opt/ros/humble/share/ament_cmake/cmake)
[0.457s] -- Found Python3: /usr/bin/python3 (found version "3.10.12") found components: Interpreter 
[0.550s] -- Found rosidl_default_generators: 1.2.0 (/opt/ros/humble/share/rosidl_default_generators/cmake)
[0.554s] -- Using all available rosidl_typesupport_c: rosidl_typesupport_fastrtps_c;rosidl_typesupport_introspection_c
[0.561s] -- Found rosidl_adapter: 3.1.5 (/opt/ros/humble/share/rosidl_adapter/cmake)
[0.600s] -- Using all available rosidl_typesupport_cpp: rosidl_typesupport_fastrtps_cpp;rosidl_typesupport_introspection_cpp
[0.802s] [31mCMake Error at /opt/ros/humble/share/rosidl_adapter/cmake/rosidl_adapt_interfaces.cmake:59 (message):
[0.802s]   execute_process(/usr/bin/python3 -m rosidl_adapter --package-name
[0.803s]   custom_interfaces --arguments-file
[0.803s]   /home/sunny/ros2_ws/build/custom_interfaces/rosidl_adapter__arguments__custom_interfaces.json
[0.803s]   --output-dir
[0.803s]   /home/sunny/ros2_ws/build/custom_interfaces/rosidl_adapter/custom_interfaces
[0.803s]   --output-file
[0.803s]   /home/sunny/ros2_ws/build/custom_interfaces/rosidl_adapter/custom_interfaces.idls)
[0.803s]   returned error code 1:
[0.803s] 
[0.803s]   Error processing 'float64 HDOP' of 'custom_interfaces/utm': ''HDOP' is an
[0.803s]   invalid field name.  It should have the pattern
[0.803s]   '^(?!.*__)(?!.*_$)[a-z][a-z0-9_]*$''
[0.803s] 
[0.803s]   Traceback (most recent call last):
[0.804s] 
[0.804s]     File "/usr/lib/python3.10/runpy.py", line 196, in _run_module_as_main
[0.804s]       return _run_code(code, main_globals, None,
[0.804s]     File "/usr/lib/python3.10/runpy.py", line 86, in _run_code
[0.804s]       exec(code, run_globals)
[0.804s]     File "/opt/ros/humble/local/lib/python3.10/dist-packages/rosidl_adapter/__main__.py", line 19, in <module>
[0.804s]       sys.exit(main())
[0.804s]     File "/opt/ros/humble/local/lib/python3.10/dist-packages/rosidl_adapter/main.py", line 53, in main
[0.804s]       abs_idl_file = convert_to_idl(
[0.804s]     File "/opt/ros/humble/local/lib/python3.10/dist-packages/rosidl_adapter/__init__.py", line 19, in convert_to_idl
[0.804s]       return convert_msg_to_idl(
[0.804s]     File "/opt/ros/humble/local/lib/python3.10/dist-packages/rosidl_adapter/msg/__init__.py", line 28, in convert_msg_to_idl
[0.804s]       msg = parse_message_string(package_name, input_file.stem, content)
[0.804s]     File "/opt/ros/humble/local/lib/python3.10/dist-packages/rosidl_adapter/parser.py", line 519, in parse_message_string
[0.804s]       fields.append(Field(
[0.804s]     File "/opt/ros/humble/local/lib/python3.10/dist-packages/rosidl_adapter/parser.py", line 354, in __init__
[0.804s]       raise NameError(
[0.804s] 
[0.805s]   NameError: 'HDOP' is an invalid field name.  It should have the pattern
[0.805s]   '^(?!.*__)(?!.*_$)[a-z][a-z0-9_]*$'
[0.805s] 
[0.805s] Call Stack (most recent call first):
[0.805s]   /opt/ros/humble/share/rosidl_cmake/cmake/rosidl_generate_interfaces.cmake:130 (rosidl_adapt_interfaces)
[0.805s]   CMakeLists.txt:12 (rosidl_generate_interfaces)
[0.805s] 
[0.805s] [0m
[0.805s] -- Configuring incomplete, errors occurred!
[0.805s] See also "/home/sunny/ros2_ws/build/custom_interfaces/CMakeFiles/CMakeOutput.log".
[0.813s] Invoked command in '/home/sunny/ros2_ws/build/custom_interfaces' returned '1': CMAKE_PREFIX_PATH=/opt/ros/humble /usr/bin/cmake /home/sunny/ros2_ws/src/custom_interfaces -DCMAKE_INSTALL_PREFIX=/home/sunny/ros2_ws/install/custom_interfaces
