[0.023s] Invoking command in '/home/sunny/ros2_ws/src/build/more_interfaces': CMAKE_PREFIX_PATH=/opt/ros/humble /usr/bin/cmake /home/sunny/ros2_ws/src/more_interfaces -DCMAKE_INSTALL_PREFIX=/home/sunny/ros2_ws/src/install/more_interfaces
[0.126s] -- The C compiler identification is GNU 11.4.0
[0.200s] -- The CXX compiler identification is GNU 11.4.0
[0.207s] -- Detecting C compiler ABI info
[0.289s] -- Detecting C compiler ABI info - done
[0.296s] -- Check for working C compiler: /usr/bin/cc - skipped
[0.297s] -- Detecting C compile features
[0.297s] -- Detecting C compile features - done
[0.301s] -- Detecting CXX compiler ABI info
[0.391s] -- Detecting CXX compiler ABI info - done
[0.400s] -- Check for working CXX compiler: /usr/bin/c++ - skipped
[0.401s] -- Detecting CXX compile features
[0.401s] -- Detecting CXX compile features - done
[0.403s] -- Found ament_cmake: 1.3.9 (/opt/ros/humble/share/ament_cmake/cmake)
[0.538s] -- Found Python3: /usr/bin/python3 (found version "3.10.12") found components: Interpreter 
[0.631s] -- Found rosidl_default_generators: 1.2.0 (/opt/ros/humble/share/rosidl_default_generators/cmake)
[0.633s] -- Using all available rosidl_typesupport_c: rosidl_typesupport_fastrtps_c;rosidl_typesupport_introspection_c
[0.640s] -- Found rosidl_adapter: 3.1.5 (/opt/ros/humble/share/rosidl_adapter/cmake)
[0.686s] -- Using all available rosidl_typesupport_cpp: rosidl_typesupport_fastrtps_cpp;rosidl_typesupport_introspection_cpp
[0.990s] -- Found ament_cmake_ros: 0.10.0 (/opt/ros/humble/share/ament_cmake_ros/cmake)
[1.158s] -- Using all available rosidl_typesupport_c: rosidl_typesupport_fastrtps_c;rosidl_typesupport_introspection_c
[1.358s] -- Using all available rosidl_typesupport_cpp: rosidl_typesupport_fastrtps_cpp;rosidl_typesupport_introspection_cpp
[1.378s] -- Found PythonInterp: /usr/bin/python3 (found suitable version "3.10.12", minimum required is "3.6") 
[1.380s] -- Found python_cmake_module: 0.10.0 (/opt/ros/humble/share/python_cmake_module/cmake)
[1.403s] -- Found PythonLibs: /usr/lib/x86_64-linux-gnu/libpython3.10.so (found suitable version "3.10.12", minimum required is "3.5") 
[1.403s] -- Using PYTHON_EXECUTABLE: /usr/bin/python3
[1.403s] -- Using PYTHON_INCLUDE_DIRS: /usr/include/python3.10
[1.404s] -- Using PYTHON_LIBRARIES: /usr/lib/x86_64-linux-gnu/libpython3.10.so
[1.421s] -- Found PythonExtra: .so  
[1.448s] -- Found rclcpp: 16.0.9 (/opt/ros/humble/share/rclcpp/cmake)
[1.511s] -- Found rmw_implementation_cmake: 6.1.2 (/opt/ros/humble/share/rmw_implementation_cmake/cmake)
[1.513s] -- Found rmw_fastrtps_cpp: 6.2.6 (/opt/ros/humble/share/rmw_fastrtps_cpp/cmake)
[1.627s] -- Found OpenSSL: /usr/lib/x86_64-linux-gnu/libcrypto.so (found version "3.0.2")  
[1.666s] -- Found FastRTPS: /opt/ros/humble/include  
[1.735s] -- Using RMW implementation 'rmw_fastrtps_cpp' as default
[1.746s] -- Looking for pthread.h
[1.838s] -- Looking for pthread.h - found
[1.839s] -- Performing Test CMAKE_HAVE_LIBC_PTHREAD
[1.927s] -- Performing Test CMAKE_HAVE_LIBC_PTHREAD - Success
[1.929s] -- Found Threads: TRUE  
[2.169s] -- Found ament_lint_auto: 0.12.11 (/opt/ros/humble/share/ament_lint_auto/cmake)
[2.192s] -- Added test 'cppcheck' to perform static code analysis on C / C++ code
[2.193s] -- Configured cppcheck include dirs: 
[2.193s] -- Configured cppcheck exclude dirs and/or files: 
[2.194s] -- Added test 'lint_cmake' to check CMake code style
[2.196s] -- Added test 'uncrustify' to check C / C++ code style
[2.196s] -- Configured uncrustify additional arguments: 
[2.196s] -- Added test 'xmllint' to check XML markup files
[2.201s] -- Configuring done
[2.254s] -- Generating done
[2.270s] -- Build files have been written to: /home/sunny/ros2_ws/src/build/more_interfaces
[2.311s] Invoked command in '/home/sunny/ros2_ws/src/build/more_interfaces' returned '0': CMAKE_PREFIX_PATH=/opt/ros/humble /usr/bin/cmake /home/sunny/ros2_ws/src/more_interfaces -DCMAKE_INSTALL_PREFIX=/home/sunny/ros2_ws/src/install/more_interfaces
[2.311s] Invoking command in '/home/sunny/ros2_ws/src/build/more_interfaces': CMAKE_PREFIX_PATH=/opt/ros/humble /usr/bin/cmake --build /home/sunny/ros2_ws/src/build/more_interfaces -- -j12 -l12
[2.393s] [  3%] [34m[1mGenerating C code for ROS interfaces[0m
[2.406s] [  6%] [34m[1mGenerating C++ code for ROS interfaces[0m
[2.412s] [  6%] Built target ament_cmake_python_copy_more_interfaces
[2.771s] running egg_info
[2.773s] creating more_interfaces.egg-info
[2.773s] writing more_interfaces.egg-info/PKG-INFO
[2.774s] writing dependency_links to more_interfaces.egg-info/dependency_links.txt
[2.774s] writing top-level names to more_interfaces.egg-info/top_level.txt
[2.775s] writing manifest file 'more_interfaces.egg-info/SOURCES.txt'
[2.778s] reading manifest file 'more_interfaces.egg-info/SOURCES.txt'
[2.779s] writing manifest file 'more_interfaces.egg-info/SOURCES.txt'
[2.838s] [  9%] [32mBuilding C object CMakeFiles/more_interfaces__rosidl_generator_c.dir/rosidl_generator_c/more_interfaces/msg/detail/address_book__functions.c.o[0m
[2.839s] [  9%] Built target ament_cmake_python_build_more_interfaces_egg
[2.849s] [  9%] Built target more_interfaces__cpp
[2.865s] [ 12%] [34m[1mGenerating C++ type support for eProsima Fast-RTPS[0m
[2.866s] [ 15%] [34m[1mGenerating C++ introspection for ROS interfaces[0m
[2.902s] [ 18%] [34m[1mGenerating C++ type support dispatch for ROS interfaces[0m
[2.950s] [ 21%] [32m[1mLinking C shared library libmore_interfaces__rosidl_generator_c.so[0m
[3.054s] [ 21%] Built target more_interfaces__rosidl_generator_c
[3.080s] [ 24%] [34m[1mGenerating C type support for eProsima Fast-RTPS[0m
[3.094s] [ 27%] [34m[1mGenerating C introspection for ROS interfaces[0m
[3.107s] [ 30%] [34m[1mGenerating C type support dispatch for ROS interfaces[0m
[3.389s] [ 33%] [32mBuilding CXX object CMakeFiles/more_interfaces__rosidl_typesupport_fastrtps_cpp.dir/rosidl_typesupport_fastrtps_cpp/more_interfaces/msg/detail/dds_fastrtps/address_book__type_support.cpp.o[0m
[3.397s] [ 36%] [32mBuilding CXX object CMakeFiles/more_interfaces__rosidl_typesupport_cpp.dir/rosidl_typesupport_cpp/more_interfaces/msg/address_book__type_support.cpp.o[0m
[3.466s] [ 39%] [32mBuilding CXX object CMakeFiles/more_interfaces__rosidl_typesupport_introspection_cpp.dir/rosidl_typesupport_introspection_cpp/more_interfaces/msg/detail/address_book__type_support.cpp.o[0m
[3.628s] [ 42%] [32mBuilding CXX object CMakeFiles/more_interfaces__rosidl_typesupport_c.dir/rosidl_typesupport_c/more_interfaces/msg/address_book__type_support.cpp.o[0m
[3.663s] [ 45%] [32mBuilding C object CMakeFiles/more_interfaces__rosidl_typesupport_introspection_c.dir/rosidl_typesupport_introspection_c/more_interfaces/msg/detail/address_book__type_support.c.o[0m
[3.679s] [ 48%] [32mBuilding CXX object CMakeFiles/more_interfaces__rosidl_typesupport_fastrtps_c.dir/rosidl_typesupport_fastrtps_c/more_interfaces/msg/detail/address_book__type_support_c.cpp.o[0m
[3.767s] [ 51%] [32m[1mLinking CXX shared library libmore_interfaces__rosidl_typesupport_c.so[0m
[3.817s] [ 54%] [32m[1mLinking C shared library libmore_interfaces__rosidl_typesupport_introspection_c.so[0m
[3.865s] [ 54%] Built target more_interfaces__rosidl_typesupport_c
[3.919s] [ 54%] Built target more_interfaces__rosidl_typesupport_introspection_c
[3.923s] [ 57%] [32m[1mLinking CXX shared library libmore_interfaces__rosidl_typesupport_cpp.so[0m
[4.084s] [ 57%] Built target more_interfaces__rosidl_typesupport_cpp
[4.096s] [ 60%] [32m[1mLinking CXX shared library libmore_interfaces__rosidl_typesupport_fastrtps_cpp.so[0m
[4.104s] [ 63%] [32m[1mLinking CXX shared library libmore_interfaces__rosidl_typesupport_introspection_cpp.so[0m
[4.140s] [ 66%] [32mBuilding CXX object CMakeFiles/publish_address_book.dir/src/publish_address_book.cpp.o[0m
[4.185s] [ 69%] [32m[1mLinking CXX shared library libmore_interfaces__rosidl_typesupport_fastrtps_c.so[0m
[4.254s] [ 69%] Built target more_interfaces__rosidl_typesupport_introspection_cpp
[4.264s] [ 69%] Built target more_interfaces__rosidl_typesupport_fastrtps_cpp
[4.333s] [ 69%] Built target more_interfaces__rosidl_typesupport_fastrtps_c
[4.352s] [ 69%] Built target more_interfaces
[4.376s] [ 72%] [34m[1mGenerating Python code for ROS interfaces[0m
[4.654s] [ 72%] Built target more_interfaces__py
[4.674s] [ 75%] [32mBuilding C object CMakeFiles/more_interfaces__rosidl_generator_py.dir/rosidl_generator_py/more_interfaces/msg/_address_book_s.c.o[0m
[4.761s] [ 78%] [32m[1mLinking C shared library rosidl_generator_py/more_interfaces/libmore_interfaces__rosidl_generator_py.so[0m
[4.799s] [ 78%] Built target more_interfaces__rosidl_generator_py
[4.820s] [ 81%] [32mBuilding C object CMakeFiles/more_interfaces__rosidl_typesupport_fastrtps_c__pyext.dir/rosidl_generator_py/more_interfaces/_more_interfaces_s.ep.rosidl_typesupport_fastrtps_c.c.o[0m
[4.821s] [ 84%] [32mBuilding C object CMakeFiles/more_interfaces__rosidl_typesupport_introspection_c__pyext.dir/rosidl_generator_py/more_interfaces/_more_interfaces_s.ep.rosidl_typesupport_introspection_c.c.o[0m
[4.822s] [ 87%] [32mBuilding C object CMakeFiles/more_interfaces__rosidl_typesupport_c__pyext.dir/rosidl_generator_py/more_interfaces/_more_interfaces_s.ep.rosidl_typesupport_c.c.o[0m
[4.906s] [ 90%] [32m[1mLinking C shared library rosidl_generator_py/more_interfaces/more_interfaces_s__rosidl_typesupport_c.cpython-310-x86_64-linux-gnu.so[0m
[4.925s] [ 93%] [32m[1mLinking C shared library rosidl_generator_py/more_interfaces/more_interfaces_s__rosidl_typesupport_introspection_c.cpython-310-x86_64-linux-gnu.so[0m
[4.946s] [ 93%] Built target more_interfaces__rosidl_typesupport_c__pyext
[4.950s] [ 96%] [32m[1mLinking C shared library rosidl_generator_py/more_interfaces/more_interfaces_s__rosidl_typesupport_fastrtps_c.cpython-310-x86_64-linux-gnu.so[0m
[4.967s] [ 96%] Built target more_interfaces__rosidl_typesupport_introspection_c__pyext
[4.992s] [ 96%] Built target more_interfaces__rosidl_typesupport_fastrtps_c__pyext
[8.226s] [100%] [32m[1mLinking CXX executable publish_address_book[0m
[8.393s] [100%] Built target publish_address_book
[8.407s] Invoked command in '/home/sunny/ros2_ws/src/build/more_interfaces' returned '0': CMAKE_PREFIX_PATH=/opt/ros/humble /usr/bin/cmake --build /home/sunny/ros2_ws/src/build/more_interfaces -- -j12 -l12
[8.464s] Invoking command in '/home/sunny/ros2_ws/src/build/more_interfaces': CMAKE_PREFIX_PATH=/opt/ros/humble /usr/bin/cmake --install /home/sunny/ros2_ws/src/build/more_interfaces
[8.472s] -- Install configuration: ""
[8.473s] -- Installing: /home/sunny/ros2_ws/src/install/more_interfaces/share/ament_index/resource_index/rosidl_interfaces/more_interfaces
[8.473s] -- Installing: /home/sunny/ros2_ws/src/install/more_interfaces/include/more_interfaces/more_interfaces
[8.473s] -- Installing: /home/sunny/ros2_ws/src/install/more_interfaces/include/more_interfaces/more_interfaces/msg
[8.473s] -- Installing: /home/sunny/ros2_ws/src/install/more_interfaces/include/more_interfaces/more_interfaces/msg/rosidl_generator_c__visibility_control.h
[8.473s] -- Installing: /home/sunny/ros2_ws/src/install/more_interfaces/include/more_interfaces/more_interfaces/msg/detail
[8.473s] -- Installing: /home/sunny/ros2_ws/src/install/more_interfaces/include/more_interfaces/more_interfaces/msg/detail/address_book__type_support.h
[8.474s] -- Installing: /home/sunny/ros2_ws/src/install/more_interfaces/include/more_interfaces/more_interfaces/msg/detail/address_book__struct.h
[8.474s] -- Installing: /home/sunny/ros2_ws/src/install/more_interfaces/include/more_interfaces/more_interfaces/msg/detail/address_book__functions.h
[8.474s] -- Installing: /home/sunny/ros2_ws/src/install/more_interfaces/include/more_interfaces/more_interfaces/msg/detail/address_book__functions.c
[8.474s] -- Installing: /home/sunny/ros2_ws/src/install/more_interfaces/include/more_interfaces/more_interfaces/msg/address_book.h
[8.474s] -- Installing: /home/sunny/ros2_ws/src/install/more_interfaces/share/more_interfaces/environment/library_path.sh
[8.475s] -- Installing: /home/sunny/ros2_ws/src/install/more_interfaces/share/more_interfaces/environment/library_path.dsv
[8.475s] -- Installing: /home/sunny/ros2_ws/src/install/more_interfaces/lib/libmore_interfaces__rosidl_generator_c.so
[8.475s] -- Set runtime path of "/home/sunny/ros2_ws/src/install/more_interfaces/lib/libmore_interfaces__rosidl_generator_c.so" to ""
[8.475s] -- Up-to-date: /home/sunny/ros2_ws/src/install/more_interfaces/include/more_interfaces/more_interfaces
[8.475s] -- Up-to-date: /home/sunny/ros2_ws/src/install/more_interfaces/include/more_interfaces/more_interfaces/msg
[8.475s] -- Up-to-date: /home/sunny/ros2_ws/src/install/more_interfaces/include/more_interfaces/more_interfaces/msg/detail
[8.476s] -- Installing: /home/sunny/ros2_ws/src/install/more_interfaces/include/more_interfaces/more_interfaces/msg/detail/address_book__rosidl_typesupport_fastrtps_c.h
[8.476s] -- Installing: /home/sunny/ros2_ws/src/install/more_interfaces/include/more_interfaces/more_interfaces/msg/rosidl_typesupport_fastrtps_c__visibility_control.h
[8.476s] -- Installing: /home/sunny/ros2_ws/src/install/more_interfaces/lib/libmore_interfaces__rosidl_typesupport_fastrtps_c.so
[8.476s] -- Set runtime path of "/home/sunny/ros2_ws/src/install/more_interfaces/lib/libmore_interfaces__rosidl_typesupport_fastrtps_c.so" to ""
[8.476s] -- Up-to-date: /home/sunny/ros2_ws/src/install/more_interfaces/include/more_interfaces/more_interfaces
[8.476s] -- Up-to-date: /home/sunny/ros2_ws/src/install/more_interfaces/include/more_interfaces/more_interfaces/msg
[8.477s] -- Up-to-date: /home/sunny/ros2_ws/src/install/more_interfaces/include/more_interfaces/more_interfaces/msg/detail
[8.477s] -- Installing: /home/sunny/ros2_ws/src/install/more_interfaces/include/more_interfaces/more_interfaces/msg/detail/address_book__rosidl_typesupport_introspection_c.h
[8.477s] -- Installing: /home/sunny/ros2_ws/src/install/more_interfaces/include/more_interfaces/more_interfaces/msg/detail/address_book__type_support.c
[8.477s] -- Installing: /home/sunny/ros2_ws/src/install/more_interfaces/include/more_interfaces/more_interfaces/msg/rosidl_typesupport_introspection_c__visibility_control.h
[8.477s] -- Installing: /home/sunny/ros2_ws/src/install/more_interfaces/lib/libmore_interfaces__rosidl_typesupport_introspection_c.so
[8.477s] -- Set runtime path of "/home/sunny/ros2_ws/src/install/more_interfaces/lib/libmore_interfaces__rosidl_typesupport_introspection_c.so" to ""
[8.477s] -- Installing: /home/sunny/ros2_ws/src/install/more_interfaces/lib/libmore_interfaces__rosidl_typesupport_c.so
[8.478s] -- Set runtime path of "/home/sunny/ros2_ws/src/install/more_interfaces/lib/libmore_interfaces__rosidl_typesupport_c.so" to ""
[8.478s] -- Up-to-date: /home/sunny/ros2_ws/src/install/more_interfaces/include/more_interfaces/more_interfaces
[8.478s] -- Up-to-date: /home/sunny/ros2_ws/src/install/more_interfaces/include/more_interfaces/more_interfaces/msg
[8.478s] -- Up-to-date: /home/sunny/ros2_ws/src/install/more_interfaces/include/more_interfaces/more_interfaces/msg/detail
[8.478s] -- Installing: /home/sunny/ros2_ws/src/install/more_interfaces/include/more_interfaces/more_interfaces/msg/detail/address_book__builder.hpp
[8.479s] -- Installing: /home/sunny/ros2_ws/src/install/more_interfaces/include/more_interfaces/more_interfaces/msg/detail/address_book__traits.hpp
[8.479s] -- Installing: /home/sunny/ros2_ws/src/install/more_interfaces/include/more_interfaces/more_interfaces/msg/detail/address_book__struct.hpp
[8.479s] -- Installing: /home/sunny/ros2_ws/src/install/more_interfaces/include/more_interfaces/more_interfaces/msg/address_book.hpp
[8.479s] -- Up-to-date: /home/sunny/ros2_ws/src/install/more_interfaces/include/more_interfaces/more_interfaces
[8.479s] -- Up-to-date: /home/sunny/ros2_ws/src/install/more_interfaces/include/more_interfaces/more_interfaces/msg
[8.479s] -- Up-to-date: /home/sunny/ros2_ws/src/install/more_interfaces/include/more_interfaces/more_interfaces/msg/detail
[8.479s] -- Installing: /home/sunny/ros2_ws/src/install/more_interfaces/include/more_interfaces/more_interfaces/msg/detail/dds_fastrtps
[8.479s] -- Installing: /home/sunny/ros2_ws/src/install/more_interfaces/include/more_interfaces/more_interfaces/msg/detail/address_book__rosidl_typesupport_fastrtps_cpp.hpp
[8.480s] -- Installing: /home/sunny/ros2_ws/src/install/more_interfaces/include/more_interfaces/more_interfaces/msg/rosidl_typesupport_fastrtps_cpp__visibility_control.h
[8.480s] -- Installing: /home/sunny/ros2_ws/src/install/more_interfaces/lib/libmore_interfaces__rosidl_typesupport_fastrtps_cpp.so
[8.480s] -- Set runtime path of "/home/sunny/ros2_ws/src/install/more_interfaces/lib/libmore_interfaces__rosidl_typesupport_fastrtps_cpp.so" to ""
[8.480s] -- Up-to-date: /home/sunny/ros2_ws/src/install/more_interfaces/include/more_interfaces/more_interfaces
[8.480s] -- Up-to-date: /home/sunny/ros2_ws/src/install/more_interfaces/include/more_interfaces/more_interfaces/msg
[8.480s] -- Up-to-date: /home/sunny/ros2_ws/src/install/more_interfaces/include/more_interfaces/more_interfaces/msg/detail
[8.481s] -- Installing: /home/sunny/ros2_ws/src/install/more_interfaces/include/more_interfaces/more_interfaces/msg/detail/address_book__rosidl_typesupport_introspection_cpp.hpp
[8.481s] -- Installing: /home/sunny/ros2_ws/src/install/more_interfaces/include/more_interfaces/more_interfaces/msg/detail/address_book__type_support.cpp
[8.481s] -- Installing: /home/sunny/ros2_ws/src/install/more_interfaces/lib/libmore_interfaces__rosidl_typesupport_introspection_cpp.so
[8.481s] -- Set runtime path of "/home/sunny/ros2_ws/src/install/more_interfaces/lib/libmore_interfaces__rosidl_typesupport_introspection_cpp.so" to ""
[8.481s] -- Installing: /home/sunny/ros2_ws/src/install/more_interfaces/lib/libmore_interfaces__rosidl_typesupport_cpp.so
[8.482s] -- Set runtime path of "/home/sunny/ros2_ws/src/install/more_interfaces/lib/libmore_interfaces__rosidl_typesupport_cpp.so" to ""
[8.482s] -- Installing: /home/sunny/ros2_ws/src/install/more_interfaces/share/more_interfaces/environment/pythonpath.sh
[8.482s] -- Installing: /home/sunny/ros2_ws/src/install/more_interfaces/share/more_interfaces/environment/pythonpath.dsv
[8.483s] -- Installing: /home/sunny/ros2_ws/src/install/more_interfaces/local/lib/python3.10/dist-packages/more_interfaces-0.0.0-py3.10.egg-info
[8.483s] -- Installing: /home/sunny/ros2_ws/src/install/more_interfaces/local/lib/python3.10/dist-packages/more_interfaces-0.0.0-py3.10.egg-info/top_level.txt
[8.483s] -- Installing: /home/sunny/ros2_ws/src/install/more_interfaces/local/lib/python3.10/dist-packages/more_interfaces-0.0.0-py3.10.egg-info/SOURCES.txt
[8.483s] -- Installing: /home/sunny/ros2_ws/src/install/more_interfaces/local/lib/python3.10/dist-packages/more_interfaces-0.0.0-py3.10.egg-info/PKG-INFO
[8.483s] -- Installing: /home/sunny/ros2_ws/src/install/more_interfaces/local/lib/python3.10/dist-packages/more_interfaces-0.0.0-py3.10.egg-info/dependency_links.txt
[8.483s] -- Installing: /home/sunny/ros2_ws/src/install/more_interfaces/local/lib/python3.10/dist-packages/more_interfaces
[8.483s] -- Installing: /home/sunny/ros2_ws/src/install/more_interfaces/local/lib/python3.10/dist-packages/more_interfaces/libmore_interfaces__rosidl_generator_py.so
[8.483s] -- Installing: /home/sunny/ros2_ws/src/install/more_interfaces/local/lib/python3.10/dist-packages/more_interfaces/more_interfaces_s__rosidl_typesupport_introspection_c.cpython-310-x86_64-linux-gnu.so
[8.484s] -- Installing: /home/sunny/ros2_ws/src/install/more_interfaces/local/lib/python3.10/dist-packages/more_interfaces/msg
[8.484s] -- Installing: /home/sunny/ros2_ws/src/install/more_interfaces/local/lib/python3.10/dist-packages/more_interfaces/msg/_address_book_s.c
[8.484s] -- Installing: /home/sunny/ros2_ws/src/install/more_interfaces/local/lib/python3.10/dist-packages/more_interfaces/msg/__init__.py
[8.484s] -- Installing: /home/sunny/ros2_ws/src/install/more_interfaces/local/lib/python3.10/dist-packages/more_interfaces/msg/_address_book.py
[8.484s] -- Installing: /home/sunny/ros2_ws/src/install/more_interfaces/local/lib/python3.10/dist-packages/more_interfaces/more_interfaces_s__rosidl_typesupport_fastrtps_c.cpython-310-x86_64-linux-gnu.so
[8.484s] -- Installing: /home/sunny/ros2_ws/src/install/more_interfaces/local/lib/python3.10/dist-packages/more_interfaces/__init__.py
[8.484s] -- Installing: /home/sunny/ros2_ws/src/install/more_interfaces/local/lib/python3.10/dist-packages/more_interfaces/more_interfaces_s__rosidl_typesupport_c.cpython-310-x86_64-linux-gnu.so
[8.485s] -- Installing: /home/sunny/ros2_ws/src/install/more_interfaces/local/lib/python3.10/dist-packages/more_interfaces/_more_interfaces_s.ep.rosidl_typesupport_introspection_c.c
[8.485s] -- Installing: /home/sunny/ros2_ws/src/install/more_interfaces/local/lib/python3.10/dist-packages/more_interfaces/_more_interfaces_s.ep.rosidl_typesupport_fastrtps_c.c
[8.485s] -- Installing: /home/sunny/ros2_ws/src/install/more_interfaces/local/lib/python3.10/dist-packages/more_interfaces/_more_interfaces_s.ep.rosidl_typesupport_c.c
[8.513s] Listing '/home/sunny/ros2_ws/src/install/more_interfaces/local/lib/python3.10/dist-packages/more_interfaces'...
[8.513s] Compiling '/home/sunny/ros2_ws/src/install/more_interfaces/local/lib/python3.10/dist-packages/more_interfaces/__init__.py'...
[8.513s] Listing '/home/sunny/ros2_ws/src/install/more_interfaces/local/lib/python3.10/dist-packages/more_interfaces/msg'...
[8.513s] Compiling '/home/sunny/ros2_ws/src/install/more_interfaces/local/lib/python3.10/dist-packages/more_interfaces/msg/__init__.py'...
[8.514s] Compiling '/home/sunny/ros2_ws/src/install/more_interfaces/local/lib/python3.10/dist-packages/more_interfaces/msg/_address_book.py'...
[8.517s] -- Installing: /home/sunny/ros2_ws/src/install/more_interfaces/local/lib/python3.10/dist-packages/more_interfaces/more_interfaces_s__rosidl_typesupport_fastrtps_c.cpython-310-x86_64-linux-gnu.so
[8.518s] -- Set runtime path of "/home/sunny/ros2_ws/src/install/more_interfaces/local/lib/python3.10/dist-packages/more_interfaces/more_interfaces_s__rosidl_typesupport_fastrtps_c.cpython-310-x86_64-linux-gnu.so" to ""
[8.518s] -- Installing: /home/sunny/ros2_ws/src/install/more_interfaces/local/lib/python3.10/dist-packages/more_interfaces/more_interfaces_s__rosidl_typesupport_introspection_c.cpython-310-x86_64-linux-gnu.so
[8.518s] -- Set runtime path of "/home/sunny/ros2_ws/src/install/more_interfaces/local/lib/python3.10/dist-packages/more_interfaces/more_interfaces_s__rosidl_typesupport_introspection_c.cpython-310-x86_64-linux-gnu.so" to ""
[8.518s] -- Installing: /home/sunny/ros2_ws/src/install/more_interfaces/local/lib/python3.10/dist-packages/more_interfaces/more_interfaces_s__rosidl_typesupport_c.cpython-310-x86_64-linux-gnu.so
[8.519s] -- Set runtime path of "/home/sunny/ros2_ws/src/install/more_interfaces/local/lib/python3.10/dist-packages/more_interfaces/more_interfaces_s__rosidl_typesupport_c.cpython-310-x86_64-linux-gnu.so" to ""
[8.519s] -- Installing: /home/sunny/ros2_ws/src/install/more_interfaces/lib/libmore_interfaces__rosidl_generator_py.so
[8.519s] -- Set runtime path of "/home/sunny/ros2_ws/src/install/more_interfaces/lib/libmore_interfaces__rosidl_generator_py.so" to ""
[8.519s] -- Installing: /home/sunny/ros2_ws/src/install/more_interfaces/share/more_interfaces/msg/AddressBook.idl
[8.519s] -- Installing: /home/sunny/ros2_ws/src/install/more_interfaces/share/more_interfaces/msg/AddressBook.msg
[8.519s] -- Installing: /home/sunny/ros2_ws/src/install/more_interfaces/lib/more_interfaces/publish_address_book
[8.521s] -- Set runtime path of "/home/sunny/ros2_ws/src/install/more_interfaces/lib/more_interfaces/publish_address_book" to ""
[8.521s] -- Installing: /home/sunny/ros2_ws/src/install/more_interfaces/share/ament_index/resource_index/package_run_dependencies/more_interfaces
[8.521s] -- Installing: /home/sunny/ros2_ws/src/install/more_interfaces/share/ament_index/resource_index/parent_prefix_path/more_interfaces
[8.521s] -- Installing: /home/sunny/ros2_ws/src/install/more_interfaces/share/more_interfaces/environment/ament_prefix_path.sh
[8.522s] -- Installing: /home/sunny/ros2_ws/src/install/more_interfaces/share/more_interfaces/environment/ament_prefix_path.dsv
[8.522s] -- Installing: /home/sunny/ros2_ws/src/install/more_interfaces/share/more_interfaces/environment/path.sh
[8.522s] -- Installing: /home/sunny/ros2_ws/src/install/more_interfaces/share/more_interfaces/environment/path.dsv
[8.522s] -- Installing: /home/sunny/ros2_ws/src/install/more_interfaces/share/more_interfaces/local_setup.bash
[8.522s] -- Installing: /home/sunny/ros2_ws/src/install/more_interfaces/share/more_interfaces/local_setup.sh
[8.522s] -- Installing: /home/sunny/ros2_ws/src/install/more_interfaces/share/more_interfaces/local_setup.zsh
[8.523s] -- Installing: /home/sunny/ros2_ws/src/install/more_interfaces/share/more_interfaces/local_setup.dsv
[8.523s] -- Installing: /home/sunny/ros2_ws/src/install/more_interfaces/share/more_interfaces/package.dsv
[8.523s] -- Installing: /home/sunny/ros2_ws/src/install/more_interfaces/share/ament_index/resource_index/packages/more_interfaces
[8.523s] -- Installing: /home/sunny/ros2_ws/src/install/more_interfaces/share/more_interfaces/cmake/export_more_interfaces__rosidl_generator_cExport.cmake
[8.523s] -- Installing: /home/sunny/ros2_ws/src/install/more_interfaces/share/more_interfaces/cmake/export_more_interfaces__rosidl_generator_cExport-noconfig.cmake
[8.524s] -- Installing: /home/sunny/ros2_ws/src/install/more_interfaces/share/more_interfaces/cmake/export_more_interfaces__rosidl_typesupport_fastrtps_cExport.cmake
[8.524s] -- Installing: /home/sunny/ros2_ws/src/install/more_interfaces/share/more_interfaces/cmake/export_more_interfaces__rosidl_typesupport_fastrtps_cExport-noconfig.cmake
[8.524s] -- Installing: /home/sunny/ros2_ws/src/install/more_interfaces/share/more_interfaces/cmake/more_interfaces__rosidl_typesupport_introspection_cExport.cmake
[8.524s] -- Installing: /home/sunny/ros2_ws/src/install/more_interfaces/share/more_interfaces/cmake/more_interfaces__rosidl_typesupport_introspection_cExport-noconfig.cmake
[8.524s] -- Installing: /home/sunny/ros2_ws/src/install/more_interfaces/share/more_interfaces/cmake/more_interfaces__rosidl_typesupport_cExport.cmake
[8.524s] -- Installing: /home/sunny/ros2_ws/src/install/more_interfaces/share/more_interfaces/cmake/more_interfaces__rosidl_typesupport_cExport-noconfig.cmake
[8.524s] -- Installing: /home/sunny/ros2_ws/src/install/more_interfaces/share/more_interfaces/cmake/export_more_interfaces__rosidl_generator_cppExport.cmake
[8.525s] -- Installing: /home/sunny/ros2_ws/src/install/more_interfaces/share/more_interfaces/cmake/export_more_interfaces__rosidl_typesupport_fastrtps_cppExport.cmake
[8.525s] -- Installing: /home/sunny/ros2_ws/src/install/more_interfaces/share/more_interfaces/cmake/export_more_interfaces__rosidl_typesupport_fastrtps_cppExport-noconfig.cmake
[8.525s] -- Installing: /home/sunny/ros2_ws/src/install/more_interfaces/share/more_interfaces/cmake/more_interfaces__rosidl_typesupport_introspection_cppExport.cmake
[8.525s] -- Installing: /home/sunny/ros2_ws/src/install/more_interfaces/share/more_interfaces/cmake/more_interfaces__rosidl_typesupport_introspection_cppExport-noconfig.cmake
[8.525s] -- Installing: /home/sunny/ros2_ws/src/install/more_interfaces/share/more_interfaces/cmake/more_interfaces__rosidl_typesupport_cppExport.cmake
[8.525s] -- Installing: /home/sunny/ros2_ws/src/install/more_interfaces/share/more_interfaces/cmake/more_interfaces__rosidl_typesupport_cppExport-noconfig.cmake
[8.526s] -- Installing: /home/sunny/ros2_ws/src/install/more_interfaces/share/more_interfaces/cmake/export_more_interfaces__rosidl_generator_pyExport.cmake
[8.526s] -- Installing: /home/sunny/ros2_ws/src/install/more_interfaces/share/more_interfaces/cmake/export_more_interfaces__rosidl_generator_pyExport-noconfig.cmake
[8.526s] -- Installing: /home/sunny/ros2_ws/src/install/more_interfaces/share/more_interfaces/cmake/rosidl_cmake-extras.cmake
[8.526s] -- Installing: /home/sunny/ros2_ws/src/install/more_interfaces/share/more_interfaces/cmake/ament_cmake_export_include_directories-extras.cmake
[8.526s] -- Installing: /home/sunny/ros2_ws/src/install/more_interfaces/share/more_interfaces/cmake/ament_cmake_export_libraries-extras.cmake
[8.527s] -- Installing: /home/sunny/ros2_ws/src/install/more_interfaces/share/more_interfaces/cmake/ament_cmake_export_targets-extras.cmake
[8.527s] -- Installing: /home/sunny/ros2_ws/src/install/more_interfaces/share/more_interfaces/cmake/rosidl_cmake_export_typesupport_targets-extras.cmake
[8.527s] -- Installing: /home/sunny/ros2_ws/src/install/more_interfaces/share/more_interfaces/cmake/ament_cmake_export_dependencies-extras.cmake
[8.527s] -- Installing: /home/sunny/ros2_ws/src/install/more_interfaces/share/more_interfaces/cmake/rosidl_cmake_export_typesupport_libraries-extras.cmake
[8.527s] -- Installing: /home/sunny/ros2_ws/src/install/more_interfaces/share/more_interfaces/cmake/more_interfacesConfig.cmake
[8.527s] -- Installing: /home/sunny/ros2_ws/src/install/more_interfaces/share/more_interfaces/cmake/more_interfacesConfig-version.cmake
[8.527s] -- Installing: /home/sunny/ros2_ws/src/install/more_interfaces/share/more_interfaces/package.xml
[8.531s] Invoked command in '/home/sunny/ros2_ws/src/build/more_interfaces' returned '0': CMAKE_PREFIX_PATH=/opt/ros/humble /usr/bin/cmake --install /home/sunny/ros2_ws/src/build/more_interfaces
