[35m[1mConsolidate compiler generated dependencies of target parser[0m
[35m[1mConsolidate compiler generated dependencies of target reader[0m
[ 25%] [32mBuilding CXX object CMakeFiles/parser.dir/src/utm_parser.cpp.o[0m
[ 75%] Built target reader
[100%] [32m[1mLinking CXX executable parser[0m
[100%] Built target parser
-- Install configuration: ""
-- Installing: /home/sunny/ros2_ws/install/cpp_parsing/lib/cpp_parsing/reader
-- Set runtime path of "/home/sunny/ros2_ws/install/cpp_parsing/lib/cpp_parsing/reader" to ""
-- Installing: /home/sunny/ros2_ws/install/cpp_parsing/lib/cpp_parsing/parser
-- Set runtime path of "/home/sunny/ros2_ws/install/cpp_parsing/lib/cpp_parsing/parser" to ""
-- Up-to-date: /home/sunny/ros2_ws/install/cpp_parsing/share/ament_index/resource_index/package_run_dependencies/cpp_parsing
-- Up-to-date: /home/sunny/ros2_ws/install/cpp_parsing/share/ament_index/resource_index/parent_prefix_path/cpp_parsing
-- Up-to-date: /home/sunny/ros2_ws/install/cpp_parsing/share/cpp_parsing/environment/ament_prefix_path.sh
-- Up-to-date: /home/sunny/ros2_ws/install/cpp_parsing/share/cpp_parsing/environment/ament_prefix_path.dsv
-- Up-to-date: /home/sunny/ros2_ws/install/cpp_parsing/share/cpp_parsing/environment/path.sh
-- Up-to-date: /home/sunny/ros2_ws/install/cpp_parsing/share/cpp_parsing/environment/path.dsv
-- Up-to-date: /home/sunny/ros2_ws/install/cpp_parsing/share/cpp_parsing/local_setup.bash
-- Up-to-date: /home/sunny/ros2_ws/install/cpp_parsing/share/cpp_parsing/local_setup.sh
-- Up-to-date: /home/sunny/ros2_ws/install/cpp_parsing/share/cpp_parsing/local_setup.zsh
-- Up-to-date: /home/sunny/ros2_ws/install/cpp_parsing/share/cpp_parsing/local_setup.dsv
-- Installing: /home/sunny/ros2_ws/install/cpp_parsing/share/cpp_parsing/package.dsv
-- Up-to-date: /home/sunny/ros2_ws/install/cpp_parsing/share/ament_index/resource_index/packages/cpp_parsing
-- Up-to-date: /home/sunny/ros2_ws/install/cpp_parsing/share/cpp_parsing/cmake/cpp_parsingConfig.cmake
-- Up-to-date: /home/sunny/ros2_ws/install/cpp_parsing/share/cpp_parsing/cmake/cpp_parsingConfig-version.cmake
-- Up-to-date: /home/sunny/ros2_ws/install/cpp_parsing/share/cpp_parsing/package.xml
