[0.009s] Invoking command in '/home/sunny/ros2_ws/build/more_interfaces': CMAKE_PREFIX_PATH=/opt/ros/humble /usr/bin/cmake /home/sunny/ros2_ws/src/more_interfaces -DCMAKE_INSTALL_PREFIX=/home/sunny/ros2_ws/install/more_interfaces
[0.023s] -- Found ament_cmake: 1.3.9 (/opt/ros/humble/share/ament_cmake/cmake)
[0.131s] -- Found rosidl_default_generators: 1.2.0 (/opt/ros/humble/share/rosidl_default_generators/cmake)
[0.133s] -- Using all available rosidl_typesupport_c: rosidl_typesupport_fastrtps_c;rosidl_typesupport_introspection_c
[0.135s] -- Found rosidl_adapter: 3.1.5 (/opt/ros/humble/share/rosidl_adapter/cmake)
[0.163s] -- Using all available rosidl_typesupport_cpp: rosidl_typesupport_fastrtps_cpp;rosidl_typesupport_introspection_cpp
[0.396s] -- Found ament_cmake_ros: 0.10.0 (/opt/ros/humble/share/ament_cmake_ros/cmake)
[0.549s] -- Using all available rosidl_typesupport_c: rosidl_typesupport_fastrtps_c;rosidl_typesupport_introspection_c
[0.751s] -- Using all available rosidl_typesupport_cpp: rosidl_typesupport_fastrtps_cpp;rosidl_typesupport_introspection_cpp
[0.770s] -- Found python_cmake_module: 0.10.0 (/opt/ros/humble/share/python_cmake_module/cmake)
[0.789s] -- Using PYTHON_EXECUTABLE: /usr/bin/python3
[0.789s] -- Using PYTHON_INCLUDE_DIRS: /usr/include/python3.10
[0.789s] -- Using PYTHON_LIBRARIES: /usr/lib/x86_64-linux-gnu/libpython3.10.so
[0.797s] [31mCMake Error at CMakeLists.txt:23 (target_link_libraries):
[0.797s]   Cannot specify link libraries for target "publish_address_book" which is
[0.797s]   not built by this project.
[0.797s] 
[0.797s] [0m
[0.797s] -- Configuring incomplete, errors occurred!
[0.798s] See also "/home/sunny/ros2_ws/build/more_interfaces/CMakeFiles/CMakeOutput.log".
[0.802s] Invoked command in '/home/sunny/ros2_ws/build/more_interfaces' returned '1': CMAKE_PREFIX_PATH=/opt/ros/humble /usr/bin/cmake /home/sunny/ros2_ws/src/more_interfaces -DCMAKE_INSTALL_PREFIX=/home/sunny/ros2_ws/install/more_interfaces
