[0.668s] Invoking command in '/home/sunny/ros2_ws/src/py_proj': AMENT_PREFIX_PATH=/home/sunny/ros2_ws/src/install/custom_interfaces:${AMENT_PREFIX_PATH} CMAKE_PREFIX_PATH=/home/sunny/ros2_ws/src/install/custom_interfaces LD_LIBRARY_PATH=/home/sunny/ros2_ws/src/install/custom_interfaces/lib:${LD_LIBRARY_PATH} PYTHONPATH=/home/sunny/ros2_ws/src/build/py_proj/prefix_override:/usr/lib/python3/dist-packages/colcon_core/task/python/colcon_distutils_commands:/home/sunny/ros2_ws/src/install/py_proj/lib/python3.10/site-packages:/home/sunny/ros2_ws/src/install/custom_interfaces/local/lib/python3.10/dist-packages:${PYTHONPATH} /usr/bin/python3 -W ignore:setup.py install is deprecated setup.py egg_info --egg-base ../build/py_proj build --build-base /home/sunny/ros2_ws/src/build/py_proj/build install --record /home/sunny/ros2_ws/src/build/py_proj/install.log --single-version-externally-managed install_data
[0.897s] running egg_info
[0.897s] creating ../build/py_proj/py_proj.egg-info
[0.897s] writing ../build/py_proj/py_proj.egg-info/PKG-INFO
[0.898s] writing dependency_links to ../build/py_proj/py_proj.egg-info/dependency_links.txt
[0.898s] writing entry points to ../build/py_proj/py_proj.egg-info/entry_points.txt
[0.898s] writing requirements to ../build/py_proj/py_proj.egg-info/requires.txt
[0.898s] writing top-level names to ../build/py_proj/py_proj.egg-info/top_level.txt
[0.898s] writing manifest file '../build/py_proj/py_proj.egg-info/SOURCES.txt'
[0.901s] reading manifest file '../build/py_proj/py_proj.egg-info/SOURCES.txt'
[0.902s] writing manifest file '../build/py_proj/py_proj.egg-info/SOURCES.txt'
[0.902s] running build
[0.902s] running build_py
[0.902s] creating /home/sunny/ros2_ws/src/build/py_proj/build
[0.903s] creating /home/sunny/ros2_ws/src/build/py_proj/build/lib
[0.903s] creating /home/sunny/ros2_ws/src/build/py_proj/build/lib/py_proj
[0.903s] copying py_proj/proj_coordinate.py -> /home/sunny/ros2_ws/src/build/py_proj/build/lib/py_proj
[0.903s] copying py_proj/__init__.py -> /home/sunny/ros2_ws/src/build/py_proj/build/lib/py_proj
[0.903s] copying py_proj/proj_data_reader.py -> /home/sunny/ros2_ws/src/build/py_proj/build/lib/py_proj
[0.903s] running install
[0.904s] running install_lib
[0.905s] creating /home/sunny/ros2_ws/src/install/py_proj/lib/python3.10/site-packages/py_proj
[0.905s] copying /home/sunny/ros2_ws/src/build/py_proj/build/lib/py_proj/proj_coordinate.py -> /home/sunny/ros2_ws/src/install/py_proj/lib/python3.10/site-packages/py_proj
[0.905s] copying /home/sunny/ros2_ws/src/build/py_proj/build/lib/py_proj/__init__.py -> /home/sunny/ros2_ws/src/install/py_proj/lib/python3.10/site-packages/py_proj
[0.905s] copying /home/sunny/ros2_ws/src/build/py_proj/build/lib/py_proj/proj_data_reader.py -> /home/sunny/ros2_ws/src/install/py_proj/lib/python3.10/site-packages/py_proj
[0.906s] byte-compiling /home/sunny/ros2_ws/src/install/py_proj/lib/python3.10/site-packages/py_proj/proj_coordinate.py to proj_coordinate.cpython-310.pyc
[0.907s] byte-compiling /home/sunny/ros2_ws/src/install/py_proj/lib/python3.10/site-packages/py_proj/__init__.py to __init__.cpython-310.pyc
[0.907s] byte-compiling /home/sunny/ros2_ws/src/install/py_proj/lib/python3.10/site-packages/py_proj/proj_data_reader.py to proj_data_reader.cpython-310.pyc
[0.908s] running install_data
[0.908s] creating /home/sunny/ros2_ws/src/install/py_proj/share/ament_index
[0.908s] creating /home/sunny/ros2_ws/src/install/py_proj/share/ament_index/resource_index
[0.908s] creating /home/sunny/ros2_ws/src/install/py_proj/share/ament_index/resource_index/packages
[0.908s] copying resource/py_proj -> /home/sunny/ros2_ws/src/install/py_proj/share/ament_index/resource_index/packages
[0.908s] copying package.xml -> /home/sunny/ros2_ws/src/install/py_proj/share/py_proj
[0.908s] running install_egg_info
[0.911s] Copying ../build/py_proj/py_proj.egg-info to /home/sunny/ros2_ws/src/install/py_proj/lib/python3.10/site-packages/py_proj-0.0.0-py3.10.egg-info
[0.912s] running install_scripts
[0.931s] Installing publisher script to /home/sunny/ros2_ws/src/install/py_proj/lib/py_proj
[0.931s] Installing reader script to /home/sunny/ros2_ws/src/install/py_proj/lib/py_proj
[0.931s] writing list of installed files to '/home/sunny/ros2_ws/src/build/py_proj/install.log'
[0.964s] Invoked command in '/home/sunny/ros2_ws/src/py_proj' returned '0': AMENT_PREFIX_PATH=/home/sunny/ros2_ws/src/install/custom_interfaces:${AMENT_PREFIX_PATH} CMAKE_PREFIX_PATH=/home/sunny/ros2_ws/src/install/custom_interfaces LD_LIBRARY_PATH=/home/sunny/ros2_ws/src/install/custom_interfaces/lib:${LD_LIBRARY_PATH} PYTHONPATH=/home/sunny/ros2_ws/src/build/py_proj/prefix_override:/usr/lib/python3/dist-packages/colcon_core/task/python/colcon_distutils_commands:/home/sunny/ros2_ws/src/install/py_proj/lib/python3.10/site-packages:/home/sunny/ros2_ws/src/install/custom_interfaces/local/lib/python3.10/dist-packages:${PYTHONPATH} /usr/bin/python3 -W ignore:setup.py install is deprecated setup.py egg_info --egg-base ../build/py_proj build --build-base /home/sunny/ros2_ws/src/build/py_proj/build install --record /home/sunny/ros2_ws/src/build/py_proj/install.log --single-version-externally-managed install_data
