[0.012s] Invoking command in '/home/sunny/ros2_ws/build/cpp_parsing': AMENT_PREFIX_PATH=/home/sunny/ros2_ws/install/custom_interfaces:${AMENT_PREFIX_PATH} CMAKE_PREFIX_PATH=/home/sunny/ros2_ws/install/custom_interfaces:/opt/ros/humble LD_LIBRARY_PATH=/home/sunny/ros2_ws/install/custom_interfaces/lib:${LD_LIBRARY_PATH} PYTHONPATH=/home/sunny/ros2_ws/install/custom_interfaces/local/lib/python3.10/dist-packages:${PYTHONPATH} /usr/bin/cmake --build /home/sunny/ros2_ws/build/cpp_parsing -- -j12 -l12
[0.069s] [35m[1mConsolidate compiler generated dependencies of target reader[0m
[0.083s] [ 25%] [32mBuilding CXX object CMakeFiles/parser.dir/src/utm_parser.cpp.o[0m
[0.102s] [ 75%] Built target reader
[2.369s] In file included from [01m[K/opt/ros/humble/include/rclcpp/rclcpp/client.hpp:40[m[K,
[2.369s]                  from [01m[K/opt/ros/humble/include/rclcpp/rclcpp/callback_group.hpp:24[m[K,
[2.370s]                  from [01m[K/opt/ros/humble/include/rclcpp/rclcpp/any_executable.hpp:20[m[K,
[2.370s]                  from [01m[K/opt/ros/humble/include/rclcpp/rclcpp/memory_strategy.hpp:25[m[K,
[2.371s]                  from [01m[K/opt/ros/humble/include/rclcpp/rclcpp/memory_strategies.hpp:18[m[K,
[2.371s]                  from [01m[K/opt/ros/humble/include/rclcpp/rclcpp/executor_options.hpp:20[m[K,
[2.371s]                  from [01m[K/opt/ros/humble/include/rclcpp/rclcpp/executor.hpp:37[m[K,
[2.371s]                  from [01m[K/opt/ros/humble/include/rclcpp/rclcpp/executors/multi_threaded_executor.hpp:25[m[K,
[2.371s]                  from [01m[K/opt/ros/humble/include/rclcpp/rclcpp/executors.hpp:21[m[K,
[2.371s]                  from [01m[K/opt/ros/humble/include/rclcpp/rclcpp/rclcpp.hpp:155[m[K,
[2.371s]                  from [01m[K/home/sunny/ros2_ws/src/cpp_parsing/src/utm_parser.cpp:9[m[K:
[2.371s] [01m[K/home/sunny/ros2_ws/src/cpp_parsing/src/utm_parser.cpp:[m[K In member function ‘[01m[Kvoid NmeaSubscriber::nmeaDataTransformer(const String&)[m[K’:
[2.371s] [01m[K/home/sunny/ros2_ws/src/cpp_parsing/src/utm_parser.cpp:88:61:[m[K [01;31m[Kerror: [m[Kno match for ‘[01m[Koperator<<[m[K’ (operand types are ‘[01m[Kstd::basic_ostream<char>[m[K’ and ‘[01m[Kconst String[m[K’ {aka ‘[01m[Kconst std_msgs::msg::String_<std::allocator<void> >[m[K’})
[2.371s]    88 |         RCLCPP_INFO_STREAM(this->get_logger(), "I heard: '" [01;31m[K<<[m[K [32m[Kmsg[m[K << "'");     // CHANGE
[2.371s]       |                                                             [01;31m[K^~[m[K [32m[K~~~[m[K
[2.371s]       |                                                                [32m[K|[m[K
[2.372s]       |                                                                [32m[Kconst String {aka const std_msgs::msg::String_<std::allocator<void> >}[m[K
[2.372s] In file included from [01m[K/usr/include/c++/11/iostream:39[m[K,
[2.372s]                  from [01m[K/home/sunny/ros2_ws/src/cpp_parsing/src/utm_parser.cpp:2[m[K:
[2.372s] [01m[K/usr/include/c++/11/ostream:108:7:[m[K [01;36m[Knote: [m[Kcandidate: ‘[01m[Kstd::basic_ostream<_CharT, _Traits>::__ostream_type& std::basic_ostream<_CharT, _Traits>::operator<<(std::basic_ostream<_CharT, _Traits>::__ostream_type& (*)(std::basic_ostream<_CharT, _Traits>::__ostream_type&)) [with _CharT = char; _Traits = std::char_traits<char>; std::basic_ostream<_CharT, _Traits>::__ostream_type = std::basic_ostream<char>][m[K’
[2.372s]   108 |       [01;36m[Koperator[m[K<<(__ostream_type& (*__pf)(__ostream_type&))
[2.372s]       |       [01;36m[K^~~~~~~~[m[K
[2.372s] [01m[K/usr/include/c++/11/ostream:108:36:[m[K [01;36m[Knote: [m[K  no known conversion for argument 1 from ‘[01m[Kconst String[m[K’ {aka ‘[01m[Kconst std_msgs::msg::String_<std::allocator<void> >[m[K’} to ‘[01m[Kstd::basic_ostream<char>::__ostream_type& (*)(std::basic_ostream<char>::__ostream_type&)[m[K’ {aka ‘[01m[Kstd::basic_ostream<char>& (*)(std::basic_ostream<char>&)[m[K’}
[2.372s]   108 |       operator<<([01;36m[K__ostream_type& (*__pf)(__ostream_type&)[m[K)
[2.372s]       |                  [01;36m[K~~~~~~~~~~~~~~~~~~^~~~~~~~~~~~~~~~~~~~~~[m[K
[2.372s] [01m[K/usr/include/c++/11/ostream:117:7:[m[K [01;36m[Knote: [m[Kcandidate: ‘[01m[Kstd::basic_ostream<_CharT, _Traits>::__ostream_type& std::basic_ostream<_CharT, _Traits>::operator<<(std::basic_ostream<_CharT, _Traits>::__ios_type& (*)(std::basic_ostream<_CharT, _Traits>::__ios_type&)) [with _CharT = char; _Traits = std::char_traits<char>; std::basic_ostream<_CharT, _Traits>::__ostream_type = std::basic_ostream<char>; std::basic_ostream<_CharT, _Traits>::__ios_type = std::basic_ios<char>][m[K’
[2.372s]   117 |       [01;36m[Koperator[m[K<<(__ios_type& (*__pf)(__ios_type&))
[2.372s]       |       [01;36m[K^~~~~~~~[m[K
[2.372s] [01m[K/usr/include/c++/11/ostream:117:32:[m[K [01;36m[Knote: [m[K  no known conversion for argument 1 from ‘[01m[Kconst String[m[K’ {aka ‘[01m[Kconst std_msgs::msg::String_<std::allocator<void> >[m[K’} to ‘[01m[Kstd::basic_ostream<char>::__ios_type& (*)(std::basic_ostream<char>::__ios_type&)[m[K’ {aka ‘[01m[Kstd::basic_ios<char>& (*)(std::basic_ios<char>&)[m[K’}
[2.372s]   117 |       operator<<([01;36m[K__ios_type& (*__pf)(__ios_type&)[m[K)
[2.372s]       |                  [01;36m[K~~~~~~~~~~~~~~^~~~~~~~~~~~~~~~~~[m[K
[2.372s] [01m[K/usr/include/c++/11/ostream:127:7:[m[K [01;36m[Knote: [m[Kcandidate: ‘[01m[Kstd::basic_ostream<_CharT, _Traits>::__ostream_type& std::basic_ostream<_CharT, _Traits>::operator<<(std::ios_base& (*)(std::ios_base&)) [with _CharT = char; _Traits = std::char_traits<char>; std::basic_ostream<_CharT, _Traits>::__ostream_type = std::basic_ostream<char>][m[K’
[2.372s]   127 |       [01;36m[Koperator[m[K<<(ios_base& (*__pf) (ios_base&))
[2.372s]       |       [01;36m[K^~~~~~~~[m[K
[2.372s] [01m[K/usr/include/c++/11/ostream:127:30:[m[K [01;36m[Knote: [m[K  no known conversion for argument 1 from ‘[01m[Kconst String[m[K’ {aka ‘[01m[Kconst std_msgs::msg::String_<std::allocator<void> >[m[K’} to ‘[01m[Kstd::ios_base& (*)(std::ios_base&)[m[K’
[2.372s]   127 |       operator<<([01;36m[Kios_base& (*__pf) (ios_base&)[m[K)
[2.373s]       |                  [01;36m[K~~~~~~~~~~~~^~~~~~~~~~~~~~~~~[m[K
[2.373s] [01m[K/usr/include/c++/11/ostream:166:7:[m[K [01;36m[Knote: [m[Kcandidate: ‘[01m[Kstd::basic_ostream<_CharT, _Traits>::__ostream_type& std::basic_ostream<_CharT, _Traits>::operator<<(long int) [with _CharT = char; _Traits = std::char_traits<char>; std::basic_ostream<_CharT, _Traits>::__ostream_type = std::basic_ostream<char>][m[K’
[2.373s]   166 |       [01;36m[Koperator[m[K<<(long __n)
[2.373s]       |       [01;36m[K^~~~~~~~[m[K
[2.373s] [01m[K/usr/include/c++/11/ostream:166:23:[m[K [01;36m[Knote: [m[K  no known conversion for argument 1 from ‘[01m[Kconst String[m[K’ {aka ‘[01m[Kconst std_msgs::msg::String_<std::allocator<void> >[m[K’} to ‘[01m[Klong int[m[K’
[2.373s]   166 |       operator<<([01;36m[Klong __n[m[K)
[2.373s]       |                  [01;36m[K~~~~~^~~[m[K
[2.373s] [01m[K/usr/include/c++/11/ostream:170:7:[m[K [01;36m[Knote: [m[Kcandidate: ‘[01m[Kstd::basic_ostream<_CharT, _Traits>::__ostream_type& std::basic_ostream<_CharT, _Traits>::operator<<(long unsigned int) [with _CharT = char; _Traits = std::char_traits<char>; std::basic_ostream<_CharT, _Traits>::__ostream_type = std::basic_ostream<char>][m[K’
[2.373s]   170 |       [01;36m[Koperator[m[K<<(unsigned long __n)
[2.373s]       |       [01;36m[K^~~~~~~~[m[K
[2.373s] [01m[K/usr/include/c++/11/ostream:170:32:[m[K [01;36m[Knote: [m[K  no known conversion for argument 1 from ‘[01m[Kconst String[m[K’ {aka ‘[01m[Kconst std_msgs::msg::String_<std::allocator<void> >[m[K’} to ‘[01m[Klong unsigned int[m[K’
[2.373s]   170 |       operator<<([01;36m[Kunsigned long __n[m[K)
[2.373s]       |                  [01;36m[K~~~~~~~~~~~~~~^~~[m[K
[2.373s] [01m[K/usr/include/c++/11/ostream:174:7:[m[K [01;36m[Knote: [m[Kcandidate: ‘[01m[Kstd::basic_ostream<_CharT, _Traits>::__ostream_type& std::basic_ostream<_CharT, _Traits>::operator<<(bool) [with _CharT = char; _Traits = std::char_traits<char>; std::basic_ostream<_CharT, _Traits>::__ostream_type = std::basic_ostream<char>][m[K’
[2.373s]   174 |       [01;36m[Koperator[m[K<<(bool __n)
[2.373s]       |       [01;36m[K^~~~~~~~[m[K
[2.373s] [01m[K/usr/include/c++/11/ostream:174:23:[m[K [01;36m[Knote: [m[K  no known conversion for argument 1 from ‘[01m[Kconst String[m[K’ {aka ‘[01m[Kconst std_msgs::msg::String_<std::allocator<void> >[m[K’} to ‘[01m[Kbool[m[K’
[2.373s]   174 |       operator<<([01;36m[Kbool __n[m[K)
[2.373s]       |                  [01;36m[K~~~~~^~~[m[K
[2.373s] In file included from [01m[K/usr/include/c++/11/ostream:829[m[K,
[2.373s]                  from [01m[K/usr/include/c++/11/iostream:39[m[K,
[2.373s]                  from [01m[K/home/sunny/ros2_ws/src/cpp_parsing/src/utm_parser.cpp:2[m[K:
[2.374s] [01m[K/usr/include/c++/11/bits/ostream.tcc:91:5:[m[K [01;36m[Knote: [m[Kcandidate: ‘[01m[Kstd::basic_ostream<_CharT, _Traits>& std::basic_ostream<_CharT, _Traits>::operator<<(short int) [with _CharT = char; _Traits = std::char_traits<char>][m[K’
[2.374s]    91 |     [01;36m[Kbasic_ostream<_CharT, _Traits>[m[K::
[2.374s]       |     [01;36m[K^~~~~~~~~~~~~~~~~~~~~~~~~~~~~~[m[K
[2.374s] [01m[K/usr/include/c++/11/bits/ostream.tcc:92:22:[m[K [01;36m[Knote: [m[K  no known conversion for argument 1 from ‘[01m[Kconst String[m[K’ {aka ‘[01m[Kconst std_msgs::msg::String_<std::allocator<void> >[m[K’} to ‘[01m[Kshort int[m[K’
[2.374s]    92 |     operator<<([01;36m[Kshort __n[m[K)
[2.374s]       |                [01;36m[K~~~~~~^~~[m[K
[2.374s] In file included from [01m[K/usr/include/c++/11/iostream:39[m[K,
[2.374s]                  from [01m[K/home/sunny/ros2_ws/src/cpp_parsing/src/utm_parser.cpp:2[m[K:
[2.374s] [01m[K/usr/include/c++/11/ostream:181:7:[m[K [01;36m[Knote: [m[Kcandidate: ‘[01m[Kstd::basic_ostream<_CharT, _Traits>::__ostream_type& std::basic_ostream<_CharT, _Traits>::operator<<(short unsigned int) [with _CharT = char; _Traits = std::char_traits<char>; std::basic_ostream<_CharT, _Traits>::__ostream_type = std::basic_ostream<char>][m[K’
[2.374s]   181 |       [01;36m[Koperator[m[K<<(unsigned short __n)
[2.374s]       |       [01;36m[K^~~~~~~~[m[K
[2.374s] [01m[K/usr/include/c++/11/ostream:181:33:[m[K [01;36m[Knote: [m[K  no known conversion for argument 1 from ‘[01m[Kconst String[m[K’ {aka ‘[01m[Kconst std_msgs::msg::String_<std::allocator<void> >[m[K’} to ‘[01m[Kshort unsigned int[m[K’
[2.374s]   181 |       operator<<([01;36m[Kunsigned short __n[m[K)
[2.374s]       |                  [01;36m[K~~~~~~~~~~~~~~~^~~[m[K
[2.374s] In file included from [01m[K/usr/include/c++/11/ostream:829[m[K,
[2.374s]                  from [01m[K/usr/include/c++/11/iostream:39[m[K,
[2.374s]                  from [01m[K/home/sunny/ros2_ws/src/cpp_parsing/src/utm_parser.cpp:2[m[K:
[2.374s] [01m[K/usr/include/c++/11/bits/ostream.tcc:105:5:[m[K [01;36m[Knote: [m[Kcandidate: ‘[01m[Kstd::basic_ostream<_CharT, _Traits>& std::basic_ostream<_CharT, _Traits>::operator<<(int) [with _CharT = char; _Traits = std::char_traits<char>][m[K’
[2.374s]   105 |     [01;36m[Kbasic_ostream<_CharT, _Traits>[m[K::
[2.374s]       |     [01;36m[K^~~~~~~~~~~~~~~~~~~~~~~~~~~~~~[m[K
[2.374s] [01m[K/usr/include/c++/11/bits/ostream.tcc:106:20:[m[K [01;36m[Knote: [m[K  no known conversion for argument 1 from ‘[01m[Kconst String[m[K’ {aka ‘[01m[Kconst std_msgs::msg::String_<std::allocator<void> >[m[K’} to ‘[01m[Kint[m[K’
[2.375s]   106 |     operator<<([01;36m[Kint __n[m[K)
[2.375s]       |                [01;36m[K~~~~^~~[m[K
[2.375s] In file included from [01m[K/usr/include/c++/11/iostream:39[m[K,
[2.375s]                  from [01m[K/home/sunny/ros2_ws/src/cpp_parsing/src/utm_parser.cpp:2[m[K:
[2.375s] [01m[K/usr/include/c++/11/ostream:192:7:[m[K [01;36m[Knote: [m[Kcandidate: ‘[01m[Kstd::basic_ostream<_CharT, _Traits>::__ostream_type& std::basic_ostream<_CharT, _Traits>::operator<<(unsigned int) [with _CharT = char; _Traits = std::char_traits<char>; std::basic_ostream<_CharT, _Traits>::__ostream_type = std::basic_ostream<char>][m[K’
[2.375s]   192 |       [01;36m[Koperator[m[K<<(unsigned int __n)
[2.375s]       |       [01;36m[K^~~~~~~~[m[K
[2.375s] [01m[K/usr/include/c++/11/ostream:192:31:[m[K [01;36m[Knote: [m[K  no known conversion for argument 1 from ‘[01m[Kconst String[m[K’ {aka ‘[01m[Kconst std_msgs::msg::String_<std::allocator<void> >[m[K’} to ‘[01m[Kunsigned int[m[K’
[2.375s]   192 |       operator<<([01;36m[Kunsigned int __n[m[K)
[2.375s]       |                  [01;36m[K~~~~~~~~~~~~~^~~[m[K
[2.375s] [01m[K/usr/include/c++/11/ostream:201:7:[m[K [01;36m[Knote: [m[Kcandidate: ‘[01m[Kstd::basic_ostream<_CharT, _Traits>::__ostream_type& std::basic_ostream<_CharT, _Traits>::operator<<(long long int) [with _CharT = char; _Traits = std::char_traits<char>; std::basic_ostream<_CharT, _Traits>::__ostream_type = std::basic_ostream<char>][m[K’
[2.375s]   201 |       [01;36m[Koperator[m[K<<(long long __n)
[2.375s]       |       [01;36m[K^~~~~~~~[m[K
[2.375s] [01m[K/usr/include/c++/11/ostream:201:28:[m[K [01;36m[Knote: [m[K  no known conversion for argument 1 from ‘[01m[Kconst String[m[K’ {aka ‘[01m[Kconst std_msgs::msg::String_<std::allocator<void> >[m[K’} to ‘[01m[Klong long int[m[K’
[2.375s]   201 |       operator<<([01;36m[Klong long __n[m[K)
[2.375s]       |                  [01;36m[K~~~~~~~~~~^~~[m[K
[2.375s] [01m[K/usr/include/c++/11/ostream:205:7:[m[K [01;36m[Knote: [m[Kcandidate: ‘[01m[Kstd::basic_ostream<_CharT, _Traits>::__ostream_type& std::basic_ostream<_CharT, _Traits>::operator<<(long long unsigned int) [with _CharT = char; _Traits = std::char_traits<char>; std::basic_ostream<_CharT, _Traits>::__ostream_type = std::basic_ostream<char>][m[K’
[2.375s]   205 |       [01;36m[Koperator[m[K<<(unsigned long long __n)
[2.375s]       |       [01;36m[K^~~~~~~~[m[K
[2.375s] [01m[K/usr/include/c++/11/ostream:205:37:[m[K [01;36m[Knote: [m[K  no known conversion for argument 1 from ‘[01m[Kconst String[m[K’ {aka ‘[01m[Kconst std_msgs::msg::String_<std::allocator<void> >[m[K’} to ‘[01m[Klong long unsigned int[m[K’
[2.375s]   205 |       operator<<([01;36m[Kunsigned long long __n[m[K)
[2.375s]       |                  [01;36m[K~~~~~~~~~~~~~~~~~~~^~~[m[K
[2.376s] [01m[K/usr/include/c++/11/ostream:220:7:[m[K [01;36m[Knote: [m[Kcandidate: ‘[01m[Kstd::basic_ostream<_CharT, _Traits>::__ostream_type& std::basic_ostream<_CharT, _Traits>::operator<<(double) [with _CharT = char; _Traits = std::char_traits<char>; std::basic_ostream<_CharT, _Traits>::__ostream_type = std::basic_ostream<char>][m[K’
[2.376s]   220 |       [01;36m[Koperator[m[K<<(double __f)
[2.376s]       |       [01;36m[K^~~~~~~~[m[K
[2.376s] [01m[K/usr/include/c++/11/ostream:220:25:[m[K [01;36m[Knote: [m[K  no known conversion for argument 1 from ‘[01m[Kconst String[m[K’ {aka ‘[01m[Kconst std_msgs::msg::String_<std::allocator<void> >[m[K’} to ‘[01m[Kdouble[m[K’
[2.376s]   220 |       operator<<([01;36m[Kdouble __f[m[K)
[2.376s]       |                  [01;36m[K~~~~~~~^~~[m[K
[2.376s] [01m[K/usr/include/c++/11/ostream:224:7:[m[K [01;36m[Knote: [m[Kcandidate: ‘[01m[Kstd::basic_ostream<_CharT, _Traits>::__ostream_type& std::basic_ostream<_CharT, _Traits>::operator<<(float) [with _CharT = char; _Traits = std::char_traits<char>; std::basic_ostream<_CharT, _Traits>::__ostream_type = std::basic_ostream<char>][m[K’
[2.376s]   224 |       [01;36m[Koperator[m[K<<(float __f)
[2.376s]       |       [01;36m[K^~~~~~~~[m[K
[2.376s] [01m[K/usr/include/c++/11/ostream:224:24:[m[K [01;36m[Knote: [m[K  no known conversion for argument 1 from ‘[01m[Kconst String[m[K’ {aka ‘[01m[Kconst std_msgs::msg::String_<std::allocator<void> >[m[K’} to ‘[01m[Kfloat[m[K’
[2.376s]   224 |       operator<<([01;36m[Kfloat __f[m[K)
[2.376s]       |                  [01;36m[K~~~~~~^~~[m[K
[2.376s] [01m[K/usr/include/c++/11/ostream:232:7:[m[K [01;36m[Knote: [m[Kcandidate: ‘[01m[Kstd::basic_ostream<_CharT, _Traits>::__ostream_type& std::basic_ostream<_CharT, _Traits>::operator<<(long double) [with _CharT = char; _Traits = std::char_traits<char>; std::basic_ostream<_CharT, _Traits>::__ostream_type = std::basic_ostream<char>][m[K’
[2.376s]   232 |       [01;36m[Koperator[m[K<<(long double __f)
[2.376s]       |       [01;36m[K^~~~~~~~[m[K
[2.376s] [01m[K/usr/include/c++/11/ostream:232:30:[m[K [01;36m[Knote: [m[K  no known conversion for argument 1 from ‘[01m[Kconst String[m[K’ {aka ‘[01m[Kconst std_msgs::msg::String_<std::allocator<void> >[m[K’} to ‘[01m[Klong double[m[K’
[2.376s]   232 |       operator<<([01;36m[Klong double __f[m[K)
[2.376s]       |                  [01;36m[K~~~~~~~~~~~~^~~[m[K
[2.376s] [01m[K/usr/include/c++/11/ostream:245:7:[m[K [01;36m[Knote: [m[Kcandidate: ‘[01m[Kstd::basic_ostream<_CharT, _Traits>::__ostream_type& std::basic_ostream<_CharT, _Traits>::operator<<(const void*) [with _CharT = char; _Traits = std::char_traits<char>; std::basic_ostream<_CharT, _Traits>::__ostream_type = std::basic_ostream<char>][m[K’
[2.376s]   245 |       [01;36m[Koperator[m[K<<(const void* __p)
[2.376s]       |       [01;36m[K^~~~~~~~[m[K
[2.377s] [01m[K/usr/include/c++/11/ostream:245:30:[m[K [01;36m[Knote: [m[K  no known conversion for argument 1 from ‘[01m[Kconst String[m[K’ {aka ‘[01m[Kconst std_msgs::msg::String_<std::allocator<void> >[m[K’} to ‘[01m[Kconst void*[m[K’
[2.377s]   245 |       operator<<([01;36m[Kconst void* __p[m[K)
[2.377s]       |                  [01;36m[K~~~~~~~~~~~~^~~[m[K
[2.377s] [01m[K/usr/include/c++/11/ostream:250:7:[m[K [01;36m[Knote: [m[Kcandidate: ‘[01m[Kstd::basic_ostream<_CharT, _Traits>::__ostream_type& std::basic_ostream<_CharT, _Traits>::operator<<(std::nullptr_t) [with _CharT = char; _Traits = std::char_traits<char>; std::basic_ostream<_CharT, _Traits>::__ostream_type = std::basic_ostream<char>; std::nullptr_t = std::nullptr_t][m[K’
[2.377s]   250 |       [01;36m[Koperator[m[K<<(nullptr_t)
[2.377s]       |       [01;36m[K^~~~~~~~[m[K
[2.377s] [01m[K/usr/include/c++/11/ostream:250:18:[m[K [01;36m[Knote: [m[K  no known conversion for argument 1 from ‘[01m[Kconst String[m[K’ {aka ‘[01m[Kconst std_msgs::msg::String_<std::allocator<void> >[m[K’} to ‘[01m[Kstd::nullptr_t[m[K’
[2.377s]   250 |       operator<<([01;36m[Knullptr_t[m[K)
[2.377s]       |                  [01;36m[K^~~~~~~~~[m[K
[2.377s] In file included from [01m[K/usr/include/c++/11/ostream:829[m[K,
[2.377s]                  from [01m[K/usr/include/c++/11/iostream:39[m[K,
[2.377s]                  from [01m[K/home/sunny/ros2_ws/src/cpp_parsing/src/utm_parser.cpp:2[m[K:
[2.377s] [01m[K/usr/include/c++/11/bits/ostream.tcc:119:5:[m[K [01;36m[Knote: [m[Kcandidate: ‘[01m[Kstd::basic_ostream<_CharT, _Traits>& std::basic_ostream<_CharT, _Traits>::operator<<(std::basic_ostream<_CharT, _Traits>::__streambuf_type*) [with _CharT = char; _Traits = std::char_traits<char>; std::basic_ostream<_CharT, _Traits>::__streambuf_type = std::basic_streambuf<char>][m[K’
[2.377s]   119 |     [01;36m[Kbasic_ostream<_CharT, _Traits>[m[K::
[2.377s]       |     [01;36m[K^~~~~~~~~~~~~~~~~~~~~~~~~~~~~~[m[K
[2.377s] [01m[K/usr/include/c++/11/bits/ostream.tcc:120:34:[m[K [01;36m[Knote: [m[K  no known conversion for argument 1 from ‘[01m[Kconst String[m[K’ {aka ‘[01m[Kconst std_msgs::msg::String_<std::allocator<void> >[m[K’} to ‘[01m[Kstd::basic_ostream<char>::__streambuf_type*[m[K’ {aka ‘[01m[Kstd::basic_streambuf<char>*[m[K’}
[2.377s]   120 |     operator<<([01;36m[K__streambuf_type* __sbin[m[K)
[2.377s]       |                [01;36m[K~~~~~~~~~~~~~~~~~~^~~~~~[m[K
[2.377s] In file included from [01m[K/usr/include/c++/11/bits/basic_string.h:48[m[K,
[2.377s]                  from [01m[K/usr/include/c++/11/string:55[m[K,
[2.377s]                  from [01m[K/usr/include/c++/11/bits/locale_classes.h:40[m[K,
[2.378s]                  from [01m[K/usr/include/c++/11/bits/ios_base.h:41[m[K,
[2.378s]                  from [01m[K/usr/include/c++/11/ios:42[m[K,
[2.378s]                  from [01m[K/usr/include/c++/11/ostream:38[m[K,
[2.378s]                  from [01m[K/usr/include/c++/11/iostream:39[m[K,
[2.378s]                  from [01m[K/home/sunny/ros2_ws/src/cpp_parsing/src/utm_parser.cpp:2[m[K:
[2.378s] [01m[K/usr/include/c++/11/string_view:667:5:[m[K [01;36m[Knote: [m[Kcandidate: ‘[01m[Ktemplate<class _CharT, class _Traits> std::basic_ostream<_CharT, _Traits>& std::operator<<(std::basic_ostream<_CharT, _Traits>&, std::basic_string_view<_CharT, _Traits>)[m[K’
[2.378s]   667 |     [01;36m[Koperator[m[K<<(basic_ostream<_CharT, _Traits>& __os,
[2.378s]       |     [01;36m[K^~~~~~~~[m[K
[2.378s] [01m[K/usr/include/c++/11/string_view:667:5:[m[K [01;36m[Knote: [m[K  template argument deduction/substitution failed:
[2.378s] In file included from [01m[K/opt/ros/humble/include/rclcpp/rclcpp/client.hpp:40[m[K,
[2.378s]                  from [01m[K/opt/ros/humble/include/rclcpp/rclcpp/callback_group.hpp:24[m[K,
[2.378s]                  from [01m[K/opt/ros/humble/include/rclcpp/rclcpp/any_executable.hpp:20[m[K,
[2.378s]                  from [01m[K/opt/ros/humble/include/rclcpp/rclcpp/memory_strategy.hpp:25[m[K,
[2.378s]                  from [01m[K/opt/ros/humble/include/rclcpp/rclcpp/memory_strategies.hpp:18[m[K,
[2.378s]                  from [01m[K/opt/ros/humble/include/rclcpp/rclcpp/executor_options.hpp:20[m[K,
[2.378s]                  from [01m[K/opt/ros/humble/include/rclcpp/rclcpp/executor.hpp:37[m[K,
[2.378s]                  from [01m[K/opt/ros/humble/include/rclcpp/rclcpp/executors/multi_threaded_executor.hpp:25[m[K,
[2.379s]                  from [01m[K/opt/ros/humble/include/rclcpp/rclcpp/executors.hpp:21[m[K,
[2.379s]                  from [01m[K/opt/ros/humble/include/rclcpp/rclcpp/rclcpp.hpp:155[m[K,
[2.379s]                  from [01m[K/home/sunny/ros2_ws/src/cpp_parsing/src/utm_parser.cpp:9[m[K:
[2.379s] [01m[K/home/sunny/ros2_ws/src/cpp_parsing/src/utm_parser.cpp:88:64:[m[K [01;36m[Knote: [m[K  ‘[01m[Kstd_msgs::msg::String_<std::allocator<void> >[m[K’ is not derived from ‘[01m[Kstd::basic_string_view<_CharT, _Traits>[m[K’
[2.379s]    88 |         RCLCPP_INFO_STREAM(this->get_logger(), "I heard: '" << [01;36m[Kmsg[m[K << "'");     // CHANGE
[2.379s]       |                                                                [01;36m[K^~~[m[K
[2.379s] In file included from [01m[K/usr/include/c++/11/string:55[m[K,
[2.379s]                  from [01m[K/usr/include/c++/11/bits/locale_classes.h:40[m[K,
[2.379s]                  from [01m[K/usr/include/c++/11/bits/ios_base.h:41[m[K,
[2.379s]                  from [01m[K/usr/include/c++/11/ios:42[m[K,
[2.379s]                  from [01m[K/usr/include/c++/11/ostream:38[m[K,
[2.379s]                  from [01m[K/usr/include/c++/11/iostream:39[m[K,
[2.379s]                  from [01m[K/home/sunny/ros2_ws/src/cpp_parsing/src/utm_parser.cpp:2[m[K:
[2.379s] [01m[K/usr/include/c++/11/bits/basic_string.h:6531:5:[m[K [01;36m[Knote: [m[Kcandidate: ‘[01m[Ktemplate<class _CharT, class _Traits, class _Alloc> std::basic_ostream<_CharT, _Traits>& std::operator<<(std::basic_ostream<_CharT, _Traits>&, const std::__cxx11::basic_string<_CharT, _Traits, _Allocator>&)[m[K’
[2.380s]  6531 |     [01;36m[Koperator[m[K<<(basic_ostream<_CharT, _Traits>& __os,
[2.380s]       |     [01;36m[K^~~~~~~~[m[K
[2.380s] [01m[K/usr/include/c++/11/bits/basic_string.h:6531:5:[m[K [01;36m[Knote: [m[K  template argument deduction/substitution failed:
[2.380s] In file included from [01m[K/opt/ros/humble/include/rclcpp/rclcpp/client.hpp:40[m[K,
[2.380s]                  from [01m[K/opt/ros/humble/include/rclcpp/rclcpp/callback_group.hpp:24[m[K,
[2.380s]                  from [01m[K/opt/ros/humble/include/rclcpp/rclcpp/any_executable.hpp:20[m[K,
[2.380s]                  from [01m[K/opt/ros/humble/include/rclcpp/rclcpp/memory_strategy.hpp:25[m[K,
[2.380s]                  from [01m[K/opt/ros/humble/include/rclcpp/rclcpp/memory_strategies.hpp:18[m[K,
[2.381s]                  from [01m[K/opt/ros/humble/include/rclcpp/rclcpp/executor_options.hpp:20[m[K,
[2.381s]                  from [01m[K/opt/ros/humble/include/rclcpp/rclcpp/executor.hpp:37[m[K,
[2.381s]                  from [01m[K/opt/ros/humble/include/rclcpp/rclcpp/executors/multi_threaded_executor.hpp:25[m[K,
[2.381s]                  from [01m[K/opt/ros/humble/include/rclcpp/rclcpp/executors.hpp:21[m[K,
[2.381s]                  from [01m[K/opt/ros/humble/include/rclcpp/rclcpp/rclcpp.hpp:155[m[K,
[2.381s]                  from [01m[K/home/sunny/ros2_ws/src/cpp_parsing/src/utm_parser.cpp:9[m[K:
[2.381s] [01m[K/home/sunny/ros2_ws/src/cpp_parsing/src/utm_parser.cpp:88:64:[m[K [01;36m[Knote: [m[K  ‘[01m[Kconst String[m[K’ {aka ‘[01m[Kconst std_msgs::msg::String_<std::allocator<void> >[m[K’} is not derived from ‘[01m[Kconst std::__cxx11::basic_string<_CharT, _Traits, _Allocator>[m[K’
[2.381s]    88 |         RCLCPP_INFO_STREAM(this->get_logger(), "I heard: '" << [01;36m[Kmsg[m[K << "'");     // CHANGE
[2.381s]       |                                                                [01;36m[K^~~[m[K
[2.381s] In file included from [01m[K/usr/include/c++/11/bits/ios_base.h:46[m[K,
[2.381s]                  from [01m[K/usr/include/c++/11/ios:42[m[K,
[2.381s]                  from [01m[K/usr/include/c++/11/ostream:38[m[K,
[2.381s]                  from [01m[K/usr/include/c++/11/iostream:39[m[K,
[2.381s]                  from [01m[K/home/sunny/ros2_ws/src/cpp_parsing/src/utm_parser.cpp:2[m[K:
[2.381s] [01m[K/usr/include/c++/11/system_error:279:5:[m[K [01;36m[Knote: [m[Kcandidate: ‘[01m[Ktemplate<class _CharT, class _Traits> std::basic_ostream<_CharT, _Traits>& std::operator<<(std::basic_ostream<_CharT, _Traits>&, const std::error_code&)[m[K’
[2.381s]   279 |     [01;36m[Koperator[m[K<<(basic_ostream<_CharT, _Traits>& __os, const error_code& __e)
[2.381s]       |     [01;36m[K^~~~~~~~[m[K
[2.381s] [01m[K/usr/include/c++/11/system_error:279:5:[m[K [01;36m[Knote: [m[K  template argument deduction/substitution failed:
[2.381s] In file included from [01m[K/opt/ros/humble/include/rclcpp/rclcpp/client.hpp:40[m[K,
[2.381s]                  from [01m[K/opt/ros/humble/include/rclcpp/rclcpp/callback_group.hpp:24[m[K,
[2.382s]                  from [01m[K/opt/ros/humble/include/rclcpp/rclcpp/any_executable.hpp:20[m[K,
[2.382s]                  from [01m[K/opt/ros/humble/include/rclcpp/rclcpp/memory_strategy.hpp:25[m[K,
[2.382s]                  from [01m[K/opt/ros/humble/include/rclcpp/rclcpp/memory_strategies.hpp:18[m[K,
[2.382s]                  from [01m[K/opt/ros/humble/include/rclcpp/rclcpp/executor_options.hpp:20[m[K,
[2.382s]                  from [01m[K/opt/ros/humble/include/rclcpp/rclcpp/executor.hpp:37[m[K,
[2.382s]                  from [01m[K/opt/ros/humble/include/rclcpp/rclcpp/executors/multi_threaded_executor.hpp:25[m[K,
[2.382s]                  from [01m[K/opt/ros/humble/include/rclcpp/rclcpp/executors.hpp:21[m[K,
[2.382s]                  from [01m[K/opt/ros/humble/include/rclcpp/rclcpp/rclcpp.hpp:155[m[K,
[2.382s]                  from [01m[K/home/sunny/ros2_ws/src/cpp_parsing/src/utm_parser.cpp:9[m[K:
[2.382s] [01m[K/home/sunny/ros2_ws/src/cpp_parsing/src/utm_parser.cpp:88:64:[m[K [01;36m[Knote: [m[K  cannot convert ‘[01m[Kmsg[m[K’ (type ‘[01m[Kconst String[m[K’ {aka ‘[01m[Kconst std_msgs::msg::String_<std::allocator<void> >[m[K’}) to type ‘[01m[Kconst std::error_code&[m[K’
[2.382s]    88 |         RCLCPP_INFO_STREAM(this->get_logger(), "I heard: '" << [01;36m[Kmsg[m[K << "'");     // CHANGE
[2.382s]       |                                                                [01;36m[K^~~[m[K
[2.382s] In file included from [01m[K/usr/include/c++/11/iostream:39[m[K,
[2.382s]                  from [01m[K/home/sunny/ros2_ws/src/cpp_parsing/src/utm_parser.cpp:2[m[K:
[2.382s] [01m[K/usr/include/c++/11/ostream:513:5:[m[K [01;36m[Knote: [m[Kcandidate: ‘[01m[Ktemplate<class _CharT, class _Traits> std::basic_ostream<_CharT, _Traits>& std::operator<<(std::basic_ostream<_CharT, _Traits>&, _CharT)[m[K’
[2.382s]   513 |     [01;36m[Koperator[m[K<<(basic_ostream<_CharT, _Traits>& __out, _CharT __c)
[2.382s]       |     [01;36m[K^~~~~~~~[m[K
[2.382s] [01m[K/usr/include/c++/11/ostream:513:5:[m[K [01;36m[Knote: [m[K  template argument deduction/substitution failed:
[2.382s] In file included from [01m[K/opt/ros/humble/include/rclcpp/rclcpp/client.hpp:40[m[K,
[2.382s]                  from [01m[K/opt/ros/humble/include/rclcpp/rclcpp/callback_group.hpp:24[m[K,
[2.382s]                  from [01m[K/opt/ros/humble/include/rclcpp/rclcpp/any_executable.hpp:20[m[K,
[2.383s]                  from [01m[K/opt/ros/humble/include/rclcpp/rclcpp/memory_strategy.hpp:25[m[K,
[2.383s]                  from [01m[K/opt/ros/humble/include/rclcpp/rclcpp/memory_strategies.hpp:18[m[K,
[2.383s]                  from [01m[K/opt/ros/humble/include/rclcpp/rclcpp/executor_options.hpp:20[m[K,
[2.383s]                  from [01m[K/opt/ros/humble/include/rclcpp/rclcpp/executor.hpp:37[m[K,
[2.383s]                  from [01m[K/opt/ros/humble/include/rclcpp/rclcpp/executors/multi_threaded_executor.hpp:25[m[K,
[2.383s]                  from [01m[K/opt/ros/humble/include/rclcpp/rclcpp/executors.hpp:21[m[K,
[2.383s]                  from [01m[K/opt/ros/humble/include/rclcpp/rclcpp/rclcpp.hpp:155[m[K,
[2.383s]                  from [01m[K/home/sunny/ros2_ws/src/cpp_parsing/src/utm_parser.cpp:9[m[K:
[2.383s] [01m[K/home/sunny/ros2_ws/src/cpp_parsing/src/utm_parser.cpp:88:64:[m[K [01;36m[Knote: [m[K  deduced conflicting types for parameter ‘[01m[K_CharT[m[K’ (‘[01m[Kchar[m[K’ and ‘[01m[Kstd_msgs::msg::String_<std::allocator<void> >[m[K’)
[2.383s]    88 |         RCLCPP_INFO_STREAM(this->get_logger(), "I heard: '" << [01;36m[Kmsg[m[K << "'");     // CHANGE
[2.383s]       |                                                                [01;36m[K^~~[m[K
[2.383s] In file included from [01m[K/usr/include/c++/11/iostream:39[m[K,
[2.383s]                  from [01m[K/home/sunny/ros2_ws/src/cpp_parsing/src/utm_parser.cpp:2[m[K:
[2.383s] [01m[K/usr/include/c++/11/ostream:518:5:[m[K [01;36m[Knote: [m[Kcandidate: ‘[01m[Ktemplate<class _CharT, class _Traits> std::basic_ostream<_CharT, _Traits>& std::operator<<(std::basic_ostream<_CharT, _Traits>&, char)[m[K’
[2.383s]   518 |     [01;36m[Koperator[m[K<<(basic_ostream<_CharT, _Traits>& __out, char __c)
[2.383s]       |     [01;36m[K^~~~~~~~[m[K
[2.383s] [01m[K/usr/include/c++/11/ostream:518:5:[m[K [01;36m[Knote: [m[K  template argument deduction/substitution failed:
[2.383s] In file included from [01m[K/opt/ros/humble/include/rclcpp/rclcpp/client.hpp:40[m[K,
[2.383s]                  from [01m[K/opt/ros/humble/include/rclcpp/rclcpp/callback_group.hpp:24[m[K,
[2.383s]                  from [01m[K/opt/ros/humble/include/rclcpp/rclcpp/any_executable.hpp:20[m[K,
[2.383s]                  from [01m[K/opt/ros/humble/include/rclcpp/rclcpp/memory_strategy.hpp:25[m[K,
[2.383s]                  from [01m[K/opt/ros/humble/include/rclcpp/rclcpp/memory_strategies.hpp:18[m[K,
[2.384s]                  from [01m[K/opt/ros/humble/include/rclcpp/rclcpp/executor_options.hpp:20[m[K,
[2.384s]                  from [01m[K/opt/ros/humble/include/rclcpp/rclcpp/executor.hpp:37[m[K,
[2.384s]                  from [01m[K/opt/ros/humble/include/rclcpp/rclcpp/executors/multi_threaded_executor.hpp:25[m[K,
[2.384s]                  from [01m[K/opt/ros/humble/include/rclcpp/rclcpp/executors.hpp:21[m[K,
[2.384s]                  from [01m[K/opt/ros/humble/include/rclcpp/rclcpp/rclcpp.hpp:155[m[K,
[2.384s]                  from [01m[K/home/sunny/ros2_ws/src/cpp_parsing/src/utm_parser.cpp:9[m[K:
[2.384s] [01m[K/home/sunny/ros2_ws/src/cpp_parsing/src/utm_parser.cpp:88:64:[m[K [01;36m[Knote: [m[K  cannot convert ‘[01m[Kmsg[m[K’ (type ‘[01m[Kconst String[m[K’ {aka ‘[01m[Kconst std_msgs::msg::String_<std::allocator<void> >[m[K’}) to type ‘[01m[Kchar[m[K’
[2.384s]    88 |         RCLCPP_INFO_STREAM(this->get_logger(), "I heard: '" << [01;36m[Kmsg[m[K << "'");     // CHANGE
[2.384s]       |                                                                [01;36m[K^~~[m[K
[2.384s] In file included from [01m[K/usr/include/c++/11/iostream:39[m[K,
[2.384s]                  from [01m[K/home/sunny/ros2_ws/src/cpp_parsing/src/utm_parser.cpp:2[m[K:
[2.384s] [01m[K/usr/include/c++/11/ostream:524:5:[m[K [01;36m[Knote: [m[Kcandidate: ‘[01m[Ktemplate<class _Traits> std::basic_ostream<char, _Traits>& std::operator<<(std::basic_ostream<char, _Traits>&, char)[m[K’
[2.384s]   524 |     [01;36m[Koperator[m[K<<(basic_ostream<char, _Traits>& __out, char __c)
[2.384s]       |     [01;36m[K^~~~~~~~[m[K
[2.384s] [01m[K/usr/include/c++/11/ostream:524:5:[m[K [01;36m[Knote: [m[K  template argument deduction/substitution failed:
[2.384s] In file included from [01m[K/opt/ros/humble/include/rclcpp/rclcpp/client.hpp:40[m[K,
[2.384s]                  from [01m[K/opt/ros/humble/include/rclcpp/rclcpp/callback_group.hpp:24[m[K,
[2.384s]                  from [01m[K/opt/ros/humble/include/rclcpp/rclcpp/any_executable.hpp:20[m[K,
[2.384s]                  from [01m[K/opt/ros/humble/include/rclcpp/rclcpp/memory_strategy.hpp:25[m[K,
[2.384s]                  from [01m[K/opt/ros/humble/include/rclcpp/rclcpp/memory_strategies.hpp:18[m[K,
[2.384s]                  from [01m[K/opt/ros/humble/include/rclcpp/rclcpp/executor_options.hpp:20[m[K,
[2.385s]                  from [01m[K/opt/ros/humble/include/rclcpp/rclcpp/executor.hpp:37[m[K,
[2.385s]                  from [01m[K/opt/ros/humble/include/rclcpp/rclcpp/executors/multi_threaded_executor.hpp:25[m[K,
[2.385s]                  from [01m[K/opt/ros/humble/include/rclcpp/rclcpp/executors.hpp:21[m[K,
[2.385s]                  from [01m[K/opt/ros/humble/include/rclcpp/rclcpp/rclcpp.hpp:155[m[K,
[2.385s]                  from [01m[K/home/sunny/ros2_ws/src/cpp_parsing/src/utm_parser.cpp:9[m[K:
[2.385s] [01m[K/home/sunny/ros2_ws/src/cpp_parsing/src/utm_parser.cpp:88:64:[m[K [01;36m[Knote: [m[K  cannot convert ‘[01m[Kmsg[m[K’ (type ‘[01m[Kconst String[m[K’ {aka ‘[01m[Kconst std_msgs::msg::String_<std::allocator<void> >[m[K’}) to type ‘[01m[Kchar[m[K’
[2.385s]    88 |         RCLCPP_INFO_STREAM(this->get_logger(), "I heard: '" << [01;36m[Kmsg[m[K << "'");     // CHANGE
[2.385s]       |                                                                [01;36m[K^~~[m[K
[2.385s] In file included from [01m[K/usr/include/c++/11/iostream:39[m[K,
[2.385s]                  from [01m[K/home/sunny/ros2_ws/src/cpp_parsing/src/utm_parser.cpp:2[m[K:
[2.385s] [01m[K/usr/include/c++/11/ostream:530:5:[m[K [01;36m[Knote: [m[Kcandidate: ‘[01m[Ktemplate<class _Traits> std::basic_ostream<char, _Traits>& std::operator<<(std::basic_ostream<char, _Traits>&, signed char)[m[K’
[2.385s]   530 |     [01;36m[Koperator[m[K<<(basic_ostream<char, _Traits>& __out, signed char __c)
[2.385s]       |     [01;36m[K^~~~~~~~[m[K
[2.385s] [01m[K/usr/include/c++/11/ostream:530:5:[m[K [01;36m[Knote: [m[K  template argument deduction/substitution failed:
[2.385s] In file included from [01m[K/opt/ros/humble/include/rclcpp/rclcpp/client.hpp:40[m[K,
[2.385s]                  from [01m[K/opt/ros/humble/include/rclcpp/rclcpp/callback_group.hpp:24[m[K,
[2.385s]                  from [01m[K/opt/ros/humble/include/rclcpp/rclcpp/any_executable.hpp:20[m[K,
[2.385s]                  from [01m[K/opt/ros/humble/include/rclcpp/rclcpp/memory_strategy.hpp:25[m[K,
[2.385s]                  from [01m[K/opt/ros/humble/include/rclcpp/rclcpp/memory_strategies.hpp:18[m[K,
[2.385s]                  from [01m[K/opt/ros/humble/include/rclcpp/rclcpp/executor_options.hpp:20[m[K,
[2.385s]                  from [01m[K/opt/ros/humble/include/rclcpp/rclcpp/executor.hpp:37[m[K,
[2.385s]                  from [01m[K/opt/ros/humble/include/rclcpp/rclcpp/executors/multi_threaded_executor.hpp:25[m[K,
[2.386s]                  from [01m[K/opt/ros/humble/include/rclcpp/rclcpp/executors.hpp:21[m[K,
[2.386s]                  from [01m[K/opt/ros/humble/include/rclcpp/rclcpp/rclcpp.hpp:155[m[K,
[2.386s]                  from [01m[K/home/sunny/ros2_ws/src/cpp_parsing/src/utm_parser.cpp:9[m[K:
[2.386s] [01m[K/home/sunny/ros2_ws/src/cpp_parsing/src/utm_parser.cpp:88:64:[m[K [01;36m[Knote: [m[K  cannot convert ‘[01m[Kmsg[m[K’ (type ‘[01m[Kconst String[m[K’ {aka ‘[01m[Kconst std_msgs::msg::String_<std::allocator<void> >[m[K’}) to type ‘[01m[Ksigned char[m[K’
[2.386s]    88 |         RCLCPP_INFO_STREAM(this->get_logger(), "I heard: '" << [01;36m[Kmsg[m[K << "'");     // CHANGE
[2.386s]       |                                                                [01;36m[K^~~[m[K
[2.386s] In file included from [01m[K/usr/include/c++/11/iostream:39[m[K,
[2.386s]                  from [01m[K/home/sunny/ros2_ws/src/cpp_parsing/src/utm_parser.cpp:2[m[K:
[2.386s] [01m[K/usr/include/c++/11/ostream:535:5:[m[K [01;36m[Knote: [m[Kcandidate: ‘[01m[Ktemplate<class _Traits> std::basic_ostream<char, _Traits>& std::operator<<(std::basic_ostream<char, _Traits>&, unsigned char)[m[K’
[2.386s]   535 |     [01;36m[Koperator[m[K<<(basic_ostream<char, _Traits>& __out, unsigned char __c)
[2.386s]       |     [01;36m[K^~~~~~~~[m[K
[2.386s] [01m[K/usr/include/c++/11/ostream:535:5:[m[K [01;36m[Knote: [m[K  template argument deduction/substitution failed:
[2.386s] In file included from [01m[K/opt/ros/humble/include/rclcpp/rclcpp/client.hpp:40[m[K,
[2.386s]                  from [01m[K/opt/ros/humble/include/rclcpp/rclcpp/callback_group.hpp:24[m[K,
[2.386s]                  from [01m[K/opt/ros/humble/include/rclcpp/rclcpp/any_executable.hpp:20[m[K,
[2.386s]                  from [01m[K/opt/ros/humble/include/rclcpp/rclcpp/memory_strategy.hpp:25[m[K,
[2.386s]                  from [01m[K/opt/ros/humble/include/rclcpp/rclcpp/memory_strategies.hpp:18[m[K,
[2.386s]                  from [01m[K/opt/ros/humble/include/rclcpp/rclcpp/executor_options.hpp:20[m[K,
[2.386s]                  from [01m[K/opt/ros/humble/include/rclcpp/rclcpp/executor.hpp:37[m[K,
[2.386s]                  from [01m[K/opt/ros/humble/include/rclcpp/rclcpp/executors/multi_threaded_executor.hpp:25[m[K,
[2.386s]                  from [01m[K/opt/ros/humble/include/rclcpp/rclcpp/executors.hpp:21[m[K,
[2.386s]                  from [01m[K/opt/ros/humble/include/rclcpp/rclcpp/rclcpp.hpp:155[m[K,
[2.387s]                  from [01m[K/home/sunny/ros2_ws/src/cpp_parsing/src/utm_parser.cpp:9[m[K:
[2.387s] [01m[K/home/sunny/ros2_ws/src/cpp_parsing/src/utm_parser.cpp:88:64:[m[K [01;36m[Knote: [m[K  cannot convert ‘[01m[Kmsg[m[K’ (type ‘[01m[Kconst String[m[K’ {aka ‘[01m[Kconst std_msgs::msg::String_<std::allocator<void> >[m[K’}) to type ‘[01m[Kunsigned char[m[K’
[2.387s]    88 |         RCLCPP_INFO_STREAM(this->get_logger(), "I heard: '" << [01;36m[Kmsg[m[K << "'");     // CHANGE
[2.387s]       |                                                                [01;36m[K^~~[m[K
[2.387s] In file included from [01m[K/usr/include/c++/11/iostream:39[m[K,
[2.387s]                  from [01m[K/home/sunny/ros2_ws/src/cpp_parsing/src/utm_parser.cpp:2[m[K:
[2.387s] [01m[K/usr/include/c++/11/ostream:594:5:[m[K [01;36m[Knote: [m[Kcandidate: ‘[01m[Ktemplate<class _CharT, class _Traits> std::basic_ostream<_CharT, _Traits>& std::operator<<(std::basic_ostream<_CharT, _Traits>&, const _CharT*)[m[K’
[2.387s]   594 |     [01;36m[Koperator[m[K<<(basic_ostream<_CharT, _Traits>& __out, const _CharT* __s)
[2.387s]       |     [01;36m[K^~~~~~~~[m[K
[2.387s] [01m[K/usr/include/c++/11/ostream:594:5:[m[K [01;36m[Knote: [m[K  template argument deduction/substitution failed:
[2.387s] In file included from [01m[K/opt/ros/humble/include/rclcpp/rclcpp/client.hpp:40[m[K,
[2.387s]                  from [01m[K/opt/ros/humble/include/rclcpp/rclcpp/callback_group.hpp:24[m[K,
[2.387s]                  from [01m[K/opt/ros/humble/include/rclcpp/rclcpp/any_executable.hpp:20[m[K,
[2.387s]                  from [01m[K/opt/ros/humble/include/rclcpp/rclcpp/memory_strategy.hpp:25[m[K,
[2.387s]                  from [01m[K/opt/ros/humble/include/rclcpp/rclcpp/memory_strategies.hpp:18[m[K,
[2.387s]                  from [01m[K/opt/ros/humble/include/rclcpp/rclcpp/executor_options.hpp:20[m[K,
[2.387s]                  from [01m[K/opt/ros/humble/include/rclcpp/rclcpp/executor.hpp:37[m[K,
[2.387s]                  from [01m[K/opt/ros/humble/include/rclcpp/rclcpp/executors/multi_threaded_executor.hpp:25[m[K,
[2.387s]                  from [01m[K/opt/ros/humble/include/rclcpp/rclcpp/executors.hpp:21[m[K,
[2.387s]                  from [01m[K/opt/ros/humble/include/rclcpp/rclcpp/rclcpp.hpp:155[m[K,
[2.387s]                  from [01m[K/home/sunny/ros2_ws/src/cpp_parsing/src/utm_parser.cpp:9[m[K:
[2.388s] [01m[K/home/sunny/ros2_ws/src/cpp_parsing/src/utm_parser.cpp:88:64:[m[K [01;36m[Knote: [m[K  mismatched types ‘[01m[Kconst _CharT*[m[K’ and ‘[01m[Kstd_msgs::msg::String_<std::allocator<void> >[m[K’
[2.388s]    88 |         RCLCPP_INFO_STREAM(this->get_logger(), "I heard: '" << [01;36m[Kmsg[m[K << "'");     // CHANGE
[2.388s]       |                                                                [01;36m[K^~~[m[K
[2.388s] In file included from [01m[K/usr/include/c++/11/ostream:829[m[K,
[2.388s]                  from [01m[K/usr/include/c++/11/iostream:39[m[K,
[2.388s]                  from [01m[K/home/sunny/ros2_ws/src/cpp_parsing/src/utm_parser.cpp:2[m[K:
[2.388s] [01m[K/usr/include/c++/11/bits/ostream.tcc:321:5:[m[K [01;36m[Knote: [m[Kcandidate: ‘[01m[Ktemplate<class _CharT, class _Traits> std::basic_ostream<_CharT, _Traits>& std::operator<<(std::basic_ostream<_CharT, _Traits>&, const char*)[m[K’
[2.388s]   321 |     [01;36m[Koperator[m[K<<(basic_ostream<_CharT, _Traits>& __out, const char* __s)
[2.388s]       |     [01;36m[K^~~~~~~~[m[K
[2.388s] [01m[K/usr/include/c++/11/bits/ostream.tcc:321:5:[m[K [01;36m[Knote: [m[K  template argument deduction/substitution failed:
[2.388s] In file included from [01m[K/opt/ros/humble/include/rclcpp/rclcpp/client.hpp:40[m[K,
[2.388s]                  from [01m[K/opt/ros/humble/include/rclcpp/rclcpp/callback_group.hpp:24[m[K,
[2.388s]                  from [01m[K/opt/ros/humble/include/rclcpp/rclcpp/any_executable.hpp:20[m[K,
[2.388s]                  from [01m[K/opt/ros/humble/include/rclcpp/rclcpp/memory_strategy.hpp:25[m[K,
[2.388s]                  from [01m[K/opt/ros/humble/include/rclcpp/rclcpp/memory_strategies.hpp:18[m[K,
[2.388s]                  from [01m[K/opt/ros/humble/include/rclcpp/rclcpp/executor_options.hpp:20[m[K,
[2.388s]                  from [01m[K/opt/ros/humble/include/rclcpp/rclcpp/executor.hpp:37[m[K,
[2.388s]                  from [01m[K/opt/ros/humble/include/rclcpp/rclcpp/executors/multi_threaded_executor.hpp:25[m[K,
[2.388s]                  from [01m[K/opt/ros/humble/include/rclcpp/rclcpp/executors.hpp:21[m[K,
[2.388s]                  from [01m[K/opt/ros/humble/include/rclcpp/rclcpp/rclcpp.hpp:155[m[K,
[2.388s]                  from [01m[K/home/sunny/ros2_ws/src/cpp_parsing/src/utm_parser.cpp:9[m[K:
[2.389s] [01m[K/home/sunny/ros2_ws/src/cpp_parsing/src/utm_parser.cpp:88:64:[m[K [01;36m[Knote: [m[K  cannot convert ‘[01m[Kmsg[m[K’ (type ‘[01m[Kconst String[m[K’ {aka ‘[01m[Kconst std_msgs::msg::String_<std::allocator<void> >[m[K’}) to type ‘[01m[Kconst char*[m[K’
[2.389s]    88 |         RCLCPP_INFO_STREAM(this->get_logger(), "I heard: '" << [01;36m[Kmsg[m[K << "'");     // CHANGE
[2.389s]       |                                                                [01;36m[K^~~[m[K
[2.389s] In file included from [01m[K/usr/include/c++/11/iostream:39[m[K,
[2.389s]                  from [01m[K/home/sunny/ros2_ws/src/cpp_parsing/src/utm_parser.cpp:2[m[K:
[2.389s] [01m[K/usr/include/c++/11/ostream:611:5:[m[K [01;36m[Knote: [m[Kcandidate: ‘[01m[Ktemplate<class _Traits> std::basic_ostream<char, _Traits>& std::operator<<(std::basic_ostream<char, _Traits>&, const char*)[m[K’
[2.389s]   611 |     [01;36m[Koperator[m[K<<(basic_ostream<char, _Traits>& __out, const char* __s)
[2.389s]       |     [01;36m[K^~~~~~~~[m[K
[2.389s] [01m[K/usr/include/c++/11/ostream:611:5:[m[K [01;36m[Knote: [m[K  template argument deduction/substitution failed:
[2.389s] In file included from [01m[K/opt/ros/humble/include/rclcpp/rclcpp/client.hpp:40[m[K,
[2.389s]                  from [01m[K/opt/ros/humble/include/rclcpp/rclcpp/callback_group.hpp:24[m[K,
[2.389s]                  from [01m[K/opt/ros/humble/include/rclcpp/rclcpp/any_executable.hpp:20[m[K,
[2.389s]                  from [01m[K/opt/ros/humble/include/rclcpp/rclcpp/memory_strategy.hpp:25[m[K,
[2.389s]                  from [01m[K/opt/ros/humble/include/rclcpp/rclcpp/memory_strategies.hpp:18[m[K,
[2.389s]                  from [01m[K/opt/ros/humble/include/rclcpp/rclcpp/executor_options.hpp:20[m[K,
[2.389s]                  from [01m[K/opt/ros/humble/include/rclcpp/rclcpp/executor.hpp:37[m[K,
[2.389s]                  from [01m[K/opt/ros/humble/include/rclcpp/rclcpp/executors/multi_threaded_executor.hpp:25[m[K,
[2.389s]                  from [01m[K/opt/ros/humble/include/rclcpp/rclcpp/executors.hpp:21[m[K,
[2.389s]                  from [01m[K/opt/ros/humble/include/rclcpp/rclcpp/rclcpp.hpp:155[m[K,
[2.389s]                  from [01m[K/home/sunny/ros2_ws/src/cpp_parsing/src/utm_parser.cpp:9[m[K:
[2.389s] [01m[K/home/sunny/ros2_ws/src/cpp_parsing/src/utm_parser.cpp:88:64:[m[K [01;36m[Knote: [m[K  cannot convert ‘[01m[Kmsg[m[K’ (type ‘[01m[Kconst String[m[K’ {aka ‘[01m[Kconst std_msgs::msg::String_<std::allocator<void> >[m[K’}) to type ‘[01m[Kconst char*[m[K’
[2.389s]    88 |         RCLCPP_INFO_STREAM(this->get_logger(), "I heard: '" << [01;36m[Kmsg[m[K << "'");     // CHANGE
[2.390s]       |                                                                [01;36m[K^~~[m[K
[2.390s] In file included from [01m[K/usr/include/c++/11/iostream:39[m[K,
[2.390s]                  from [01m[K/home/sunny/ros2_ws/src/cpp_parsing/src/utm_parser.cpp:2[m[K:
[2.390s] [01m[K/usr/include/c++/11/ostream:624:5:[m[K [01;36m[Knote: [m[Kcandidate: ‘[01m[Ktemplate<class _Traits> std::basic_ostream<char, _Traits>& std::operator<<(std::basic_ostream<char, _Traits>&, const signed char*)[m[K’
[2.390s]   624 |     [01;36m[Koperator[m[K<<(basic_ostream<char, _Traits>& __out, const signed char* __s)
[2.390s]       |     [01;36m[K^~~~~~~~[m[K
[2.390s] [01m[K/usr/include/c++/11/ostream:624:5:[m[K [01;36m[Knote: [m[K  template argument deduction/substitution failed:
[2.390s] In file included from [01m[K/opt/ros/humble/include/rclcpp/rclcpp/client.hpp:40[m[K,
[2.390s]                  from [01m[K/opt/ros/humble/include/rclcpp/rclcpp/callback_group.hpp:24[m[K,
[2.390s]                  from [01m[K/opt/ros/humble/include/rclcpp/rclcpp/any_executable.hpp:20[m[K,
[2.390s]                  from [01m[K/opt/ros/humble/include/rclcpp/rclcpp/memory_strategy.hpp:25[m[K,
[2.390s]                  from [01m[K/opt/ros/humble/include/rclcpp/rclcpp/memory_strategies.hpp:18[m[K,
[2.390s]                  from [01m[K/opt/ros/humble/include/rclcpp/rclcpp/executor_options.hpp:20[m[K,
[2.390s]                  from [01m[K/opt/ros/humble/include/rclcpp/rclcpp/executor.hpp:37[m[K,
[2.390s]                  from [01m[K/opt/ros/humble/include/rclcpp/rclcpp/executors/multi_threaded_executor.hpp:25[m[K,
[2.390s]                  from [01m[K/opt/ros/humble/include/rclcpp/rclcpp/executors.hpp:21[m[K,
[2.390s]                  from [01m[K/opt/ros/humble/include/rclcpp/rclcpp/rclcpp.hpp:155[m[K,
[2.390s]                  from [01m[K/home/sunny/ros2_ws/src/cpp_parsing/src/utm_parser.cpp:9[m[K:
[2.390s] [01m[K/home/sunny/ros2_ws/src/cpp_parsing/src/utm_parser.cpp:88:64:[m[K [01;36m[Knote: [m[K  cannot convert ‘[01m[Kmsg[m[K’ (type ‘[01m[Kconst String[m[K’ {aka ‘[01m[Kconst std_msgs::msg::String_<std::allocator<void> >[m[K’}) to type ‘[01m[Kconst signed char*[m[K’
[2.390s]    88 |         RCLCPP_INFO_STREAM(this->get_logger(), "I heard: '" << [01;36m[Kmsg[m[K << "'");     // CHANGE
[2.390s]       |                                                                [01;36m[K^~~[m[K
[2.391s] In file included from [01m[K/usr/include/c++/11/iostream:39[m[K,
[2.391s]                  from [01m[K/home/sunny/ros2_ws/src/cpp_parsing/src/utm_parser.cpp:2[m[K:
[2.391s] [01m[K/usr/include/c++/11/ostream:629:5:[m[K [01;36m[Knote: [m[Kcandidate: ‘[01m[Ktemplate<class _Traits> std::basic_ostream<char, _Traits>& std::operator<<(std::basic_ostream<char, _Traits>&, const unsigned char*)[m[K’
[2.391s]   629 |     [01;36m[Koperator[m[K<<(basic_ostream<char, _Traits>& __out, const unsigned char* __s)
[2.391s]       |     [01;36m[K^~~~~~~~[m[K
[2.391s] [01m[K/usr/include/c++/11/ostream:629:5:[m[K [01;36m[Knote: [m[K  template argument deduction/substitution failed:
[2.391s] In file included from [01m[K/opt/ros/humble/include/rclcpp/rclcpp/client.hpp:40[m[K,
[2.391s]                  from [01m[K/opt/ros/humble/include/rclcpp/rclcpp/callback_group.hpp:24[m[K,
[2.391s]                  from [01m[K/opt/ros/humble/include/rclcpp/rclcpp/any_executable.hpp:20[m[K,
[2.391s]                  from [01m[K/opt/ros/humble/include/rclcpp/rclcpp/memory_strategy.hpp:25[m[K,
[2.391s]                  from [01m[K/opt/ros/humble/include/rclcpp/rclcpp/memory_strategies.hpp:18[m[K,
[2.391s]                  from [01m[K/opt/ros/humble/include/rclcpp/rclcpp/executor_options.hpp:20[m[K,
[2.391s]                  from [01m[K/opt/ros/humble/include/rclcpp/rclcpp/executor.hpp:37[m[K,
[2.391s]                  from [01m[K/opt/ros/humble/include/rclcpp/rclcpp/executors/multi_threaded_executor.hpp:25[m[K,
[2.391s]                  from [01m[K/opt/ros/humble/include/rclcpp/rclcpp/executors.hpp:21[m[K,
[2.391s]                  from [01m[K/opt/ros/humble/include/rclcpp/rclcpp/rclcpp.hpp:155[m[K,
[2.391s]                  from [01m[K/home/sunny/ros2_ws/src/cpp_parsing/src/utm_parser.cpp:9[m[K:
[2.391s] [01m[K/home/sunny/ros2_ws/src/cpp_parsing/src/utm_parser.cpp:88:64:[m[K [01;36m[Knote: [m[K  cannot convert ‘[01m[Kmsg[m[K’ (type ‘[01m[Kconst String[m[K’ {aka ‘[01m[Kconst std_msgs::msg::String_<std::allocator<void> >[m[K’}) to type ‘[01m[Kconst unsigned char*[m[K’
[2.391s]    88 |         RCLCPP_INFO_STREAM(this->get_logger(), "I heard: '" << [01;36m[Kmsg[m[K << "'");     // CHANGE
[2.391s]       |                                                                [01;36m[K^~~[m[K
[2.391s] In file included from [01m[K/usr/include/c++/11/iostream:39[m[K,
[2.391s]                  from [01m[K/home/sunny/ros2_ws/src/cpp_parsing/src/utm_parser.cpp:2[m[K:
[2.392s] [01m[K/usr/include/c++/11/ostream:750:5:[m[K [01;36m[Knote: [m[Kcandidate: ‘[01m[Ktemplate<class _Ostream, class _Tp> _Ostream&& std::operator<<(_Ostream&&, const _Tp&)[m[K’
[2.392s]   750 |     [01;36m[Koperator[m[K<<(_Ostream&& __os, const _Tp& __x)
[2.392s]       |     [01;36m[K^~~~~~~~[m[K
[2.392s] [01m[K/usr/include/c++/11/ostream:750:5:[m[K [01;36m[Knote: [m[K  template argument deduction/substitution failed:
[2.392s] /usr/include/c++/11/ostream: In substitution of ‘[01m[Ktemplate<class _Ostream, class _Tp> _Ostream&& std::operator<<(_Ostream&&, const _Tp&) [with _Ostream = std::basic_ostream<char>&; _Tp = std_msgs::msg::String_<std::allocator<void> >][m[K’:
[2.392s] [01m[K/home/sunny/ros2_ws/src/cpp_parsing/src/utm_parser.cpp:88:9:[m[K   required from here
[2.392s] [01m[K/usr/include/c++/11/ostream:750:5:[m[K [01;31m[Kerror: [m[Kno type named ‘[01m[Ktype[m[K’ in ‘[01m[Kstruct std::enable_if<false, void>[m[K’
[2.392s] In file included from [01m[K/home/sunny/ros2_ws/src/cpp_parsing/src/utm_parser.cpp:7[m[K:
[2.392s] [01m[K/usr/include/c++/11/iomanip:79:5:[m[K [01;36m[Knote: [m[Kcandidate: ‘[01m[Ktemplate<class _CharT, class _Traits> std::basic_ostream<_CharT, _Traits>& std::operator<<(std::basic_ostream<_CharT, _Traits>&, std::_Resetiosflags)[m[K’
[2.392s]    79 |     [01;36m[Koperator[m[K<<(basic_ostream<_CharT, _Traits>& __os, _Resetiosflags __f)
[2.392s]       |     [01;36m[K^~~~~~~~[m[K
[2.392s] [01m[K/usr/include/c++/11/iomanip:79:5:[m[K [01;36m[Knote: [m[K  template argument deduction/substitution failed:
[2.392s] In file included from [01m[K/opt/ros/humble/include/rclcpp/rclcpp/client.hpp:40[m[K,
[2.392s]                  from [01m[K/opt/ros/humble/include/rclcpp/rclcpp/callback_group.hpp:24[m[K,
[2.392s]                  from [01m[K/opt/ros/humble/include/rclcpp/rclcpp/any_executable.hpp:20[m[K,
[2.392s]                  from [01m[K/opt/ros/humble/include/rclcpp/rclcpp/memory_strategy.hpp:25[m[K,
[2.392s]                  from [01m[K/opt/ros/humble/include/rclcpp/rclcpp/memory_strategies.hpp:18[m[K,
[2.392s]                  from [01m[K/opt/ros/humble/include/rclcpp/rclcpp/executor_options.hpp:20[m[K,
[2.392s]                  from [01m[K/opt/ros/humble/include/rclcpp/rclcpp/executor.hpp:37[m[K,
[2.392s]                  from [01m[K/opt/ros/humble/include/rclcpp/rclcpp/executors/multi_threaded_executor.hpp:25[m[K,
[2.392s]                  from [01m[K/opt/ros/humble/include/rclcpp/rclcpp/executors.hpp:21[m[K,
[2.393s]                  from [01m[K/opt/ros/humble/include/rclcpp/rclcpp/rclcpp.hpp:155[m[K,
[2.393s]                  from [01m[K/home/sunny/ros2_ws/src/cpp_parsing/src/utm_parser.cpp:9[m[K:
[2.393s] [01m[K/home/sunny/ros2_ws/src/cpp_parsing/src/utm_parser.cpp:88:64:[m[K [01;36m[Knote: [m[K  cannot convert ‘[01m[Kmsg[m[K’ (type ‘[01m[Kconst String[m[K’ {aka ‘[01m[Kconst std_msgs::msg::String_<std::allocator<void> >[m[K’}) to type ‘[01m[Kstd::_Resetiosflags[m[K’
[2.393s]    88 |         RCLCPP_INFO_STREAM(this->get_logger(), "I heard: '" << [01;36m[Kmsg[m[K << "'");     // CHANGE
[2.393s]       |                                                                [01;36m[K^~~[m[K
[2.393s] In file included from [01m[K/home/sunny/ros2_ws/src/cpp_parsing/src/utm_parser.cpp:7[m[K:
[2.393s] [01m[K/usr/include/c++/11/iomanip:109:5:[m[K [01;36m[Knote: [m[Kcandidate: ‘[01m[Ktemplate<class _CharT, class _Traits> std::basic_ostream<_CharT, _Traits>& std::operator<<(std::basic_ostream<_CharT, _Traits>&, std::_Setiosflags)[m[K’
[2.393s]   109 |     [01;36m[Koperator[m[K<<(basic_ostream<_CharT, _Traits>& __os, _Setiosflags __f)
[2.393s]       |     [01;36m[K^~~~~~~~[m[K
[2.393s] [01m[K/usr/include/c++/11/iomanip:109:5:[m[K [01;36m[Knote: [m[K  template argument deduction/substitution failed:
[2.393s] In file included from [01m[K/opt/ros/humble/include/rclcpp/rclcpp/client.hpp:40[m[K,
[2.393s]                  from [01m[K/opt/ros/humble/include/rclcpp/rclcpp/callback_group.hpp:24[m[K,
[2.393s]                  from [01m[K/opt/ros/humble/include/rclcpp/rclcpp/any_executable.hpp:20[m[K,
[2.393s]                  from [01m[K/opt/ros/humble/include/rclcpp/rclcpp/memory_strategy.hpp:25[m[K,
[2.393s]                  from [01m[K/opt/ros/humble/include/rclcpp/rclcpp/memory_strategies.hpp:18[m[K,
[2.393s]                  from [01m[K/opt/ros/humble/include/rclcpp/rclcpp/executor_options.hpp:20[m[K,
[2.393s]                  from [01m[K/opt/ros/humble/include/rclcpp/rclcpp/executor.hpp:37[m[K,
[2.393s]                  from [01m[K/opt/ros/humble/include/rclcpp/rclcpp/executors/multi_threaded_executor.hpp:25[m[K,
[2.393s]                  from [01m[K/opt/ros/humble/include/rclcpp/rclcpp/executors.hpp:21[m[K,
[2.393s]                  from [01m[K/opt/ros/humble/include/rclcpp/rclcpp/rclcpp.hpp:155[m[K,
[2.393s]                  from [01m[K/home/sunny/ros2_ws/src/cpp_parsing/src/utm_parser.cpp:9[m[K:
[2.393s] [01m[K/home/sunny/ros2_ws/src/cpp_parsing/src/utm_parser.cpp:88:64:[m[K [01;36m[Knote: [m[K  cannot convert ‘[01m[Kmsg[m[K’ (type ‘[01m[Kconst String[m[K’ {aka ‘[01m[Kconst std_msgs::msg::String_<std::allocator<void> >[m[K’}) to type ‘[01m[Kstd::_Setiosflags[m[K’
[2.394s]    88 |         RCLCPP_INFO_STREAM(this->get_logger(), "I heard: '" << [01;36m[Kmsg[m[K << "'");     // CHANGE
[2.394s]       |                                                                [01;36m[K^~~[m[K
[2.394s] In file included from [01m[K/home/sunny/ros2_ws/src/cpp_parsing/src/utm_parser.cpp:7[m[K:
[2.394s] [01m[K/usr/include/c++/11/iomanip:143:5:[m[K [01;36m[Knote: [m[Kcandidate: ‘[01m[Ktemplate<class _CharT, class _Traits> std::basic_ostream<_CharT, _Traits>& std::operator<<(std::basic_ostream<_CharT, _Traits>&, std::_Setbase)[m[K’
[2.394s]   143 |     [01;36m[Koperator[m[K<<(basic_ostream<_CharT, _Traits>& __os, _Setbase __f)
[2.394s]       |     [01;36m[K^~~~~~~~[m[K
[2.394s] [01m[K/usr/include/c++/11/iomanip:143:5:[m[K [01;36m[Knote: [m[K  template argument deduction/substitution failed:
[2.394s] In file included from [01m[K/opt/ros/humble/include/rclcpp/rclcpp/client.hpp:40[m[K,
[2.394s]                  from [01m[K/opt/ros/humble/include/rclcpp/rclcpp/callback_group.hpp:24[m[K,
[2.394s]                  from [01m[K/opt/ros/humble/include/rclcpp/rclcpp/any_executable.hpp:20[m[K,
[2.394s]                  from [01m[K/opt/ros/humble/include/rclcpp/rclcpp/memory_strategy.hpp:25[m[K,
[2.394s]                  from [01m[K/opt/ros/humble/include/rclcpp/rclcpp/memory_strategies.hpp:18[m[K,
[2.394s]                  from [01m[K/opt/ros/humble/include/rclcpp/rclcpp/executor_options.hpp:20[m[K,
[2.394s]                  from [01m[K/opt/ros/humble/include/rclcpp/rclcpp/executor.hpp:37[m[K,
[2.394s]                  from [01m[K/opt/ros/humble/include/rclcpp/rclcpp/executors/multi_threaded_executor.hpp:25[m[K,
[2.394s]                  from [01m[K/opt/ros/humble/include/rclcpp/rclcpp/executors.hpp:21[m[K,
[2.394s]                  from [01m[K/opt/ros/humble/include/rclcpp/rclcpp/rclcpp.hpp:155[m[K,
[2.394s]                  from [01m[K/home/sunny/ros2_ws/src/cpp_parsing/src/utm_parser.cpp:9[m[K:
[2.394s] [01m[K/home/sunny/ros2_ws/src/cpp_parsing/src/utm_parser.cpp:88:64:[m[K [01;36m[Knote: [m[K  cannot convert ‘[01m[Kmsg[m[K’ (type ‘[01m[Kconst String[m[K’ {aka ‘[01m[Kconst std_msgs::msg::String_<std::allocator<void> >[m[K’}) to type ‘[01m[Kstd::_Setbase[m[K’
[2.394s]    88 |         RCLCPP_INFO_STREAM(this->get_logger(), "I heard: '" << [01;36m[Kmsg[m[K << "'");     // CHANGE
[2.395s]       |                                                                [01;36m[K^~~[m[K
[2.395s] In file included from [01m[K/home/sunny/ros2_ws/src/cpp_parsing/src/utm_parser.cpp:7[m[K:
[2.395s] [01m[K/usr/include/c++/11/iomanip:178:5:[m[K [01;36m[Knote: [m[Kcandidate: ‘[01m[Ktemplate<class _CharT, class _Traits> std::basic_ostream<_CharT, _Traits>& std::operator<<(std::basic_ostream<_CharT, _Traits>&, std::_Setfill<_CharT>)[m[K’
[2.395s]   178 |     [01;36m[Koperator[m[K<<(basic_ostream<_CharT, _Traits>& __os, _Setfill<_CharT> __f)
[2.395s]       |     [01;36m[K^~~~~~~~[m[K
[2.395s] [01m[K/usr/include/c++/11/iomanip:178:5:[m[K [01;36m[Knote: [m[K  template argument deduction/substitution failed:
[2.395s] In file included from [01m[K/opt/ros/humble/include/rclcpp/rclcpp/client.hpp:40[m[K,
[2.395s]                  from [01m[K/opt/ros/humble/include/rclcpp/rclcpp/callback_group.hpp:24[m[K,
[2.395s]                  from [01m[K/opt/ros/humble/include/rclcpp/rclcpp/any_executable.hpp:20[m[K,
[2.395s]                  from [01m[K/opt/ros/humble/include/rclcpp/rclcpp/memory_strategy.hpp:25[m[K,
[2.395s]                  from [01m[K/opt/ros/humble/include/rclcpp/rclcpp/memory_strategies.hpp:18[m[K,
[2.395s]                  from [01m[K/opt/ros/humble/include/rclcpp/rclcpp/executor_options.hpp:20[m[K,
[2.395s]                  from [01m[K/opt/ros/humble/include/rclcpp/rclcpp/executor.hpp:37[m[K,
[2.395s]                  from [01m[K/opt/ros/humble/include/rclcpp/rclcpp/executors/multi_threaded_executor.hpp:25[m[K,
[2.395s]                  from [01m[K/opt/ros/humble/include/rclcpp/rclcpp/executors.hpp:21[m[K,
[2.395s]                  from [01m[K/opt/ros/humble/include/rclcpp/rclcpp/rclcpp.hpp:155[m[K,
[2.395s]                  from [01m[K/home/sunny/ros2_ws/src/cpp_parsing/src/utm_parser.cpp:9[m[K:
[2.395s] [01m[K/home/sunny/ros2_ws/src/cpp_parsing/src/utm_parser.cpp:88:64:[m[K [01;36m[Knote: [m[K  ‘[01m[Kstd_msgs::msg::String_<std::allocator<void> >[m[K’ is not derived from ‘[01m[Kstd::_Setfill<_CharT>[m[K’
[2.396s]    88 |         RCLCPP_INFO_STREAM(this->get_logger(), "I heard: '" << [01;36m[Kmsg[m[K << "'");     // CHANGE
[2.396s]       |                                                                [01;36m[K^~~[m[K
[2.396s] In file included from [01m[K/home/sunny/ros2_ws/src/cpp_parsing/src/utm_parser.cpp:7[m[K:
[2.396s] [01m[K/usr/include/c++/11/iomanip:208:5:[m[K [01;36m[Knote: [m[Kcandidate: ‘[01m[Ktemplate<class _CharT, class _Traits> std::basic_ostream<_CharT, _Traits>& std::operator<<(std::basic_ostream<_CharT, _Traits>&, std::_Setprecision)[m[K’
[2.396s]   208 |     [01;36m[Koperator[m[K<<(basic_ostream<_CharT, _Traits>& __os, _Setprecision __f)
[2.396s]       |     [01;36m[K^~~~~~~~[m[K
[2.396s] [01m[K/usr/include/c++/11/iomanip:208:5:[m[K [01;36m[Knote: [m[K  template argument deduction/substitution failed:
[2.396s] In file included from [01m[K/opt/ros/humble/include/rclcpp/rclcpp/client.hpp:40[m[K,
[2.396s]                  from [01m[K/opt/ros/humble/include/rclcpp/rclcpp/callback_group.hpp:24[m[K,
[2.396s]                  from [01m[K/opt/ros/humble/include/rclcpp/rclcpp/any_executable.hpp:20[m[K,
[2.396s]                  from [01m[K/opt/ros/humble/include/rclcpp/rclcpp/memory_strategy.hpp:25[m[K,
[2.396s]                  from [01m[K/opt/ros/humble/include/rclcpp/rclcpp/memory_strategies.hpp:18[m[K,
[2.396s]                  from [01m[K/opt/ros/humble/include/rclcpp/rclcpp/executor_options.hpp:20[m[K,
[2.396s]                  from [01m[K/opt/ros/humble/include/rclcpp/rclcpp/executor.hpp:37[m[K,
[2.396s]                  from [01m[K/opt/ros/humble/include/rclcpp/rclcpp/executors/multi_threaded_executor.hpp:25[m[K,
[2.396s]                  from [01m[K/opt/ros/humble/include/rclcpp/rclcpp/executors.hpp:21[m[K,
[2.396s]                  from [01m[K/opt/ros/humble/include/rclcpp/rclcpp/rclcpp.hpp:155[m[K,
[2.396s]                  from [01m[K/home/sunny/ros2_ws/src/cpp_parsing/src/utm_parser.cpp:9[m[K:
[2.396s] [01m[K/home/sunny/ros2_ws/src/cpp_parsing/src/utm_parser.cpp:88:64:[m[K [01;36m[Knote: [m[K  cannot convert ‘[01m[Kmsg[m[K’ (type ‘[01m[Kconst String[m[K’ {aka ‘[01m[Kconst std_msgs::msg::String_<std::allocator<void> >[m[K’}) to type ‘[01m[Kstd::_Setprecision[m[K’
[2.396s]    88 |         RCLCPP_INFO_STREAM(this->get_logger(), "I heard: '" << [01;36m[Kmsg[m[K << "'");     // CHANGE
[2.397s]       |                                                                [01;36m[K^~~[m[K
[2.397s] In file included from [01m[K/home/sunny/ros2_ws/src/cpp_parsing/src/utm_parser.cpp:7[m[K:
[2.397s] [01m[K/usr/include/c++/11/iomanip:238:5:[m[K [01;36m[Knote: [m[Kcandidate: ‘[01m[Ktemplate<class _CharT, class _Traits> std::basic_ostream<_CharT, _Traits>& std::operator<<(std::basic_ostream<_CharT, _Traits>&, std::_Setw)[m[K’
[2.397s]   238 |     [01;36m[Koperator[m[K<<(basic_ostream<_CharT, _Traits>& __os, _Setw __f)
[2.397s]       |     [01;36m[K^~~~~~~~[m[K
[2.397s] [01m[K/usr/include/c++/11/iomanip:238:5:[m[K [01;36m[Knote: [m[K  template argument deduction/substitution failed:
[2.397s] In file included from [01m[K/opt/ros/humble/include/rclcpp/rclcpp/client.hpp:40[m[K,
[2.397s]                  from [01m[K/opt/ros/humble/include/rclcpp/rclcpp/callback_group.hpp:24[m[K,
[2.397s]                  from [01m[K/opt/ros/humble/include/rclcpp/rclcpp/any_executable.hpp:20[m[K,
[2.397s]                  from [01m[K/opt/ros/humble/include/rclcpp/rclcpp/memory_strategy.hpp:25[m[K,
[2.397s]                  from [01m[K/opt/ros/humble/include/rclcpp/rclcpp/memory_strategies.hpp:18[m[K,
[2.397s]                  from [01m[K/opt/ros/humble/include/rclcpp/rclcpp/executor_options.hpp:20[m[K,
[2.397s]                  from [01m[K/opt/ros/humble/include/rclcpp/rclcpp/executor.hpp:37[m[K,
[2.397s]                  from [01m[K/opt/ros/humble/include/rclcpp/rclcpp/executors/multi_threaded_executor.hpp:25[m[K,
[2.397s]                  from [01m[K/opt/ros/humble/include/rclcpp/rclcpp/executors.hpp:21[m[K,
[2.397s]                  from [01m[K/opt/ros/humble/include/rclcpp/rclcpp/rclcpp.hpp:155[m[K,
[2.397s]                  from [01m[K/home/sunny/ros2_ws/src/cpp_parsing/src/utm_parser.cpp:9[m[K:
[2.397s] [01m[K/home/sunny/ros2_ws/src/cpp_parsing/src/utm_parser.cpp:88:64:[m[K [01;36m[Knote: [m[K  cannot convert ‘[01m[Kmsg[m[K’ (type ‘[01m[Kconst String[m[K’ {aka ‘[01m[Kconst std_msgs::msg::String_<std::allocator<void> >[m[K’}) to type ‘[01m[Kstd::_Setw[m[K’
[2.397s]    88 |         RCLCPP_INFO_STREAM(this->get_logger(), "I heard: '" << [01;36m[Kmsg[m[K << "'");     // CHANGE
[2.397s]       |                                                                [01;36m[K^~~[m[K
[2.397s] In file included from [01m[K/home/sunny/ros2_ws/src/cpp_parsing/src/utm_parser.cpp:7[m[K:
[2.397s] [01m[K/usr/include/c++/11/iomanip:311:5:[m[K [01;36m[Knote: [m[Kcandidate: ‘[01m[Ktemplate<class _CharT, class _Traits, class _MoneyT> std::basic_ostream<_CharT, _Traits>& std::operator<<(std::basic_ostream<_CharT, _Traits>&, std::_Put_money<_MoneyT>)[m[K’
[2.398s]   311 |     [01;36m[Koperator[m[K<<(basic_ostream<_CharT, _Traits>& __os, _Put_money<_MoneyT> __f)
[2.398s]       |     [01;36m[K^~~~~~~~[m[K
[2.398s] [01m[K/usr/include/c++/11/iomanip:311:5:[m[K [01;36m[Knote: [m[K  template argument deduction/substitution failed:
[2.398s] In file included from [01m[K/opt/ros/humble/include/rclcpp/rclcpp/client.hpp:40[m[K,
[2.398s]                  from [01m[K/opt/ros/humble/include/rclcpp/rclcpp/callback_group.hpp:24[m[K,
[2.398s]                  from [01m[K/opt/ros/humble/include/rclcpp/rclcpp/any_executable.hpp:20[m[K,
[2.398s]                  from [01m[K/opt/ros/humble/include/rclcpp/rclcpp/memory_strategy.hpp:25[m[K,
[2.398s]                  from [01m[K/opt/ros/humble/include/rclcpp/rclcpp/memory_strategies.hpp:18[m[K,
[2.398s]                  from [01m[K/opt/ros/humble/include/rclcpp/rclcpp/executor_options.hpp:20[m[K,
[2.398s]                  from [01m[K/opt/ros/humble/include/rclcpp/rclcpp/executor.hpp:37[m[K,
[2.398s]                  from [01m[K/opt/ros/humble/include/rclcpp/rclcpp/executors/multi_threaded_executor.hpp:25[m[K,
[2.398s]                  from [01m[K/opt/ros/humble/include/rclcpp/rclcpp/executors.hpp:21[m[K,
[2.398s]                  from [01m[K/opt/ros/humble/include/rclcpp/rclcpp/rclcpp.hpp:155[m[K,
[2.398s]                  from [01m[K/home/sunny/ros2_ws/src/cpp_parsing/src/utm_parser.cpp:9[m[K:
[2.398s] [01m[K/home/sunny/ros2_ws/src/cpp_parsing/src/utm_parser.cpp:88:64:[m[K [01;36m[Knote: [m[K  ‘[01m[Kstd_msgs::msg::String_<std::allocator<void> >[m[K’ is not derived from ‘[01m[Kstd::_Put_money<_MoneyT>[m[K’
[2.398s]    88 |         RCLCPP_INFO_STREAM(this->get_logger(), "I heard: '" << [01;36m[Kmsg[m[K << "'");     // CHANGE
[2.398s]       |                                                                [01;36m[K^~~[m[K
[2.398s] In file included from [01m[K/home/sunny/ros2_ws/src/cpp_parsing/src/utm_parser.cpp:7[m[K:
[2.398s] [01m[K/usr/include/c++/11/iomanip:363:5:[m[K [01;36m[Knote: [m[Kcandidate: ‘[01m[Ktemplate<class _CharT, class _Traits> std::basic_ostream<_CharT, _Traits>& std::operator<<(std::basic_ostream<_CharT, _Traits>&, std::_Put_time<_CharT>)[m[K’
[2.398s]   363 |     [01;36m[Koperator[m[K<<(basic_ostream<_CharT, _Traits>& __os, _Put_time<_CharT> __f)
[2.398s]       |     [01;36m[K^~~~~~~~[m[K
[2.398s] [01m[K/usr/include/c++/11/iomanip:363:5:[m[K [01;36m[Knote: [m[K  template argument deduction/substitution failed:
[2.399s] In file included from [01m[K/opt/ros/humble/include/rclcpp/rclcpp/client.hpp:40[m[K,
[2.399s]                  from [01m[K/opt/ros/humble/include/rclcpp/rclcpp/callback_group.hpp:24[m[K,
[2.399s]                  from [01m[K/opt/ros/humble/include/rclcpp/rclcpp/any_executable.hpp:20[m[K,
[2.399s]                  from [01m[K/opt/ros/humble/include/rclcpp/rclcpp/memory_strategy.hpp:25[m[K,
[2.399s]                  from [01m[K/opt/ros/humble/include/rclcpp/rclcpp/memory_strategies.hpp:18[m[K,
[2.399s]                  from [01m[K/opt/ros/humble/include/rclcpp/rclcpp/executor_options.hpp:20[m[K,
[2.399s]                  from [01m[K/opt/ros/humble/include/rclcpp/rclcpp/executor.hpp:37[m[K,
[2.399s]                  from [01m[K/opt/ros/humble/include/rclcpp/rclcpp/executors/multi_threaded_executor.hpp:25[m[K,
[2.399s]                  from [01m[K/opt/ros/humble/include/rclcpp/rclcpp/executors.hpp:21[m[K,
[2.399s]                  from [01m[K/opt/ros/humble/include/rclcpp/rclcpp/rclcpp.hpp:155[m[K,
[2.399s]                  from [01m[K/home/sunny/ros2_ws/src/cpp_parsing/src/utm_parser.cpp:9[m[K:
[2.399s] [01m[K/home/sunny/ros2_ws/src/cpp_parsing/src/utm_parser.cpp:88:64:[m[K [01;36m[Knote: [m[K  ‘[01m[Kstd_msgs::msg::String_<std::allocator<void> >[m[K’ is not derived from ‘[01m[Kstd::_Put_time<_CharT>[m[K’
[2.399s]    88 |         RCLCPP_INFO_STREAM(this->get_logger(), "I heard: '" << [01;36m[Kmsg[m[K << "'");     // CHANGE
[2.399s]       |                                                                [01;36m[K^~~[m[K
[2.399s] In file included from [01m[K/usr/include/c++/11/memory:77[m[K,
[2.399s]                  from [01m[K/opt/ros/humble/include/rclcpp/rclcpp/rclcpp.hpp:153[m[K,
[2.399s]                  from [01m[K/home/sunny/ros2_ws/src/cpp_parsing/src/utm_parser.cpp:9[m[K:
[2.399s] [01m[K/usr/include/c++/11/bits/shared_ptr.h:70:5:[m[K [01;36m[Knote: [m[Kcandidate: ‘[01m[Ktemplate<class _Ch, class _Tr, class _Tp, __gnu_cxx::_Lock_policy _Lp> std::basic_ostream<_CharT, _Traits>& std::operator<<(std::basic_ostream<_CharT, _Traits>&, const std::__shared_ptr<_Tp, _Lp>&)[m[K’
[2.399s]    70 |     [01;36m[Koperator[m[K<<(std::basic_ostream<_Ch, _Tr>& __os,
[2.399s]       |     [01;36m[K^~~~~~~~[m[K
[2.399s] [01m[K/usr/include/c++/11/bits/shared_ptr.h:70:5:[m[K [01;36m[Knote: [m[K  template argument deduction/substitution failed:
[2.399s] In file included from [01m[K/opt/ros/humble/include/rclcpp/rclcpp/client.hpp:40[m[K,
[2.400s]                  from [01m[K/opt/ros/humble/include/rclcpp/rclcpp/callback_group.hpp:24[m[K,
[2.400s]                  from [01m[K/opt/ros/humble/include/rclcpp/rclcpp/any_executable.hpp:20[m[K,
[2.400s]                  from [01m[K/opt/ros/humble/include/rclcpp/rclcpp/memory_strategy.hpp:25[m[K,
[2.400s]                  from [01m[K/opt/ros/humble/include/rclcpp/rclcpp/memory_strategies.hpp:18[m[K,
[2.400s]                  from [01m[K/opt/ros/humble/include/rclcpp/rclcpp/executor_options.hpp:20[m[K,
[2.400s]                  from [01m[K/opt/ros/humble/include/rclcpp/rclcpp/executor.hpp:37[m[K,
[2.400s]                  from [01m[K/opt/ros/humble/include/rclcpp/rclcpp/executors/multi_threaded_executor.hpp:25[m[K,
[2.400s]                  from [01m[K/opt/ros/humble/include/rclcpp/rclcpp/executors.hpp:21[m[K,
[2.400s]                  from [01m[K/opt/ros/humble/include/rclcpp/rclcpp/rclcpp.hpp:155[m[K,
[2.400s]                  from [01m[K/home/sunny/ros2_ws/src/cpp_parsing/src/utm_parser.cpp:9[m[K:
[2.400s] [01m[K/home/sunny/ros2_ws/src/cpp_parsing/src/utm_parser.cpp:88:64:[m[K [01;36m[Knote: [m[K  ‘[01m[Kconst String[m[K’ {aka ‘[01m[Kconst std_msgs::msg::String_<std::allocator<void> >[m[K’} is not derived from ‘[01m[Kconst std::__shared_ptr<_Tp, _Lp>[m[K’
[2.400s]    88 |         RCLCPP_INFO_STREAM(this->get_logger(), "I heard: '" << [01;36m[Kmsg[m[K << "'");     // CHANGE
[2.400s]       |                                                                [01;36m[K^~~[m[K
[2.400s] In file included from [01m[K/opt/ros/humble/include/rclcpp/rclcpp/executors/multi_threaded_executor.hpp:22[m[K,
[2.400s]                  from [01m[K/opt/ros/humble/include/rclcpp/rclcpp/executors.hpp:21[m[K,
[2.400s]                  from [01m[K/opt/ros/humble/include/rclcpp/rclcpp/rclcpp.hpp:155[m[K,
[2.400s]                  from [01m[K/home/sunny/ros2_ws/src/cpp_parsing/src/utm_parser.cpp:9[m[K:
[2.400s] [01m[K/usr/include/c++/11/thread:92:5:[m[K [01;36m[Knote: [m[Kcandidate: ‘[01m[Ktemplate<class _CharT, class _Traits> std::basic_ostream<_CharT, _Traits>& std::operator<<(std::basic_ostream<_CharT, _Traits>&, std::thread::id)[m[K’
[2.400s]    92 |     [01;36m[Koperator[m[K<<(basic_ostream<_CharT, _Traits>& __out, thread::id __id)
[2.400s]       |     [01;36m[K^~~~~~~~[m[K
[2.400s] [01m[K/usr/include/c++/11/thread:92:5:[m[K [01;36m[Knote: [m[K  template argument deduction/substitution failed:
[2.401s] In file included from [01m[K/opt/ros/humble/include/rclcpp/rclcpp/client.hpp:40[m[K,
[2.401s]                  from [01m[K/opt/ros/humble/include/rclcpp/rclcpp/callback_group.hpp:24[m[K,
[2.401s]                  from [01m[K/opt/ros/humble/include/rclcpp/rclcpp/any_executable.hpp:20[m[K,
[2.401s]                  from [01m[K/opt/ros/humble/include/rclcpp/rclcpp/memory_strategy.hpp:25[m[K,
[2.401s]                  from [01m[K/opt/ros/humble/include/rclcpp/rclcpp/memory_strategies.hpp:18[m[K,
[2.401s]                  from [01m[K/opt/ros/humble/include/rclcpp/rclcpp/executor_options.hpp:20[m[K,
[2.401s]                  from [01m[K/opt/ros/humble/include/rclcpp/rclcpp/executor.hpp:37[m[K,
[2.401s]                  from [01m[K/opt/ros/humble/include/rclcpp/rclcpp/executors/multi_threaded_executor.hpp:25[m[K,
[2.401s]                  from [01m[K/opt/ros/humble/include/rclcpp/rclcpp/executors.hpp:21[m[K,
[2.401s]                  from [01m[K/opt/ros/humble/include/rclcpp/rclcpp/rclcpp.hpp:155[m[K,
[2.401s]                  from [01m[K/home/sunny/ros2_ws/src/cpp_parsing/src/utm_parser.cpp:9[m[K:
[2.401s] [01m[K/home/sunny/ros2_ws/src/cpp_parsing/src/utm_parser.cpp:88:64:[m[K [01;36m[Knote: [m[K  cannot convert ‘[01m[Kmsg[m[K’ (type ‘[01m[Kconst String[m[K’ {aka ‘[01m[Kconst std_msgs::msg::String_<std::allocator<void> >[m[K’}) to type ‘[01m[Kstd::thread::id[m[K’
[2.401s]    88 |         RCLCPP_INFO_STREAM(this->get_logger(), "I heard: '" << [01;36m[Kmsg[m[K << "'");     // CHANGE
[2.401s]       |                                                                [01;36m[K^~~[m[K
[4.685s] gmake[2]: *** [CMakeFiles/parser.dir/build.make:76: CMakeFiles/parser.dir/src/utm_parser.cpp.o] Error 1
[4.685s] gmake[1]: *** [CMakeFiles/Makefile2:165: CMakeFiles/parser.dir/all] Error 2
[4.685s] gmake: *** [Makefile:146: all] Error 2
[4.688s] Invoked command in '/home/sunny/ros2_ws/build/cpp_parsing' returned '2': AMENT_PREFIX_PATH=/home/sunny/ros2_ws/install/custom_interfaces:${AMENT_PREFIX_PATH} CMAKE_PREFIX_PATH=/home/sunny/ros2_ws/install/custom_interfaces:/opt/ros/humble LD_LIBRARY_PATH=/home/sunny/ros2_ws/install/custom_interfaces/lib:${LD_LIBRARY_PATH} PYTHONPATH=/home/sunny/ros2_ws/install/custom_interfaces/local/lib/python3.10/dist-packages:${PYTHONPATH} /usr/bin/cmake --build /home/sunny/ros2_ws/build/cpp_parsing -- -j12 -l12
