[0.021s] Invoking command in '/home/sunny/ros2_ws/build/cpp_srvcli': AMENT_PREFIX_PATH=/home/sunny/ros2_ws/install/tutorial_interfaces:${AMENT_PREFIX_PATH} CMAKE_PREFIX_PATH=/home/sunny/ros2_ws/install/tutorial_interfaces:/opt/ros/humble LD_LIBRARY_PATH=/home/sunny/ros2_ws/install/tutorial_interfaces/lib:${LD_LIBRARY_PATH} PYTHONPATH=/home/sunny/ros2_ws/install/tutorial_interfaces/local/lib/python3.10/dist-packages:${PYTHONPATH} /usr/bin/cmake --build /home/sunny/ros2_ws/build/cpp_srvcli -- -j8 -l8
[0.109s] -- Found ament_cmake: 1.3.9 (/opt/ros/humble/share/ament_cmake/cmake)
[0.308s] -- Found rclcpp: 16.0.9 (/opt/ros/humble/share/rclcpp/cmake)
[0.352s] -- Found rosidl_generator_c: 3.1.5 (/opt/ros/humble/share/rosidl_generator_c/cmake)
[0.356s] -- Found rosidl_adapter: 3.1.5 (/opt/ros/humble/share/rosidl_adapter/cmake)
[0.364s] -- Found rosidl_generator_cpp: 3.1.5 (/opt/ros/humble/share/rosidl_generator_cpp/cmake)
[0.386s] -- Using all available rosidl_typesupport_c: rosidl_typesupport_fastrtps_c;rosidl_typesupport_introspection_c
[0.401s] -- Using all available rosidl_typesupport_cpp: rosidl_typesupport_fastrtps_cpp;rosidl_typesupport_introspection_cpp
[0.470s] -- Found rmw_implementation_cmake: 6.1.2 (/opt/ros/humble/share/rmw_implementation_cmake/cmake)
[0.471s] -- Found rmw_fastrtps_cpp: 6.2.6 (/opt/ros/humble/share/rmw_fastrtps_cpp/cmake)
[0.618s] -- Using RMW implementation 'rmw_fastrtps_cpp' as default
[0.907s] -- Found tutorial_interfaces: 0.0.0 (/home/sunny/ros2_ws/install/tutorial_interfaces/share/tutorial_interfaces/cmake)
[1.085s] -- Found ament_lint_auto: 0.12.11 (/opt/ros/humble/share/ament_lint_auto/cmake)
[1.187s] -- Added test 'cppcheck' to perform static code analysis on C / C++ code
[1.187s] -- Configured cppcheck include dirs: 
[1.187s] -- Configured cppcheck exclude dirs and/or files: 
[1.190s] -- Added test 'flake8' to check Python code syntax and style conventions
[1.194s] -- Added test 'lint_cmake' to check CMake code style
[1.196s] -- Added test 'pep257' to check Python code against some of the docstring style conventions in PEP 257
[1.209s] -- Added test 'uncrustify' to check C / C++ code style
[1.210s] -- Configured uncrustify additional arguments: 
[1.212s] -- Added test 'xmllint' to check XML markup files
[1.213s] -- Configuring done
[1.230s] -- Generating done
[1.232s] -- Build files have been written to: /home/sunny/ros2_ws/build/cpp_srvcli
[1.267s] [35m[1mConsolidate compiler generated dependencies of target server[0m
[1.276s] [35m[1mConsolidate compiler generated dependencies of target client[0m
[1.297s] [ 25%] [32mBuilding CXX object CMakeFiles/server.dir/src/add_two_ints_server.cpp.o[0m
[1.305s] [ 50%] [32mBuilding CXX object CMakeFiles/client.dir/src/add_two_ints_client.cpp.o[0m
[5.687s] [ 75%] [32m[1mLinking CXX executable server[0m
[5.960s] [ 75%] Built target server
[6.279s] [100%] [32m[1mLinking CXX executable client[0m
[6.479s] [100%] Built target client
[6.492s] Invoked command in '/home/sunny/ros2_ws/build/cpp_srvcli' returned '0': AMENT_PREFIX_PATH=/home/sunny/ros2_ws/install/tutorial_interfaces:${AMENT_PREFIX_PATH} CMAKE_PREFIX_PATH=/home/sunny/ros2_ws/install/tutorial_interfaces:/opt/ros/humble LD_LIBRARY_PATH=/home/sunny/ros2_ws/install/tutorial_interfaces/lib:${LD_LIBRARY_PATH} PYTHONPATH=/home/sunny/ros2_ws/install/tutorial_interfaces/local/lib/python3.10/dist-packages:${PYTHONPATH} /usr/bin/cmake --build /home/sunny/ros2_ws/build/cpp_srvcli -- -j8 -l8
[6.522s] Invoking command in '/home/sunny/ros2_ws/build/cpp_srvcli': AMENT_PREFIX_PATH=/home/sunny/ros2_ws/install/tutorial_interfaces:${AMENT_PREFIX_PATH} CMAKE_PREFIX_PATH=/home/sunny/ros2_ws/install/tutorial_interfaces:/opt/ros/humble LD_LIBRARY_PATH=/home/sunny/ros2_ws/install/tutorial_interfaces/lib:${LD_LIBRARY_PATH} PYTHONPATH=/home/sunny/ros2_ws/install/tutorial_interfaces/local/lib/python3.10/dist-packages:${PYTHONPATH} /usr/bin/cmake --install /home/sunny/ros2_ws/build/cpp_srvcli
[6.530s] -- Install configuration: ""
[6.530s] -- Installing: /home/sunny/ros2_ws/install/cpp_srvcli/lib/cpp_srvcli/server
[6.531s] -- Set runtime path of "/home/sunny/ros2_ws/install/cpp_srvcli/lib/cpp_srvcli/server" to ""
[6.532s] -- Installing: /home/sunny/ros2_ws/install/cpp_srvcli/lib/cpp_srvcli/client
[6.533s] -- Set runtime path of "/home/sunny/ros2_ws/install/cpp_srvcli/lib/cpp_srvcli/client" to ""
[6.533s] -- Installing: /home/sunny/ros2_ws/install/cpp_srvcli/share/ament_index/resource_index/package_run_dependencies/cpp_srvcli
[6.533s] -- Installing: /home/sunny/ros2_ws/install/cpp_srvcli/share/ament_index/resource_index/parent_prefix_path/cpp_srvcli
[6.533s] -- Up-to-date: /home/sunny/ros2_ws/install/cpp_srvcli/share/cpp_srvcli/environment/ament_prefix_path.sh
[6.533s] -- Installing: /home/sunny/ros2_ws/install/cpp_srvcli/share/cpp_srvcli/environment/ament_prefix_path.dsv
[6.533s] -- Up-to-date: /home/sunny/ros2_ws/install/cpp_srvcli/share/cpp_srvcli/environment/path.sh
[6.533s] -- Installing: /home/sunny/ros2_ws/install/cpp_srvcli/share/cpp_srvcli/environment/path.dsv
[6.534s] -- Up-to-date: /home/sunny/ros2_ws/install/cpp_srvcli/share/cpp_srvcli/local_setup.bash
[6.534s] -- Up-to-date: /home/sunny/ros2_ws/install/cpp_srvcli/share/cpp_srvcli/local_setup.sh
[6.534s] -- Up-to-date: /home/sunny/ros2_ws/install/cpp_srvcli/share/cpp_srvcli/local_setup.zsh
[6.534s] -- Installing: /home/sunny/ros2_ws/install/cpp_srvcli/share/cpp_srvcli/local_setup.dsv
[6.534s] -- Installing: /home/sunny/ros2_ws/install/cpp_srvcli/share/cpp_srvcli/package.dsv
[6.534s] -- Up-to-date: /home/sunny/ros2_ws/install/cpp_srvcli/share/ament_index/resource_index/packages/cpp_srvcli
[6.534s] -- Up-to-date: /home/sunny/ros2_ws/install/cpp_srvcli/share/cpp_srvcli/cmake/cpp_srvcliConfig.cmake
[6.534s] -- Up-to-date: /home/sunny/ros2_ws/install/cpp_srvcli/share/cpp_srvcli/cmake/cpp_srvcliConfig-version.cmake
[6.534s] -- Installing: /home/sunny/ros2_ws/install/cpp_srvcli/share/cpp_srvcli/package.xml
[6.537s] Invoked command in '/home/sunny/ros2_ws/build/cpp_srvcli' returned '0': AMENT_PREFIX_PATH=/home/sunny/ros2_ws/install/tutorial_interfaces:${AMENT_PREFIX_PATH} CMAKE_PREFIX_PATH=/home/sunny/ros2_ws/install/tutorial_interfaces:/opt/ros/humble LD_LIBRARY_PATH=/home/sunny/ros2_ws/install/tutorial_interfaces/lib:${LD_LIBRARY_PATH} PYTHONPATH=/home/sunny/ros2_ws/install/tutorial_interfaces/local/lib/python3.10/dist-packages:${PYTHONPATH} /usr/bin/cmake --install /home/sunny/ros2_ws/build/cpp_srvcli
