[0.051s] Invoking command in '/home/sunny/ros2_ws/build/my_package': CMAKE_PREFIX_PATH=/opt/ros/humble /usr/bin/cmake --build /home/sunny/ros2_ws/build/my_package -- -j8 -l8
[0.160s] [100%] Built target my_node
[0.187s] Invoked command in '/home/sunny/ros2_ws/build/my_package' returned '0': CMAKE_PREFIX_PATH=/opt/ros/humble /usr/bin/cmake --build /home/sunny/ros2_ws/build/my_package -- -j8 -l8
[0.408s] Invoking command in '/home/sunny/ros2_ws/build/my_package': CMAKE_PREFIX_PATH=/opt/ros/humble /usr/bin/cmake --install /home/sunny/ros2_ws/build/my_package
[0.425s] -- Install configuration: ""
[0.425s] -- Up-to-date: /home/sunny/ros2_ws/install/my_package/lib/my_package/my_node
[0.425s] -- Up-to-date: /home/sunny/ros2_ws/install/my_package/share/ament_index/resource_index/package_run_dependencies/my_package
[0.425s] -- Up-to-date: /home/sunny/ros2_ws/install/my_package/share/ament_index/resource_index/parent_prefix_path/my_package
[0.425s] -- Up-to-date: /home/sunny/ros2_ws/install/my_package/share/my_package/environment/ament_prefix_path.sh
[0.425s] -- Up-to-date: /home/sunny/ros2_ws/install/my_package/share/my_package/environment/ament_prefix_path.dsv
[0.426s] -- Up-to-date: /home/sunny/ros2_ws/install/my_package/share/my_package/environment/path.sh
[0.426s] -- Up-to-date: /home/sunny/ros2_ws/install/my_package/share/my_package/environment/path.dsv
[0.426s] -- Up-to-date: /home/sunny/ros2_ws/install/my_package/share/my_package/local_setup.bash
[0.426s] -- Up-to-date: /home/sunny/ros2_ws/install/my_package/share/my_package/local_setup.sh
[0.426s] -- Up-to-date: /home/sunny/ros2_ws/install/my_package/share/my_package/local_setup.zsh
[0.426s] -- Up-to-date: /home/sunny/ros2_ws/install/my_package/share/my_package/local_setup.dsv
[0.426s] -- Installing: /home/sunny/ros2_ws/install/my_package/share/my_package/package.dsv
[0.426s] -- Up-to-date: /home/sunny/ros2_ws/install/my_package/share/ament_index/resource_index/packages/my_package
[0.426s] -- Up-to-date: /home/sunny/ros2_ws/install/my_package/share/my_package/cmake/my_packageConfig.cmake
[0.426s] -- Up-to-date: /home/sunny/ros2_ws/install/my_package/share/my_package/cmake/my_packageConfig-version.cmake
[0.427s] -- Up-to-date: /home/sunny/ros2_ws/install/my_package/share/my_package/package.xml
[0.444s] Invoked command in '/home/sunny/ros2_ws/build/my_package' returned '0': CMAKE_PREFIX_PATH=/opt/ros/humble /usr/bin/cmake --install /home/sunny/ros2_ws/build/my_package
