[0.026s] Invoking command in '/home/sunny/ros2_ws/build/cpp_pubsub': AMENT_PREFIX_PATH=/home/sunny/ros2_ws/install/tutorial_interfaces:${AMENT_PREFIX_PATH} CMAKE_PREFIX_PATH=/home/sunny/ros2_ws/install/tutorial_interfaces:/opt/ros/humble LD_LIBRARY_PATH=/home/sunny/ros2_ws/install/tutorial_interfaces/lib:${LD_LIBRARY_PATH} PYTHONPATH=/home/sunny/ros2_ws/install/tutorial_interfaces/local/lib/python3.10/dist-packages:${PYTHONPATH} /usr/bin/cmake --build /home/sunny/ros2_ws/build/cpp_pubsub -- -j8 -l8
[0.087s] [35m[1mConsolidate compiler generated dependencies of target listener[0m
[0.088s] [35m[1mConsolidate compiler generated dependencies of target talker[0m
[0.132s] [ 50%] Built target talker
[0.146s] [100%] Built target listener
[0.161s] Invoked command in '/home/sunny/ros2_ws/build/cpp_pubsub' returned '0': AMENT_PREFIX_PATH=/home/sunny/ros2_ws/install/tutorial_interfaces:${AMENT_PREFIX_PATH} CMAKE_PREFIX_PATH=/home/sunny/ros2_ws/install/tutorial_interfaces:/opt/ros/humble LD_LIBRARY_PATH=/home/sunny/ros2_ws/install/tutorial_interfaces/lib:${LD_LIBRARY_PATH} PYTHONPATH=/home/sunny/ros2_ws/install/tutorial_interfaces/local/lib/python3.10/dist-packages:${PYTHONPATH} /usr/bin/cmake --build /home/sunny/ros2_ws/build/cpp_pubsub -- -j8 -l8
[0.207s] Invoking command in '/home/sunny/ros2_ws/build/cpp_pubsub': AMENT_PREFIX_PATH=/home/sunny/ros2_ws/install/tutorial_interfaces:${AMENT_PREFIX_PATH} CMAKE_PREFIX_PATH=/home/sunny/ros2_ws/install/tutorial_interfaces:/opt/ros/humble LD_LIBRARY_PATH=/home/sunny/ros2_ws/install/tutorial_interfaces/lib:${LD_LIBRARY_PATH} PYTHONPATH=/home/sunny/ros2_ws/install/tutorial_interfaces/local/lib/python3.10/dist-packages:${PYTHONPATH} /usr/bin/cmake --install /home/sunny/ros2_ws/build/cpp_pubsub
[0.216s] -- Install configuration: ""
[0.220s] -- Up-to-date: /home/sunny/ros2_ws/install/cpp_pubsub/lib/cpp_pubsub/talker
[0.221s] -- Up-to-date: /home/sunny/ros2_ws/install/cpp_pubsub/lib/cpp_pubsub/listener
[0.221s] -- Up-to-date: /home/sunny/ros2_ws/install/cpp_pubsub/share/ament_index/resource_index/package_run_dependencies/cpp_pubsub
[0.221s] -- Up-to-date: /home/sunny/ros2_ws/install/cpp_pubsub/share/ament_index/resource_index/parent_prefix_path/cpp_pubsub
[0.221s] -- Up-to-date: /home/sunny/ros2_ws/install/cpp_pubsub/share/cpp_pubsub/environment/ament_prefix_path.sh
[0.221s] -- Up-to-date: /home/sunny/ros2_ws/install/cpp_pubsub/share/cpp_pubsub/environment/ament_prefix_path.dsv
[0.221s] -- Up-to-date: /home/sunny/ros2_ws/install/cpp_pubsub/share/cpp_pubsub/environment/path.sh
[0.221s] -- Up-to-date: /home/sunny/ros2_ws/install/cpp_pubsub/share/cpp_pubsub/environment/path.dsv
[0.222s] -- Up-to-date: /home/sunny/ros2_ws/install/cpp_pubsub/share/cpp_pubsub/local_setup.bash
[0.223s] -- Up-to-date: /home/sunny/ros2_ws/install/cpp_pubsub/share/cpp_pubsub/local_setup.sh
[0.223s] -- Up-to-date: /home/sunny/ros2_ws/install/cpp_pubsub/share/cpp_pubsub/local_setup.zsh
[0.223s] -- Up-to-date: /home/sunny/ros2_ws/install/cpp_pubsub/share/cpp_pubsub/local_setup.dsv
[0.223s] -- Installing: /home/sunny/ros2_ws/install/cpp_pubsub/share/cpp_pubsub/package.dsv
[0.224s] -- Up-to-date: /home/sunny/ros2_ws/install/cpp_pubsub/share/ament_index/resource_index/packages/cpp_pubsub
[0.225s] -- Up-to-date: /home/sunny/ros2_ws/install/cpp_pubsub/share/cpp_pubsub/cmake/cpp_pubsubConfig.cmake
[0.225s] -- Up-to-date: /home/sunny/ros2_ws/install/cpp_pubsub/share/cpp_pubsub/cmake/cpp_pubsubConfig-version.cmake
[0.225s] -- Up-to-date: /home/sunny/ros2_ws/install/cpp_pubsub/share/cpp_pubsub/package.xml
[0.225s] Invoked command in '/home/sunny/ros2_ws/build/cpp_pubsub' returned '0': AMENT_PREFIX_PATH=/home/sunny/ros2_ws/install/tutorial_interfaces:${AMENT_PREFIX_PATH} CMAKE_PREFIX_PATH=/home/sunny/ros2_ws/install/tutorial_interfaces:/opt/ros/humble LD_LIBRARY_PATH=/home/sunny/ros2_ws/install/tutorial_interfaces/lib:${LD_LIBRARY_PATH} PYTHONPATH=/home/sunny/ros2_ws/install/tutorial_interfaces/local/lib/python3.10/dist-packages:${PYTHONPATH} /usr/bin/cmake --install /home/sunny/ros2_ws/build/cpp_pubsub
