[01m[K/home/sunny/ros2_ws/src/cpp_parsing/src/nmea_reader.cpp:[m[K In constructor ‘[01m[KNmeaReader::NmeaReader()[m[K’:
[01m[K/home/sunny/ros2_ws/src/cpp_parsing/src/nmea_reader.cpp:16:108:[m[K [01;31m[Kerror: [m[K‘[01m[Kstd::basic_streambuf<_CharT, _Traits>::basic_streambuf() [with _CharT = char; _Traits = std::char_traits<char>][m[K’ is protected within this context
   16 | der"), port("/dev/ttyACM0"), brate(115200), context(), serial(context, port[01;31m[K)[m[K
      |                                                                            [01;31m[K^[m[K

In file included from [01m[K/usr/include/c++/11/ios:43[m[K,
                 from [01m[K/usr/include/c++/11/ostream:38[m[K,
                 from [01m[K/usr/include/c++/11/iostream:39[m[K,
                 from [01m[K/home/sunny/ros2_ws/src/cpp_parsing/src/nmea_reader.cpp:3[m[K:
[01m[K/usr/include/c++/11/streambuf:468:7:[m[K [01;36m[Knote: [m[Kdeclared protected here
  468 |       [01;36m[Kbasic_streambuf[m[K()
      |       [01;36m[K^~~~~~~~~~~~~~~[m[K
[01m[K/home/sunny/ros2_ws/src/cpp_parsing/src/nmea_reader.cpp:[m[K In member function ‘[01m[Kvoid NmeaReader::handle_read(const boost::system::error_code&, size_t)[m[K’:
[01m[K/home/sunny/ros2_ws/src/cpp_parsing/src/nmea_reader.cpp:46:69:[m[K [01;35m[Kwarning: [m[Kunused parameter ‘[01m[Kbytes_transferred[m[K’ [[01;35m[K]8;;https://gcc.gnu.org/onlinedocs/gcc/Warning-Options.html#index-Wunused-parameter-Wunused-parameter]8;;[m[K]
   46 |  void handle_read(const boost::system::error_code &error, [01;35m[Ksize_t bytes_transferred[m[K)
      |                                                           [01;35m[K~~~~~~~^~~~~~~~~~~~~~~~~[m[K

[01m[K/home/sunny/ros2_ws/src/cpp_parsing/src/nmea_reader.cpp:[m[K In member function ‘[01m[Kvoid NmeaReader::publish_data(const string&)[m[K’:
[01m[K/home/sunny/ros2_ws/src/cpp_parsing/src/nmea_reader.cpp:58:37:[m[K [01;35m[Kwarning: [m[Kunused parameter ‘[01m[Kdata[m[K’ [[01;35m[K]8;;https://gcc.gnu.org/onlinedocs/gcc/Warning-Options.html#index-Wunused-parameter-Wunused-parameter]8;;[m[K]
   58 |     void publish_data([01;35m[Kconst string &data[m[K)
      |                       [01;35m[K~~~~~~~~~~~~~~^~~~[m[K
gmake[2]: *** [CMakeFiles/reader.dir/build.make:76: CMakeFiles/reader.dir/src/nmea_reader.cpp.o] Error 1
gmake[1]: *** [CMakeFiles/Makefile2:139: CMakeFiles/reader.dir/all] Error 2
gmake: *** [Makefile:146: all] Error 2
