[0.011s] Invoking command in '/home/sunny/ros2_ws/src/build/cpp_parsing': AMENT_PREFIX_PATH=/home/sunny/ros2_ws/src/install/custom_interfaces:${AMENT_PREFIX_PATH} CMAKE_PREFIX_PATH=/home/sunny/ros2_ws/src/install/custom_interfaces:/opt/ros/humble LD_LIBRARY_PATH=/home/sunny/ros2_ws/src/install/custom_interfaces/lib:${LD_LIBRARY_PATH} PYTHONPATH=/home/sunny/ros2_ws/src/install/custom_interfaces/local/lib/python3.10/dist-packages:${PYTHONPATH} /usr/bin/cmake /home/sunny/ros2_ws/src/cpp_parsing -DCMAKE_INSTALL_PREFIX=/home/sunny/ros2_ws/src/install/cpp_parsing
[0.079s] -- The C compiler identification is GNU 11.4.0
[0.144s] -- The CXX compiler identification is GNU 11.4.0
[0.152s] -- Detecting C compiler ABI info
[0.220s] -- Detecting C compiler ABI info - done
[0.230s] -- Check for working C compiler: /usr/bin/cc - skipped
[0.231s] -- Detecting C compile features
[0.231s] -- Detecting C compile features - done
[0.235s] -- Detecting CXX compiler ABI info
[0.314s] -- Detecting CXX compiler ABI info - done
[0.325s] -- Check for working CXX compiler: /usr/bin/c++ - skipped
[0.325s] -- Detecting CXX compile features
[0.325s] -- Detecting CXX compile features - done
[0.329s] -- Found ament_cmake: 1.3.9 (/opt/ros/humble/share/ament_cmake/cmake)
[0.508s] -- Found Python3: /usr/bin/python3 (found version "3.10.12") found components: Interpreter 
[0.589s] -- Found rclcpp: 16.0.9 (/opt/ros/humble/share/rclcpp/cmake)
[0.625s] -- Found rosidl_generator_c: 3.1.5 (/opt/ros/humble/share/rosidl_generator_c/cmake)
[0.629s] -- Found rosidl_adapter: 3.1.5 (/opt/ros/humble/share/rosidl_adapter/cmake)
[0.636s] -- Found rosidl_generator_cpp: 3.1.5 (/opt/ros/humble/share/rosidl_generator_cpp/cmake)
[0.648s] -- Using all available rosidl_typesupport_c: rosidl_typesupport_fastrtps_c;rosidl_typesupport_introspection_c
[0.664s] -- Using all available rosidl_typesupport_cpp: rosidl_typesupport_fastrtps_cpp;rosidl_typesupport_introspection_cpp
[0.719s] -- Found rmw_implementation_cmake: 6.1.2 (/opt/ros/humble/share/rmw_implementation_cmake/cmake)
[0.721s] -- Found rmw_fastrtps_cpp: 6.2.6 (/opt/ros/humble/share/rmw_fastrtps_cpp/cmake)
[0.830s] -- Found OpenSSL: /usr/lib/x86_64-linux-gnu/libcrypto.so (found version "3.0.2")  
[0.871s] -- Found FastRTPS: /opt/ros/humble/include  
[0.922s] -- Using RMW implementation 'rmw_fastrtps_cpp' as default
[0.930s] -- Looking for pthread.h
[0.999s] -- Looking for pthread.h - found
[1.000s] -- Performing Test CMAKE_HAVE_LIBC_PTHREAD
[1.071s] -- Performing Test CMAKE_HAVE_LIBC_PTHREAD - Success
[1.072s] -- Found Threads: TRUE  
[1.201s] -- Found custom_interfaces: 0.0.0 (/home/sunny/ros2_ws/src/install/custom_interfaces/share/custom_interfaces/cmake)
[1.224s] -- Found Boost: /usr/lib/x86_64-linux-gnu/cmake/Boost-1.74.0/BoostConfig.cmake (found version "1.74.0") found components: system 
[1.283s] -- Configuring done
[1.298s] -- Generating done
[1.300s] -- Build files have been written to: /home/sunny/ros2_ws/src/build/cpp_parsing
[1.313s] Invoked command in '/home/sunny/ros2_ws/src/build/cpp_parsing' returned '0': AMENT_PREFIX_PATH=/home/sunny/ros2_ws/src/install/custom_interfaces:${AMENT_PREFIX_PATH} CMAKE_PREFIX_PATH=/home/sunny/ros2_ws/src/install/custom_interfaces:/opt/ros/humble LD_LIBRARY_PATH=/home/sunny/ros2_ws/src/install/custom_interfaces/lib:${LD_LIBRARY_PATH} PYTHONPATH=/home/sunny/ros2_ws/src/install/custom_interfaces/local/lib/python3.10/dist-packages:${PYTHONPATH} /usr/bin/cmake /home/sunny/ros2_ws/src/cpp_parsing -DCMAKE_INSTALL_PREFIX=/home/sunny/ros2_ws/src/install/cpp_parsing
[1.315s] Invoking command in '/home/sunny/ros2_ws/src/build/cpp_parsing': AMENT_PREFIX_PATH=/home/sunny/ros2_ws/src/install/custom_interfaces:${AMENT_PREFIX_PATH} CMAKE_PREFIX_PATH=/home/sunny/ros2_ws/src/install/custom_interfaces:/opt/ros/humble LD_LIBRARY_PATH=/home/sunny/ros2_ws/src/install/custom_interfaces/lib:${LD_LIBRARY_PATH} PYTHONPATH=/home/sunny/ros2_ws/src/install/custom_interfaces/local/lib/python3.10/dist-packages:${PYTHONPATH} /usr/bin/cmake --build /home/sunny/ros2_ws/src/build/cpp_parsing -- -j12 -l12
[1.364s] [ 50%] [32mBuilding CXX object CMakeFiles/parser.dir/src/utm_parser.cpp.o[0m
[1.365s] [ 50%] [32mBuilding CXX object CMakeFiles/reader.dir/src/nmea_reader.cpp.o[0m
[7.537s] [ 75%] [32m[1mLinking CXX executable reader[0m
[7.721s] [ 75%] Built target reader
[9.211s] [100%] [32m[1mLinking CXX executable parser[0m
[9.510s] [100%] Built target parser
[9.521s] Invoked command in '/home/sunny/ros2_ws/src/build/cpp_parsing' returned '0': AMENT_PREFIX_PATH=/home/sunny/ros2_ws/src/install/custom_interfaces:${AMENT_PREFIX_PATH} CMAKE_PREFIX_PATH=/home/sunny/ros2_ws/src/install/custom_interfaces:/opt/ros/humble LD_LIBRARY_PATH=/home/sunny/ros2_ws/src/install/custom_interfaces/lib:${LD_LIBRARY_PATH} PYTHONPATH=/home/sunny/ros2_ws/src/install/custom_interfaces/local/lib/python3.10/dist-packages:${PYTHONPATH} /usr/bin/cmake --build /home/sunny/ros2_ws/src/build/cpp_parsing -- -j12 -l12
[9.549s] Invoking command in '/home/sunny/ros2_ws/src/build/cpp_parsing': AMENT_PREFIX_PATH=/home/sunny/ros2_ws/src/install/custom_interfaces:${AMENT_PREFIX_PATH} CMAKE_PREFIX_PATH=/home/sunny/ros2_ws/src/install/custom_interfaces:/opt/ros/humble LD_LIBRARY_PATH=/home/sunny/ros2_ws/src/install/custom_interfaces/lib:${LD_LIBRARY_PATH} PYTHONPATH=/home/sunny/ros2_ws/src/install/custom_interfaces/local/lib/python3.10/dist-packages:${PYTHONPATH} /usr/bin/cmake --install /home/sunny/ros2_ws/src/build/cpp_parsing
[9.556s] -- Install configuration: ""
[9.556s] -- Installing: /home/sunny/ros2_ws/src/install/cpp_parsing/lib/cpp_parsing/reader
[9.558s] -- Set runtime path of "/home/sunny/ros2_ws/src/install/cpp_parsing/lib/cpp_parsing/reader" to ""
[9.558s] -- Installing: /home/sunny/ros2_ws/src/install/cpp_parsing/lib/cpp_parsing/parser
[9.564s] -- Set runtime path of "/home/sunny/ros2_ws/src/install/cpp_parsing/lib/cpp_parsing/parser" to ""
[9.564s] -- Installing: /home/sunny/ros2_ws/src/install/cpp_parsing/share/ament_index/resource_index/package_run_dependencies/cpp_parsing
[9.564s] -- Installing: /home/sunny/ros2_ws/src/install/cpp_parsing/share/ament_index/resource_index/parent_prefix_path/cpp_parsing
[9.564s] -- Installing: /home/sunny/ros2_ws/src/install/cpp_parsing/share/cpp_parsing/environment/ament_prefix_path.sh
[9.564s] -- Installing: /home/sunny/ros2_ws/src/install/cpp_parsing/share/cpp_parsing/environment/ament_prefix_path.dsv
[9.565s] -- Installing: /home/sunny/ros2_ws/src/install/cpp_parsing/share/cpp_parsing/environment/path.sh
[9.565s] -- Installing: /home/sunny/ros2_ws/src/install/cpp_parsing/share/cpp_parsing/environment/path.dsv
[9.565s] -- Installing: /home/sunny/ros2_ws/src/install/cpp_parsing/share/cpp_parsing/local_setup.bash
[9.565s] -- Installing: /home/sunny/ros2_ws/src/install/cpp_parsing/share/cpp_parsing/local_setup.sh
[9.565s] -- Installing: /home/sunny/ros2_ws/src/install/cpp_parsing/share/cpp_parsing/local_setup.zsh
[9.565s] -- Installing: /home/sunny/ros2_ws/src/install/cpp_parsing/share/cpp_parsing/local_setup.dsv
[9.565s] -- Installing: /home/sunny/ros2_ws/src/install/cpp_parsing/share/cpp_parsing/package.dsv
[9.566s] -- Installing: /home/sunny/ros2_ws/src/install/cpp_parsing/share/ament_index/resource_index/packages/cpp_parsing
[9.566s] -- Installing: /home/sunny/ros2_ws/src/install/cpp_parsing/share/cpp_parsing/cmake/cpp_parsingConfig.cmake
[9.566s] -- Installing: /home/sunny/ros2_ws/src/install/cpp_parsing/share/cpp_parsing/cmake/cpp_parsingConfig-version.cmake
[9.566s] -- Installing: /home/sunny/ros2_ws/src/install/cpp_parsing/share/cpp_parsing/package.xml
[9.568s] Invoked command in '/home/sunny/ros2_ws/src/build/cpp_parsing' returned '0': AMENT_PREFIX_PATH=/home/sunny/ros2_ws/src/install/custom_interfaces:${AMENT_PREFIX_PATH} CMAKE_PREFIX_PATH=/home/sunny/ros2_ws/src/install/custom_interfaces:/opt/ros/humble LD_LIBRARY_PATH=/home/sunny/ros2_ws/src/install/custom_interfaces/lib:${LD_LIBRARY_PATH} PYTHONPATH=/home/sunny/ros2_ws/src/install/custom_interfaces/local/lib/python3.10/dist-packages:${PYTHONPATH} /usr/bin/cmake --install /home/sunny/ros2_ws/src/build/cpp_parsing
