[0.769s] Invoking command in '/home/sunny/ros2_ws/src/py_proj': AMENT_PREFIX_PATH=/home/sunny/ros2_ws/install/custom_interfaces:${AMENT_PREFIX_PATH} CMAKE_PREFIX_PATH=/home/sunny/ros2_ws/install/custom_interfaces LD_LIBRARY_PATH=/home/sunny/ros2_ws/install/custom_interfaces/lib:${LD_LIBRARY_PATH} PYTHONPATH=/home/sunny/ros2_ws/build/py_proj/prefix_override:/usr/lib/python3/dist-packages/colcon_core/task/python/colcon_distutils_commands:/home/sunny/ros2_ws/install/py_proj/lib/python3.10/site-packages:/home/sunny/ros2_ws/install/custom_interfaces/local/lib/python3.10/dist-packages:${PYTHONPATH} /usr/bin/python3 -W ignore:setup.py install is deprecated setup.py egg_info --egg-base ../../build/py_proj build --build-base /home/sunny/ros2_ws/build/py_proj/build install --record /home/sunny/ros2_ws/build/py_proj/install.log --single-version-externally-managed install_data
[1.064s] running egg_info
[1.065s] writing ../../build/py_proj/py_proj.egg-info/PKG-INFO
[1.065s] writing dependency_links to ../../build/py_proj/py_proj.egg-info/dependency_links.txt
[1.065s] writing entry points to ../../build/py_proj/py_proj.egg-info/entry_points.txt
[1.065s] writing requirements to ../../build/py_proj/py_proj.egg-info/requires.txt
[1.065s] writing top-level names to ../../build/py_proj/py_proj.egg-info/top_level.txt
[1.067s] reading manifest file '../../build/py_proj/py_proj.egg-info/SOURCES.txt'
[1.068s] writing manifest file '../../build/py_proj/py_proj.egg-info/SOURCES.txt'
[1.068s] running build
[1.068s] running build_py
[1.068s] copying py_proj/proj_coordinate.py -> /home/sunny/ros2_ws/build/py_proj/build/lib/py_proj
[1.068s] running install
[1.069s] running install_lib
[1.070s] copying /home/sunny/ros2_ws/build/py_proj/build/lib/py_proj/proj_coordinate.py -> /home/sunny/ros2_ws/install/py_proj/lib/python3.10/site-packages/py_proj
[1.070s] byte-compiling /home/sunny/ros2_ws/install/py_proj/lib/python3.10/site-packages/py_proj/proj_coordinate.py to proj_coordinate.cpython-310.pyc
[1.070s] running install_data
[1.071s]   File "/home/sunny/ros2_ws/install/py_proj/lib/python3.10/site-packages/py_proj/proj_coordinate.py", line 6
[1.071s]     from ~/ros2_ws/src/custom_interfaces.msg import Utm
[1.071s]          ^
[1.071s] SyntaxError: invalid syntax
[1.071s] 
[1.071s] running install_egg_info
[1.073s] removing '/home/sunny/ros2_ws/install/py_proj/lib/python3.10/site-packages/py_proj-0.0.0-py3.10.egg-info' (and everything under it)
[1.073s] Copying ../../build/py_proj/py_proj.egg-info to /home/sunny/ros2_ws/install/py_proj/lib/python3.10/site-packages/py_proj-0.0.0-py3.10.egg-info
[1.074s] running install_scripts
[1.096s] Installing publisher script to /home/sunny/ros2_ws/install/py_proj/lib/py_proj
[1.096s] Installing reader script to /home/sunny/ros2_ws/install/py_proj/lib/py_proj
[1.096s] writing list of installed files to '/home/sunny/ros2_ws/build/py_proj/install.log'
[1.130s] Invoked command in '/home/sunny/ros2_ws/src/py_proj' returned '0': AMENT_PREFIX_PATH=/home/sunny/ros2_ws/install/custom_interfaces:${AMENT_PREFIX_PATH} CMAKE_PREFIX_PATH=/home/sunny/ros2_ws/install/custom_interfaces LD_LIBRARY_PATH=/home/sunny/ros2_ws/install/custom_interfaces/lib:${LD_LIBRARY_PATH} PYTHONPATH=/home/sunny/ros2_ws/build/py_proj/prefix_override:/usr/lib/python3/dist-packages/colcon_core/task/python/colcon_distutils_commands:/home/sunny/ros2_ws/install/py_proj/lib/python3.10/site-packages:/home/sunny/ros2_ws/install/custom_interfaces/local/lib/python3.10/dist-packages:${PYTHONPATH} /usr/bin/python3 -W ignore:setup.py install is deprecated setup.py egg_info --egg-base ../../build/py_proj build --build-base /home/sunny/ros2_ws/build/py_proj/build install --record /home/sunny/ros2_ws/build/py_proj/install.log --single-version-externally-managed install_data
