[0.056s] Invoking command in '/home/sunny/ros2_ws/build/polygon_plugins': CMAKE_PREFIX_PATH=/home/sunny/ros2_ws/install/polygon_base:/home/sunny/ros2_ws/install/cpp_srvcli:/home/sunny/ros2_ws/install/cpp_pubsub:/home/sunny/ros2_ws/install/tutorial_interfaces:/home/sunny/ros2_ws/install/turtlesim:/home/sunny/ros2_ws/install/polygon_plugins:/home/sunny/ros2_ws/install/my_package:/home/sunny/ros2_ws/install/more_interfaces:/home/sunny/ros2_ws/install/custom_interfaces:/home/sunny/ros2_ws/install/cpp_proj:/home/sunny/ros2_ws/install/cpp_parameters:/home/sunny/ros2_ws/install/py_proj:/opt/ros/humble /usr/bin/cmake --build /home/sunny/ros2_ws/build/polygon_plugins -- -j8 -l8
[0.249s] [100%] Built target polygon_plugins
[0.286s] Invoked command in '/home/sunny/ros2_ws/build/polygon_plugins' returned '0': CMAKE_PREFIX_PATH=/home/sunny/ros2_ws/install/polygon_base:/home/sunny/ros2_ws/install/cpp_srvcli:/home/sunny/ros2_ws/install/cpp_pubsub:/home/sunny/ros2_ws/install/tutorial_interfaces:/home/sunny/ros2_ws/install/turtlesim:/home/sunny/ros2_ws/install/polygon_plugins:/home/sunny/ros2_ws/install/my_package:/home/sunny/ros2_ws/install/more_interfaces:/home/sunny/ros2_ws/install/custom_interfaces:/home/sunny/ros2_ws/install/cpp_proj:/home/sunny/ros2_ws/install/cpp_parameters:/home/sunny/ros2_ws/install/py_proj:/opt/ros/humble /usr/bin/cmake --build /home/sunny/ros2_ws/build/polygon_plugins -- -j8 -l8
[0.350s] Invoking command in '/home/sunny/ros2_ws/build/polygon_plugins': CMAKE_PREFIX_PATH=/home/sunny/ros2_ws/install/polygon_base:/home/sunny/ros2_ws/install/cpp_srvcli:/home/sunny/ros2_ws/install/cpp_pubsub:/home/sunny/ros2_ws/install/tutorial_interfaces:/home/sunny/ros2_ws/install/turtlesim:/home/sunny/ros2_ws/install/polygon_plugins:/home/sunny/ros2_ws/install/my_package:/home/sunny/ros2_ws/install/more_interfaces:/home/sunny/ros2_ws/install/custom_interfaces:/home/sunny/ros2_ws/install/cpp_proj:/home/sunny/ros2_ws/install/cpp_parameters:/home/sunny/ros2_ws/install/py_proj:/opt/ros/humble /usr/bin/cmake --install /home/sunny/ros2_ws/build/polygon_plugins
[0.362s] -- Install configuration: ""
[0.363s] -- Up-to-date: /home/sunny/ros2_ws/install/polygon_plugins/share/polygon_plugins/plugins.xml
[0.363s] -- Up-to-date: /home/sunny/ros2_ws/install/polygon_plugins/include
[0.363s] -- Up-to-date: /home/sunny/ros2_ws/install/polygon_plugins/include/polygon_plugins
[0.363s] -- Up-to-date: /home/sunny/ros2_ws/install/polygon_plugins/include/polygon_plugins/polygon_plugins.hpp
[0.364s] -- Up-to-date: /home/sunny/ros2_ws/install/polygon_plugins/include/polygon_plugins/visibility_control.h
[0.364s] -- Up-to-date: /home/sunny/ros2_ws/install/polygon_plugins/lib/libpolygon_plugins.so
[0.365s] -- Up-to-date: /home/sunny/ros2_ws/install/polygon_plugins/share/polygon_plugins/environment/library_path.sh
[0.365s] -- Up-to-date: /home/sunny/ros2_ws/install/polygon_plugins/share/polygon_plugins/environment/library_path.dsv
[0.365s] -- Up-to-date: /home/sunny/ros2_ws/install/polygon_plugins/share/ament_index/resource_index/package_run_dependencies/polygon_plugins
[0.366s] -- Up-to-date: /home/sunny/ros2_ws/install/polygon_plugins/share/ament_index/resource_index/parent_prefix_path/polygon_plugins
[0.367s] -- Up-to-date: /home/sunny/ros2_ws/install/polygon_plugins/share/polygon_plugins/environment/ament_prefix_path.sh
[0.367s] -- Up-to-date: /home/sunny/ros2_ws/install/polygon_plugins/share/polygon_plugins/environment/ament_prefix_path.dsv
[0.367s] -- Up-to-date: /home/sunny/ros2_ws/install/polygon_plugins/share/polygon_plugins/environment/path.sh
[0.368s] -- Up-to-date: /home/sunny/ros2_ws/install/polygon_plugins/share/polygon_plugins/environment/path.dsv
[0.368s] -- Up-to-date: /home/sunny/ros2_ws/install/polygon_plugins/share/polygon_plugins/local_setup.bash
[0.368s] -- Up-to-date: /home/sunny/ros2_ws/install/polygon_plugins/share/polygon_plugins/local_setup.sh
[0.369s] -- Up-to-date: /home/sunny/ros2_ws/install/polygon_plugins/share/polygon_plugins/local_setup.zsh
[0.369s] -- Up-to-date: /home/sunny/ros2_ws/install/polygon_plugins/share/polygon_plugins/local_setup.dsv
[0.369s] -- Installing: /home/sunny/ros2_ws/install/polygon_plugins/share/polygon_plugins/package.dsv
[0.370s] -- Up-to-date: /home/sunny/ros2_ws/install/polygon_plugins/share/ament_index/resource_index/packages/polygon_plugins
[0.370s] -- Up-to-date: /home/sunny/ros2_ws/install/polygon_plugins/share/ament_index/resource_index/polygon_base__pluginlib__plugin/polygon_plugins
[0.370s] -- Up-to-date: /home/sunny/ros2_ws/install/polygon_plugins/share/polygon_plugins/cmake/export_polygon_pluginsExport.cmake
[0.371s] -- Up-to-date: /home/sunny/ros2_ws/install/polygon_plugins/share/polygon_plugins/cmake/export_polygon_pluginsExport-noconfig.cmake
[0.371s] -- Up-to-date: /home/sunny/ros2_ws/install/polygon_plugins/share/polygon_plugins/cmake/ament_cmake_export_include_directories-extras.cmake
[0.371s] -- Up-to-date: /home/sunny/ros2_ws/install/polygon_plugins/share/polygon_plugins/cmake/ament_cmake_export_libraries-extras.cmake
[0.371s] -- Up-to-date: /home/sunny/ros2_ws/install/polygon_plugins/share/polygon_plugins/cmake/ament_cmake_export_targets-extras.cmake
[0.371s] -- Up-to-date: /home/sunny/ros2_ws/install/polygon_plugins/share/polygon_plugins/cmake/polygon_pluginsConfig.cmake
[0.371s] -- Up-to-date: /home/sunny/ros2_ws/install/polygon_plugins/share/polygon_plugins/cmake/polygon_pluginsConfig-version.cmake
[0.371s] -- Up-to-date: /home/sunny/ros2_ws/install/polygon_plugins/share/polygon_plugins/package.xml
[0.378s] Invoked command in '/home/sunny/ros2_ws/build/polygon_plugins' returned '0': CMAKE_PREFIX_PATH=/home/sunny/ros2_ws/install/polygon_base:/home/sunny/ros2_ws/install/cpp_srvcli:/home/sunny/ros2_ws/install/cpp_pubsub:/home/sunny/ros2_ws/install/tutorial_interfaces:/home/sunny/ros2_ws/install/turtlesim:/home/sunny/ros2_ws/install/polygon_plugins:/home/sunny/ros2_ws/install/my_package:/home/sunny/ros2_ws/install/more_interfaces:/home/sunny/ros2_ws/install/custom_interfaces:/home/sunny/ros2_ws/install/cpp_proj:/home/sunny/ros2_ws/install/cpp_parameters:/home/sunny/ros2_ws/install/py_proj:/opt/ros/humble /usr/bin/cmake --install /home/sunny/ros2_ws/build/polygon_plugins
