[0.011s] Invoking command in '/home/sunny/ros2_ws/src/cpp_srvcli/build/cpp_srvcli': CMAKE_PREFIX_PATH=${CMAKE_PREFIX_PATH}:/opt/ros/humble /usr/bin/cmake --build /home/sunny/ros2_ws/src/cpp_srvcli/build/cpp_srvcli -- -j8 -l8
[0.037s] -- Found ament_cmake: 1.3.9 (/opt/ros/humble/share/ament_cmake/cmake)
[0.152s] -- Found rclcpp: 16.0.9 (/opt/ros/humble/share/rclcpp/cmake)
[0.178s] -- Found rosidl_generator_c: 3.1.5 (/opt/ros/humble/share/rosidl_generator_c/cmake)
[0.180s] -- Found rosidl_adapter: 3.1.5 (/opt/ros/humble/share/rosidl_adapter/cmake)
[0.186s] -- Found rosidl_generator_cpp: 3.1.5 (/opt/ros/humble/share/rosidl_generator_cpp/cmake)
[0.196s] -- Using all available rosidl_typesupport_c: rosidl_typesupport_fastrtps_c;rosidl_typesupport_introspection_c
[0.212s] -- Using all available rosidl_typesupport_cpp: rosidl_typesupport_fastrtps_cpp;rosidl_typesupport_introspection_cpp
[0.265s] -- Found rmw_implementation_cmake: 6.1.2 (/opt/ros/humble/share/rmw_implementation_cmake/cmake)
[0.267s] -- Found rmw_fastrtps_cpp: 6.2.6 (/opt/ros/humble/share/rmw_fastrtps_cpp/cmake)
[0.383s] -- Using RMW implementation 'rmw_fastrtps_cpp' as default
[0.542s] -- Found tutorial_interfaces: 0.0.0 (/home/sunny/ros2_ws/install/tutorial_interfaces/share/tutorial_interfaces/cmake)
[0.652s] -- Found ament_lint_auto: 0.12.11 (/opt/ros/humble/share/ament_lint_auto/cmake)
[0.725s] -- Added test 'cppcheck' to perform static code analysis on C / C++ code
[0.725s] -- Configured cppcheck include dirs: 
[0.725s] -- Configured cppcheck exclude dirs and/or files: 
[0.727s] -- Added test 'flake8' to check Python code syntax and style conventions
[0.731s] -- Added test 'lint_cmake' to check CMake code style
[0.732s] -- Added test 'pep257' to check Python code against some of the docstring style conventions in PEP 257
[0.744s] -- Added test 'uncrustify' to check C / C++ code style
[0.744s] -- Configured uncrustify additional arguments: 
[0.746s] -- Added test 'xmllint' to check XML markup files
[0.746s] -- Configuring done
[0.758s] -- Generating done
[0.760s] -- Build files have been written to: /home/sunny/ros2_ws/src/cpp_srvcli/build/cpp_srvcli
[0.782s] [35m[1mConsolidate compiler generated dependencies of target client[0m
[0.782s] [35m[1mConsolidate compiler generated dependencies of target server[0m
[0.800s] [ 50%] [32m[1mLinking CXX executable client[0m
[0.800s] [ 50%] [32m[1mLinking CXX executable server[0m
[0.948s] [ 75%] Built target server
[0.956s] [100%] Built target client
[0.966s] Invoked command in '/home/sunny/ros2_ws/src/cpp_srvcli/build/cpp_srvcli' returned '0': CMAKE_PREFIX_PATH=${CMAKE_PREFIX_PATH}:/opt/ros/humble /usr/bin/cmake --build /home/sunny/ros2_ws/src/cpp_srvcli/build/cpp_srvcli -- -j8 -l8
[1.000s] Invoking command in '/home/sunny/ros2_ws/src/cpp_srvcli/build/cpp_srvcli': CMAKE_PREFIX_PATH=${CMAKE_PREFIX_PATH}:/opt/ros/humble /usr/bin/cmake --install /home/sunny/ros2_ws/src/cpp_srvcli/build/cpp_srvcli
[1.008s] -- Install configuration: ""
[1.009s] -- Installing: /home/sunny/ros2_ws/src/cpp_srvcli/install/cpp_srvcli/lib/cpp_srvcli/server
[1.010s] -- Set runtime path of "/home/sunny/ros2_ws/src/cpp_srvcli/install/cpp_srvcli/lib/cpp_srvcli/server" to ""
[1.010s] -- Installing: /home/sunny/ros2_ws/src/cpp_srvcli/install/cpp_srvcli/lib/cpp_srvcli/client
[1.011s] -- Set runtime path of "/home/sunny/ros2_ws/src/cpp_srvcli/install/cpp_srvcli/lib/cpp_srvcli/client" to ""
[1.011s] -- Up-to-date: /home/sunny/ros2_ws/src/cpp_srvcli/install/cpp_srvcli/share/ament_index/resource_index/package_run_dependencies/cpp_srvcli
[1.012s] -- Up-to-date: /home/sunny/ros2_ws/src/cpp_srvcli/install/cpp_srvcli/share/ament_index/resource_index/parent_prefix_path/cpp_srvcli
[1.012s] -- Up-to-date: /home/sunny/ros2_ws/src/cpp_srvcli/install/cpp_srvcli/share/cpp_srvcli/environment/ament_prefix_path.sh
[1.012s] -- Installing: /home/sunny/ros2_ws/src/cpp_srvcli/install/cpp_srvcli/share/cpp_srvcli/environment/ament_prefix_path.dsv
[1.012s] -- Up-to-date: /home/sunny/ros2_ws/src/cpp_srvcli/install/cpp_srvcli/share/cpp_srvcli/environment/path.sh
[1.012s] -- Installing: /home/sunny/ros2_ws/src/cpp_srvcli/install/cpp_srvcli/share/cpp_srvcli/environment/path.dsv
[1.012s] -- Up-to-date: /home/sunny/ros2_ws/src/cpp_srvcli/install/cpp_srvcli/share/cpp_srvcli/local_setup.bash
[1.012s] -- Up-to-date: /home/sunny/ros2_ws/src/cpp_srvcli/install/cpp_srvcli/share/cpp_srvcli/local_setup.sh
[1.012s] -- Up-to-date: /home/sunny/ros2_ws/src/cpp_srvcli/install/cpp_srvcli/share/cpp_srvcli/local_setup.zsh
[1.012s] -- Installing: /home/sunny/ros2_ws/src/cpp_srvcli/install/cpp_srvcli/share/cpp_srvcli/local_setup.dsv
[1.013s] -- Installing: /home/sunny/ros2_ws/src/cpp_srvcli/install/cpp_srvcli/share/cpp_srvcli/package.dsv
[1.013s] -- Up-to-date: /home/sunny/ros2_ws/src/cpp_srvcli/install/cpp_srvcli/share/ament_index/resource_index/packages/cpp_srvcli
[1.013s] -- Up-to-date: /home/sunny/ros2_ws/src/cpp_srvcli/install/cpp_srvcli/share/cpp_srvcli/cmake/cpp_srvcliConfig.cmake
[1.013s] -- Up-to-date: /home/sunny/ros2_ws/src/cpp_srvcli/install/cpp_srvcli/share/cpp_srvcli/cmake/cpp_srvcliConfig-version.cmake
[1.013s] -- Up-to-date: /home/sunny/ros2_ws/src/cpp_srvcli/install/cpp_srvcli/share/cpp_srvcli/package.xml
[1.015s] Invoked command in '/home/sunny/ros2_ws/src/cpp_srvcli/build/cpp_srvcli' returned '0': CMAKE_PREFIX_PATH=${CMAKE_PREFIX_PATH}:/opt/ros/humble /usr/bin/cmake --install /home/sunny/ros2_ws/src/cpp_srvcli/build/cpp_srvcli
