[0.012s] Invoking command in '/home/sunny/ros2_ws/build/custom_interfaces': CMAKE_PREFIX_PATH=${CMAKE_PREFIX_PATH}:/home/sunny/ros2_ws/install/py_proj:/opt/ros/humble /usr/bin/cmake --build /home/sunny/ros2_ws/build/custom_interfaces -- -j8 -l8
[0.038s] -- Found ament_cmake: 1.3.9 (/opt/ros/humble/share/ament_cmake/cmake)
[0.167s] -- Found rosidl_default_generators: 1.2.0 (/opt/ros/humble/share/rosidl_default_generators/cmake)
[0.169s] -- Using all available rosidl_typesupport_c: rosidl_typesupport_fastrtps_c;rosidl_typesupport_introspection_c
[0.172s] -- Found rosidl_adapter: 3.1.5 (/opt/ros/humble/share/rosidl_adapter/cmake)
[0.201s] -- Using all available rosidl_typesupport_cpp: rosidl_typesupport_fastrtps_cpp;rosidl_typesupport_introspection_cpp
[0.507s] -- Found ament_cmake_ros: 0.10.0 (/opt/ros/humble/share/ament_cmake_ros/cmake)
[0.688s] -- Using all available rosidl_typesupport_c: rosidl_typesupport_fastrtps_c;rosidl_typesupport_introspection_c
[0.924s] -- Using all available rosidl_typesupport_cpp: rosidl_typesupport_fastrtps_cpp;rosidl_typesupport_introspection_cpp
[0.948s] -- Found python_cmake_module: 0.10.0 (/opt/ros/humble/share/python_cmake_module/cmake)
[0.970s] -- Using PYTHON_EXECUTABLE: /usr/bin/python3
[0.970s] -- Using PYTHON_INCLUDE_DIRS: /usr/include/python3.10
[0.971s] -- Using PYTHON_LIBRARIES: /usr/lib/x86_64-linux-gnu/libpython3.10.so
[0.989s] -- Configuring done
[1.018s] -- Generating done
[1.022s] -- Build files have been written to: /home/sunny/ros2_ws/build/custom_interfaces
[1.049s] [35m[1mConsolidate compiler generated dependencies of target custom_interfaces__rosidl_generator_c[0m
[1.060s] [  3%] Built target custom_interfaces__cpp
[1.063s] [ 12%] Built target custom_interfaces__rosidl_generator_c
[1.074s] [35m[1mConsolidate compiler generated dependencies of target custom_interfaces__rosidl_typesupport_introspection_cpp[0m
[1.076s] [35m[1mConsolidate compiler generated dependencies of target custom_interfaces__rosidl_typesupport_fastrtps_cpp[0m
[1.077s] [35m[1mConsolidate compiler generated dependencies of target custom_interfaces__rosidl_typesupport_cpp[0m
[1.079s] [35m[1mConsolidate compiler generated dependencies of target custom_interfaces__rosidl_typesupport_fastrtps_c[0m
[1.083s] [35m[1mConsolidate compiler generated dependencies of target custom_interfaces__rosidl_typesupport_c[0m
[1.088s] [35m[1mConsolidate compiler generated dependencies of target custom_interfaces__rosidl_typesupport_introspection_c[0m
[1.092s] [ 12%] Built target ament_cmake_python_copy_custom_interfaces
[1.101s] [ 22%] Built target custom_interfaces__rosidl_typesupport_cpp
[1.103s] [ 32%] Built target custom_interfaces__rosidl_typesupport_fastrtps_cpp
[1.109s] [ 41%] Built target custom_interfaces__rosidl_typesupport_introspection_cpp
[1.113s] [ 51%] Built target custom_interfaces__rosidl_typesupport_fastrtps_c
[1.118s] [ 61%] Built target custom_interfaces__rosidl_typesupport_c
[1.120s] [ 70%] Built target custom_interfaces__rosidl_typesupport_introspection_c
[1.144s] [ 70%] Built target custom_interfaces
[1.166s] [ 74%] Built target custom_interfaces__py
[1.177s] [35m[1mConsolidate compiler generated dependencies of target custom_interfaces__rosidl_generator_py[0m
[1.193s] [ 80%] Built target custom_interfaces__rosidl_generator_py
[1.207s] [35m[1mConsolidate compiler generated dependencies of target custom_interfaces__rosidl_typesupport_fastrtps_c__pyext[0m
[1.208s] [35m[1mConsolidate compiler generated dependencies of target custom_interfaces__rosidl_typesupport_introspection_c__pyext[0m
[1.208s] [35m[1mConsolidate compiler generated dependencies of target custom_interfaces__rosidl_typesupport_c__pyext[0m
[1.225s] [ 87%] Built target custom_interfaces__rosidl_typesupport_c__pyext
[1.225s] [ 93%] Built target custom_interfaces__rosidl_typesupport_fastrtps_c__pyext
[1.231s] [100%] Built target custom_interfaces__rosidl_typesupport_introspection_c__pyext
[1.363s] running egg_info
[1.363s] writing custom_interfaces.egg-info/PKG-INFO
[1.363s] writing dependency_links to custom_interfaces.egg-info/dependency_links.txt
[1.364s] writing top-level names to custom_interfaces.egg-info/top_level.txt
[1.366s] reading manifest file 'custom_interfaces.egg-info/SOURCES.txt'
[1.366s] writing manifest file 'custom_interfaces.egg-info/SOURCES.txt'
[1.398s] [100%] Built target ament_cmake_python_build_custom_interfaces_egg
[1.410s] Invoked command in '/home/sunny/ros2_ws/build/custom_interfaces' returned '0': CMAKE_PREFIX_PATH=${CMAKE_PREFIX_PATH}:/home/sunny/ros2_ws/install/py_proj:/opt/ros/humble /usr/bin/cmake --build /home/sunny/ros2_ws/build/custom_interfaces -- -j8 -l8
[1.492s] Invoking command in '/home/sunny/ros2_ws/build/custom_interfaces': CMAKE_PREFIX_PATH=${CMAKE_PREFIX_PATH}:/home/sunny/ros2_ws/install/py_proj:/opt/ros/humble /usr/bin/cmake --install /home/sunny/ros2_ws/build/custom_interfaces
[1.501s] -- Install configuration: ""
[1.501s] -- Up-to-date: /home/sunny/ros2_ws/install/custom_interfaces/share/ament_index/resource_index/rosidl_interfaces/custom_interfaces
[1.501s] -- Up-to-date: /home/sunny/ros2_ws/install/custom_interfaces/include/custom_interfaces/custom_interfaces
[1.501s] -- Up-to-date: /home/sunny/ros2_ws/install/custom_interfaces/include/custom_interfaces/custom_interfaces/msg
[1.501s] -- Up-to-date: /home/sunny/ros2_ws/install/custom_interfaces/include/custom_interfaces/custom_interfaces/msg/detail
[1.501s] -- Up-to-date: /home/sunny/ros2_ws/install/custom_interfaces/include/custom_interfaces/custom_interfaces/msg/detail/utm__functions.c
[1.502s] -- Up-to-date: /home/sunny/ros2_ws/install/custom_interfaces/include/custom_interfaces/custom_interfaces/msg/detail/utm__struct.h
[1.502s] -- Up-to-date: /home/sunny/ros2_ws/install/custom_interfaces/include/custom_interfaces/custom_interfaces/msg/detail/utm__functions.h
[1.502s] -- Up-to-date: /home/sunny/ros2_ws/install/custom_interfaces/include/custom_interfaces/custom_interfaces/msg/detail/utm__type_support.h
[1.502s] -- Up-to-date: /home/sunny/ros2_ws/install/custom_interfaces/include/custom_interfaces/custom_interfaces/msg/rosidl_generator_c__visibility_control.h
[1.502s] -- Up-to-date: /home/sunny/ros2_ws/install/custom_interfaces/include/custom_interfaces/custom_interfaces/msg/utm.h
[1.502s] -- Up-to-date: /home/sunny/ros2_ws/install/custom_interfaces/share/custom_interfaces/environment/library_path.sh
[1.502s] -- Installing: /home/sunny/ros2_ws/install/custom_interfaces/share/custom_interfaces/environment/library_path.dsv
[1.502s] -- Up-to-date: /home/sunny/ros2_ws/install/custom_interfaces/lib/libcustom_interfaces__rosidl_generator_c.so
[1.502s] -- Up-to-date: /home/sunny/ros2_ws/install/custom_interfaces/include/custom_interfaces/custom_interfaces
[1.503s] -- Up-to-date: /home/sunny/ros2_ws/install/custom_interfaces/include/custom_interfaces/custom_interfaces/msg
[1.503s] -- Up-to-date: /home/sunny/ros2_ws/install/custom_interfaces/include/custom_interfaces/custom_interfaces/msg/rosidl_typesupport_fastrtps_c__visibility_control.h
[1.503s] -- Up-to-date: /home/sunny/ros2_ws/install/custom_interfaces/include/custom_interfaces/custom_interfaces/msg/detail
[1.503s] -- Up-to-date: /home/sunny/ros2_ws/install/custom_interfaces/include/custom_interfaces/custom_interfaces/msg/detail/utm__rosidl_typesupport_fastrtps_c.h
[1.503s] -- Up-to-date: /home/sunny/ros2_ws/install/custom_interfaces/lib/libcustom_interfaces__rosidl_typesupport_fastrtps_c.so
[1.503s] -- Up-to-date: /home/sunny/ros2_ws/install/custom_interfaces/include/custom_interfaces/custom_interfaces
[1.503s] -- Up-to-date: /home/sunny/ros2_ws/install/custom_interfaces/include/custom_interfaces/custom_interfaces/msg
[1.503s] -- Up-to-date: /home/sunny/ros2_ws/install/custom_interfaces/include/custom_interfaces/custom_interfaces/msg/rosidl_typesupport_introspection_c__visibility_control.h
[1.503s] -- Up-to-date: /home/sunny/ros2_ws/install/custom_interfaces/include/custom_interfaces/custom_interfaces/msg/detail
[1.503s] -- Up-to-date: /home/sunny/ros2_ws/install/custom_interfaces/include/custom_interfaces/custom_interfaces/msg/detail/utm__rosidl_typesupport_introspection_c.h
[1.504s] -- Up-to-date: /home/sunny/ros2_ws/install/custom_interfaces/include/custom_interfaces/custom_interfaces/msg/detail/utm__type_support.c
[1.504s] -- Up-to-date: /home/sunny/ros2_ws/install/custom_interfaces/lib/libcustom_interfaces__rosidl_typesupport_introspection_c.so
[1.504s] -- Up-to-date: /home/sunny/ros2_ws/install/custom_interfaces/lib/libcustom_interfaces__rosidl_typesupport_c.so
[1.504s] -- Up-to-date: /home/sunny/ros2_ws/install/custom_interfaces/include/custom_interfaces/custom_interfaces
[1.504s] -- Up-to-date: /home/sunny/ros2_ws/install/custom_interfaces/include/custom_interfaces/custom_interfaces/msg
[1.504s] -- Up-to-date: /home/sunny/ros2_ws/install/custom_interfaces/include/custom_interfaces/custom_interfaces/msg/utm.hpp
[1.504s] -- Up-to-date: /home/sunny/ros2_ws/install/custom_interfaces/include/custom_interfaces/custom_interfaces/msg/detail
[1.504s] -- Up-to-date: /home/sunny/ros2_ws/install/custom_interfaces/include/custom_interfaces/custom_interfaces/msg/detail/utm__traits.hpp
[1.505s] -- Up-to-date: /home/sunny/ros2_ws/install/custom_interfaces/include/custom_interfaces/custom_interfaces/msg/detail/utm__struct.hpp
[1.505s] -- Up-to-date: /home/sunny/ros2_ws/install/custom_interfaces/include/custom_interfaces/custom_interfaces/msg/detail/utm__builder.hpp
[1.505s] -- Up-to-date: /home/sunny/ros2_ws/install/custom_interfaces/include/custom_interfaces/custom_interfaces
[1.505s] -- Up-to-date: /home/sunny/ros2_ws/install/custom_interfaces/include/custom_interfaces/custom_interfaces/msg
[1.505s] -- Up-to-date: /home/sunny/ros2_ws/install/custom_interfaces/include/custom_interfaces/custom_interfaces/msg/rosidl_typesupport_fastrtps_cpp__visibility_control.h
[1.505s] -- Up-to-date: /home/sunny/ros2_ws/install/custom_interfaces/include/custom_interfaces/custom_interfaces/msg/detail
[1.506s] -- Up-to-date: /home/sunny/ros2_ws/install/custom_interfaces/include/custom_interfaces/custom_interfaces/msg/detail/utm__rosidl_typesupport_fastrtps_cpp.hpp
[1.506s] -- Up-to-date: /home/sunny/ros2_ws/install/custom_interfaces/include/custom_interfaces/custom_interfaces/msg/detail/dds_fastrtps
[1.506s] -- Up-to-date: /home/sunny/ros2_ws/install/custom_interfaces/lib/libcustom_interfaces__rosidl_typesupport_fastrtps_cpp.so
[1.506s] -- Up-to-date: /home/sunny/ros2_ws/install/custom_interfaces/include/custom_interfaces/custom_interfaces
[1.506s] -- Up-to-date: /home/sunny/ros2_ws/install/custom_interfaces/include/custom_interfaces/custom_interfaces/msg
[1.506s] -- Up-to-date: /home/sunny/ros2_ws/install/custom_interfaces/include/custom_interfaces/custom_interfaces/msg/detail
[1.507s] -- Up-to-date: /home/sunny/ros2_ws/install/custom_interfaces/include/custom_interfaces/custom_interfaces/msg/detail/utm__type_support.cpp
[1.507s] -- Up-to-date: /home/sunny/ros2_ws/install/custom_interfaces/include/custom_interfaces/custom_interfaces/msg/detail/utm__rosidl_typesupport_introspection_cpp.hpp
[1.507s] -- Up-to-date: /home/sunny/ros2_ws/install/custom_interfaces/lib/libcustom_interfaces__rosidl_typesupport_introspection_cpp.so
[1.507s] -- Up-to-date: /home/sunny/ros2_ws/install/custom_interfaces/lib/libcustom_interfaces__rosidl_typesupport_cpp.so
[1.507s] -- Up-to-date: /home/sunny/ros2_ws/install/custom_interfaces/share/custom_interfaces/environment/pythonpath.sh
[1.507s] -- Installing: /home/sunny/ros2_ws/install/custom_interfaces/share/custom_interfaces/environment/pythonpath.dsv
[1.508s] -- Up-to-date: /home/sunny/ros2_ws/install/custom_interfaces/local/lib/python3.10/dist-packages/custom_interfaces-0.0.0-py3.10.egg-info
[1.508s] -- Installing: /home/sunny/ros2_ws/install/custom_interfaces/local/lib/python3.10/dist-packages/custom_interfaces-0.0.0-py3.10.egg-info/dependency_links.txt
[1.508s] -- Installing: /home/sunny/ros2_ws/install/custom_interfaces/local/lib/python3.10/dist-packages/custom_interfaces-0.0.0-py3.10.egg-info/top_level.txt
[1.508s] -- Installing: /home/sunny/ros2_ws/install/custom_interfaces/local/lib/python3.10/dist-packages/custom_interfaces-0.0.0-py3.10.egg-info/SOURCES.txt
[1.508s] -- Installing: /home/sunny/ros2_ws/install/custom_interfaces/local/lib/python3.10/dist-packages/custom_interfaces-0.0.0-py3.10.egg-info/PKG-INFO
[1.508s] -- Up-to-date: /home/sunny/ros2_ws/install/custom_interfaces/local/lib/python3.10/dist-packages/custom_interfaces
[1.508s] -- Up-to-date: /home/sunny/ros2_ws/install/custom_interfaces/local/lib/python3.10/dist-packages/custom_interfaces/_custom_interfaces_s.ep.rosidl_typesupport_c.c
[1.508s] -- Up-to-date: /home/sunny/ros2_ws/install/custom_interfaces/local/lib/python3.10/dist-packages/custom_interfaces/msg
[1.508s] -- Up-to-date: /home/sunny/ros2_ws/install/custom_interfaces/local/lib/python3.10/dist-packages/custom_interfaces/msg/_utm.py
[1.509s] -- Up-to-date: /home/sunny/ros2_ws/install/custom_interfaces/local/lib/python3.10/dist-packages/custom_interfaces/msg/_utm_s.c
[1.509s] -- Up-to-date: /home/sunny/ros2_ws/install/custom_interfaces/local/lib/python3.10/dist-packages/custom_interfaces/msg/__init__.py
[1.509s] -- Up-to-date: /home/sunny/ros2_ws/install/custom_interfaces/local/lib/python3.10/dist-packages/custom_interfaces/_custom_interfaces_s.ep.rosidl_typesupport_introspection_c.c
[1.509s] -- Up-to-date: /home/sunny/ros2_ws/install/custom_interfaces/local/lib/python3.10/dist-packages/custom_interfaces/_custom_interfaces_s.ep.rosidl_typesupport_fastrtps_c.c
[1.509s] -- Up-to-date: /home/sunny/ros2_ws/install/custom_interfaces/local/lib/python3.10/dist-packages/custom_interfaces/custom_interfaces_s__rosidl_typesupport_c.cpython-310-x86_64-linux-gnu.so
[1.509s] -- Up-to-date: /home/sunny/ros2_ws/install/custom_interfaces/local/lib/python3.10/dist-packages/custom_interfaces/custom_interfaces_s__rosidl_typesupport_introspection_c.cpython-310-x86_64-linux-gnu.so
[1.509s] -- Up-to-date: /home/sunny/ros2_ws/install/custom_interfaces/local/lib/python3.10/dist-packages/custom_interfaces/custom_interfaces_s__rosidl_typesupport_fastrtps_c.cpython-310-x86_64-linux-gnu.so
[1.509s] -- Installing: /home/sunny/ros2_ws/install/custom_interfaces/local/lib/python3.10/dist-packages/custom_interfaces/__init__.py
[1.509s] -- Up-to-date: /home/sunny/ros2_ws/install/custom_interfaces/local/lib/python3.10/dist-packages/custom_interfaces/libcustom_interfaces__rosidl_generator_py.so
[1.556s] Listing '/home/sunny/ros2_ws/install/custom_interfaces/local/lib/python3.10/dist-packages/custom_interfaces'...
[1.556s] Compiling '/home/sunny/ros2_ws/install/custom_interfaces/local/lib/python3.10/dist-packages/custom_interfaces/__init__.py'...
[1.556s] Listing '/home/sunny/ros2_ws/install/custom_interfaces/local/lib/python3.10/dist-packages/custom_interfaces/msg'...
[1.563s] -- Up-to-date: /home/sunny/ros2_ws/install/custom_interfaces/local/lib/python3.10/dist-packages/custom_interfaces/custom_interfaces_s__rosidl_typesupport_fastrtps_c.cpython-310-x86_64-linux-gnu.so
[1.563s] -- Up-to-date: /home/sunny/ros2_ws/install/custom_interfaces/local/lib/python3.10/dist-packages/custom_interfaces/custom_interfaces_s__rosidl_typesupport_introspection_c.cpython-310-x86_64-linux-gnu.so
[1.563s] -- Up-to-date: /home/sunny/ros2_ws/install/custom_interfaces/local/lib/python3.10/dist-packages/custom_interfaces/custom_interfaces_s__rosidl_typesupport_c.cpython-310-x86_64-linux-gnu.so
[1.564s] -- Up-to-date: /home/sunny/ros2_ws/install/custom_interfaces/lib/libcustom_interfaces__rosidl_generator_py.so
[1.564s] -- Up-to-date: /home/sunny/ros2_ws/install/custom_interfaces/share/custom_interfaces/msg/Utm.idl
[1.564s] -- Up-to-date: /home/sunny/ros2_ws/install/custom_interfaces/share/custom_interfaces/msg/Utm.msg
[1.564s] -- Up-to-date: /home/sunny/ros2_ws/install/custom_interfaces/share/ament_index/resource_index/package_run_dependencies/custom_interfaces
[1.564s] -- Installing: /home/sunny/ros2_ws/install/custom_interfaces/share/ament_index/resource_index/parent_prefix_path/custom_interfaces
[1.564s] -- Up-to-date: /home/sunny/ros2_ws/install/custom_interfaces/share/custom_interfaces/environment/ament_prefix_path.sh
[1.565s] -- Installing: /home/sunny/ros2_ws/install/custom_interfaces/share/custom_interfaces/environment/ament_prefix_path.dsv
[1.565s] -- Up-to-date: /home/sunny/ros2_ws/install/custom_interfaces/share/custom_interfaces/environment/path.sh
[1.565s] -- Installing: /home/sunny/ros2_ws/install/custom_interfaces/share/custom_interfaces/environment/path.dsv
[1.565s] -- Up-to-date: /home/sunny/ros2_ws/install/custom_interfaces/share/custom_interfaces/local_setup.bash
[1.565s] -- Up-to-date: /home/sunny/ros2_ws/install/custom_interfaces/share/custom_interfaces/local_setup.sh
[1.565s] -- Up-to-date: /home/sunny/ros2_ws/install/custom_interfaces/share/custom_interfaces/local_setup.zsh
[1.565s] -- Installing: /home/sunny/ros2_ws/install/custom_interfaces/share/custom_interfaces/local_setup.dsv
[1.565s] -- Installing: /home/sunny/ros2_ws/install/custom_interfaces/share/custom_interfaces/package.dsv
[1.566s] -- Up-to-date: /home/sunny/ros2_ws/install/custom_interfaces/share/ament_index/resource_index/packages/custom_interfaces
[1.566s] -- Up-to-date: /home/sunny/ros2_ws/install/custom_interfaces/share/custom_interfaces/cmake/export_custom_interfaces__rosidl_generator_cExport.cmake
[1.566s] -- Up-to-date: /home/sunny/ros2_ws/install/custom_interfaces/share/custom_interfaces/cmake/export_custom_interfaces__rosidl_generator_cExport-noconfig.cmake
[1.566s] -- Up-to-date: /home/sunny/ros2_ws/install/custom_interfaces/share/custom_interfaces/cmake/export_custom_interfaces__rosidl_typesupport_fastrtps_cExport.cmake
[1.566s] -- Up-to-date: /home/sunny/ros2_ws/install/custom_interfaces/share/custom_interfaces/cmake/export_custom_interfaces__rosidl_typesupport_fastrtps_cExport-noconfig.cmake
[1.566s] -- Up-to-date: /home/sunny/ros2_ws/install/custom_interfaces/share/custom_interfaces/cmake/custom_interfaces__rosidl_typesupport_introspection_cExport.cmake
[1.566s] -- Up-to-date: /home/sunny/ros2_ws/install/custom_interfaces/share/custom_interfaces/cmake/custom_interfaces__rosidl_typesupport_introspection_cExport-noconfig.cmake
[1.567s] -- Up-to-date: /home/sunny/ros2_ws/install/custom_interfaces/share/custom_interfaces/cmake/custom_interfaces__rosidl_typesupport_cExport.cmake
[1.567s] -- Up-to-date: /home/sunny/ros2_ws/install/custom_interfaces/share/custom_interfaces/cmake/custom_interfaces__rosidl_typesupport_cExport-noconfig.cmake
[1.567s] -- Up-to-date: /home/sunny/ros2_ws/install/custom_interfaces/share/custom_interfaces/cmake/export_custom_interfaces__rosidl_generator_cppExport.cmake
[1.567s] -- Up-to-date: /home/sunny/ros2_ws/install/custom_interfaces/share/custom_interfaces/cmake/export_custom_interfaces__rosidl_typesupport_fastrtps_cppExport.cmake
[1.567s] -- Up-to-date: /home/sunny/ros2_ws/install/custom_interfaces/share/custom_interfaces/cmake/export_custom_interfaces__rosidl_typesupport_fastrtps_cppExport-noconfig.cmake
[1.567s] -- Up-to-date: /home/sunny/ros2_ws/install/custom_interfaces/share/custom_interfaces/cmake/custom_interfaces__rosidl_typesupport_introspection_cppExport.cmake
[1.567s] -- Up-to-date: /home/sunny/ros2_ws/install/custom_interfaces/share/custom_interfaces/cmake/custom_interfaces__rosidl_typesupport_introspection_cppExport-noconfig.cmake
[1.567s] -- Up-to-date: /home/sunny/ros2_ws/install/custom_interfaces/share/custom_interfaces/cmake/custom_interfaces__rosidl_typesupport_cppExport.cmake
[1.567s] -- Up-to-date: /home/sunny/ros2_ws/install/custom_interfaces/share/custom_interfaces/cmake/custom_interfaces__rosidl_typesupport_cppExport-noconfig.cmake
[1.567s] -- Up-to-date: /home/sunny/ros2_ws/install/custom_interfaces/share/custom_interfaces/cmake/export_custom_interfaces__rosidl_generator_pyExport.cmake
[1.567s] -- Up-to-date: /home/sunny/ros2_ws/install/custom_interfaces/share/custom_interfaces/cmake/export_custom_interfaces__rosidl_generator_pyExport-noconfig.cmake
[1.568s] -- Up-to-date: /home/sunny/ros2_ws/install/custom_interfaces/share/custom_interfaces/cmake/rosidl_cmake-extras.cmake
[1.568s] -- Up-to-date: /home/sunny/ros2_ws/install/custom_interfaces/share/custom_interfaces/cmake/ament_cmake_export_include_directories-extras.cmake
[1.568s] -- Up-to-date: /home/sunny/ros2_ws/install/custom_interfaces/share/custom_interfaces/cmake/ament_cmake_export_libraries-extras.cmake
[1.568s] -- Up-to-date: /home/sunny/ros2_ws/install/custom_interfaces/share/custom_interfaces/cmake/ament_cmake_export_targets-extras.cmake
[1.568s] -- Up-to-date: /home/sunny/ros2_ws/install/custom_interfaces/share/custom_interfaces/cmake/rosidl_cmake_export_typesupport_targets-extras.cmake
[1.568s] -- Up-to-date: /home/sunny/ros2_ws/install/custom_interfaces/share/custom_interfaces/cmake/ament_cmake_export_dependencies-extras.cmake
[1.568s] -- Up-to-date: /home/sunny/ros2_ws/install/custom_interfaces/share/custom_interfaces/cmake/rosidl_cmake_export_typesupport_libraries-extras.cmake
[1.569s] -- Up-to-date: /home/sunny/ros2_ws/install/custom_interfaces/share/custom_interfaces/cmake/custom_interfacesConfig.cmake
[1.569s] -- Up-to-date: /home/sunny/ros2_ws/install/custom_interfaces/share/custom_interfaces/cmake/custom_interfacesConfig-version.cmake
[1.570s] -- Installing: /home/sunny/ros2_ws/install/custom_interfaces/share/custom_interfaces/package.xml
[1.570s] Invoked command in '/home/sunny/ros2_ws/build/custom_interfaces' returned '0': CMAKE_PREFIX_PATH=${CMAKE_PREFIX_PATH}:/home/sunny/ros2_ws/install/py_proj:/opt/ros/humble /usr/bin/cmake --install /home/sunny/ros2_ws/build/custom_interfaces
