[0.010s] Invoking command in '/home/sunny/ros2_ws/build/cpp_parameters': CMAKE_PREFIX_PATH=${CMAKE_PREFIX_PATH}:/opt/ros/humble /usr/bin/cmake --build /home/sunny/ros2_ws/build/cpp_parameters -- -j8 -l8
[0.033s] -- Found ament_cmake: 1.3.9 (/opt/ros/humble/share/ament_cmake/cmake)
[0.146s] -- Found rclcpp: 16.0.9 (/opt/ros/humble/share/rclcpp/cmake)
[0.171s] -- Found rosidl_generator_c: 3.1.5 (/opt/ros/humble/share/rosidl_generator_c/cmake)
[0.174s] -- Found rosidl_adapter: 3.1.5 (/opt/ros/humble/share/rosidl_adapter/cmake)
[0.179s] -- Found rosidl_generator_cpp: 3.1.5 (/opt/ros/humble/share/rosidl_generator_cpp/cmake)
[0.189s] -- Using all available rosidl_typesupport_c: rosidl_typesupport_fastrtps_c;rosidl_typesupport_introspection_c
[0.203s] -- Using all available rosidl_typesupport_cpp: rosidl_typesupport_fastrtps_cpp;rosidl_typesupport_introspection_cpp
[0.258s] -- Found rmw_implementation_cmake: 6.1.2 (/opt/ros/humble/share/rmw_implementation_cmake/cmake)
[0.259s] -- Found rmw_fastrtps_cpp: 6.2.6 (/opt/ros/humble/share/rmw_fastrtps_cpp/cmake)
[0.370s] -- Using RMW implementation 'rmw_fastrtps_cpp' as default
[0.520s] -- Found ament_lint_auto: 0.12.11 (/opt/ros/humble/share/ament_lint_auto/cmake)
[0.584s] -- Added test 'cppcheck' to perform static code analysis on C / C++ code
[0.584s] -- Configured cppcheck include dirs: 
[0.584s] -- Configured cppcheck exclude dirs and/or files: 
[0.584s] -- Added test 'flake8' to check Python code syntax and style conventions
[0.585s] -- Added test 'lint_cmake' to check CMake code style
[0.585s] -- Added test 'pep257' to check Python code against some of the docstring style conventions in PEP 257
[0.586s] -- Added test 'uncrustify' to check C / C++ code style
[0.586s] -- Configured uncrustify additional arguments: 
[0.586s] -- Added test 'xmllint' to check XML markup files
[0.587s] -- Configuring done
[0.595s] -- Generating done
[0.597s] -- Build files have been written to: /home/sunny/ros2_ws/build/cpp_parameters
[0.620s] [35m[1mConsolidate compiler generated dependencies of target minimal_param_node[0m
[0.639s] [100%] Built target minimal_param_node
[0.649s] Invoked command in '/home/sunny/ros2_ws/build/cpp_parameters' returned '0': CMAKE_PREFIX_PATH=${CMAKE_PREFIX_PATH}:/opt/ros/humble /usr/bin/cmake --build /home/sunny/ros2_ws/build/cpp_parameters -- -j8 -l8
[0.681s] Invoking command in '/home/sunny/ros2_ws/build/cpp_parameters': CMAKE_PREFIX_PATH=${CMAKE_PREFIX_PATH}:/opt/ros/humble /usr/bin/cmake --install /home/sunny/ros2_ws/build/cpp_parameters
[0.688s] -- Install configuration: ""
[0.688s] -- Up-to-date: /home/sunny/ros2_ws/install/cpp_parameters/lib/cpp_parameters/minimal_param_node
[0.688s] -- Installing: /home/sunny/ros2_ws/install/cpp_parameters/share/cpp_parameters/launch
[0.688s] -- Installing: /home/sunny/ros2_ws/install/cpp_parameters/share/cpp_parameters/launch/cpp_parameters_launch.py
[0.688s] -- Up-to-date: /home/sunny/ros2_ws/install/cpp_parameters/share/ament_index/resource_index/package_run_dependencies/cpp_parameters
[0.688s] -- Installing: /home/sunny/ros2_ws/install/cpp_parameters/share/ament_index/resource_index/parent_prefix_path/cpp_parameters
[0.688s] -- Up-to-date: /home/sunny/ros2_ws/install/cpp_parameters/share/cpp_parameters/environment/ament_prefix_path.sh
[0.689s] -- Installing: /home/sunny/ros2_ws/install/cpp_parameters/share/cpp_parameters/environment/ament_prefix_path.dsv
[0.689s] -- Up-to-date: /home/sunny/ros2_ws/install/cpp_parameters/share/cpp_parameters/environment/path.sh
[0.689s] -- Installing: /home/sunny/ros2_ws/install/cpp_parameters/share/cpp_parameters/environment/path.dsv
[0.689s] -- Up-to-date: /home/sunny/ros2_ws/install/cpp_parameters/share/cpp_parameters/local_setup.bash
[0.689s] -- Up-to-date: /home/sunny/ros2_ws/install/cpp_parameters/share/cpp_parameters/local_setup.sh
[0.689s] -- Up-to-date: /home/sunny/ros2_ws/install/cpp_parameters/share/cpp_parameters/local_setup.zsh
[0.689s] -- Installing: /home/sunny/ros2_ws/install/cpp_parameters/share/cpp_parameters/local_setup.dsv
[0.689s] -- Installing: /home/sunny/ros2_ws/install/cpp_parameters/share/cpp_parameters/package.dsv
[0.689s] -- Up-to-date: /home/sunny/ros2_ws/install/cpp_parameters/share/ament_index/resource_index/packages/cpp_parameters
[0.689s] -- Up-to-date: /home/sunny/ros2_ws/install/cpp_parameters/share/cpp_parameters/cmake/cpp_parametersConfig.cmake
[0.690s] -- Up-to-date: /home/sunny/ros2_ws/install/cpp_parameters/share/cpp_parameters/cmake/cpp_parametersConfig-version.cmake
[0.690s] -- Up-to-date: /home/sunny/ros2_ws/install/cpp_parameters/share/cpp_parameters/package.xml
[0.691s] Invoked command in '/home/sunny/ros2_ws/build/cpp_parameters' returned '0': CMAKE_PREFIX_PATH=${CMAKE_PREFIX_PATH}:/opt/ros/humble /usr/bin/cmake --install /home/sunny/ros2_ws/build/cpp_parameters
