[0.014s] Invoking command in '/home/sunny/ros2_ws/build/cpp_parsing': CMAKE_PREFIX_PATH=/home/sunny/ros2_ws/install/custom_interfaces:/home/sunny/ros2_ws/install/cpp_srvcli:/home/sunny/ros2_ws/install/cpp_pubsub:/home/sunny/ros2_ws/install/tutorial_interfaces:/home/sunny/ros2_ws/install/turtlesim:/home/sunny/ros2_ws/install/polygon_plugins:/home/sunny/ros2_ws/install/polygon_base:/home/sunny/ros2_ws/install/my_package:/home/sunny/ros2_ws/install/more_interfaces:/home/sunny/ros2_ws/install/cpp_parsing:/home/sunny/ros2_ws/install/cpp_proj:/home/sunny/ros2_ws/install/cpp_parameters:/home/sunny/ros2_ws/install/py_proj:/opt/ros/humble LD_LIBRARY_PATH=/home/sunny/ros2_ws/install/custom_interfaces/lib:/home/sunny/ros2_ws/install/tutorial_interfaces/lib:/home/sunny/ros2_ws/install/turtlesim/lib:/home/sunny/ros2_ws/install/polygon_plugins/lib:/home/sunny/ros2_ws/install/more_interfaces/lib:/opt/ros/humble/opt/rviz_ogre_vendor/lib:/opt/ros/humble/lib/x86_64-linux-gnu:/opt/ros/humble/lib /usr/bin/cmake --build /home/sunny/ros2_ws/build/cpp_parsing -- -j12 -l12
[0.056s] [35m[1mConsolidate compiler generated dependencies of target reader[0m
[0.068s] [ 50%] Built target parser
[0.099s] [ 75%] [32mBuilding CXX object CMakeFiles/reader.dir/src/nmea_reader.cpp.o[0m
[3.527s] [01m[K/home/sunny/ros2_ws/src/cpp_parsing/src/nmea_reader.cpp:[m[K In constructor ‘[01m[KNmeaReader::NmeaReader()[m[K’:
[3.527s] [01m[K/home/sunny/ros2_ws/src/cpp_parsing/src/nmea_reader.cpp:18:27:[m[K [01;31m[Kerror: [m[K‘[01m[Kserail_port_base[m[K’ has not been declared
[3.527s]    18 |         serial.set_option([01;31m[Kserail_port_base[m[K::baud_rate(brate));
[3.527s]       |                           [01;31m[K^~~~~~~~~~~~~~~~[m[K
[3.529s] [01m[K/home/sunny/ros2_ws/src/cpp_parsing/src/nmea_reader.cpp:[m[K In member function ‘[01m[Kvoid NmeaReader::start_reading()[m[K’:
[3.529s] [01m[K/home/sunny/ros2_ws/src/cpp_parsing/src/nmea_reader.cpp:34:103:[m[K [01;31m[Kerror: [m[Kreference to ‘[01m[Kplaceholders[m[K’ is ambiguous
[3.529s]    34 | mic_buffer(raw_data), "\n", bind(&NmeaReader::handle_read, this, [01;31m[Kplaceholders[m[K::error, placeholders::bytes_transferred));
[3.529s]       |                                                                  [01;31m[K^~~~~~~~~~~~[m[K
[3.529s] 
[3.529s] In file included from [01m[K/usr/include/boost/asio.hpp:135[m[K,
[3.529s]                  from [01m[K/home/sunny/ros2_ws/src/cpp_parsing/src/nmea_reader.cpp:5[m[K:
[3.529s] [01m[K/usr/include/boost/asio/placeholders.hpp:28:11:[m[K [01;36m[Knote: [m[Kcandidates are: ‘[01m[Knamespace boost::asio::placeholders { }[m[K’
[3.529s]    28 | namespace [01;36m[Kplaceholders[m[K {
[3.529s]       |           [01;36m[K^~~~~~~~~~~~[m[K
[3.529s] In file included from [01m[K/usr/include/boost/system/error_code.hpp:19[m[K,
[3.530s]                  from [01m[K/usr/include/boost/asio/detail/throw_error.hpp:19[m[K,
[3.530s]                  from [01m[K/usr/include/boost/asio/detail/impl/posix_event.ipp:23[m[K,
[3.530s]                  from [01m[K/usr/include/boost/asio/detail/posix_event.hpp:172[m[K,
[3.530s]                  from [01m[K/usr/include/boost/asio/detail/event.hpp:25[m[K,
[3.530s]                  from [01m[K/usr/include/boost/asio/execution/blocking_adaptation.hpp:19[m[K,
[3.530s]                  from [01m[K/usr/include/boost/asio/execution.hpp:22[m[K,
[3.530s]                  from [01m[K/usr/include/boost/asio/system_executor.hpp:20[m[K,
[3.530s]                  from [01m[K/usr/include/boost/asio/associated_executor.hpp:22[m[K,
[3.530s]                  from [01m[K/usr/include/boost/asio.hpp:21[m[K,
[3.530s]                  from [01m[K/home/sunny/ros2_ws/src/cpp_parsing/src/nmea_reader.cpp:5[m[K:
[3.530s] [01m[K/usr/include/c++/11/functional:219:13:[m[K [01;36m[Knote: [m[K                ‘[01m[Knamespace std::placeholders { }[m[K’
[3.530s]   219 |   namespace [01;36m[Kplaceholders[m[K
[3.530s]       |             [01;36m[K^~~~~~~~~~~~[m[K
[3.530s] [01m[K/home/sunny/ros2_ws/src/cpp_parsing/src/nmea_reader.cpp:34:124:[m[K [01;31m[Kerror: [m[Kreference to ‘[01m[Kplaceholders[m[K’ is ambiguous
[3.530s]    34 |  "\n", bind(&NmeaReader::handle_read, this, placeholders::error, [01;31m[Kplaceholders[m[K::bytes_transferred));
[3.530s]       |                                                                  [01;31m[K^~~~~~~~~~~~[m[K
[3.530s] 
[3.530s] In file included from [01m[K/usr/include/boost/asio.hpp:135[m[K,
[3.531s]                  from [01m[K/home/sunny/ros2_ws/src/cpp_parsing/src/nmea_reader.cpp:5[m[K:
[3.531s] [01m[K/usr/include/boost/asio/placeholders.hpp:28:11:[m[K [01;36m[Knote: [m[Kcandidates are: ‘[01m[Knamespace boost::asio::placeholders { }[m[K’
[3.531s]    28 | namespace [01;36m[Kplaceholders[m[K {
[3.531s]       |           [01;36m[K^~~~~~~~~~~~[m[K
[3.531s] In file included from [01m[K/usr/include/boost/system/error_code.hpp:19[m[K,
[3.531s]                  from [01m[K/usr/include/boost/asio/detail/throw_error.hpp:19[m[K,
[3.531s]                  from [01m[K/usr/include/boost/asio/detail/impl/posix_event.ipp:23[m[K,
[3.531s]                  from [01m[K/usr/include/boost/asio/detail/posix_event.hpp:172[m[K,
[3.531s]                  from [01m[K/usr/include/boost/asio/detail/event.hpp:25[m[K,
[3.531s]                  from [01m[K/usr/include/boost/asio/execution/blocking_adaptation.hpp:19[m[K,
[3.531s]                  from [01m[K/usr/include/boost/asio/execution.hpp:22[m[K,
[3.531s]                  from [01m[K/usr/include/boost/asio/system_executor.hpp:20[m[K,
[3.531s]                  from [01m[K/usr/include/boost/asio/associated_executor.hpp:22[m[K,
[3.531s]                  from [01m[K/usr/include/boost/asio.hpp:21[m[K,
[3.531s]                  from [01m[K/home/sunny/ros2_ws/src/cpp_parsing/src/nmea_reader.cpp:5[m[K:
[3.531s] [01m[K/usr/include/c++/11/functional:219:13:[m[K [01;36m[Knote: [m[K                ‘[01m[Knamespace std::placeholders { }[m[K’
[3.531s]   219 |   namespace [01;36m[Kplaceholders[m[K
[3.531s]       |             [01;36m[K^~~~~~~~~~~~[m[K
[5.065s] gmake[2]: *** [CMakeFiles/reader.dir/build.make:76: CMakeFiles/reader.dir/src/nmea_reader.cpp.o] Error 1
[5.065s] gmake[1]: *** [CMakeFiles/Makefile2:139: CMakeFiles/reader.dir/all] Error 2
[5.065s] gmake: *** [Makefile:146: all] Error 2
[5.068s] Invoked command in '/home/sunny/ros2_ws/build/cpp_parsing' returned '2': CMAKE_PREFIX_PATH=/home/sunny/ros2_ws/install/custom_interfaces:/home/sunny/ros2_ws/install/cpp_srvcli:/home/sunny/ros2_ws/install/cpp_pubsub:/home/sunny/ros2_ws/install/tutorial_interfaces:/home/sunny/ros2_ws/install/turtlesim:/home/sunny/ros2_ws/install/polygon_plugins:/home/sunny/ros2_ws/install/polygon_base:/home/sunny/ros2_ws/install/my_package:/home/sunny/ros2_ws/install/more_interfaces:/home/sunny/ros2_ws/install/cpp_parsing:/home/sunny/ros2_ws/install/cpp_proj:/home/sunny/ros2_ws/install/cpp_parameters:/home/sunny/ros2_ws/install/py_proj:/opt/ros/humble LD_LIBRARY_PATH=/home/sunny/ros2_ws/install/custom_interfaces/lib:/home/sunny/ros2_ws/install/tutorial_interfaces/lib:/home/sunny/ros2_ws/install/turtlesim/lib:/home/sunny/ros2_ws/install/polygon_plugins/lib:/home/sunny/ros2_ws/install/more_interfaces/lib:/opt/ros/humble/opt/rviz_ogre_vendor/lib:/opt/ros/humble/lib/x86_64-linux-gnu:/opt/ros/humble/lib /usr/bin/cmake --build /home/sunny/ros2_ws/build/cpp_parsing -- -j12 -l12
