[0.036s] Invoking command in '/home/sunny/ros2_ws/build/cpp_parameters': CMAKE_PREFIX_PATH=${CMAKE_PREFIX_PATH}:/home/sunny/ros2_ws/install/py_proj:/opt/ros/humble /usr/bin/cmake --build /home/sunny/ros2_ws/build/cpp_parameters -- -j12 -l12
[0.129s] [100%] Built target minimal_param_node
[0.147s] Invoked command in '/home/sunny/ros2_ws/build/cpp_parameters' returned '0': CMAKE_PREFIX_PATH=${CMAKE_PREFIX_PATH}:/home/sunny/ros2_ws/install/py_proj:/opt/ros/humble /usr/bin/cmake --build /home/sunny/ros2_ws/build/cpp_parameters -- -j12 -l12
[0.228s] Invoking command in '/home/sunny/ros2_ws/build/cpp_parameters': CMAKE_PREFIX_PATH=${CMAKE_PREFIX_PATH}:/home/sunny/ros2_ws/install/py_proj:/opt/ros/humble /usr/bin/cmake --install /home/sunny/ros2_ws/build/cpp_parameters
[0.241s] -- Install configuration: ""
[0.241s] -- Up-to-date: /home/sunny/ros2_ws/install/cpp_parameters/lib/cpp_parameters/minimal_param_node
[0.242s] -- Up-to-date: /home/sunny/ros2_ws/install/cpp_parameters/share/cpp_parameters/launch
[0.242s] -- Up-to-date: /home/sunny/ros2_ws/install/cpp_parameters/share/cpp_parameters/launch/cpp_parameters_launch.py
[0.242s] -- Up-to-date: /home/sunny/ros2_ws/install/cpp_parameters/share/ament_index/resource_index/package_run_dependencies/cpp_parameters
[0.242s] -- Up-to-date: /home/sunny/ros2_ws/install/cpp_parameters/share/ament_index/resource_index/parent_prefix_path/cpp_parameters
[0.242s] -- Up-to-date: /home/sunny/ros2_ws/install/cpp_parameters/share/cpp_parameters/environment/ament_prefix_path.sh
[0.242s] -- Up-to-date: /home/sunny/ros2_ws/install/cpp_parameters/share/cpp_parameters/environment/ament_prefix_path.dsv
[0.242s] -- Up-to-date: /home/sunny/ros2_ws/install/cpp_parameters/share/cpp_parameters/environment/path.sh
[0.243s] -- Up-to-date: /home/sunny/ros2_ws/install/cpp_parameters/share/cpp_parameters/environment/path.dsv
[0.243s] -- Up-to-date: /home/sunny/ros2_ws/install/cpp_parameters/share/cpp_parameters/local_setup.bash
[0.243s] -- Up-to-date: /home/sunny/ros2_ws/install/cpp_parameters/share/cpp_parameters/local_setup.sh
[0.243s] -- Up-to-date: /home/sunny/ros2_ws/install/cpp_parameters/share/cpp_parameters/local_setup.zsh
[0.243s] -- Up-to-date: /home/sunny/ros2_ws/install/cpp_parameters/share/cpp_parameters/local_setup.dsv
[0.243s] -- Installing: /home/sunny/ros2_ws/install/cpp_parameters/share/cpp_parameters/package.dsv
[0.243s] -- Up-to-date: /home/sunny/ros2_ws/install/cpp_parameters/share/ament_index/resource_index/packages/cpp_parameters
[0.243s] -- Up-to-date: /home/sunny/ros2_ws/install/cpp_parameters/share/cpp_parameters/cmake/cpp_parametersConfig.cmake
[0.243s] -- Up-to-date: /home/sunny/ros2_ws/install/cpp_parameters/share/cpp_parameters/cmake/cpp_parametersConfig-version.cmake
[0.244s] -- Up-to-date: /home/sunny/ros2_ws/install/cpp_parameters/share/cpp_parameters/package.xml
[0.256s] Invoked command in '/home/sunny/ros2_ws/build/cpp_parameters' returned '0': CMAKE_PREFIX_PATH=${CMAKE_PREFIX_PATH}:/home/sunny/ros2_ws/install/py_proj:/opt/ros/humble /usr/bin/cmake --install /home/sunny/ros2_ws/build/cpp_parameters
